[0.162s] Invoking command in '/home/jerry/AutoSweeperSystem/AutoSweeperSystem_ws/build/m1ct_d2': CMAKE_PREFIX_PATH=${CMAKE_PREFIX_PATH}:/home/jerry/AutoSweeperSystem/AutoSweeperSystem_ws/install/camera_publisher:/home/jerry/AutoSweeperSystem/AutoSweeperSystem_ws/install/autosweeper_robot:/opt/ros/humble /usr/bin/cmake --build /home/jerry/AutoSweeperSystem/AutoSweeperSystem_ws/build/m1ct_d2 -- -j4 -l4
[0.611s] [100%] Built target m1ct_d2
[0.698s] Invoked command in '/home/jerry/AutoSweeperSystem/AutoSweeperSystem_ws/build/m1ct_d2' returned '0': CMAKE_PREFIX_PATH=${CMAKE_PREFIX_PATH}:/home/jerry/AutoSweeperSystem/AutoSweeperSystem_ws/install/camera_publisher:/home/jerry/AutoSweeperSystem/AutoSweeperSystem_ws/install/autosweeper_robot:/opt/ros/humble /usr/bin/cmake --build /home/jerry/AutoSweeperSystem/AutoSweeperSystem_ws/build/m1ct_d2 -- -j4 -l4
[0.721s] Invoking command in '/home/jerry/AutoSweeperSystem/AutoSweeperSystem_ws/build/m1ct_d2': CMAKE_PREFIX_PATH=${CMAKE_PREFIX_PATH}:/home/jerry/AutoSweeperSystem/AutoSweeperSystem_ws/install/camera_publisher:/home/jerry/AutoSweeperSystem/AutoSweeperSystem_ws/install/autosweeper_robot:/opt/ros/humble /usr/bin/cmake --install /home/jerry/AutoSweeperSystem/AutoSweeperSystem_ws/build/m1ct_d2
[0.789s] -- Install configuration: ""
[0.792s] -- Up-to-date: /home/jerry/AutoSweeperSystem/AutoSweeperSystem_ws/install/m1ct_d2/lib/m1ct_d2/m1ct_d2
[0.797s] -- Up-to-date: /home/jerry/AutoSweeperSystem/AutoSweeperSystem_ws/install/m1ct_d2/share/ament_index/resource_index/package_run_dependencies/m1ct_d2
[0.799s] -- Up-to-date: /home/jerry/AutoSweeperSystem/AutoSweeperSystem_ws/install/m1ct_d2/share/ament_index/resource_index/parent_prefix_path/m1ct_d2
[0.802s] -- Up-to-date: /home/jerry/AutoSweeperSystem/AutoSweeperSystem_ws/install/m1ct_d2/share/m1ct_d2/environment/ament_prefix_path.sh
[0.804s] -- Up-to-date: /home/jerry/AutoSweeperSystem/AutoSweeperSystem_ws/install/m1ct_d2/share/m1ct_d2/environment/ament_prefix_path.dsv
[0.805s] -- Up-to-date: /home/jerry/AutoSweeperSystem/AutoSweeperSystem_ws/install/m1ct_d2/share/m1ct_d2/environment/path.sh
[0.807s] -- Up-to-date: /home/jerry/AutoSweeperSystem/AutoSweeperSystem_ws/install/m1ct_d2/share/m1ct_d2/environment/path.dsv
[0.810s] -- Up-to-date: /home/jerry/AutoSweeperSystem/AutoSweeperSystem_ws/install/m1ct_d2/share/m1ct_d2/local_setup.bash
[0.813s] -- Up-to-date: /home/jerry/AutoSweeperSystem/AutoSweeperSystem_ws/install/m1ct_d2/share/m1ct_d2/local_setup.sh
[0.814s] -- Up-to-date: /home/jerry/AutoSweeperSystem/AutoSweeperSystem_ws/install/m1ct_d2/share/m1ct_d2/local_setup.zsh
[0.817s] -- Up-to-date: /home/jerry/AutoSweeperSystem/AutoSweeperSystem_ws/install/m1ct_d2/share/m1ct_d2/local_setup.dsv
[0.817s] -- Installing: /home/jerry/AutoSweeperSystem/AutoSweeperSystem_ws/install/m1ct_d2/share/m1ct_d2/package.dsv
[0.820s] -- Up-to-date: /home/jerry/AutoSweeperSystem/AutoSweeperSystem_ws/install/m1ct_d2/share/ament_index/resource_index/packages/m1ct_d2
[0.821s] -- Up-to-date: /home/jerry/AutoSweeperSystem/AutoSweeperSystem_ws/install/m1ct_d2/share/m1ct_d2/cmake/m1ct_d2Config.cmake
[0.822s] -- Up-to-date: /home/jerry/AutoSweeperSystem/AutoSweeperSystem_ws/install/m1ct_d2/share/m1ct_d2/cmake/m1ct_d2Config-version.cmake
[0.822s] -- Up-to-date: /home/jerry/AutoSweeperSystem/AutoSweeperSystem_ws/install/m1ct_d2/share/m1ct_d2/package.xml
[0.868s] Invoked command in '/home/jerry/AutoSweeperSystem/AutoSweeperSystem_ws/build/m1ct_d2' returned '0': CMAKE_PREFIX_PATH=${CMAKE_PREFIX_PATH}:/home/jerry/AutoSweeperSystem/AutoSweeperSystem_ws/install/camera_publisher:/home/jerry/AutoSweeperSystem/AutoSweeperSystem_ws/install/autosweeper_robot:/opt/ros/humble /usr/bin/cmake --install /home/jerry/AutoSweeperSystem/AutoSweeperSystem_ws/build/m1ct_d2
