[6.158s] Invoking command in '/home/jerry/AutoSweeperSystem/AutoSweeperSystem_ws/src/autosweeper_robot': PYTHONPATH=/home/jerry/AutoSweeperSystem/AutoSweeperSystem_ws/build/autosweeper_robot/prefix_override:/usr/lib/python3/dist-packages/colcon_core/task/python/colcon_distutils_commands:/home/jerry/AutoSweeperSystem/AutoSweeperSystem_ws/install/autosweeper_robot/lib/python3.10/site-packages:${PYTHONPATH} /usr/bin/python3 -W ignore:setup.py install is deprecated -W ignore:easy_install command is deprecated setup.py egg_info --egg-base ../../build/autosweeper_robot build --build-base /home/jerry/AutoSweeperSystem/AutoSweeperSystem_ws/build/autosweeper_robot/build install --record /home/jerry/AutoSweeperSystem/AutoSweeperSystem_ws/build/autosweeper_robot/install.log --single-version-externally-managed install_data
[7.530s] running egg_info
[7.531s] writing ../../build/autosweeper_robot/autosweeper_robot.egg-info/PKG-INFO
[7.535s] writing dependency_links to ../../build/autosweeper_robot/autosweeper_robot.egg-info/dependency_links.txt
[7.542s] writing entry points to ../../build/autosweeper_robot/autosweeper_robot.egg-info/entry_points.txt
[7.544s] writing requirements to ../../build/autosweeper_robot/autosweeper_robot.egg-info/requires.txt
[7.545s] writing top-level names to ../../build/autosweeper_robot/autosweeper_robot.egg-info/top_level.txt
[7.549s] reading manifest file '../../build/autosweeper_robot/autosweeper_robot.egg-info/SOURCES.txt'
[7.552s] writing manifest file '../../build/autosweeper_robot/autosweeper_robot.egg-info/SOURCES.txt'
[7.554s] running build
[7.556s] running build_py
[7.558s] running install
[7.560s] running install_lib
[7.566s] running install_data
[7.567s] running install_egg_info
[7.578s] removing '/home/jerry/AutoSweeperSystem/AutoSweeperSystem_ws/install/autosweeper_robot/lib/python3.10/site-packages/autosweeper_robot-0.0.0-py3.10.egg-info' (and everything under it)
[7.583s] Copying ../../build/autosweeper_robot/autosweeper_robot.egg-info to /home/jerry/AutoSweeperSystem/AutoSweeperSystem_ws/install/autosweeper_robot/lib/python3.10/site-packages/autosweeper_robot-0.0.0-py3.10.egg-info
[7.590s] running install_scripts
[7.687s] Installing range2scan.py script to /home/jerry/AutoSweeperSystem/AutoSweeperSystem_ws/install/autosweeper_robot/lib/autosweeper_robot
[7.688s] Installing sweeper_node script to /home/jerry/AutoSweeperSystem/AutoSweeperSystem_ws/install/autosweeper_robot/lib/autosweeper_robot
[7.693s] writing list of installed files to '/home/jerry/AutoSweeperSystem/AutoSweeperSystem_ws/build/autosweeper_robot/install.log'
[7.937s] Invoked command in '/home/jerry/AutoSweeperSystem/AutoSweeperSystem_ws/src/autosweeper_robot' returned '0': PYTHONPATH=/home/jerry/AutoSweeperSystem/AutoSweeperSystem_ws/build/autosweeper_robot/prefix_override:/usr/lib/python3/dist-packages/colcon_core/task/python/colcon_distutils_commands:/home/jerry/AutoSweeperSystem/AutoSweeperSystem_ws/install/autosweeper_robot/lib/python3.10/site-packages:${PYTHONPATH} /usr/bin/python3 -W ignore:setup.py install is deprecated -W ignore:easy_install command is deprecated setup.py egg_info --egg-base ../../build/autosweeper_robot build --build-base /home/jerry/AutoSweeperSystem/AutoSweeperSystem_ws/build/autosweeper_robot/build install --record /home/jerry/AutoSweeperSystem/AutoSweeperSystem_ws/build/autosweeper_robot/install.log --single-version-externally-managed install_data
