running egg_info
writing ../../build/autosweeper_robot/autosweeper_robot.egg-info/PKG-INFO
writing dependency_links to ../../build/autosweeper_robot/autosweeper_robot.egg-info/dependency_links.txt
writing entry points to ../../build/autosweeper_robot/autosweeper_robot.egg-info/entry_points.txt
writing requirements to ../../build/autosweeper_robot/autosweeper_robot.egg-info/requires.txt
writing top-level names to ../../build/autosweeper_robot/autosweeper_robot.egg-info/top_level.txt
reading manifest file '../../build/autosweeper_robot/autosweeper_robot.egg-info/SOURCES.txt'
writing manifest file '../../build/autosweeper_robot/autosweeper_robot.egg-info/SOURCES.txt'
running build
running build_py
running install
running install_lib
running install_data
running install_egg_info
removing '/home/jerry/AutoSweeperSystem/AutoSweeperSystem_ws/install/autosweeper_robot/lib/python3.10/site-packages/autosweeper_robot-0.0.0-py3.10.egg-info' (and everything under it)
Copying ../../build/autosweeper_robot/autosweeper_robot.egg-info to /home/jerry/AutoSweeperSystem/AutoSweeperSystem_ws/install/autosweeper_robot/lib/python3.10/site-packages/autosweeper_robot-0.0.0-py3.10.egg-info
running install_scripts
Installing range2scan.py script to /home/jerry/AutoSweeperSystem/AutoSweeperSystem_ws/install/autosweeper_robot/lib/autosweeper_robot
Installing sweeper_node script to /home/jerry/AutoSweeperSystem/AutoSweeperSystem_ws/install/autosweeper_robot/lib/autosweeper_robot
writing list of installed files to '/home/jerry/AutoSweeperSystem/AutoSweeperSystem_ws/build/autosweeper_robot/install.log'
