[6.544s] Invoking command in '/home/jerry/AutoSweeperSystem/AutoSweeperSystem_ws/src/autosweeper_robot': PYTHONPATH=/home/jerry/AutoSweeperSystem/AutoSweeperSystem_ws/build/autosweeper_robot/prefix_override:/usr/lib/python3/dist-packages/colcon_core/task/python/colcon_distutils_commands:/home/jerry/AutoSweeperSystem/AutoSweeperSystem_ws/install/autosweeper_robot/lib/python3.10/site-packages:${PYTHONPATH} /usr/bin/python3 -W ignore:setup.py install is deprecated -W ignore:easy_install command is deprecated setup.py egg_info --egg-base ../../build/autosweeper_robot build --build-base /home/jerry/AutoSweeperSystem/AutoSweeperSystem_ws/build/autosweeper_robot/build install --record /home/jerry/AutoSweeperSystem/AutoSweeperSystem_ws/build/autosweeper_robot/install.log --single-version-externally-managed install_data
[8.378s] running egg_info
[8.382s] writing ../../build/autosweeper_robot/autosweeper_robot.egg-info/PKG-INFO
[8.385s] writing dependency_links to ../../build/autosweeper_robot/autosweeper_robot.egg-info/dependency_links.txt
[8.389s] writing entry points to ../../build/autosweeper_robot/autosweeper_robot.egg-info/entry_points.txt
[8.390s] writing requirements to ../../build/autosweeper_robot/autosweeper_robot.egg-info/requires.txt
[8.390s] writing top-level names to ../../build/autosweeper_robot/autosweeper_robot.egg-info/top_level.txt
[8.402s] reading manifest file '../../build/autosweeper_robot/autosweeper_robot.egg-info/SOURCES.txt'
[8.415s] writing manifest file '../../build/autosweeper_robot/autosweeper_robot.egg-info/SOURCES.txt'
[8.419s] running build
[8.420s] running build_py
[8.422s] copying autosweeper_robot/__init__.py -> /home/jerry/AutoSweeperSystem/AutoSweeperSystem_ws/build/autosweeper_robot/build/lib/autosweeper_robot
[8.423s] copying autosweeper_robot/range2scan.py -> /home/jerry/AutoSweeperSystem/AutoSweeperSystem_ws/build/autosweeper_robot/build/lib/autosweeper_robot
[8.424s] copying autosweeper_robot/sweeper_node.py -> /home/jerry/AutoSweeperSystem/AutoSweeperSystem_ws/build/autosweeper_robot/build/lib/autosweeper_robot
[8.425s] running install
[8.428s] running install_lib
[8.429s] copying /home/jerry/AutoSweeperSystem/AutoSweeperSystem_ws/build/autosweeper_robot/build/lib/autosweeper_robot/__init__.py -> /home/jerry/AutoSweeperSystem/AutoSweeperSystem_ws/install/autosweeper_robot/lib/python3.10/site-packages/autosweeper_robot
[8.430s] copying /home/jerry/AutoSweeperSystem/AutoSweeperSystem_ws/build/autosweeper_robot/build/lib/autosweeper_robot/range2scan.py -> /home/jerry/AutoSweeperSystem/AutoSweeperSystem_ws/install/autosweeper_robot/lib/python3.10/site-packages/autosweeper_robot
[8.430s] copying /home/jerry/AutoSweeperSystem/AutoSweeperSystem_ws/build/autosweeper_robot/build/lib/autosweeper_robot/sweeper_node.py -> /home/jerry/AutoSweeperSystem/AutoSweeperSystem_ws/install/autosweeper_robot/lib/python3.10/site-packages/autosweeper_robot
[8.436s] byte-compiling /home/jerry/AutoSweeperSystem/AutoSweeperSystem_ws/install/autosweeper_robot/lib/python3.10/site-packages/autosweeper_robot/__init__.py to __init__.cpython-310.pyc
[8.440s] byte-compiling /home/jerry/AutoSweeperSystem/AutoSweeperSystem_ws/install/autosweeper_robot/lib/python3.10/site-packages/autosweeper_robot/range2scan.py to range2scan.cpython-310.pyc
[8.441s] byte-compiling /home/jerry/AutoSweeperSystem/AutoSweeperSystem_ws/install/autosweeper_robot/lib/python3.10/site-packages/autosweeper_robot/sweeper_node.py to sweeper_node.cpython-310.pyc
[8.472s] running install_data
[8.473s] copying resource/autosweeper_robot -> /home/jerry/AutoSweeperSystem/AutoSweeperSystem_ws/install/autosweeper_robot/share/ament_index/resource_index/packages
[8.478s] copying package.xml -> /home/jerry/AutoSweeperSystem/AutoSweeperSystem_ws/install/autosweeper_robot/share/autosweeper_robot
[8.478s] running install_egg_info
[8.483s] removing '/home/jerry/AutoSweeperSystem/AutoSweeperSystem_ws/install/autosweeper_robot/lib/python3.10/site-packages/autosweeper_robot-0.0.0-py3.10.egg-info' (and everything under it)
[8.485s] Copying ../../build/autosweeper_robot/autosweeper_robot.egg-info to /home/jerry/AutoSweeperSystem/AutoSweeperSystem_ws/install/autosweeper_robot/lib/python3.10/site-packages/autosweeper_robot-0.0.0-py3.10.egg-info
[8.501s] running install_scripts
[8.606s] Installing range2scan.py script to /home/jerry/AutoSweeperSystem/AutoSweeperSystem_ws/install/autosweeper_robot/lib/autosweeper_robot
[8.609s] Installing sweeper_node script to /home/jerry/AutoSweeperSystem/AutoSweeperSystem_ws/install/autosweeper_robot/lib/autosweeper_robot
[8.610s] writing list of installed files to '/home/jerry/AutoSweeperSystem/AutoSweeperSystem_ws/build/autosweeper_robot/install.log'
[8.764s] Invoked command in '/home/jerry/AutoSweeperSystem/AutoSweeperSystem_ws/src/autosweeper_robot' returned '0': PYTHONPATH=/home/jerry/AutoSweeperSystem/AutoSweeperSystem_ws/build/autosweeper_robot/prefix_override:/usr/lib/python3/dist-packages/colcon_core/task/python/colcon_distutils_commands:/home/jerry/AutoSweeperSystem/AutoSweeperSystem_ws/install/autosweeper_robot/lib/python3.10/site-packages:${PYTHONPATH} /usr/bin/python3 -W ignore:setup.py install is deprecated -W ignore:easy_install command is deprecated setup.py egg_info --egg-base ../../build/autosweeper_robot build --build-base /home/jerry/AutoSweeperSystem/AutoSweeperSystem_ws/build/autosweeper_robot/build install --record /home/jerry/AutoSweeperSystem/AutoSweeperSystem_ws/build/autosweeper_robot/install.log --single-version-externally-managed install_data
