[2.451s] DEBUG:colcon:Command line arguments: ['/usr/bin/colcon', 'build']
[2.452s] DEBUG:colcon:Parsed command line arguments: Namespace(log_base=None, log_level=None, verb_name='build', build_base='build', install_base='install', merge_install=False, symlink_install=False, test_result_base=None, continue_on_error=False, executor='parallel', parallel_workers=4, event_handlers=None, ignore_user_meta=False, metas=['./colcon.meta'], base_paths=['.'], packages_ignore=None, packages_ignore_regex=None, paths=None, packages_up_to=None, packages_up_to_regex=None, packages_above=None, packages_above_and_dependencies=None, packages_above_depth=None, packages_select_by_dep=None, packages_skip_by_dep=None, packages_skip_up_to=None, packages_select_build_failed=False, packages_skip_build_finished=False, packages_select_test_failures=False, packages_skip_test_passed=False, packages_select=None, packages_skip=None, packages_select_regex=None, packages_skip_regex=None, packages_start=None, packages_end=None, allow_overriding=[], cmake_args=None, cmake_target=None, cmake_target_skip_unavailable=False, cmake_clean_cache=False, cmake_clean_first=False, cmake_force_configure=False, ament_cmake_args=None, catkin_cmake_args=None, catkin_skip_building_tests=False, verb_parser=<colcon_defaults.argument_parser.defaults.DefaultArgumentsDecorator object at 0xffffb047c670>, verb_extension=<colcon_core.verb.build.BuildVerb object at 0xffffb0611ae0>, main=<bound method BuildVerb.main of <colcon_core.verb.build.BuildVerb object at 0xffffb0611ae0>>)
[6.234s] Level 1:colcon.colcon_core.package_discovery:discover_packages(colcon_meta) check parameters
[6.235s] Level 1:colcon.colcon_core.package_discovery:discover_packages(recursive) check parameters
[6.236s] Level 1:colcon.colcon_core.package_discovery:discover_packages(ignore) check parameters
[6.236s] Level 1:colcon.colcon_core.package_discovery:discover_packages(path) check parameters
[6.236s] Level 1:colcon.colcon_core.package_discovery:discover_packages(colcon_meta) discover
[6.237s] Level 1:colcon.colcon_core.package_discovery:discover_packages(recursive) discover
[6.238s] INFO:colcon.colcon_core.package_discovery:Crawling recursively for packages in '/home/jerry/AutoSweeperSystem/AutoSweeperSystem_ws'
[6.238s] Level 1:colcon.colcon_core.package_identification:_identify(.) by extensions ['ignore', 'ignore_ament_install']
[6.239s] Level 1:colcon.colcon_core.package_identification:_identify(.) by extension 'ignore'
[6.240s] Level 1:colcon.colcon_core.package_identification:_identify(.) by extension 'ignore_ament_install'
[6.240s] Level 1:colcon.colcon_core.package_identification:_identify(.) by extensions ['colcon_pkg']
[6.241s] Level 1:colcon.colcon_core.package_identification:_identify(.) by extension 'colcon_pkg'
[6.242s] Level 1:colcon.colcon_core.package_identification:_identify(.) by extensions ['colcon_meta']
[6.242s] Level 1:colcon.colcon_core.package_identification:_identify(.) by extension 'colcon_meta'
[6.243s] Level 1:colcon.colcon_core.package_identification:_identify(.) by extensions ['ros']
[6.243s] Level 1:colcon.colcon_core.package_identification:_identify(.) by extension 'ros'
[6.413s] Level 1:colcon.colcon_core.package_identification:_identify(.) by extensions ['cmake', 'python']
[6.413s] Level 1:colcon.colcon_core.package_identification:_identify(.) by extension 'cmake'
[6.414s] Level 1:colcon.colcon_core.package_identification:_identify(.) by extension 'python'
[6.415s] Level 1:colcon.colcon_core.package_identification:_identify(.) by extensions ['python_setup_py']
[6.415s] Level 1:colcon.colcon_core.package_identification:_identify(.) by extension 'python_setup_py'
[6.416s] Level 1:colcon.colcon_core.package_identification:_identify(build) by extensions ['ignore', 'ignore_ament_install']
[6.418s] Level 1:colcon.colcon_core.package_identification:_identify(build) by extension 'ignore'
[6.418s] Level 1:colcon.colcon_core.package_identification:_identify(build) ignored
[6.420s] Level 1:colcon.colcon_core.package_identification:_identify(install) by extensions ['ignore', 'ignore_ament_install']
[6.420s] Level 1:colcon.colcon_core.package_identification:_identify(install) by extension 'ignore'
[6.421s] Level 1:colcon.colcon_core.package_identification:_identify(install) ignored
[6.423s] Level 1:colcon.colcon_core.package_identification:_identify(log) by extensions ['ignore', 'ignore_ament_install']
[6.423s] Level 1:colcon.colcon_core.package_identification:_identify(log) by extension 'ignore'
[6.424s] Level 1:colcon.colcon_core.package_identification:_identify(log) ignored
[6.425s] Level 1:colcon.colcon_core.package_identification:_identify(src) by extensions ['ignore', 'ignore_ament_install']
[6.426s] Level 1:colcon.colcon_core.package_identification:_identify(src) by extension 'ignore'
[6.426s] Level 1:colcon.colcon_core.package_identification:_identify(src) by extension 'ignore_ament_install'
[6.427s] Level 1:colcon.colcon_core.package_identification:_identify(src) by extensions ['colcon_pkg']
[6.427s] Level 1:colcon.colcon_core.package_identification:_identify(src) by extension 'colcon_pkg'
[6.428s] Level 1:colcon.colcon_core.package_identification:_identify(src) by extensions ['colcon_meta']
[6.428s] Level 1:colcon.colcon_core.package_identification:_identify(src) by extension 'colcon_meta'
[6.428s] Level 1:colcon.colcon_core.package_identification:_identify(src) by extensions ['ros']
[6.428s] Level 1:colcon.colcon_core.package_identification:_identify(src) by extension 'ros'
[6.429s] Level 1:colcon.colcon_core.package_identification:_identify(src) by extensions ['cmake', 'python']
[6.429s] Level 1:colcon.colcon_core.package_identification:_identify(src) by extension 'cmake'
[6.429s] Level 1:colcon.colcon_core.package_identification:_identify(src) by extension 'python'
[6.430s] Level 1:colcon.colcon_core.package_identification:_identify(src) by extensions ['python_setup_py']
[6.430s] Level 1:colcon.colcon_core.package_identification:_identify(src) by extension 'python_setup_py'
[6.431s] Level 1:colcon.colcon_core.package_identification:_identify(src/autosweeper_robot) by extensions ['ignore', 'ignore_ament_install']
[6.432s] Level 1:colcon.colcon_core.package_identification:_identify(src/autosweeper_robot) by extension 'ignore'
[6.432s] Level 1:colcon.colcon_core.package_identification:_identify(src/autosweeper_robot) by extension 'ignore_ament_install'
[6.433s] Level 1:colcon.colcon_core.package_identification:_identify(src/autosweeper_robot) by extensions ['colcon_pkg']
[6.433s] Level 1:colcon.colcon_core.package_identification:_identify(src/autosweeper_robot) by extension 'colcon_pkg'
[6.434s] Level 1:colcon.colcon_core.package_identification:_identify(src/autosweeper_robot) by extensions ['colcon_meta']
[6.434s] Level 1:colcon.colcon_core.package_identification:_identify(src/autosweeper_robot) by extension 'colcon_meta'
[6.434s] Level 1:colcon.colcon_core.package_identification:_identify(src/autosweeper_robot) by extensions ['ros']
[6.434s] Level 1:colcon.colcon_core.package_identification:_identify(src/autosweeper_robot) by extension 'ros'
[6.471s] DEBUG:colcon.colcon_core.package_identification:Package 'src/autosweeper_robot' with type 'ros.ament_python' and name 'autosweeper_robot'
[6.474s] Level 1:colcon.colcon_core.package_identification:_identify(src/fishbot_bringup) by extensions ['ignore', 'ignore_ament_install']
[6.475s] Level 1:colcon.colcon_core.package_identification:_identify(src/fishbot_bringup) by extension 'ignore'
[6.476s] Level 1:colcon.colcon_core.package_identification:_identify(src/fishbot_bringup) by extension 'ignore_ament_install'
[6.476s] Level 1:colcon.colcon_core.package_identification:_identify(src/fishbot_bringup) by extensions ['colcon_pkg']
[6.477s] Level 1:colcon.colcon_core.package_identification:_identify(src/fishbot_bringup) by extension 'colcon_pkg'
[6.478s] Level 1:colcon.colcon_core.package_identification:_identify(src/fishbot_bringup) by extensions ['colcon_meta']
[6.479s] Level 1:colcon.colcon_core.package_identification:_identify(src/fishbot_bringup) by extension 'colcon_meta'
[6.480s] Level 1:colcon.colcon_core.package_identification:_identify(src/fishbot_bringup) by extensions ['ros']
[6.480s] Level 1:colcon.colcon_core.package_identification:_identify(src/fishbot_bringup) by extension 'ros'
[6.489s] DEBUG:colcon.colcon_core.package_identification:Package 'src/fishbot_bringup' with type 'ros.ament_cmake' and name 'fishbot_bringup'
[6.490s] Level 1:colcon.colcon_core.package_identification:_identify(src/fishbot_description) by extensions ['ignore', 'ignore_ament_install']
[6.491s] Level 1:colcon.colcon_core.package_identification:_identify(src/fishbot_description) by extension 'ignore'
[6.492s] Level 1:colcon.colcon_core.package_identification:_identify(src/fishbot_description) by extension 'ignore_ament_install'
[6.493s] Level 1:colcon.colcon_core.package_identification:_identify(src/fishbot_description) by extensions ['colcon_pkg']
[6.495s] Level 1:colcon.colcon_core.package_identification:_identify(src/fishbot_description) by extension 'colcon_pkg'
[6.496s] Level 1:colcon.colcon_core.package_identification:_identify(src/fishbot_description) by extensions ['colcon_meta']
[6.497s] Level 1:colcon.colcon_core.package_identification:_identify(src/fishbot_description) by extension 'colcon_meta'
[6.498s] Level 1:colcon.colcon_core.package_identification:_identify(src/fishbot_description) by extensions ['ros']
[6.499s] Level 1:colcon.colcon_core.package_identification:_identify(src/fishbot_description) by extension 'ros'
[6.505s] DEBUG:colcon.colcon_core.package_identification:Package 'src/fishbot_description' with type 'ros.ament_cmake' and name 'fishbot_description'
[6.507s] Level 1:colcon.colcon_core.package_identification:_identify(src/fishbot_navigation2) by extensions ['ignore', 'ignore_ament_install']
[6.508s] Level 1:colcon.colcon_core.package_identification:_identify(src/fishbot_navigation2) by extension 'ignore'
[6.509s] Level 1:colcon.colcon_core.package_identification:_identify(src/fishbot_navigation2) by extension 'ignore_ament_install'
[6.510s] Level 1:colcon.colcon_core.package_identification:_identify(src/fishbot_navigation2) by extensions ['colcon_pkg']
[6.511s] Level 1:colcon.colcon_core.package_identification:_identify(src/fishbot_navigation2) by extension 'colcon_pkg'
[6.512s] Level 1:colcon.colcon_core.package_identification:_identify(src/fishbot_navigation2) by extensions ['colcon_meta']
[6.514s] Level 1:colcon.colcon_core.package_identification:_identify(src/fishbot_navigation2) by extension 'colcon_meta'
[6.515s] Level 1:colcon.colcon_core.package_identification:_identify(src/fishbot_navigation2) by extensions ['ros']
[6.516s] Level 1:colcon.colcon_core.package_identification:_identify(src/fishbot_navigation2) by extension 'ros'
[6.522s] DEBUG:colcon.colcon_core.package_identification:Package 'src/fishbot_navigation2' with type 'ros.ament_cmake' and name 'fishbot_navigation2'
[6.522s] Level 1:colcon.colcon_core.package_identification:_identify(src/m1ct_d2) by extensions ['ignore', 'ignore_ament_install']
[6.523s] Level 1:colcon.colcon_core.package_identification:_identify(src/m1ct_d2) by extension 'ignore'
[6.524s] Level 1:colcon.colcon_core.package_identification:_identify(src/m1ct_d2) by extension 'ignore_ament_install'
[6.524s] Level 1:colcon.colcon_core.package_identification:_identify(src/m1ct_d2) by extensions ['colcon_pkg']
[6.525s] Level 1:colcon.colcon_core.package_identification:_identify(src/m1ct_d2) by extension 'colcon_pkg'
[6.525s] Level 1:colcon.colcon_core.package_identification:_identify(src/m1ct_d2) by extensions ['colcon_meta']
[6.526s] Level 1:colcon.colcon_core.package_identification:_identify(src/m1ct_d2) by extension 'colcon_meta'
[6.526s] Level 1:colcon.colcon_core.package_identification:_identify(src/m1ct_d2) by extensions ['ros']
[6.527s] Level 1:colcon.colcon_core.package_identification:_identify(src/m1ct_d2) by extension 'ros'
[6.539s] DEBUG:colcon.colcon_core.package_identification:Package 'src/m1ct_d2' with type 'ros.ament_cmake' and name 'm1ct_d2'
[6.540s] Level 1:colcon.colcon_core.package_identification:_identify(src/micro-ROS-Agent) by extensions ['ignore', 'ignore_ament_install']
[6.541s] Level 1:colcon.colcon_core.package_identification:_identify(src/micro-ROS-Agent) by extension 'ignore'
[6.542s] Level 1:colcon.colcon_core.package_identification:_identify(src/micro-ROS-Agent) by extension 'ignore_ament_install'
[6.543s] Level 1:colcon.colcon_core.package_identification:_identify(src/micro-ROS-Agent) by extensions ['colcon_pkg']
[6.544s] Level 1:colcon.colcon_core.package_identification:_identify(src/micro-ROS-Agent) by extension 'colcon_pkg'
[6.545s] Level 1:colcon.colcon_core.package_identification:_identify(src/micro-ROS-Agent) by extensions ['colcon_meta']
[6.546s] Level 1:colcon.colcon_core.package_identification:_identify(src/micro-ROS-Agent) by extension 'colcon_meta'
[6.548s] Level 1:colcon.colcon_core.package_identification:_identify(src/micro-ROS-Agent) by extensions ['ros']
[6.550s] Level 1:colcon.colcon_core.package_identification:_identify(src/micro-ROS-Agent) by extension 'ros'
[6.552s] Level 1:colcon.colcon_core.package_identification:_identify(src/micro-ROS-Agent) by extensions ['cmake', 'python']
[6.553s] Level 1:colcon.colcon_core.package_identification:_identify(src/micro-ROS-Agent) by extension 'cmake'
[6.553s] Level 1:colcon.colcon_core.package_identification:_identify(src/micro-ROS-Agent) by extension 'python'
[6.554s] Level 1:colcon.colcon_core.package_identification:_identify(src/micro-ROS-Agent) by extensions ['python_setup_py']
[6.555s] Level 1:colcon.colcon_core.package_identification:_identify(src/micro-ROS-Agent) by extension 'python_setup_py'
[6.556s] Level 1:colcon.colcon_core.package_identification:_identify(src/micro-ROS-Agent/micro_ros_agent) by extensions ['ignore', 'ignore_ament_install']
[6.557s] Level 1:colcon.colcon_core.package_identification:_identify(src/micro-ROS-Agent/micro_ros_agent) by extension 'ignore'
[6.558s] Level 1:colcon.colcon_core.package_identification:_identify(src/micro-ROS-Agent/micro_ros_agent) by extension 'ignore_ament_install'
[6.560s] Level 1:colcon.colcon_core.package_identification:_identify(src/micro-ROS-Agent/micro_ros_agent) by extensions ['colcon_pkg']
[6.561s] Level 1:colcon.colcon_core.package_identification:_identify(src/micro-ROS-Agent/micro_ros_agent) by extension 'colcon_pkg'
[6.561s] Level 1:colcon.colcon_core.package_identification:_identify(src/micro-ROS-Agent/micro_ros_agent) by extensions ['colcon_meta']
[6.562s] Level 1:colcon.colcon_core.package_identification:_identify(src/micro-ROS-Agent/micro_ros_agent) by extension 'colcon_meta'
[6.562s] Level 1:colcon.colcon_core.package_identification:_identify(src/micro-ROS-Agent/micro_ros_agent) by extensions ['ros']
[6.562s] Level 1:colcon.colcon_core.package_identification:_identify(src/micro-ROS-Agent/micro_ros_agent) by extension 'ros'
[6.572s] DEBUG:colcon.colcon_core.package_identification:Package 'src/micro-ROS-Agent/micro_ros_agent' with type 'ros.ament_cmake' and name 'micro_ros_agent'
[6.573s] Level 1:colcon.colcon_core.package_identification:_identify(src/micro-ROS-Agent/snap) by extensions ['ignore', 'ignore_ament_install']
[6.573s] Level 1:colcon.colcon_core.package_identification:_identify(src/micro-ROS-Agent/snap) by extension 'ignore'
[6.574s] Level 1:colcon.colcon_core.package_identification:_identify(src/micro-ROS-Agent/snap) by extension 'ignore_ament_install'
[6.574s] Level 1:colcon.colcon_core.package_identification:_identify(src/micro-ROS-Agent/snap) by extensions ['colcon_pkg']
[6.574s] Level 1:colcon.colcon_core.package_identification:_identify(src/micro-ROS-Agent/snap) by extension 'colcon_pkg'
[6.575s] Level 1:colcon.colcon_core.package_identification:_identify(src/micro-ROS-Agent/snap) by extensions ['colcon_meta']
[6.575s] Level 1:colcon.colcon_core.package_identification:_identify(src/micro-ROS-Agent/snap) by extension 'colcon_meta'
[6.576s] Level 1:colcon.colcon_core.package_identification:_identify(src/micro-ROS-Agent/snap) by extensions ['ros']
[6.576s] Level 1:colcon.colcon_core.package_identification:_identify(src/micro-ROS-Agent/snap) by extension 'ros'
[6.577s] Level 1:colcon.colcon_core.package_identification:_identify(src/micro-ROS-Agent/snap) by extensions ['cmake', 'python']
[6.577s] Level 1:colcon.colcon_core.package_identification:_identify(src/micro-ROS-Agent/snap) by extension 'cmake'
[6.577s] Level 1:colcon.colcon_core.package_identification:_identify(src/micro-ROS-Agent/snap) by extension 'python'
[6.578s] Level 1:colcon.colcon_core.package_identification:_identify(src/micro-ROS-Agent/snap) by extensions ['python_setup_py']
[6.578s] Level 1:colcon.colcon_core.package_identification:_identify(src/micro-ROS-Agent/snap) by extension 'python_setup_py'
[6.579s] Level 1:colcon.colcon_core.package_identification:_identify(src/micro-ROS-Agent/snap/hooks) by extensions ['ignore', 'ignore_ament_install']
[6.580s] Level 1:colcon.colcon_core.package_identification:_identify(src/micro-ROS-Agent/snap/hooks) by extension 'ignore'
[6.580s] Level 1:colcon.colcon_core.package_identification:_identify(src/micro-ROS-Agent/snap/hooks) by extension 'ignore_ament_install'
[6.580s] Level 1:colcon.colcon_core.package_identification:_identify(src/micro-ROS-Agent/snap/hooks) by extensions ['colcon_pkg']
[6.581s] Level 1:colcon.colcon_core.package_identification:_identify(src/micro-ROS-Agent/snap/hooks) by extension 'colcon_pkg'
[6.581s] Level 1:colcon.colcon_core.package_identification:_identify(src/micro-ROS-Agent/snap/hooks) by extensions ['colcon_meta']
[6.581s] Level 1:colcon.colcon_core.package_identification:_identify(src/micro-ROS-Agent/snap/hooks) by extension 'colcon_meta'
[6.582s] Level 1:colcon.colcon_core.package_identification:_identify(src/micro-ROS-Agent/snap/hooks) by extensions ['ros']
[6.582s] Level 1:colcon.colcon_core.package_identification:_identify(src/micro-ROS-Agent/snap/hooks) by extension 'ros'
[6.583s] Level 1:colcon.colcon_core.package_identification:_identify(src/micro-ROS-Agent/snap/hooks) by extensions ['cmake', 'python']
[6.583s] Level 1:colcon.colcon_core.package_identification:_identify(src/micro-ROS-Agent/snap/hooks) by extension 'cmake'
[6.583s] Level 1:colcon.colcon_core.package_identification:_identify(src/micro-ROS-Agent/snap/hooks) by extension 'python'
[6.583s] Level 1:colcon.colcon_core.package_identification:_identify(src/micro-ROS-Agent/snap/hooks) by extensions ['python_setup_py']
[6.584s] Level 1:colcon.colcon_core.package_identification:_identify(src/micro-ROS-Agent/snap/hooks) by extension 'python_setup_py'
[6.584s] Level 1:colcon.colcon_core.package_identification:_identify(src/micro-ROS-Agent/snap/local) by extensions ['ignore', 'ignore_ament_install']
[6.585s] Level 1:colcon.colcon_core.package_identification:_identify(src/micro-ROS-Agent/snap/local) by extension 'ignore'
[6.585s] Level 1:colcon.colcon_core.package_identification:_identify(src/micro-ROS-Agent/snap/local) by extension 'ignore_ament_install'
[6.586s] Level 1:colcon.colcon_core.package_identification:_identify(src/micro-ROS-Agent/snap/local) by extensions ['colcon_pkg']
[6.586s] Level 1:colcon.colcon_core.package_identification:_identify(src/micro-ROS-Agent/snap/local) by extension 'colcon_pkg'
[6.586s] Level 1:colcon.colcon_core.package_identification:_identify(src/micro-ROS-Agent/snap/local) by extensions ['colcon_meta']
[6.586s] Level 1:colcon.colcon_core.package_identification:_identify(src/micro-ROS-Agent/snap/local) by extension 'colcon_meta'
[6.588s] Level 1:colcon.colcon_core.package_identification:_identify(src/micro-ROS-Agent/snap/local) by extensions ['ros']
[6.588s] Level 1:colcon.colcon_core.package_identification:_identify(src/micro-ROS-Agent/snap/local) by extension 'ros'
[6.589s] Level 1:colcon.colcon_core.package_identification:_identify(src/micro-ROS-Agent/snap/local) by extensions ['cmake', 'python']
[6.590s] Level 1:colcon.colcon_core.package_identification:_identify(src/micro-ROS-Agent/snap/local) by extension 'cmake'
[6.590s] Level 1:colcon.colcon_core.package_identification:_identify(src/micro-ROS-Agent/snap/local) by extension 'python'
[6.591s] Level 1:colcon.colcon_core.package_identification:_identify(src/micro-ROS-Agent/snap/local) by extensions ['python_setup_py']
[6.592s] Level 1:colcon.colcon_core.package_identification:_identify(src/micro-ROS-Agent/snap/local) by extension 'python_setup_py'
[6.593s] Level 1:colcon.colcon_core.package_identification:_identify(src/micro_ros_msgs) by extensions ['ignore', 'ignore_ament_install']
[6.594s] Level 1:colcon.colcon_core.package_identification:_identify(src/micro_ros_msgs) by extension 'ignore'
[6.595s] Level 1:colcon.colcon_core.package_identification:_identify(src/micro_ros_msgs) by extension 'ignore_ament_install'
[6.595s] Level 1:colcon.colcon_core.package_identification:_identify(src/micro_ros_msgs) by extensions ['colcon_pkg']
[6.595s] Level 1:colcon.colcon_core.package_identification:_identify(src/micro_ros_msgs) by extension 'colcon_pkg'
[6.596s] Level 1:colcon.colcon_core.package_identification:_identify(src/micro_ros_msgs) by extensions ['colcon_meta']
[6.596s] Level 1:colcon.colcon_core.package_identification:_identify(src/micro_ros_msgs) by extension 'colcon_meta'
[6.596s] Level 1:colcon.colcon_core.package_identification:_identify(src/micro_ros_msgs) by extensions ['ros']
[6.597s] Level 1:colcon.colcon_core.package_identification:_identify(src/micro_ros_msgs) by extension 'ros'
[6.602s] DEBUG:colcon.colcon_core.package_identification:Package 'src/micro_ros_msgs' with type 'ros.ament_cmake' and name 'micro_ros_msgs'
[6.602s] Level 1:colcon.colcon_core.package_discovery:discover_packages(recursive) using defaults
[6.603s] Level 1:colcon.colcon_core.package_discovery:discover_packages(ignore) discover
[6.603s] Level 1:colcon.colcon_core.package_discovery:discover_packages(ignore) using defaults
[6.603s] Level 1:colcon.colcon_core.package_discovery:discover_packages(path) discover
[6.603s] Level 1:colcon.colcon_core.package_discovery:discover_packages(path) using defaults
[6.826s] Level 1:colcon.colcon_core.package_discovery:discover_packages(prefix_path) check parameters
[6.826s] Level 1:colcon.colcon_core.package_discovery:discover_packages(prefix_path) discover
[6.870s] DEBUG:colcon.colcon_installed_package_information.package_discovery:Found 9 installed packages in /home/jerry/AutoSweeperSystem/AutoSweeperSystem_ws/install
[6.887s] DEBUG:colcon.colcon_installed_package_information.package_discovery:Found 326 installed packages in /opt/ros/humble
[6.896s] Level 1:colcon.colcon_core.package_discovery:discover_packages(prefix_path) using defaults
[7.254s] Level 5:colcon.colcon_core.verb:set package 'autosweeper_robot' build argument 'cmake_args' from command line to 'None'
[7.255s] Level 5:colcon.colcon_core.verb:set package 'autosweeper_robot' build argument 'cmake_target' from command line to 'None'
[7.255s] Level 5:colcon.colcon_core.verb:set package 'autosweeper_robot' build argument 'cmake_target_skip_unavailable' from command line to 'False'
[7.255s] Level 5:colcon.colcon_core.verb:set package 'autosweeper_robot' build argument 'cmake_clean_cache' from command line to 'False'
[7.255s] Level 5:colcon.colcon_core.verb:set package 'autosweeper_robot' build argument 'cmake_clean_first' from command line to 'False'
[7.256s] Level 5:colcon.colcon_core.verb:set package 'autosweeper_robot' build argument 'cmake_force_configure' from command line to 'False'
[7.256s] Level 5:colcon.colcon_core.verb:set package 'autosweeper_robot' build argument 'ament_cmake_args' from command line to 'None'
[7.256s] Level 5:colcon.colcon_core.verb:set package 'autosweeper_robot' build argument 'catkin_cmake_args' from command line to 'None'
[7.256s] Level 5:colcon.colcon_core.verb:set package 'autosweeper_robot' build argument 'catkin_skip_building_tests' from command line to 'False'
[7.257s] DEBUG:colcon.colcon_core.verb:Building package 'autosweeper_robot' with the following arguments: {'ament_cmake_args': None, 'build_base': '/home/jerry/AutoSweeperSystem/AutoSweeperSystem_ws/build/autosweeper_robot', 'catkin_cmake_args': None, 'catkin_skip_building_tests': False, 'cmake_args': None, 'cmake_clean_cache': False, 'cmake_clean_first': False, 'cmake_force_configure': False, 'cmake_target': None, 'cmake_target_skip_unavailable': False, 'install_base': '/home/jerry/AutoSweeperSystem/AutoSweeperSystem_ws/install/autosweeper_robot', 'merge_install': False, 'path': '/home/jerry/AutoSweeperSystem/AutoSweeperSystem_ws/src/autosweeper_robot', 'symlink_install': False, 'test_result_base': None}
[7.259s] Level 5:colcon.colcon_core.verb:set package 'fishbot_bringup' build argument 'cmake_args' from command line to 'None'
[7.259s] Level 5:colcon.colcon_core.verb:set package 'fishbot_bringup' build argument 'cmake_target' from command line to 'None'
[7.259s] Level 5:colcon.colcon_core.verb:set package 'fishbot_bringup' build argument 'cmake_target_skip_unavailable' from command line to 'False'
[7.260s] Level 5:colcon.colcon_core.verb:set package 'fishbot_bringup' build argument 'cmake_clean_cache' from command line to 'False'
[7.260s] Level 5:colcon.colcon_core.verb:set package 'fishbot_bringup' build argument 'cmake_clean_first' from command line to 'False'
[7.260s] Level 5:colcon.colcon_core.verb:set package 'fishbot_bringup' build argument 'cmake_force_configure' from command line to 'False'
[7.260s] Level 5:colcon.colcon_core.verb:set package 'fishbot_bringup' build argument 'ament_cmake_args' from command line to 'None'
[7.260s] Level 5:colcon.colcon_core.verb:set package 'fishbot_bringup' build argument 'catkin_cmake_args' from command line to 'None'
[7.261s] Level 5:colcon.colcon_core.verb:set package 'fishbot_bringup' build argument 'catkin_skip_building_tests' from command line to 'False'
[7.261s] DEBUG:colcon.colcon_core.verb:Building package 'fishbot_bringup' with the following arguments: {'ament_cmake_args': None, 'build_base': '/home/jerry/AutoSweeperSystem/AutoSweeperSystem_ws/build/fishbot_bringup', 'catkin_cmake_args': None, 'catkin_skip_building_tests': False, 'cmake_args': None, 'cmake_clean_cache': False, 'cmake_clean_first': False, 'cmake_force_configure': False, 'cmake_target': None, 'cmake_target_skip_unavailable': False, 'install_base': '/home/jerry/AutoSweeperSystem/AutoSweeperSystem_ws/install/fishbot_bringup', 'merge_install': False, 'path': '/home/jerry/AutoSweeperSystem/AutoSweeperSystem_ws/src/fishbot_bringup', 'symlink_install': False, 'test_result_base': None}
[7.263s] Level 5:colcon.colcon_core.verb:set package 'fishbot_description' build argument 'cmake_args' from command line to 'None'
[7.263s] Level 5:colcon.colcon_core.verb:set package 'fishbot_description' build argument 'cmake_target' from command line to 'None'
[7.263s] Level 5:colcon.colcon_core.verb:set package 'fishbot_description' build argument 'cmake_target_skip_unavailable' from command line to 'False'
[7.264s] Level 5:colcon.colcon_core.verb:set package 'fishbot_description' build argument 'cmake_clean_cache' from command line to 'False'
[7.264s] Level 5:colcon.colcon_core.verb:set package 'fishbot_description' build argument 'cmake_clean_first' from command line to 'False'
[7.264s] Level 5:colcon.colcon_core.verb:set package 'fishbot_description' build argument 'cmake_force_configure' from command line to 'False'
[7.265s] Level 5:colcon.colcon_core.verb:set package 'fishbot_description' build argument 'ament_cmake_args' from command line to 'None'
[7.265s] Level 5:colcon.colcon_core.verb:set package 'fishbot_description' build argument 'catkin_cmake_args' from command line to 'None'
[7.265s] Level 5:colcon.colcon_core.verb:set package 'fishbot_description' build argument 'catkin_skip_building_tests' from command line to 'False'
[7.265s] DEBUG:colcon.colcon_core.verb:Building package 'fishbot_description' with the following arguments: {'ament_cmake_args': None, 'build_base': '/home/jerry/AutoSweeperSystem/AutoSweeperSystem_ws/build/fishbot_description', 'catkin_cmake_args': None, 'catkin_skip_building_tests': False, 'cmake_args': None, 'cmake_clean_cache': False, 'cmake_clean_first': False, 'cmake_force_configure': False, 'cmake_target': None, 'cmake_target_skip_unavailable': False, 'install_base': '/home/jerry/AutoSweeperSystem/AutoSweeperSystem_ws/install/fishbot_description', 'merge_install': False, 'path': '/home/jerry/AutoSweeperSystem/AutoSweeperSystem_ws/src/fishbot_description', 'symlink_install': False, 'test_result_base': None}
[7.267s] Level 5:colcon.colcon_core.verb:set package 'fishbot_navigation2' build argument 'cmake_args' from command line to 'None'
[7.268s] Level 5:colcon.colcon_core.verb:set package 'fishbot_navigation2' build argument 'cmake_target' from command line to 'None'
[7.268s] Level 5:colcon.colcon_core.verb:set package 'fishbot_navigation2' build argument 'cmake_target_skip_unavailable' from command line to 'False'
[7.268s] Level 5:colcon.colcon_core.verb:set package 'fishbot_navigation2' build argument 'cmake_clean_cache' from command line to 'False'
[7.268s] Level 5:colcon.colcon_core.verb:set package 'fishbot_navigation2' build argument 'cmake_clean_first' from command line to 'False'
[7.269s] Level 5:colcon.colcon_core.verb:set package 'fishbot_navigation2' build argument 'cmake_force_configure' from command line to 'False'
[7.269s] Level 5:colcon.colcon_core.verb:set package 'fishbot_navigation2' build argument 'ament_cmake_args' from command line to 'None'
[7.269s] Level 5:colcon.colcon_core.verb:set package 'fishbot_navigation2' build argument 'catkin_cmake_args' from command line to 'None'
[7.269s] Level 5:colcon.colcon_core.verb:set package 'fishbot_navigation2' build argument 'catkin_skip_building_tests' from command line to 'False'
[7.269s] DEBUG:colcon.colcon_core.verb:Building package 'fishbot_navigation2' with the following arguments: {'ament_cmake_args': None, 'build_base': '/home/jerry/AutoSweeperSystem/AutoSweeperSystem_ws/build/fishbot_navigation2', 'catkin_cmake_args': None, 'catkin_skip_building_tests': False, 'cmake_args': None, 'cmake_clean_cache': False, 'cmake_clean_first': False, 'cmake_force_configure': False, 'cmake_target': None, 'cmake_target_skip_unavailable': False, 'install_base': '/home/jerry/AutoSweeperSystem/AutoSweeperSystem_ws/install/fishbot_navigation2', 'merge_install': False, 'path': '/home/jerry/AutoSweeperSystem/AutoSweeperSystem_ws/src/fishbot_navigation2', 'symlink_install': False, 'test_result_base': None}
[7.271s] Level 5:colcon.colcon_core.verb:set package 'm1ct_d2' build argument 'cmake_args' from command line to 'None'
[7.272s] Level 5:colcon.colcon_core.verb:set package 'm1ct_d2' build argument 'cmake_target' from command line to 'None'
[7.272s] Level 5:colcon.colcon_core.verb:set package 'm1ct_d2' build argument 'cmake_target_skip_unavailable' from command line to 'False'
[7.272s] Level 5:colcon.colcon_core.verb:set package 'm1ct_d2' build argument 'cmake_clean_cache' from command line to 'False'
[7.272s] Level 5:colcon.colcon_core.verb:set package 'm1ct_d2' build argument 'cmake_clean_first' from command line to 'False'
[7.273s] Level 5:colcon.colcon_core.verb:set package 'm1ct_d2' build argument 'cmake_force_configure' from command line to 'False'
[7.273s] Level 5:colcon.colcon_core.verb:set package 'm1ct_d2' build argument 'ament_cmake_args' from command line to 'None'
[7.273s] Level 5:colcon.colcon_core.verb:set package 'm1ct_d2' build argument 'catkin_cmake_args' from command line to 'None'
[7.273s] Level 5:colcon.colcon_core.verb:set package 'm1ct_d2' build argument 'catkin_skip_building_tests' from command line to 'False'
[7.273s] DEBUG:colcon.colcon_core.verb:Building package 'm1ct_d2' with the following arguments: {'ament_cmake_args': None, 'build_base': '/home/jerry/AutoSweeperSystem/AutoSweeperSystem_ws/build/m1ct_d2', 'catkin_cmake_args': None, 'catkin_skip_building_tests': False, 'cmake_args': None, 'cmake_clean_cache': False, 'cmake_clean_first': False, 'cmake_force_configure': False, 'cmake_target': None, 'cmake_target_skip_unavailable': False, 'install_base': '/home/jerry/AutoSweeperSystem/AutoSweeperSystem_ws/install/m1ct_d2', 'merge_install': False, 'path': '/home/jerry/AutoSweeperSystem/AutoSweeperSystem_ws/src/m1ct_d2', 'symlink_install': False, 'test_result_base': None}
[7.275s] Level 5:colcon.colcon_core.verb:set package 'micro_ros_msgs' build argument 'cmake_args' from command line to 'None'
[7.276s] Level 5:colcon.colcon_core.verb:set package 'micro_ros_msgs' build argument 'cmake_target' from command line to 'None'
[7.276s] Level 5:colcon.colcon_core.verb:set package 'micro_ros_msgs' build argument 'cmake_target_skip_unavailable' from command line to 'False'
[7.277s] Level 5:colcon.colcon_core.verb:set package 'micro_ros_msgs' build argument 'cmake_clean_cache' from command line to 'False'
[7.277s] Level 5:colcon.colcon_core.verb:set package 'micro_ros_msgs' build argument 'cmake_clean_first' from command line to 'False'
[7.277s] Level 5:colcon.colcon_core.verb:set package 'micro_ros_msgs' build argument 'cmake_force_configure' from command line to 'False'
[7.277s] Level 5:colcon.colcon_core.verb:set package 'micro_ros_msgs' build argument 'ament_cmake_args' from command line to 'None'
[7.277s] Level 5:colcon.colcon_core.verb:set package 'micro_ros_msgs' build argument 'catkin_cmake_args' from command line to 'None'
[7.278s] Level 5:colcon.colcon_core.verb:set package 'micro_ros_msgs' build argument 'catkin_skip_building_tests' from command line to 'False'
[7.278s] DEBUG:colcon.colcon_core.verb:Building package 'micro_ros_msgs' with the following arguments: {'ament_cmake_args': None, 'build_base': '/home/jerry/AutoSweeperSystem/AutoSweeperSystem_ws/build/micro_ros_msgs', 'catkin_cmake_args': None, 'catkin_skip_building_tests': False, 'cmake_args': None, 'cmake_clean_cache': False, 'cmake_clean_first': False, 'cmake_force_configure': False, 'cmake_target': None, 'cmake_target_skip_unavailable': False, 'install_base': '/home/jerry/AutoSweeperSystem/AutoSweeperSystem_ws/install/micro_ros_msgs', 'merge_install': False, 'path': '/home/jerry/AutoSweeperSystem/AutoSweeperSystem_ws/src/micro_ros_msgs', 'symlink_install': False, 'test_result_base': None}
[7.280s] Level 5:colcon.colcon_core.verb:set package 'micro_ros_agent' build argument 'cmake_args' from command line to 'None'
[7.281s] Level 5:colcon.colcon_core.verb:set package 'micro_ros_agent' build argument 'cmake_target' from command line to 'None'
[7.281s] Level 5:colcon.colcon_core.verb:set package 'micro_ros_agent' build argument 'cmake_target_skip_unavailable' from command line to 'False'
[7.281s] Level 5:colcon.colcon_core.verb:set package 'micro_ros_agent' build argument 'cmake_clean_cache' from command line to 'False'
[7.282s] Level 5:colcon.colcon_core.verb:set package 'micro_ros_agent' build argument 'cmake_clean_first' from command line to 'False'
[7.282s] Level 5:colcon.colcon_core.verb:set package 'micro_ros_agent' build argument 'cmake_force_configure' from command line to 'False'
[7.282s] Level 5:colcon.colcon_core.verb:set package 'micro_ros_agent' build argument 'ament_cmake_args' from command line to 'None'
[7.282s] Level 5:colcon.colcon_core.verb:set package 'micro_ros_agent' build argument 'catkin_cmake_args' from command line to 'None'
[7.282s] Level 5:colcon.colcon_core.verb:set package 'micro_ros_agent' build argument 'catkin_skip_building_tests' from command line to 'False'
[7.282s] DEBUG:colcon.colcon_core.verb:Building package 'micro_ros_agent' with the following arguments: {'ament_cmake_args': None, 'build_base': '/home/jerry/AutoSweeperSystem/AutoSweeperSystem_ws/build/micro_ros_agent', 'catkin_cmake_args': None, 'catkin_skip_building_tests': False, 'cmake_args': None, 'cmake_clean_cache': False, 'cmake_clean_first': False, 'cmake_force_configure': False, 'cmake_target': None, 'cmake_target_skip_unavailable': False, 'install_base': '/home/jerry/AutoSweeperSystem/AutoSweeperSystem_ws/install/micro_ros_agent', 'merge_install': False, 'path': '/home/jerry/AutoSweeperSystem/AutoSweeperSystem_ws/src/micro-ROS-Agent/micro_ros_agent', 'symlink_install': False, 'test_result_base': None}
[7.283s] INFO:colcon.colcon_core.executor:Executing jobs using 'parallel' executor
[7.288s] DEBUG:colcon.colcon_parallel_executor.executor.parallel:run_until_complete
[7.290s] INFO:colcon.colcon_ros.task.ament_cmake.build:Building ROS package in '/home/jerry/AutoSweeperSystem/AutoSweeperSystem_ws/src/micro_ros_msgs' with build type 'ament_cmake'
[7.290s] INFO:colcon.colcon_cmake.task.cmake.build:Building CMake package in '/home/jerry/AutoSweeperSystem/AutoSweeperSystem_ws/src/micro_ros_msgs'
[7.323s] INFO:colcon.colcon_core.plugin_system:Skipping extension 'colcon_core.shell.bat': Not used on non-Windows systems
[7.325s] INFO:colcon.colcon_core.shell:Skip shell extension 'powershell' for command environment: Not usable outside of PowerShell
[7.326s] DEBUG:colcon.colcon_core.shell:Skip shell extension 'dsv' for command environment
[7.377s] INFO:colcon.colcon_ros.task.ament_python.build:Building ROS package in '/home/jerry/AutoSweeperSystem/AutoSweeperSystem_ws/src/autosweeper_robot' with build type 'ament_python'
[7.379s] Level 1:colcon.colcon_core.shell:create_environment_hook('autosweeper_robot', 'ament_prefix_path')
[7.381s] INFO:colcon.colcon_core.shell:Creating environment hook '/home/jerry/AutoSweeperSystem/AutoSweeperSystem_ws/install/autosweeper_robot/share/autosweeper_robot/hook/ament_prefix_path.ps1'
[7.396s] INFO:colcon.colcon_core.shell:Creating environment descriptor '/home/jerry/AutoSweeperSystem/AutoSweeperSystem_ws/install/autosweeper_robot/share/autosweeper_robot/hook/ament_prefix_path.dsv'
[7.404s] INFO:colcon.colcon_core.shell:Creating environment hook '/home/jerry/AutoSweeperSystem/AutoSweeperSystem_ws/install/autosweeper_robot/share/autosweeper_robot/hook/ament_prefix_path.sh'
[7.415s] INFO:colcon.colcon_core.shell:Skip shell extension 'powershell' for command environment: Not usable outside of PowerShell
[7.416s] DEBUG:colcon.colcon_core.shell:Skip shell extension 'dsv' for command environment
[7.455s] INFO:colcon.colcon_ros.task.ament_cmake.build:Building ROS package in '/home/jerry/AutoSweeperSystem/AutoSweeperSystem_ws/src/fishbot_bringup' with build type 'ament_cmake'
[7.456s] INFO:colcon.colcon_cmake.task.cmake.build:Building CMake package in '/home/jerry/AutoSweeperSystem/AutoSweeperSystem_ws/src/fishbot_bringup'
[7.457s] INFO:colcon.colcon_core.shell:Skip shell extension 'powershell' for command environment: Not usable outside of PowerShell
[7.458s] DEBUG:colcon.colcon_core.shell:Skip shell extension 'dsv' for command environment
[7.517s] INFO:colcon.colcon_ros.task.ament_cmake.build:Building ROS package in '/home/jerry/AutoSweeperSystem/AutoSweeperSystem_ws/src/fishbot_description' with build type 'ament_cmake'
[7.519s] INFO:colcon.colcon_cmake.task.cmake.build:Building CMake package in '/home/jerry/AutoSweeperSystem/AutoSweeperSystem_ws/src/fishbot_description'
[7.521s] INFO:colcon.colcon_core.shell:Skip shell extension 'powershell' for command environment: Not usable outside of PowerShell
[7.522s] DEBUG:colcon.colcon_core.shell:Skip shell extension 'dsv' for command environment
[7.607s] DEBUG:colcon.colcon_core.event_handler.log_command:Invoking command in '/home/jerry/AutoSweeperSystem/AutoSweeperSystem_ws/build/micro_ros_msgs': CMAKE_PREFIX_PATH=${CMAKE_PREFIX_PATH}:/home/jerry/AutoSweeperSystem/AutoSweeperSystem_ws/install/autosweeper_robot:/opt/ros/humble /usr/bin/cmake --build /home/jerry/AutoSweeperSystem/AutoSweeperSystem_ws/build/micro_ros_msgs -- -j4 -l4
[10.058s] INFO:colcon.colcon_core.task.python.build:Building Python package in '/home/jerry/AutoSweeperSystem/AutoSweeperSystem_ws/src/autosweeper_robot'
[10.059s] INFO:colcon.colcon_core.shell:Skip shell extension 'powershell' for command environment: Not usable outside of PowerShell
[10.059s] DEBUG:colcon.colcon_core.shell:Skip shell extension 'dsv' for command environment
[10.156s] DEBUG:colcon.colcon_core.event_handler.log_command:Invoking command in '/home/jerry/AutoSweeperSystem/AutoSweeperSystem_ws/build/fishbot_bringup': CMAKE_PREFIX_PATH=${CMAKE_PREFIX_PATH}:/home/jerry/AutoSweeperSystem/AutoSweeperSystem_ws/install/autosweeper_robot:/opt/ros/humble /usr/bin/cmake --build /home/jerry/AutoSweeperSystem/AutoSweeperSystem_ws/build/fishbot_bringup -- -j4 -l4
[10.231s] DEBUG:colcon.colcon_core.event_handler.log_command:Invoking command in '/home/jerry/AutoSweeperSystem/AutoSweeperSystem_ws/build/fishbot_description': CMAKE_PREFIX_PATH=${CMAKE_PREFIX_PATH}:/home/jerry/AutoSweeperSystem/AutoSweeperSystem_ws/install/autosweeper_robot:/opt/ros/humble /usr/bin/cmake --build /home/jerry/AutoSweeperSystem/AutoSweeperSystem_ws/build/fishbot_description -- -j4 -l4
[10.798s] DEBUG:colcon.colcon_core.event_handler.log_command:Invoked command in '/home/jerry/AutoSweeperSystem/AutoSweeperSystem_ws/build/fishbot_description' returned '0': CMAKE_PREFIX_PATH=${CMAKE_PREFIX_PATH}:/home/jerry/AutoSweeperSystem/AutoSweeperSystem_ws/install/autosweeper_robot:/opt/ros/humble /usr/bin/cmake --build /home/jerry/AutoSweeperSystem/AutoSweeperSystem_ws/build/fishbot_description -- -j4 -l4
[10.893s] DEBUG:colcon.colcon_core.event_handler.log_command:Invoking command in '/home/jerry/AutoSweeperSystem/AutoSweeperSystem_ws/build/fishbot_description': CMAKE_PREFIX_PATH=${CMAKE_PREFIX_PATH}:/home/jerry/AutoSweeperSystem/AutoSweeperSystem_ws/install/autosweeper_robot:/opt/ros/humble /usr/bin/cmake --install /home/jerry/AutoSweeperSystem/AutoSweeperSystem_ws/build/fishbot_description
[11.059s] Level 1:colcon.colcon_core.environment:create_environment_scripts_only(fishbot_description)
[11.075s] DEBUG:colcon.colcon_core.event_handler.log_command:Invoked command in '/home/jerry/AutoSweeperSystem/AutoSweeperSystem_ws/build/fishbot_description' returned '0': CMAKE_PREFIX_PATH=${CMAKE_PREFIX_PATH}:/home/jerry/AutoSweeperSystem/AutoSweeperSystem_ws/install/autosweeper_robot:/opt/ros/humble /usr/bin/cmake --install /home/jerry/AutoSweeperSystem/AutoSweeperSystem_ws/build/fishbot_description
[11.183s] Level 1:colcon.colcon_core.environment:checking '/home/jerry/AutoSweeperSystem/AutoSweeperSystem_ws/install/fishbot_description' for CMake module files
[11.197s] Level 1:colcon.colcon_core.environment:checking '/home/jerry/AutoSweeperSystem/AutoSweeperSystem_ws/install/fishbot_description' for CMake config files
[11.198s] Level 1:colcon.colcon_core.shell:create_environment_hook('fishbot_description', 'cmake_prefix_path')
[11.200s] INFO:colcon.colcon_core.shell:Creating environment hook '/home/jerry/AutoSweeperSystem/AutoSweeperSystem_ws/install/fishbot_description/share/fishbot_description/hook/cmake_prefix_path.ps1'
[11.209s] INFO:colcon.colcon_core.shell:Creating environment descriptor '/home/jerry/AutoSweeperSystem/AutoSweeperSystem_ws/install/fishbot_description/share/fishbot_description/hook/cmake_prefix_path.dsv'
[11.212s] INFO:colcon.colcon_core.shell:Creating environment hook '/home/jerry/AutoSweeperSystem/AutoSweeperSystem_ws/install/fishbot_description/share/fishbot_description/hook/cmake_prefix_path.sh'
[11.234s] Level 1:colcon.colcon_core.environment:checking '/home/jerry/AutoSweeperSystem/AutoSweeperSystem_ws/install/fishbot_description/bin'
[11.234s] Level 1:colcon.colcon_core.environment:checking '/home/jerry/AutoSweeperSystem/AutoSweeperSystem_ws/install/fishbot_description/lib/pkgconfig/fishbot_description.pc'
[11.236s] Level 1:colcon.colcon_core.environment:checking '/home/jerry/AutoSweeperSystem/AutoSweeperSystem_ws/install/fishbot_description/lib/python3.10/site-packages'
[11.239s] Level 1:colcon.colcon_core.environment:checking '/home/jerry/AutoSweeperSystem/AutoSweeperSystem_ws/install/fishbot_description/bin'
[11.240s] INFO:colcon.colcon_core.shell:Creating package script '/home/jerry/AutoSweeperSystem/AutoSweeperSystem_ws/install/fishbot_description/share/fishbot_description/package.ps1'
[11.251s] INFO:colcon.colcon_core.shell:Creating package descriptor '/home/jerry/AutoSweeperSystem/AutoSweeperSystem_ws/install/fishbot_description/share/fishbot_description/package.dsv'
[11.289s] INFO:colcon.colcon_core.shell:Creating package script '/home/jerry/AutoSweeperSystem/AutoSweeperSystem_ws/install/fishbot_description/share/fishbot_description/package.sh'
[11.307s] INFO:colcon.colcon_core.shell:Creating package script '/home/jerry/AutoSweeperSystem/AutoSweeperSystem_ws/install/fishbot_description/share/fishbot_description/package.bash'
[11.325s] INFO:colcon.colcon_core.shell:Creating package script '/home/jerry/AutoSweeperSystem/AutoSweeperSystem_ws/install/fishbot_description/share/fishbot_description/package.zsh'
[11.341s] Level 1:colcon.colcon_core.environment:create_file_with_runtime_dependencies(/home/jerry/AutoSweeperSystem/AutoSweeperSystem_ws/install/fishbot_description/share/colcon-core/packages/fishbot_description)
[11.350s] Level 1:colcon.colcon_core.environment:create_environment_scripts_only(fishbot_description)
[11.351s] Level 1:colcon.colcon_core.environment:checking '/home/jerry/AutoSweeperSystem/AutoSweeperSystem_ws/install/fishbot_description' for CMake module files
[11.355s] Level 1:colcon.colcon_core.environment:checking '/home/jerry/AutoSweeperSystem/AutoSweeperSystem_ws/install/fishbot_description' for CMake config files
[11.356s] Level 1:colcon.colcon_core.shell:create_environment_hook('fishbot_description', 'cmake_prefix_path')
[11.357s] INFO:colcon.colcon_core.shell:Creating environment hook '/home/jerry/AutoSweeperSystem/AutoSweeperSystem_ws/install/fishbot_description/share/fishbot_description/hook/cmake_prefix_path.ps1'
[11.383s] INFO:colcon.colcon_core.shell:Creating environment descriptor '/home/jerry/AutoSweeperSystem/AutoSweeperSystem_ws/install/fishbot_description/share/fishbot_description/hook/cmake_prefix_path.dsv'
[11.400s] INFO:colcon.colcon_core.shell:Creating environment hook '/home/jerry/AutoSweeperSystem/AutoSweeperSystem_ws/install/fishbot_description/share/fishbot_description/hook/cmake_prefix_path.sh'
[11.429s] Level 1:colcon.colcon_core.environment:checking '/home/jerry/AutoSweeperSystem/AutoSweeperSystem_ws/install/fishbot_description/bin'
[11.533s] Level 1:colcon.colcon_core.environment:checking '/home/jerry/AutoSweeperSystem/AutoSweeperSystem_ws/install/fishbot_description/lib/pkgconfig/fishbot_description.pc'
[11.537s] Level 1:colcon.colcon_core.environment:checking '/home/jerry/AutoSweeperSystem/AutoSweeperSystem_ws/install/fishbot_description/lib/python3.10/site-packages'
[11.543s] Level 1:colcon.colcon_core.environment:checking '/home/jerry/AutoSweeperSystem/AutoSweeperSystem_ws/install/fishbot_description/bin'
[11.545s] INFO:colcon.colcon_core.shell:Creating package script '/home/jerry/AutoSweeperSystem/AutoSweeperSystem_ws/install/fishbot_description/share/fishbot_description/package.ps1'
[11.553s] INFO:colcon.colcon_core.shell:Creating package descriptor '/home/jerry/AutoSweeperSystem/AutoSweeperSystem_ws/install/fishbot_description/share/fishbot_description/package.dsv'
[11.556s] INFO:colcon.colcon_core.shell:Creating package script '/home/jerry/AutoSweeperSystem/AutoSweeperSystem_ws/install/fishbot_description/share/fishbot_description/package.sh'
[11.560s] INFO:colcon.colcon_core.shell:Creating package script '/home/jerry/AutoSweeperSystem/AutoSweeperSystem_ws/install/fishbot_description/share/fishbot_description/package.bash'
[11.564s] INFO:colcon.colcon_core.shell:Creating package script '/home/jerry/AutoSweeperSystem/AutoSweeperSystem_ws/install/fishbot_description/share/fishbot_description/package.zsh'
[11.568s] Level 1:colcon.colcon_core.environment:create_file_with_runtime_dependencies(/home/jerry/AutoSweeperSystem/AutoSweeperSystem_ws/install/fishbot_description/share/colcon-core/packages/fishbot_description)
[11.574s] INFO:colcon.colcon_ros.task.ament_cmake.build:Building ROS package in '/home/jerry/AutoSweeperSystem/AutoSweeperSystem_ws/src/fishbot_navigation2' with build type 'ament_cmake'
[11.587s] INFO:colcon.colcon_cmake.task.cmake.build:Building CMake package in '/home/jerry/AutoSweeperSystem/AutoSweeperSystem_ws/src/fishbot_navigation2'
[11.589s] INFO:colcon.colcon_core.shell:Skip shell extension 'powershell' for command environment: Not usable outside of PowerShell
[11.589s] DEBUG:colcon.colcon_core.shell:Skip shell extension 'dsv' for command environment
[11.678s] DEBUG:colcon.colcon_core.event_handler.log_command:Invoked command in '/home/jerry/AutoSweeperSystem/AutoSweeperSystem_ws/build/fishbot_bringup' returned '0': CMAKE_PREFIX_PATH=${CMAKE_PREFIX_PATH}:/home/jerry/AutoSweeperSystem/AutoSweeperSystem_ws/install/autosweeper_robot:/opt/ros/humble /usr/bin/cmake --build /home/jerry/AutoSweeperSystem/AutoSweeperSystem_ws/build/fishbot_bringup -- -j4 -l4
[11.722s] DEBUG:colcon.colcon_core.event_handler.log_command:Invoking command in '/home/jerry/AutoSweeperSystem/AutoSweeperSystem_ws/build/fishbot_bringup': CMAKE_PREFIX_PATH=${CMAKE_PREFIX_PATH}:/home/jerry/AutoSweeperSystem/AutoSweeperSystem_ws/install/autosweeper_robot:/opt/ros/humble /usr/bin/cmake --install /home/jerry/AutoSweeperSystem/AutoSweeperSystem_ws/build/fishbot_bringup
[11.827s] DEBUG:colcon.colcon_core.event_handler.log_command:Invoking command in '/home/jerry/AutoSweeperSystem/AutoSweeperSystem_ws/build/fishbot_navigation2': CMAKE_PREFIX_PATH=${CMAKE_PREFIX_PATH}:/home/jerry/AutoSweeperSystem/AutoSweeperSystem_ws/install/autosweeper_robot:/opt/ros/humble /usr/bin/cmake --build /home/jerry/AutoSweeperSystem/AutoSweeperSystem_ws/build/fishbot_navigation2 -- -j4 -l4
[11.947s] Level 1:colcon.colcon_core.environment:create_environment_scripts_only(fishbot_bringup)
[11.948s] DEBUG:colcon.colcon_core.event_handler.log_command:Invoked command in '/home/jerry/AutoSweeperSystem/AutoSweeperSystem_ws/build/fishbot_bringup' returned '0': CMAKE_PREFIX_PATH=${CMAKE_PREFIX_PATH}:/home/jerry/AutoSweeperSystem/AutoSweeperSystem_ws/install/autosweeper_robot:/opt/ros/humble /usr/bin/cmake --install /home/jerry/AutoSweeperSystem/AutoSweeperSystem_ws/build/fishbot_bringup
[11.953s] Level 1:colcon.colcon_core.environment:checking '/home/jerry/AutoSweeperSystem/AutoSweeperSystem_ws/install/fishbot_bringup' for CMake module files
[11.966s] Level 1:colcon.colcon_core.environment:checking '/home/jerry/AutoSweeperSystem/AutoSweeperSystem_ws/install/fishbot_bringup' for CMake config files
[11.974s] Level 1:colcon.colcon_core.shell:create_environment_hook('fishbot_bringup', 'cmake_prefix_path')
[11.976s] INFO:colcon.colcon_core.shell:Creating environment hook '/home/jerry/AutoSweeperSystem/AutoSweeperSystem_ws/install/fishbot_bringup/share/fishbot_bringup/hook/cmake_prefix_path.ps1'
[11.988s] INFO:colcon.colcon_core.shell:Creating environment descriptor '/home/jerry/AutoSweeperSystem/AutoSweeperSystem_ws/install/fishbot_bringup/share/fishbot_bringup/hook/cmake_prefix_path.dsv'
[12.009s] INFO:colcon.colcon_core.shell:Creating environment hook '/home/jerry/AutoSweeperSystem/AutoSweeperSystem_ws/install/fishbot_bringup/share/fishbot_bringup/hook/cmake_prefix_path.sh'
[12.029s] Level 1:colcon.colcon_core.environment:checking '/home/jerry/AutoSweeperSystem/AutoSweeperSystem_ws/install/fishbot_bringup/lib'
[12.037s] Level 1:colcon.colcon_core.environment:checking '/home/jerry/AutoSweeperSystem/AutoSweeperSystem_ws/install/fishbot_bringup/bin'
[12.041s] Level 1:colcon.colcon_core.environment:checking '/home/jerry/AutoSweeperSystem/AutoSweeperSystem_ws/install/fishbot_bringup/lib/pkgconfig/fishbot_bringup.pc'
[12.044s] Level 1:colcon.colcon_core.environment:checking '/home/jerry/AutoSweeperSystem/AutoSweeperSystem_ws/install/fishbot_bringup/lib/python3.10/site-packages'
[12.057s] Level 1:colcon.colcon_core.environment:checking '/home/jerry/AutoSweeperSystem/AutoSweeperSystem_ws/install/fishbot_bringup/bin'
[12.064s] INFO:colcon.colcon_core.shell:Creating package script '/home/jerry/AutoSweeperSystem/AutoSweeperSystem_ws/install/fishbot_bringup/share/fishbot_bringup/package.ps1'
[12.073s] INFO:colcon.colcon_core.shell:Creating package descriptor '/home/jerry/AutoSweeperSystem/AutoSweeperSystem_ws/install/fishbot_bringup/share/fishbot_bringup/package.dsv'
[12.078s] INFO:colcon.colcon_core.shell:Creating package script '/home/jerry/AutoSweeperSystem/AutoSweeperSystem_ws/install/fishbot_bringup/share/fishbot_bringup/package.sh'
[12.088s] INFO:colcon.colcon_core.shell:Creating package script '/home/jerry/AutoSweeperSystem/AutoSweeperSystem_ws/install/fishbot_bringup/share/fishbot_bringup/package.bash'
[12.097s] INFO:colcon.colcon_core.shell:Creating package script '/home/jerry/AutoSweeperSystem/AutoSweeperSystem_ws/install/fishbot_bringup/share/fishbot_bringup/package.zsh'
[12.105s] Level 1:colcon.colcon_core.environment:create_file_with_runtime_dependencies(/home/jerry/AutoSweeperSystem/AutoSweeperSystem_ws/install/fishbot_bringup/share/colcon-core/packages/fishbot_bringup)
[12.119s] Level 1:colcon.colcon_core.environment:create_environment_scripts_only(fishbot_bringup)
[12.121s] Level 1:colcon.colcon_core.environment:checking '/home/jerry/AutoSweeperSystem/AutoSweeperSystem_ws/install/fishbot_bringup' for CMake module files
[12.136s] Level 1:colcon.colcon_core.environment:checking '/home/jerry/AutoSweeperSystem/AutoSweeperSystem_ws/install/fishbot_bringup' for CMake config files
[12.146s] Level 1:colcon.colcon_core.shell:create_environment_hook('fishbot_bringup', 'cmake_prefix_path')
[12.148s] INFO:colcon.colcon_core.shell:Creating environment hook '/home/jerry/AutoSweeperSystem/AutoSweeperSystem_ws/install/fishbot_bringup/share/fishbot_bringup/hook/cmake_prefix_path.ps1'
[12.164s] INFO:colcon.colcon_core.shell:Creating environment descriptor '/home/jerry/AutoSweeperSystem/AutoSweeperSystem_ws/install/fishbot_bringup/share/fishbot_bringup/hook/cmake_prefix_path.dsv'
[12.168s] INFO:colcon.colcon_core.shell:Creating environment hook '/home/jerry/AutoSweeperSystem/AutoSweeperSystem_ws/install/fishbot_bringup/share/fishbot_bringup/hook/cmake_prefix_path.sh'
[12.176s] Level 1:colcon.colcon_core.environment:checking '/home/jerry/AutoSweeperSystem/AutoSweeperSystem_ws/install/fishbot_bringup/lib'
[12.188s] Level 1:colcon.colcon_core.environment:checking '/home/jerry/AutoSweeperSystem/AutoSweeperSystem_ws/install/fishbot_bringup/bin'
[12.189s] Level 1:colcon.colcon_core.environment:checking '/home/jerry/AutoSweeperSystem/AutoSweeperSystem_ws/install/fishbot_bringup/lib/pkgconfig/fishbot_bringup.pc'
[12.191s] Level 1:colcon.colcon_core.environment:checking '/home/jerry/AutoSweeperSystem/AutoSweeperSystem_ws/install/fishbot_bringup/lib/python3.10/site-packages'
[12.194s] Level 1:colcon.colcon_core.environment:checking '/home/jerry/AutoSweeperSystem/AutoSweeperSystem_ws/install/fishbot_bringup/bin'
[12.196s] INFO:colcon.colcon_core.shell:Creating package script '/home/jerry/AutoSweeperSystem/AutoSweeperSystem_ws/install/fishbot_bringup/share/fishbot_bringup/package.ps1'
[12.201s] INFO:colcon.colcon_core.shell:Creating package descriptor '/home/jerry/AutoSweeperSystem/AutoSweeperSystem_ws/install/fishbot_bringup/share/fishbot_bringup/package.dsv'
[12.210s] INFO:colcon.colcon_core.shell:Creating package script '/home/jerry/AutoSweeperSystem/AutoSweeperSystem_ws/install/fishbot_bringup/share/fishbot_bringup/package.sh'
[12.218s] INFO:colcon.colcon_core.shell:Creating package script '/home/jerry/AutoSweeperSystem/AutoSweeperSystem_ws/install/fishbot_bringup/share/fishbot_bringup/package.bash'
[12.229s] INFO:colcon.colcon_core.shell:Creating package script '/home/jerry/AutoSweeperSystem/AutoSweeperSystem_ws/install/fishbot_bringup/share/fishbot_bringup/package.zsh'
[12.236s] Level 1:colcon.colcon_core.environment:create_file_with_runtime_dependencies(/home/jerry/AutoSweeperSystem/AutoSweeperSystem_ws/install/fishbot_bringup/share/colcon-core/packages/fishbot_bringup)
[12.243s] INFO:colcon.colcon_ros.task.ament_cmake.build:Building ROS package in '/home/jerry/AutoSweeperSystem/AutoSweeperSystem_ws/src/m1ct_d2' with build type 'ament_cmake'
[12.246s] INFO:colcon.colcon_cmake.task.cmake.build:Building CMake package in '/home/jerry/AutoSweeperSystem/AutoSweeperSystem_ws/src/m1ct_d2'
[12.260s] INFO:colcon.colcon_core.shell:Skip shell extension 'powershell' for command environment: Not usable outside of PowerShell
[12.261s] DEBUG:colcon.colcon_core.shell:Skip shell extension 'dsv' for command environment
[12.441s] DEBUG:colcon.colcon_core.event_handler.log_command:Invoking command in '/home/jerry/AutoSweeperSystem/AutoSweeperSystem_ws/build/m1ct_d2': CMAKE_PREFIX_PATH=${CMAKE_PREFIX_PATH}:/home/jerry/AutoSweeperSystem/AutoSweeperSystem_ws/install/autosweeper_robot:/opt/ros/humble /usr/bin/cmake --build /home/jerry/AutoSweeperSystem/AutoSweeperSystem_ws/build/m1ct_d2 -- -j4 -l4
[12.530s] DEBUG:colcon.colcon_core.event_handler.log_command:Invoked command in '/home/jerry/AutoSweeperSystem/AutoSweeperSystem_ws/build/fishbot_navigation2' returned '0': CMAKE_PREFIX_PATH=${CMAKE_PREFIX_PATH}:/home/jerry/AutoSweeperSystem/AutoSweeperSystem_ws/install/autosweeper_robot:/opt/ros/humble /usr/bin/cmake --build /home/jerry/AutoSweeperSystem/AutoSweeperSystem_ws/build/fishbot_navigation2 -- -j4 -l4
[12.549s] DEBUG:colcon.colcon_core.event_handler.log_command:Invoking command in '/home/jerry/AutoSweeperSystem/AutoSweeperSystem_ws/build/fishbot_navigation2': CMAKE_PREFIX_PATH=${CMAKE_PREFIX_PATH}:/home/jerry/AutoSweeperSystem/AutoSweeperSystem_ws/install/autosweeper_robot:/opt/ros/humble /usr/bin/cmake --install /home/jerry/AutoSweeperSystem/AutoSweeperSystem_ws/build/fishbot_navigation2
[12.759s] Level 1:colcon.colcon_core.environment:create_environment_scripts_only(fishbot_navigation2)
[12.761s] Level 1:colcon.colcon_core.environment:checking '/home/jerry/AutoSweeperSystem/AutoSweeperSystem_ws/install/fishbot_navigation2' for CMake module files
[12.769s] Level 1:colcon.colcon_core.environment:checking '/home/jerry/AutoSweeperSystem/AutoSweeperSystem_ws/install/fishbot_navigation2' for CMake config files
[12.771s] Level 1:colcon.colcon_core.shell:create_environment_hook('fishbot_navigation2', 'cmake_prefix_path')
[12.772s] INFO:colcon.colcon_core.shell:Creating environment hook '/home/jerry/AutoSweeperSystem/AutoSweeperSystem_ws/install/fishbot_navigation2/share/fishbot_navigation2/hook/cmake_prefix_path.ps1'
[12.782s] DEBUG:colcon.colcon_core.event_handler.log_command:Invoked command in '/home/jerry/AutoSweeperSystem/AutoSweeperSystem_ws/build/fishbot_navigation2' returned '0': CMAKE_PREFIX_PATH=${CMAKE_PREFIX_PATH}:/home/jerry/AutoSweeperSystem/AutoSweeperSystem_ws/install/autosweeper_robot:/opt/ros/humble /usr/bin/cmake --install /home/jerry/AutoSweeperSystem/AutoSweeperSystem_ws/build/fishbot_navigation2
[12.787s] INFO:colcon.colcon_core.shell:Creating environment descriptor '/home/jerry/AutoSweeperSystem/AutoSweeperSystem_ws/install/fishbot_navigation2/share/fishbot_navigation2/hook/cmake_prefix_path.dsv'
[12.790s] INFO:colcon.colcon_core.shell:Creating environment hook '/home/jerry/AutoSweeperSystem/AutoSweeperSystem_ws/install/fishbot_navigation2/share/fishbot_navigation2/hook/cmake_prefix_path.sh'
[12.799s] Level 1:colcon.colcon_core.environment:checking '/home/jerry/AutoSweeperSystem/AutoSweeperSystem_ws/install/fishbot_navigation2/bin'
[12.801s] Level 1:colcon.colcon_core.environment:checking '/home/jerry/AutoSweeperSystem/AutoSweeperSystem_ws/install/fishbot_navigation2/lib/pkgconfig/fishbot_navigation2.pc'
[12.805s] Level 1:colcon.colcon_core.environment:checking '/home/jerry/AutoSweeperSystem/AutoSweeperSystem_ws/install/fishbot_navigation2/lib/python3.10/site-packages'
[12.811s] Level 1:colcon.colcon_core.environment:checking '/home/jerry/AutoSweeperSystem/AutoSweeperSystem_ws/install/fishbot_navigation2/bin'
[12.818s] INFO:colcon.colcon_core.shell:Creating package script '/home/jerry/AutoSweeperSystem/AutoSweeperSystem_ws/install/fishbot_navigation2/share/fishbot_navigation2/package.ps1'
[12.826s] INFO:colcon.colcon_core.shell:Creating package descriptor '/home/jerry/AutoSweeperSystem/AutoSweeperSystem_ws/install/fishbot_navigation2/share/fishbot_navigation2/package.dsv'
[12.829s] INFO:colcon.colcon_core.shell:Creating package script '/home/jerry/AutoSweeperSystem/AutoSweeperSystem_ws/install/fishbot_navigation2/share/fishbot_navigation2/package.sh'
[12.832s] INFO:colcon.colcon_core.shell:Creating package script '/home/jerry/AutoSweeperSystem/AutoSweeperSystem_ws/install/fishbot_navigation2/share/fishbot_navigation2/package.bash'
[12.836s] INFO:colcon.colcon_core.shell:Creating package script '/home/jerry/AutoSweeperSystem/AutoSweeperSystem_ws/install/fishbot_navigation2/share/fishbot_navigation2/package.zsh'
[12.841s] Level 1:colcon.colcon_core.environment:create_file_with_runtime_dependencies(/home/jerry/AutoSweeperSystem/AutoSweeperSystem_ws/install/fishbot_navigation2/share/colcon-core/packages/fishbot_navigation2)
[12.847s] Level 1:colcon.colcon_core.environment:create_environment_scripts_only(fishbot_navigation2)
[12.849s] Level 1:colcon.colcon_core.environment:checking '/home/jerry/AutoSweeperSystem/AutoSweeperSystem_ws/install/fishbot_navigation2' for CMake module files
[12.861s] Level 1:colcon.colcon_core.environment:checking '/home/jerry/AutoSweeperSystem/AutoSweeperSystem_ws/install/fishbot_navigation2' for CMake config files
[12.885s] Level 1:colcon.colcon_core.shell:create_environment_hook('fishbot_navigation2', 'cmake_prefix_path')
[12.886s] INFO:colcon.colcon_core.shell:Creating environment hook '/home/jerry/AutoSweeperSystem/AutoSweeperSystem_ws/install/fishbot_navigation2/share/fishbot_navigation2/hook/cmake_prefix_path.ps1'
[12.900s] INFO:colcon.colcon_core.shell:Creating environment descriptor '/home/jerry/AutoSweeperSystem/AutoSweeperSystem_ws/install/fishbot_navigation2/share/fishbot_navigation2/hook/cmake_prefix_path.dsv'
[12.905s] INFO:colcon.colcon_core.shell:Creating environment hook '/home/jerry/AutoSweeperSystem/AutoSweeperSystem_ws/install/fishbot_navigation2/share/fishbot_navigation2/hook/cmake_prefix_path.sh'
[12.926s] Level 1:colcon.colcon_core.environment:checking '/home/jerry/AutoSweeperSystem/AutoSweeperSystem_ws/install/fishbot_navigation2/bin'
[12.927s] Level 1:colcon.colcon_core.environment:checking '/home/jerry/AutoSweeperSystem/AutoSweeperSystem_ws/install/fishbot_navigation2/lib/pkgconfig/fishbot_navigation2.pc'
[12.929s] Level 1:colcon.colcon_core.environment:checking '/home/jerry/AutoSweeperSystem/AutoSweeperSystem_ws/install/fishbot_navigation2/lib/python3.10/site-packages'
[12.945s] Level 1:colcon.colcon_core.environment:checking '/home/jerry/AutoSweeperSystem/AutoSweeperSystem_ws/install/fishbot_navigation2/bin'
[12.960s] INFO:colcon.colcon_core.shell:Creating package script '/home/jerry/AutoSweeperSystem/AutoSweeperSystem_ws/install/fishbot_navigation2/share/fishbot_navigation2/package.ps1'
[12.969s] INFO:colcon.colcon_core.shell:Creating package descriptor '/home/jerry/AutoSweeperSystem/AutoSweeperSystem_ws/install/fishbot_navigation2/share/fishbot_navigation2/package.dsv'
[12.976s] INFO:colcon.colcon_core.shell:Creating package script '/home/jerry/AutoSweeperSystem/AutoSweeperSystem_ws/install/fishbot_navigation2/share/fishbot_navigation2/package.sh'
[12.992s] INFO:colcon.colcon_core.shell:Creating package script '/home/jerry/AutoSweeperSystem/AutoSweeperSystem_ws/install/fishbot_navigation2/share/fishbot_navigation2/package.bash'
[13.023s] INFO:colcon.colcon_core.shell:Creating package script '/home/jerry/AutoSweeperSystem/AutoSweeperSystem_ws/install/fishbot_navigation2/share/fishbot_navigation2/package.zsh'
[13.033s] Level 1:colcon.colcon_core.environment:create_file_with_runtime_dependencies(/home/jerry/AutoSweeperSystem/AutoSweeperSystem_ws/install/fishbot_navigation2/share/colcon-core/packages/fishbot_navigation2)
[13.641s] DEBUG:colcon.colcon_core.event_handler.log_command:Invoked command in '/home/jerry/AutoSweeperSystem/AutoSweeperSystem_ws/build/m1ct_d2' returned '0': CMAKE_PREFIX_PATH=${CMAKE_PREFIX_PATH}:/home/jerry/AutoSweeperSystem/AutoSweeperSystem_ws/install/autosweeper_robot:/opt/ros/humble /usr/bin/cmake --build /home/jerry/AutoSweeperSystem/AutoSweeperSystem_ws/build/m1ct_d2 -- -j4 -l4
[13.790s] DEBUG:colcon.colcon_core.event_handler.log_command:Invoking command in '/home/jerry/AutoSweeperSystem/AutoSweeperSystem_ws/build/m1ct_d2': CMAKE_PREFIX_PATH=${CMAKE_PREFIX_PATH}:/home/jerry/AutoSweeperSystem/AutoSweeperSystem_ws/install/autosweeper_robot:/opt/ros/humble /usr/bin/cmake --install /home/jerry/AutoSweeperSystem/AutoSweeperSystem_ws/build/m1ct_d2
[14.087s] Level 1:colcon.colcon_core.environment:create_environment_scripts_only(m1ct_d2)
[14.089s] Level 1:colcon.colcon_core.environment:checking '/home/jerry/AutoSweeperSystem/AutoSweeperSystem_ws/install/m1ct_d2' for CMake module files
[14.112s] DEBUG:colcon.colcon_core.event_handler.log_command:Invoked command in '/home/jerry/AutoSweeperSystem/AutoSweeperSystem_ws/build/m1ct_d2' returned '0': CMAKE_PREFIX_PATH=${CMAKE_PREFIX_PATH}:/home/jerry/AutoSweeperSystem/AutoSweeperSystem_ws/install/autosweeper_robot:/opt/ros/humble /usr/bin/cmake --install /home/jerry/AutoSweeperSystem/AutoSweeperSystem_ws/build/m1ct_d2
[14.113s] Level 1:colcon.colcon_core.environment:checking '/home/jerry/AutoSweeperSystem/AutoSweeperSystem_ws/install/m1ct_d2' for CMake config files
[14.116s] Level 1:colcon.colcon_core.shell:create_environment_hook('m1ct_d2', 'cmake_prefix_path')
[14.118s] INFO:colcon.colcon_core.shell:Creating environment hook '/home/jerry/AutoSweeperSystem/AutoSweeperSystem_ws/install/m1ct_d2/share/m1ct_d2/hook/cmake_prefix_path.ps1'
[14.123s] INFO:colcon.colcon_core.shell:Creating environment descriptor '/home/jerry/AutoSweeperSystem/AutoSweeperSystem_ws/install/m1ct_d2/share/m1ct_d2/hook/cmake_prefix_path.dsv'
[14.127s] INFO:colcon.colcon_core.shell:Creating environment hook '/home/jerry/AutoSweeperSystem/AutoSweeperSystem_ws/install/m1ct_d2/share/m1ct_d2/hook/cmake_prefix_path.sh'
[14.132s] Level 1:colcon.colcon_core.environment:checking '/home/jerry/AutoSweeperSystem/AutoSweeperSystem_ws/install/m1ct_d2/lib'
[14.134s] Level 1:colcon.colcon_core.environment:checking '/home/jerry/AutoSweeperSystem/AutoSweeperSystem_ws/install/m1ct_d2/bin'
[14.134s] Level 1:colcon.colcon_core.environment:checking '/home/jerry/AutoSweeperSystem/AutoSweeperSystem_ws/install/m1ct_d2/lib/pkgconfig/m1ct_d2.pc'
[14.140s] Level 1:colcon.colcon_core.environment:checking '/home/jerry/AutoSweeperSystem/AutoSweeperSystem_ws/install/m1ct_d2/lib/python3.10/site-packages'
[14.149s] Level 1:colcon.colcon_core.environment:checking '/home/jerry/AutoSweeperSystem/AutoSweeperSystem_ws/install/m1ct_d2/bin'
[14.154s] INFO:colcon.colcon_core.shell:Creating package script '/home/jerry/AutoSweeperSystem/AutoSweeperSystem_ws/install/m1ct_d2/share/m1ct_d2/package.ps1'
[14.159s] INFO:colcon.colcon_core.shell:Creating package descriptor '/home/jerry/AutoSweeperSystem/AutoSweeperSystem_ws/install/m1ct_d2/share/m1ct_d2/package.dsv'
[14.164s] INFO:colcon.colcon_core.shell:Creating package script '/home/jerry/AutoSweeperSystem/AutoSweeperSystem_ws/install/m1ct_d2/share/m1ct_d2/package.sh'
[14.168s] INFO:colcon.colcon_core.shell:Creating package script '/home/jerry/AutoSweeperSystem/AutoSweeperSystem_ws/install/m1ct_d2/share/m1ct_d2/package.bash'
[14.171s] INFO:colcon.colcon_core.shell:Creating package script '/home/jerry/AutoSweeperSystem/AutoSweeperSystem_ws/install/m1ct_d2/share/m1ct_d2/package.zsh'
[14.175s] Level 1:colcon.colcon_core.environment:create_file_with_runtime_dependencies(/home/jerry/AutoSweeperSystem/AutoSweeperSystem_ws/install/m1ct_d2/share/colcon-core/packages/m1ct_d2)
[14.179s] Level 1:colcon.colcon_core.environment:create_environment_scripts_only(m1ct_d2)
[14.181s] Level 1:colcon.colcon_core.environment:checking '/home/jerry/AutoSweeperSystem/AutoSweeperSystem_ws/install/m1ct_d2' for CMake module files
[14.185s] Level 1:colcon.colcon_core.environment:checking '/home/jerry/AutoSweeperSystem/AutoSweeperSystem_ws/install/m1ct_d2' for CMake config files
[14.187s] Level 1:colcon.colcon_core.shell:create_environment_hook('m1ct_d2', 'cmake_prefix_path')
[14.188s] INFO:colcon.colcon_core.shell:Creating environment hook '/home/jerry/AutoSweeperSystem/AutoSweeperSystem_ws/install/m1ct_d2/share/m1ct_d2/hook/cmake_prefix_path.ps1'
[14.195s] INFO:colcon.colcon_core.shell:Creating environment descriptor '/home/jerry/AutoSweeperSystem/AutoSweeperSystem_ws/install/m1ct_d2/share/m1ct_d2/hook/cmake_prefix_path.dsv'
[14.199s] INFO:colcon.colcon_core.shell:Creating environment hook '/home/jerry/AutoSweeperSystem/AutoSweeperSystem_ws/install/m1ct_d2/share/m1ct_d2/hook/cmake_prefix_path.sh'
[14.204s] Level 1:colcon.colcon_core.environment:checking '/home/jerry/AutoSweeperSystem/AutoSweeperSystem_ws/install/m1ct_d2/lib'
[14.205s] Level 1:colcon.colcon_core.environment:checking '/home/jerry/AutoSweeperSystem/AutoSweeperSystem_ws/install/m1ct_d2/bin'
[14.206s] Level 1:colcon.colcon_core.environment:checking '/home/jerry/AutoSweeperSystem/AutoSweeperSystem_ws/install/m1ct_d2/lib/pkgconfig/m1ct_d2.pc'
[14.208s] Level 1:colcon.colcon_core.environment:checking '/home/jerry/AutoSweeperSystem/AutoSweeperSystem_ws/install/m1ct_d2/lib/python3.10/site-packages'
[14.212s] Level 1:colcon.colcon_core.environment:checking '/home/jerry/AutoSweeperSystem/AutoSweeperSystem_ws/install/m1ct_d2/bin'
[14.214s] INFO:colcon.colcon_core.shell:Creating package script '/home/jerry/AutoSweeperSystem/AutoSweeperSystem_ws/install/m1ct_d2/share/m1ct_d2/package.ps1'
[14.219s] INFO:colcon.colcon_core.shell:Creating package descriptor '/home/jerry/AutoSweeperSystem/AutoSweeperSystem_ws/install/m1ct_d2/share/m1ct_d2/package.dsv'
[14.223s] INFO:colcon.colcon_core.shell:Creating package script '/home/jerry/AutoSweeperSystem/AutoSweeperSystem_ws/install/m1ct_d2/share/m1ct_d2/package.sh'
[14.227s] INFO:colcon.colcon_core.shell:Creating package script '/home/jerry/AutoSweeperSystem/AutoSweeperSystem_ws/install/m1ct_d2/share/m1ct_d2/package.bash'
[14.231s] INFO:colcon.colcon_core.shell:Creating package script '/home/jerry/AutoSweeperSystem/AutoSweeperSystem_ws/install/m1ct_d2/share/m1ct_d2/package.zsh'
[14.235s] Level 1:colcon.colcon_core.environment:create_file_with_runtime_dependencies(/home/jerry/AutoSweeperSystem/AutoSweeperSystem_ws/install/m1ct_d2/share/colcon-core/packages/m1ct_d2)
[16.753s] DEBUG:colcon.colcon_core.event_handler.log_command:Invoked command in '/home/jerry/AutoSweeperSystem/AutoSweeperSystem_ws/build/micro_ros_msgs' returned '0': CMAKE_PREFIX_PATH=${CMAKE_PREFIX_PATH}:/home/jerry/AutoSweeperSystem/AutoSweeperSystem_ws/install/autosweeper_robot:/opt/ros/humble /usr/bin/cmake --build /home/jerry/AutoSweeperSystem/AutoSweeperSystem_ws/build/micro_ros_msgs -- -j4 -l4
[16.772s] DEBUG:colcon.colcon_core.event_handler.log_command:Invoking command in '/home/jerry/AutoSweeperSystem/AutoSweeperSystem_ws/build/micro_ros_msgs': CMAKE_PREFIX_PATH=${CMAKE_PREFIX_PATH}:/home/jerry/AutoSweeperSystem/AutoSweeperSystem_ws/install/autosweeper_robot:/opt/ros/humble /usr/bin/cmake --install /home/jerry/AutoSweeperSystem/AutoSweeperSystem_ws/build/micro_ros_msgs
[17.154s] DEBUG:colcon.colcon_core.event_handler.log_command:Invoking command in '/home/jerry/AutoSweeperSystem/AutoSweeperSystem_ws/src/autosweeper_robot': PYTHONPATH=/home/jerry/AutoSweeperSystem/AutoSweeperSystem_ws/build/autosweeper_robot/prefix_override:/usr/lib/python3/dist-packages/colcon_core/task/python/colcon_distutils_commands:/home/jerry/AutoSweeperSystem/AutoSweeperSystem_ws/install/autosweeper_robot/lib/python3.10/site-packages:${PYTHONPATH} /usr/bin/python3 -W ignore:setup.py install is deprecated -W ignore:easy_install command is deprecated setup.py egg_info --egg-base ../../build/autosweeper_robot build --build-base /home/jerry/AutoSweeperSystem/AutoSweeperSystem_ws/build/autosweeper_robot/build install --record /home/jerry/AutoSweeperSystem/AutoSweeperSystem_ws/build/autosweeper_robot/install.log --single-version-externally-managed install_data
[18.004s] Level 1:colcon.colcon_core.environment:create_environment_scripts_only(micro_ros_msgs)
[18.006s] Level 1:colcon.colcon_core.environment:checking '/home/jerry/AutoSweeperSystem/AutoSweeperSystem_ws/install/micro_ros_msgs' for CMake module files
[18.024s] Level 1:colcon.colcon_core.environment:checking '/home/jerry/AutoSweeperSystem/AutoSweeperSystem_ws/install/micro_ros_msgs' for CMake config files
[18.039s] DEBUG:colcon.colcon_core.event_handler.log_command:Invoked command in '/home/jerry/AutoSweeperSystem/AutoSweeperSystem_ws/build/micro_ros_msgs' returned '0': CMAKE_PREFIX_PATH=${CMAKE_PREFIX_PATH}:/home/jerry/AutoSweeperSystem/AutoSweeperSystem_ws/install/autosweeper_robot:/opt/ros/humble /usr/bin/cmake --install /home/jerry/AutoSweeperSystem/AutoSweeperSystem_ws/build/micro_ros_msgs
[18.046s] Level 1:colcon.colcon_core.shell:create_environment_hook('micro_ros_msgs', 'cmake_prefix_path')
[18.048s] INFO:colcon.colcon_core.shell:Creating environment hook '/home/jerry/AutoSweeperSystem/AutoSweeperSystem_ws/install/micro_ros_msgs/share/micro_ros_msgs/hook/cmake_prefix_path.ps1'
[18.071s] INFO:colcon.colcon_core.shell:Creating environment descriptor '/home/jerry/AutoSweeperSystem/AutoSweeperSystem_ws/install/micro_ros_msgs/share/micro_ros_msgs/hook/cmake_prefix_path.dsv'
[18.081s] INFO:colcon.colcon_core.shell:Creating environment hook '/home/jerry/AutoSweeperSystem/AutoSweeperSystem_ws/install/micro_ros_msgs/share/micro_ros_msgs/hook/cmake_prefix_path.sh'
[18.088s] Level 1:colcon.colcon_core.environment:checking '/home/jerry/AutoSweeperSystem/AutoSweeperSystem_ws/install/micro_ros_msgs/lib'
[18.090s] Level 1:colcon.colcon_core.shell:create_environment_hook('micro_ros_msgs', 'ld_library_path_lib')
[18.095s] INFO:colcon.colcon_core.shell:Creating environment hook '/home/jerry/AutoSweeperSystem/AutoSweeperSystem_ws/install/micro_ros_msgs/share/micro_ros_msgs/hook/ld_library_path_lib.ps1'
[18.099s] INFO:colcon.colcon_core.shell:Creating environment descriptor '/home/jerry/AutoSweeperSystem/AutoSweeperSystem_ws/install/micro_ros_msgs/share/micro_ros_msgs/hook/ld_library_path_lib.dsv'
[18.104s] INFO:colcon.colcon_core.shell:Creating environment hook '/home/jerry/AutoSweeperSystem/AutoSweeperSystem_ws/install/micro_ros_msgs/share/micro_ros_msgs/hook/ld_library_path_lib.sh'
[18.110s] Level 1:colcon.colcon_core.environment:checking '/home/jerry/AutoSweeperSystem/AutoSweeperSystem_ws/install/micro_ros_msgs/bin'
[18.111s] Level 1:colcon.colcon_core.environment:checking '/home/jerry/AutoSweeperSystem/AutoSweeperSystem_ws/install/micro_ros_msgs/lib/pkgconfig/micro_ros_msgs.pc'
[18.113s] Level 1:colcon.colcon_core.environment:checking '/home/jerry/AutoSweeperSystem/AutoSweeperSystem_ws/install/micro_ros_msgs/lib/python3.10/site-packages'
[18.120s] Level 1:colcon.colcon_core.environment:checking '/home/jerry/AutoSweeperSystem/AutoSweeperSystem_ws/install/micro_ros_msgs/bin'
[18.122s] INFO:colcon.colcon_core.shell:Creating package script '/home/jerry/AutoSweeperSystem/AutoSweeperSystem_ws/install/micro_ros_msgs/share/micro_ros_msgs/package.ps1'
[18.131s] INFO:colcon.colcon_core.shell:Creating package descriptor '/home/jerry/AutoSweeperSystem/AutoSweeperSystem_ws/install/micro_ros_msgs/share/micro_ros_msgs/package.dsv'
[18.144s] INFO:colcon.colcon_core.shell:Creating package script '/home/jerry/AutoSweeperSystem/AutoSweeperSystem_ws/install/micro_ros_msgs/share/micro_ros_msgs/package.sh'
[18.153s] INFO:colcon.colcon_core.shell:Creating package script '/home/jerry/AutoSweeperSystem/AutoSweeperSystem_ws/install/micro_ros_msgs/share/micro_ros_msgs/package.bash'
[18.157s] INFO:colcon.colcon_core.shell:Creating package script '/home/jerry/AutoSweeperSystem/AutoSweeperSystem_ws/install/micro_ros_msgs/share/micro_ros_msgs/package.zsh'
[18.162s] Level 1:colcon.colcon_core.environment:create_file_with_runtime_dependencies(/home/jerry/AutoSweeperSystem/AutoSweeperSystem_ws/install/micro_ros_msgs/share/colcon-core/packages/micro_ros_msgs)
[18.168s] Level 1:colcon.colcon_core.environment:create_environment_scripts_only(micro_ros_msgs)
[18.170s] Level 1:colcon.colcon_core.environment:checking '/home/jerry/AutoSweeperSystem/AutoSweeperSystem_ws/install/micro_ros_msgs' for CMake module files
[18.178s] Level 1:colcon.colcon_core.environment:checking '/home/jerry/AutoSweeperSystem/AutoSweeperSystem_ws/install/micro_ros_msgs' for CMake config files
[18.185s] Level 1:colcon.colcon_core.shell:create_environment_hook('micro_ros_msgs', 'cmake_prefix_path')
[18.186s] INFO:colcon.colcon_core.shell:Creating environment hook '/home/jerry/AutoSweeperSystem/AutoSweeperSystem_ws/install/micro_ros_msgs/share/micro_ros_msgs/hook/cmake_prefix_path.ps1'
[18.194s] INFO:colcon.colcon_core.shell:Creating environment descriptor '/home/jerry/AutoSweeperSystem/AutoSweeperSystem_ws/install/micro_ros_msgs/share/micro_ros_msgs/hook/cmake_prefix_path.dsv'
[18.198s] INFO:colcon.colcon_core.shell:Creating environment hook '/home/jerry/AutoSweeperSystem/AutoSweeperSystem_ws/install/micro_ros_msgs/share/micro_ros_msgs/hook/cmake_prefix_path.sh'
[18.202s] Level 1:colcon.colcon_core.environment:checking '/home/jerry/AutoSweeperSystem/AutoSweeperSystem_ws/install/micro_ros_msgs/lib'
[18.202s] Level 1:colcon.colcon_core.shell:create_environment_hook('micro_ros_msgs', 'ld_library_path_lib')
[18.204s] INFO:colcon.colcon_core.shell:Creating environment hook '/home/jerry/AutoSweeperSystem/AutoSweeperSystem_ws/install/micro_ros_msgs/share/micro_ros_msgs/hook/ld_library_path_lib.ps1'
[18.208s] INFO:colcon.colcon_core.shell:Creating environment descriptor '/home/jerry/AutoSweeperSystem/AutoSweeperSystem_ws/install/micro_ros_msgs/share/micro_ros_msgs/hook/ld_library_path_lib.dsv'
[18.211s] INFO:colcon.colcon_core.shell:Creating environment hook '/home/jerry/AutoSweeperSystem/AutoSweeperSystem_ws/install/micro_ros_msgs/share/micro_ros_msgs/hook/ld_library_path_lib.sh'
[18.218s] Level 1:colcon.colcon_core.environment:checking '/home/jerry/AutoSweeperSystem/AutoSweeperSystem_ws/install/micro_ros_msgs/bin'
[18.219s] Level 1:colcon.colcon_core.environment:checking '/home/jerry/AutoSweeperSystem/AutoSweeperSystem_ws/install/micro_ros_msgs/lib/pkgconfig/micro_ros_msgs.pc'
[18.221s] Level 1:colcon.colcon_core.environment:checking '/home/jerry/AutoSweeperSystem/AutoSweeperSystem_ws/install/micro_ros_msgs/lib/python3.10/site-packages'
[18.223s] Level 1:colcon.colcon_core.environment:checking '/home/jerry/AutoSweeperSystem/AutoSweeperSystem_ws/install/micro_ros_msgs/bin'
[18.227s] INFO:colcon.colcon_core.shell:Creating package script '/home/jerry/AutoSweeperSystem/AutoSweeperSystem_ws/install/micro_ros_msgs/share/micro_ros_msgs/package.ps1'
[18.230s] INFO:colcon.colcon_core.shell:Creating package descriptor '/home/jerry/AutoSweeperSystem/AutoSweeperSystem_ws/install/micro_ros_msgs/share/micro_ros_msgs/package.dsv'
[18.237s] INFO:colcon.colcon_core.shell:Creating package script '/home/jerry/AutoSweeperSystem/AutoSweeperSystem_ws/install/micro_ros_msgs/share/micro_ros_msgs/package.sh'
[18.243s] INFO:colcon.colcon_core.shell:Creating package script '/home/jerry/AutoSweeperSystem/AutoSweeperSystem_ws/install/micro_ros_msgs/share/micro_ros_msgs/package.bash'
[18.247s] INFO:colcon.colcon_core.shell:Creating package script '/home/jerry/AutoSweeperSystem/AutoSweeperSystem_ws/install/micro_ros_msgs/share/micro_ros_msgs/package.zsh'
[18.251s] Level 1:colcon.colcon_core.environment:create_file_with_runtime_dependencies(/home/jerry/AutoSweeperSystem/AutoSweeperSystem_ws/install/micro_ros_msgs/share/colcon-core/packages/micro_ros_msgs)
[18.254s] INFO:colcon.colcon_ros.task.ament_cmake.build:Building ROS package in '/home/jerry/AutoSweeperSystem/AutoSweeperSystem_ws/src/micro-ROS-Agent/micro_ros_agent' with build type 'ament_cmake'
[18.255s] INFO:colcon.colcon_cmake.task.cmake.build:Building CMake package in '/home/jerry/AutoSweeperSystem/AutoSweeperSystem_ws/src/micro-ROS-Agent/micro_ros_agent'
[18.259s] INFO:colcon.colcon_core.shell:Skip shell extension 'powershell' for command environment: Not usable outside of PowerShell
[18.260s] DEBUG:colcon.colcon_core.shell:Skip shell extension 'dsv' for command environment
[18.459s] DEBUG:colcon.colcon_core.event_handler.log_command:Invoking command in '/home/jerry/AutoSweeperSystem/AutoSweeperSystem_ws/build/micro_ros_agent': CMAKE_PREFIX_PATH=/home/jerry/AutoSweeperSystem/AutoSweeperSystem_ws/install/micro_ros_msgs:/home/jerry/AutoSweeperSystem/AutoSweeperSystem_ws/install/micro_ros_agent:/home/jerry/AutoSweeperSystem/AutoSweeperSystem_ws/install/m1ct_d2:/home/jerry/AutoSweeperSystem/AutoSweeperSystem_ws/install/fishbot_navigation2:/home/jerry/AutoSweeperSystem/AutoSweeperSystem_ws/install/fishbot_interfaces:/home/jerry/AutoSweeperSystem/AutoSweeperSystem_ws/install/fishbot_description:/home/jerry/AutoSweeperSystem/AutoSweeperSystem_ws/install/fishbot_cartographer:/home/jerry/AutoSweeperSystem/AutoSweeperSystem_ws/install/fishbot_bringup:/home/jerry/AutoSweeperSystem/AutoSweeperSystem_ws/install/autosweeper_robot:/opt/ros/humble LD_LIBRARY_PATH=/home/jerry/AutoSweeperSystem/AutoSweeperSystem_ws/install/micro_ros_msgs/lib:/home/jerry/AutoSweeperSystem/AutoSweeperSystem_ws/install/micro_ros_agent/lib:/home/jerry/AutoSweeperSystem/AutoSweeperSystem_ws/install/fishbot_interfaces/lib:/opt/ros/humble/opt/rviz_ogre_vendor/lib:/opt/ros/humble/lib/aarch64-linux-gnu:/opt/ros/humble/lib /usr/bin/cmake --build /home/jerry/AutoSweeperSystem/AutoSweeperSystem_ws/build/micro_ros_agent -- -j4 -l4
[19.750s] DEBUG:colcon.colcon_core.event_handler.log_command:Invoked command in '/home/jerry/AutoSweeperSystem/AutoSweeperSystem_ws/build/micro_ros_agent' returned '0': CMAKE_PREFIX_PATH=/home/jerry/AutoSweeperSystem/AutoSweeperSystem_ws/install/micro_ros_msgs:/home/jerry/AutoSweeperSystem/AutoSweeperSystem_ws/install/micro_ros_agent:/home/jerry/AutoSweeperSystem/AutoSweeperSystem_ws/install/m1ct_d2:/home/jerry/AutoSweeperSystem/AutoSweeperSystem_ws/install/fishbot_navigation2:/home/jerry/AutoSweeperSystem/AutoSweeperSystem_ws/install/fishbot_interfaces:/home/jerry/AutoSweeperSystem/AutoSweeperSystem_ws/install/fishbot_description:/home/jerry/AutoSweeperSystem/AutoSweeperSystem_ws/install/fishbot_cartographer:/home/jerry/AutoSweeperSystem/AutoSweeperSystem_ws/install/fishbot_bringup:/home/jerry/AutoSweeperSystem/AutoSweeperSystem_ws/install/autosweeper_robot:/opt/ros/humble LD_LIBRARY_PATH=/home/jerry/AutoSweeperSystem/AutoSweeperSystem_ws/install/micro_ros_msgs/lib:/home/jerry/AutoSweeperSystem/AutoSweeperSystem_ws/install/micro_ros_agent/lib:/home/jerry/AutoSweeperSystem/AutoSweeperSystem_ws/install/fishbot_interfaces/lib:/opt/ros/humble/opt/rviz_ogre_vendor/lib:/opt/ros/humble/lib/aarch64-linux-gnu:/opt/ros/humble/lib /usr/bin/cmake --build /home/jerry/AutoSweeperSystem/AutoSweeperSystem_ws/build/micro_ros_agent -- -j4 -l4
[19.766s] DEBUG:colcon.colcon_core.event_handler.log_command:Invoking command in '/home/jerry/AutoSweeperSystem/AutoSweeperSystem_ws/build/micro_ros_agent': CMAKE_PREFIX_PATH=/home/jerry/AutoSweeperSystem/AutoSweeperSystem_ws/install/micro_ros_msgs:/home/jerry/AutoSweeperSystem/AutoSweeperSystem_ws/install/micro_ros_agent:/home/jerry/AutoSweeperSystem/AutoSweeperSystem_ws/install/m1ct_d2:/home/jerry/AutoSweeperSystem/AutoSweeperSystem_ws/install/fishbot_navigation2:/home/jerry/AutoSweeperSystem/AutoSweeperSystem_ws/install/fishbot_interfaces:/home/jerry/AutoSweeperSystem/AutoSweeperSystem_ws/install/fishbot_description:/home/jerry/AutoSweeperSystem/AutoSweeperSystem_ws/install/fishbot_cartographer:/home/jerry/AutoSweeperSystem/AutoSweeperSystem_ws/install/fishbot_bringup:/home/jerry/AutoSweeperSystem/AutoSweeperSystem_ws/install/autosweeper_robot:/opt/ros/humble LD_LIBRARY_PATH=/home/jerry/AutoSweeperSystem/AutoSweeperSystem_ws/install/micro_ros_msgs/lib:/home/jerry/AutoSweeperSystem/AutoSweeperSystem_ws/install/micro_ros_agent/lib:/home/jerry/AutoSweeperSystem/AutoSweeperSystem_ws/install/fishbot_interfaces/lib:/opt/ros/humble/opt/rviz_ogre_vendor/lib:/opt/ros/humble/lib/aarch64-linux-gnu:/opt/ros/humble/lib /usr/bin/cmake --install /home/jerry/AutoSweeperSystem/AutoSweeperSystem_ws/build/micro_ros_agent
[19.972s] Level 1:colcon.colcon_core.environment:create_environment_scripts_only(micro_ros_agent)
[19.975s] Level 1:colcon.colcon_core.environment:checking '/home/jerry/AutoSweeperSystem/AutoSweeperSystem_ws/install/micro_ros_agent' for CMake module files
[20.024s] Level 1:colcon.colcon_core.environment:checking '/home/jerry/AutoSweeperSystem/AutoSweeperSystem_ws/install/micro_ros_agent' for CMake config files
[20.059s] Level 1:colcon.colcon_core.shell:create_environment_hook('micro_ros_agent', 'cmake_prefix_path')
[20.067s] INFO:colcon.colcon_core.shell:Creating environment hook '/home/jerry/AutoSweeperSystem/AutoSweeperSystem_ws/install/micro_ros_agent/share/micro_ros_agent/hook/cmake_prefix_path.ps1'
[20.075s] DEBUG:colcon.colcon_core.event_handler.log_command:Invoked command in '/home/jerry/AutoSweeperSystem/AutoSweeperSystem_ws/build/micro_ros_agent' returned '0': CMAKE_PREFIX_PATH=/home/jerry/AutoSweeperSystem/AutoSweeperSystem_ws/install/micro_ros_msgs:/home/jerry/AutoSweeperSystem/AutoSweeperSystem_ws/install/micro_ros_agent:/home/jerry/AutoSweeperSystem/AutoSweeperSystem_ws/install/m1ct_d2:/home/jerry/AutoSweeperSystem/AutoSweeperSystem_ws/install/fishbot_navigation2:/home/jerry/AutoSweeperSystem/AutoSweeperSystem_ws/install/fishbot_interfaces:/home/jerry/AutoSweeperSystem/AutoSweeperSystem_ws/install/fishbot_description:/home/jerry/AutoSweeperSystem/AutoSweeperSystem_ws/install/fishbot_cartographer:/home/jerry/AutoSweeperSystem/AutoSweeperSystem_ws/install/fishbot_bringup:/home/jerry/AutoSweeperSystem/AutoSweeperSystem_ws/install/autosweeper_robot:/opt/ros/humble LD_LIBRARY_PATH=/home/jerry/AutoSweeperSystem/AutoSweeperSystem_ws/install/micro_ros_msgs/lib:/home/jerry/AutoSweeperSystem/AutoSweeperSystem_ws/install/micro_ros_agent/lib:/home/jerry/AutoSweeperSystem/AutoSweeperSystem_ws/install/fishbot_interfaces/lib:/opt/ros/humble/opt/rviz_ogre_vendor/lib:/opt/ros/humble/lib/aarch64-linux-gnu:/opt/ros/humble/lib /usr/bin/cmake --install /home/jerry/AutoSweeperSystem/AutoSweeperSystem_ws/build/micro_ros_agent
[20.078s] INFO:colcon.colcon_core.shell:Creating environment descriptor '/home/jerry/AutoSweeperSystem/AutoSweeperSystem_ws/install/micro_ros_agent/share/micro_ros_agent/hook/cmake_prefix_path.dsv'
[20.080s] INFO:colcon.colcon_core.shell:Creating environment hook '/home/jerry/AutoSweeperSystem/AutoSweeperSystem_ws/install/micro_ros_agent/share/micro_ros_agent/hook/cmake_prefix_path.sh'
[20.085s] Level 1:colcon.colcon_core.environment:checking '/home/jerry/AutoSweeperSystem/AutoSweeperSystem_ws/install/micro_ros_agent/lib'
[20.097s] Level 1:colcon.colcon_core.shell:create_environment_hook('micro_ros_agent', 'ld_library_path_lib')
[20.101s] INFO:colcon.colcon_core.shell:Creating environment hook '/home/jerry/AutoSweeperSystem/AutoSweeperSystem_ws/install/micro_ros_agent/share/micro_ros_agent/hook/ld_library_path_lib.ps1'
[20.107s] INFO:colcon.colcon_core.shell:Creating environment descriptor '/home/jerry/AutoSweeperSystem/AutoSweeperSystem_ws/install/micro_ros_agent/share/micro_ros_agent/hook/ld_library_path_lib.dsv'
[20.117s] INFO:colcon.colcon_core.shell:Creating environment hook '/home/jerry/AutoSweeperSystem/AutoSweeperSystem_ws/install/micro_ros_agent/share/micro_ros_agent/hook/ld_library_path_lib.sh'
[20.121s] Level 1:colcon.colcon_core.environment:checking '/home/jerry/AutoSweeperSystem/AutoSweeperSystem_ws/install/micro_ros_agent/bin'
[20.123s] Level 1:colcon.colcon_core.environment:checking '/home/jerry/AutoSweeperSystem/AutoSweeperSystem_ws/install/micro_ros_agent/lib/pkgconfig/micro_ros_agent.pc'
[20.124s] Level 1:colcon.colcon_core.environment:checking '/home/jerry/AutoSweeperSystem/AutoSweeperSystem_ws/install/micro_ros_agent/lib/python3.10/site-packages'
[20.127s] Level 1:colcon.colcon_core.environment:checking '/home/jerry/AutoSweeperSystem/AutoSweeperSystem_ws/install/micro_ros_agent/bin'
[20.131s] INFO:colcon.colcon_core.shell:Creating package script '/home/jerry/AutoSweeperSystem/AutoSweeperSystem_ws/install/micro_ros_agent/share/micro_ros_agent/package.ps1'
[20.141s] INFO:colcon.colcon_core.shell:Creating package descriptor '/home/jerry/AutoSweeperSystem/AutoSweeperSystem_ws/install/micro_ros_agent/share/micro_ros_agent/package.dsv'
[20.146s] INFO:colcon.colcon_core.shell:Creating package script '/home/jerry/AutoSweeperSystem/AutoSweeperSystem_ws/install/micro_ros_agent/share/micro_ros_agent/package.sh'
[20.150s] INFO:colcon.colcon_core.shell:Creating package script '/home/jerry/AutoSweeperSystem/AutoSweeperSystem_ws/install/micro_ros_agent/share/micro_ros_agent/package.bash'
[20.152s] INFO:colcon.colcon_core.shell:Creating package script '/home/jerry/AutoSweeperSystem/AutoSweeperSystem_ws/install/micro_ros_agent/share/micro_ros_agent/package.zsh'
[20.164s] Level 1:colcon.colcon_core.environment:create_file_with_runtime_dependencies(/home/jerry/AutoSweeperSystem/AutoSweeperSystem_ws/install/micro_ros_agent/share/colcon-core/packages/micro_ros_agent)
[20.170s] Level 1:colcon.colcon_core.environment:create_environment_scripts_only(micro_ros_agent)
[20.171s] Level 1:colcon.colcon_core.environment:checking '/home/jerry/AutoSweeperSystem/AutoSweeperSystem_ws/install/micro_ros_agent' for CMake module files
[20.175s] Level 1:colcon.colcon_core.environment:checking '/home/jerry/AutoSweeperSystem/AutoSweeperSystem_ws/install/micro_ros_agent' for CMake config files
[20.177s] Level 1:colcon.colcon_core.shell:create_environment_hook('micro_ros_agent', 'cmake_prefix_path')
[20.179s] INFO:colcon.colcon_core.shell:Creating environment hook '/home/jerry/AutoSweeperSystem/AutoSweeperSystem_ws/install/micro_ros_agent/share/micro_ros_agent/hook/cmake_prefix_path.ps1'
[20.182s] INFO:colcon.colcon_core.shell:Creating environment descriptor '/home/jerry/AutoSweeperSystem/AutoSweeperSystem_ws/install/micro_ros_agent/share/micro_ros_agent/hook/cmake_prefix_path.dsv'
[20.185s] INFO:colcon.colcon_core.shell:Creating environment hook '/home/jerry/AutoSweeperSystem/AutoSweeperSystem_ws/install/micro_ros_agent/share/micro_ros_agent/hook/cmake_prefix_path.sh'
[20.190s] Level 1:colcon.colcon_core.environment:checking '/home/jerry/AutoSweeperSystem/AutoSweeperSystem_ws/install/micro_ros_agent/lib'
[20.191s] Level 1:colcon.colcon_core.shell:create_environment_hook('micro_ros_agent', 'ld_library_path_lib')
[20.193s] INFO:colcon.colcon_core.shell:Creating environment hook '/home/jerry/AutoSweeperSystem/AutoSweeperSystem_ws/install/micro_ros_agent/share/micro_ros_agent/hook/ld_library_path_lib.ps1'
[20.199s] INFO:colcon.colcon_core.shell:Creating environment descriptor '/home/jerry/AutoSweeperSystem/AutoSweeperSystem_ws/install/micro_ros_agent/share/micro_ros_agent/hook/ld_library_path_lib.dsv'
[20.203s] INFO:colcon.colcon_core.shell:Creating environment hook '/home/jerry/AutoSweeperSystem/AutoSweeperSystem_ws/install/micro_ros_agent/share/micro_ros_agent/hook/ld_library_path_lib.sh'
[20.207s] Level 1:colcon.colcon_core.environment:checking '/home/jerry/AutoSweeperSystem/AutoSweeperSystem_ws/install/micro_ros_agent/bin'
[20.208s] Level 1:colcon.colcon_core.environment:checking '/home/jerry/AutoSweeperSystem/AutoSweeperSystem_ws/install/micro_ros_agent/lib/pkgconfig/micro_ros_agent.pc'
[20.210s] Level 1:colcon.colcon_core.environment:checking '/home/jerry/AutoSweeperSystem/AutoSweeperSystem_ws/install/micro_ros_agent/lib/python3.10/site-packages'
[20.212s] Level 1:colcon.colcon_core.environment:checking '/home/jerry/AutoSweeperSystem/AutoSweeperSystem_ws/install/micro_ros_agent/bin'
[20.217s] INFO:colcon.colcon_core.shell:Creating package script '/home/jerry/AutoSweeperSystem/AutoSweeperSystem_ws/install/micro_ros_agent/share/micro_ros_agent/package.ps1'
[20.225s] INFO:colcon.colcon_core.shell:Creating package descriptor '/home/jerry/AutoSweeperSystem/AutoSweeperSystem_ws/install/micro_ros_agent/share/micro_ros_agent/package.dsv'
[20.228s] INFO:colcon.colcon_core.shell:Creating package script '/home/jerry/AutoSweeperSystem/AutoSweeperSystem_ws/install/micro_ros_agent/share/micro_ros_agent/package.sh'
[20.232s] INFO:colcon.colcon_core.shell:Creating package script '/home/jerry/AutoSweeperSystem/AutoSweeperSystem_ws/install/micro_ros_agent/share/micro_ros_agent/package.bash'
[20.236s] INFO:colcon.colcon_core.shell:Creating package script '/home/jerry/AutoSweeperSystem/AutoSweeperSystem_ws/install/micro_ros_agent/share/micro_ros_agent/package.zsh'
[20.242s] Level 1:colcon.colcon_core.environment:create_file_with_runtime_dependencies(/home/jerry/AutoSweeperSystem/AutoSweeperSystem_ws/install/micro_ros_agent/share/colcon-core/packages/micro_ros_agent)
[20.251s] Level 1:colcon.colcon_core.environment:checking '/home/jerry/AutoSweeperSystem/AutoSweeperSystem_ws/install/autosweeper_robot' for CMake module files
[20.255s] Level 1:colcon.colcon_core.environment:checking '/home/jerry/AutoSweeperSystem/AutoSweeperSystem_ws/install/autosweeper_robot' for CMake config files
[20.262s] DEBUG:colcon.colcon_core.event_handler.log_command:Invoked command in '/home/jerry/AutoSweeperSystem/AutoSweeperSystem_ws/src/autosweeper_robot' returned '0': PYTHONPATH=/home/jerry/AutoSweeperSystem/AutoSweeperSystem_ws/build/autosweeper_robot/prefix_override:/usr/lib/python3/dist-packages/colcon_core/task/python/colcon_distutils_commands:/home/jerry/AutoSweeperSystem/AutoSweeperSystem_ws/install/autosweeper_robot/lib/python3.10/site-packages:${PYTHONPATH} /usr/bin/python3 -W ignore:setup.py install is deprecated -W ignore:easy_install command is deprecated setup.py egg_info --egg-base ../../build/autosweeper_robot build --build-base /home/jerry/AutoSweeperSystem/AutoSweeperSystem_ws/build/autosweeper_robot/build install --record /home/jerry/AutoSweeperSystem/AutoSweeperSystem_ws/build/autosweeper_robot/install.log --single-version-externally-managed install_data
[20.272s] Level 1:colcon.colcon_core.environment:checking '/home/jerry/AutoSweeperSystem/AutoSweeperSystem_ws/install/autosweeper_robot/lib'
[20.273s] Level 1:colcon.colcon_core.environment:checking '/home/jerry/AutoSweeperSystem/AutoSweeperSystem_ws/install/autosweeper_robot/bin'
[20.275s] Level 1:colcon.colcon_core.environment:checking '/home/jerry/AutoSweeperSystem/AutoSweeperSystem_ws/install/autosweeper_robot/lib/pkgconfig/autosweeper_robot.pc'
[20.276s] Level 1:colcon.colcon_core.environment:checking '/home/jerry/AutoSweeperSystem/AutoSweeperSystem_ws/install/autosweeper_robot/lib/python3.10/site-packages'
[20.277s] Level 1:colcon.colcon_core.shell:create_environment_hook('autosweeper_robot', 'pythonpath')
[20.279s] INFO:colcon.colcon_core.shell:Creating environment hook '/home/jerry/AutoSweeperSystem/AutoSweeperSystem_ws/install/autosweeper_robot/share/autosweeper_robot/hook/pythonpath.ps1'
[20.284s] INFO:colcon.colcon_core.shell:Creating environment descriptor '/home/jerry/AutoSweeperSystem/AutoSweeperSystem_ws/install/autosweeper_robot/share/autosweeper_robot/hook/pythonpath.dsv'
[20.288s] INFO:colcon.colcon_core.shell:Creating environment hook '/home/jerry/AutoSweeperSystem/AutoSweeperSystem_ws/install/autosweeper_robot/share/autosweeper_robot/hook/pythonpath.sh'
[20.299s] Level 1:colcon.colcon_core.environment:checking '/home/jerry/AutoSweeperSystem/AutoSweeperSystem_ws/install/autosweeper_robot/bin'
[20.300s] Level 1:colcon.colcon_core.environment:create_environment_scripts_only(autosweeper_robot)
[20.302s] INFO:colcon.colcon_core.shell:Creating package script '/home/jerry/AutoSweeperSystem/AutoSweeperSystem_ws/install/autosweeper_robot/share/autosweeper_robot/package.ps1'
[20.305s] INFO:colcon.colcon_core.shell:Creating package descriptor '/home/jerry/AutoSweeperSystem/AutoSweeperSystem_ws/install/autosweeper_robot/share/autosweeper_robot/package.dsv'
[20.310s] INFO:colcon.colcon_core.shell:Creating package script '/home/jerry/AutoSweeperSystem/AutoSweeperSystem_ws/install/autosweeper_robot/share/autosweeper_robot/package.sh'
[20.317s] INFO:colcon.colcon_core.shell:Creating package script '/home/jerry/AutoSweeperSystem/AutoSweeperSystem_ws/install/autosweeper_robot/share/autosweeper_robot/package.bash'
[20.321s] INFO:colcon.colcon_core.shell:Creating package script '/home/jerry/AutoSweeperSystem/AutoSweeperSystem_ws/install/autosweeper_robot/share/autosweeper_robot/package.zsh'
[20.325s] Level 1:colcon.colcon_core.environment:create_file_with_runtime_dependencies(/home/jerry/AutoSweeperSystem/AutoSweeperSystem_ws/install/autosweeper_robot/share/colcon-core/packages/autosweeper_robot)
[20.328s] DEBUG:colcon.colcon_parallel_executor.executor.parallel:closing loop
[20.330s] DEBUG:colcon.colcon_parallel_executor.executor.parallel:loop closed
[20.331s] DEBUG:colcon.colcon_parallel_executor.executor.parallel:run_until_complete finished with '0'
[20.334s] DEBUG:colcon.colcon_core.event_reactor:joining thread
[20.414s] INFO:colcon.colcon_core.plugin_system:Skipping extension 'colcon_notification.desktop_notification.notify_send': Could not find 'notify-send'
[20.415s] INFO:colcon.colcon_core.plugin_system:Skipping extension 'colcon_notification.desktop_notification.terminal_notifier': Not used on non-Darwin systems
[20.417s] INFO:colcon.colcon_core.plugin_system:Skipping extension 'colcon_notification.desktop_notification.win32': Not used on non-Windows systems
[20.418s] INFO:colcon.colcon_notification.desktop_notification:Sending desktop notification using 'notify2'
[20.423s] DEBUG:colcon.colcon_notification.desktop_notification.notify2:Failed to initialize notify2: org.freedesktop.DBus.Error.ServiceUnknown: The name org.freedesktop.Notifications was not provided by any .service files
[20.424s] DEBUG:colcon.colcon_core.event_reactor:joined thread
[20.425s] INFO:colcon.colcon_core.shell:Creating prefix script '/home/jerry/AutoSweeperSystem/AutoSweeperSystem_ws/install/local_setup.ps1'
[20.434s] INFO:colcon.colcon_core.shell:Creating prefix util module '/home/jerry/AutoSweeperSystem/AutoSweeperSystem_ws/install/_local_setup_util_ps1.py'
[20.447s] INFO:colcon.colcon_core.shell:Creating prefix chain script '/home/jerry/AutoSweeperSystem/AutoSweeperSystem_ws/install/setup.ps1'
[20.459s] INFO:colcon.colcon_core.shell:Creating prefix script '/home/jerry/AutoSweeperSystem/AutoSweeperSystem_ws/install/local_setup.sh'
[20.473s] INFO:colcon.colcon_core.shell:Creating prefix util module '/home/jerry/AutoSweeperSystem/AutoSweeperSystem_ws/install/_local_setup_util_sh.py'
[20.476s] INFO:colcon.colcon_core.shell:Creating prefix chain script '/home/jerry/AutoSweeperSystem/AutoSweeperSystem_ws/install/setup.sh'
[20.490s] INFO:colcon.colcon_core.shell:Creating prefix script '/home/jerry/AutoSweeperSystem/AutoSweeperSystem_ws/install/local_setup.bash'
[20.497s] INFO:colcon.colcon_core.shell:Creating prefix chain script '/home/jerry/AutoSweeperSystem/AutoSweeperSystem_ws/install/setup.bash'
[20.511s] INFO:colcon.colcon_core.shell:Creating prefix script '/home/jerry/AutoSweeperSystem/AutoSweeperSystem_ws/install/local_setup.zsh'
[20.523s] INFO:colcon.colcon_core.shell:Creating prefix chain script '/home/jerry/AutoSweeperSystem/AutoSweeperSystem_ws/install/setup.zsh'
