[6.277s] Invoking command in '/home/jerry/AutoSweeperSystem/AutoSweeperSystem_ws/src/camera_publisher': PYTHONPATH=/home/jerry/AutoSweeperSystem/AutoSweeperSystem_ws/build/camera_publisher/prefix_override:/usr/lib/python3/dist-packages/colcon_core/task/python/colcon_distutils_commands:/home/jerry/AutoSweeperSystem/AutoSweeperSystem_ws/install/camera_publisher/lib/python3.10/site-packages:${PYTHONPATH} /usr/bin/python3 -W ignore:setup.py install is deprecated -W ignore:easy_install command is deprecated setup.py egg_info --egg-base ../../build/camera_publisher build --build-base /home/jerry/AutoSweeperSystem/AutoSweeperSystem_ws/build/camera_publisher/build install --record /home/jerry/AutoSweeperSystem/AutoSweeperSystem_ws/build/camera_publisher/install.log --single-version-externally-managed install_data
[7.693s] running egg_info
[7.697s] writing ../../build/camera_publisher/camera_publisher.egg-info/PKG-INFO
[7.700s] writing dependency_links to ../../build/camera_publisher/camera_publisher.egg-info/dependency_links.txt
[7.703s] writing entry points to ../../build/camera_publisher/camera_publisher.egg-info/entry_points.txt
[7.707s] writing requirements to ../../build/camera_publisher/camera_publisher.egg-info/requires.txt
[7.709s] writing top-level names to ../../build/camera_publisher/camera_publisher.egg-info/top_level.txt
[7.718s] reading manifest file '../../build/camera_publisher/camera_publisher.egg-info/SOURCES.txt'
[7.724s] writing manifest file '../../build/camera_publisher/camera_publisher.egg-info/SOURCES.txt'
[7.743s] running build
[7.743s] running build_py
[7.744s] copying camera_publisher/camera_publisher.py -> /home/jerry/AutoSweeperSystem/AutoSweeperSystem_ws/build/camera_publisher/build/lib/camera_publisher
[7.745s] running install
[7.748s] running install_lib
[7.752s] copying /home/jerry/AutoSweeperSystem/AutoSweeperSystem_ws/build/camera_publisher/build/lib/camera_publisher/camera_publisher.py -> /home/jerry/AutoSweeperSystem/AutoSweeperSystem_ws/install/camera_publisher/lib/python3.10/site-packages/camera_publisher
[7.753s] byte-compiling /home/jerry/AutoSweeperSystem/AutoSweeperSystem_ws/install/camera_publisher/lib/python3.10/site-packages/camera_publisher/camera_publisher.py to camera_publisher.cpython-310.pyc
[7.754s] Sorry: IndentationError: expected an indented block after 'if' statement on line 63 (camera_publisher.py, line 64)
[7.755s] running install_data
[7.763s] running install_egg_info
[7.766s] removing '/home/jerry/AutoSweeperSystem/AutoSweeperSystem_ws/install/camera_publisher/lib/python3.10/site-packages/camera_publisher-0.0.0-py3.10.egg-info' (and everything under it)
[7.768s] Copying ../../build/camera_publisher/camera_publisher.egg-info to /home/jerry/AutoSweeperSystem/AutoSweeperSystem_ws/install/camera_publisher/lib/python3.10/site-packages/camera_publisher-0.0.0-py3.10.egg-info
[7.773s] running install_scripts
[7.858s] Installing camera_publisher script to /home/jerry/AutoSweeperSystem/AutoSweeperSystem_ws/install/camera_publisher/lib/camera_publisher
[7.860s] writing list of installed files to '/home/jerry/AutoSweeperSystem/AutoSweeperSystem_ws/build/camera_publisher/install.log'
[7.986s] Invoked command in '/home/jerry/AutoSweeperSystem/AutoSweeperSystem_ws/src/camera_publisher' returned '0': PYTHONPATH=/home/jerry/AutoSweeperSystem/AutoSweeperSystem_ws/build/camera_publisher/prefix_override:/usr/lib/python3/dist-packages/colcon_core/task/python/colcon_distutils_commands:/home/jerry/AutoSweeperSystem/AutoSweeperSystem_ws/install/camera_publisher/lib/python3.10/site-packages:${PYTHONPATH} /usr/bin/python3 -W ignore:setup.py install is deprecated -W ignore:easy_install command is deprecated setup.py egg_info --egg-base ../../build/camera_publisher build --build-base /home/jerry/AutoSweeperSystem/AutoSweeperSystem_ws/build/camera_publisher/build install --record /home/jerry/AutoSweeperSystem/AutoSweeperSystem_ws/build/camera_publisher/install.log --single-version-externally-managed install_data
