[0.170s] Invoking command in '/home/jerry/AutoSweeperSystem/AutoSweeperSystem_ws/build/fishbot_navigation2': CMAKE_PREFIX_PATH=${CMAKE_PREFIX_PATH}:/home/jerry/AutoSweeperSystem/AutoSweeperSystem_ws/install/camera_publisher:/home/jerry/AutoSweeperSystem/AutoSweeperSystem_ws/install/autosweeper_robot:/opt/ros/humble /usr/bin/cmake --build /home/jerry/AutoSweeperSystem/AutoSweeperSystem_ws/build/fishbot_navigation2 -- -j4 -l4
[0.722s] Invoked command in '/home/jerry/AutoSweeperSystem/AutoSweeperSystem_ws/build/fishbot_navigation2' returned '0': CMAKE_PREFIX_PATH=${CMAKE_PREFIX_PATH}:/home/jerry/AutoSweeperSystem/AutoSweeperSystem_ws/install/camera_publisher:/home/jerry/AutoSweeperSystem/AutoSweeperSystem_ws/install/autosweeper_robot:/opt/ros/humble /usr/bin/cmake --build /home/jerry/AutoSweeperSystem/AutoSweeperSystem_ws/build/fishbot_navigation2 -- -j4 -l4
[0.734s] Invoking command in '/home/jerry/AutoSweeperSystem/AutoSweeperSystem_ws/build/fishbot_navigation2': CMAKE_PREFIX_PATH=${CMAKE_PREFIX_PATH}:/home/jerry/AutoSweeperSystem/AutoSweeperSystem_ws/install/camera_publisher:/home/jerry/AutoSweeperSystem/AutoSweeperSystem_ws/install/autosweeper_robot:/opt/ros/humble /usr/bin/cmake --install /home/jerry/AutoSweeperSystem/AutoSweeperSystem_ws/build/fishbot_navigation2
[0.861s] -- Install configuration: ""
[0.869s] -- Up-to-date: /home/jerry/AutoSweeperSystem/AutoSweeperSystem_ws/install/fishbot_navigation2/share/fishbot_navigation2/launch
[0.875s] -- Up-to-date: /home/jerry/AutoSweeperSystem/AutoSweeperSystem_ws/install/fishbot_navigation2/share/fishbot_navigation2/launch/navigation2.launch.py
[0.890s] -- Up-to-date: /home/jerry/AutoSweeperSystem/AutoSweeperSystem_ws/install/fishbot_navigation2/share/fishbot_navigation2/config
[0.893s] -- Up-to-date: /home/jerry/AutoSweeperSystem/AutoSweeperSystem_ws/install/fishbot_navigation2/share/fishbot_navigation2/config/nav2_params.yaml
[0.898s] -- Up-to-date: /home/jerry/AutoSweeperSystem/AutoSweeperSystem_ws/install/fishbot_navigation2/share/fishbot_navigation2/maps
[0.900s] -- Up-to-date: /home/jerry/AutoSweeperSystem/AutoSweeperSystem_ws/install/fishbot_navigation2/share/fishbot_navigation2/maps/room.pgm
[0.901s] -- Up-to-date: /home/jerry/AutoSweeperSystem/AutoSweeperSystem_ws/install/fishbot_navigation2/share/fishbot_navigation2/maps/room.yaml
[0.903s] -- Up-to-date: /home/jerry/AutoSweeperSystem/AutoSweeperSystem_ws/install/fishbot_navigation2/share/ament_index/resource_index/package_run_dependencies/fishbot_navigation2
[0.906s] -- Up-to-date: /home/jerry/AutoSweeperSystem/AutoSweeperSystem_ws/install/fishbot_navigation2/share/ament_index/resource_index/parent_prefix_path/fishbot_navigation2
[0.908s] -- Up-to-date: /home/jerry/AutoSweeperSystem/AutoSweeperSystem_ws/install/fishbot_navigation2/share/fishbot_navigation2/environment/ament_prefix_path.sh
[0.910s] -- Up-to-date: /home/jerry/AutoSweeperSystem/AutoSweeperSystem_ws/install/fishbot_navigation2/share/fishbot_navigation2/environment/ament_prefix_path.dsv
[0.914s] -- Up-to-date: /home/jerry/AutoSweeperSystem/AutoSweeperSystem_ws/install/fishbot_navigation2/share/fishbot_navigation2/environment/path.sh
[0.917s] -- Up-to-date: /home/jerry/AutoSweeperSystem/AutoSweeperSystem_ws/install/fishbot_navigation2/share/fishbot_navigation2/environment/path.dsv
[0.919s] -- Up-to-date: /home/jerry/AutoSweeperSystem/AutoSweeperSystem_ws/install/fishbot_navigation2/share/fishbot_navigation2/local_setup.bash
[0.920s] -- Up-to-date: /home/jerry/AutoSweeperSystem/AutoSweeperSystem_ws/install/fishbot_navigation2/share/fishbot_navigation2/local_setup.sh
[0.921s] -- Up-to-date: /home/jerry/AutoSweeperSystem/AutoSweeperSystem_ws/install/fishbot_navigation2/share/fishbot_navigation2/local_setup.zsh
[0.922s] -- Up-to-date: /home/jerry/AutoSweeperSystem/AutoSweeperSystem_ws/install/fishbot_navigation2/share/fishbot_navigation2/local_setup.dsv
[0.922s] -- Installing: /home/jerry/AutoSweeperSystem/AutoSweeperSystem_ws/install/fishbot_navigation2/share/fishbot_navigation2/package.dsv
[0.924s] -- Up-to-date: /home/jerry/AutoSweeperSystem/AutoSweeperSystem_ws/install/fishbot_navigation2/share/ament_index/resource_index/packages/fishbot_navigation2
[0.925s] -- Up-to-date: /home/jerry/AutoSweeperSystem/AutoSweeperSystem_ws/install/fishbot_navigation2/share/fishbot_navigation2/cmake/fishbot_navigation2Config.cmake
[0.925s] -- Up-to-date: /home/jerry/AutoSweeperSystem/AutoSweeperSystem_ws/install/fishbot_navigation2/share/fishbot_navigation2/cmake/fishbot_navigation2Config-version.cmake
[0.942s] -- Up-to-date: /home/jerry/AutoSweeperSystem/AutoSweeperSystem_ws/install/fishbot_navigation2/share/fishbot_navigation2/package.xml
[0.953s] Invoked command in '/home/jerry/AutoSweeperSystem/AutoSweeperSystem_ws/build/fishbot_navigation2' returned '0': CMAKE_PREFIX_PATH=${CMAKE_PREFIX_PATH}:/home/jerry/AutoSweeperSystem/AutoSweeperSystem_ws/install/camera_publisher:/home/jerry/AutoSweeperSystem/AutoSweeperSystem_ws/install/autosweeper_robot:/opt/ros/humble /usr/bin/cmake --install /home/jerry/AutoSweeperSystem/AutoSweeperSystem_ws/build/fishbot_navigation2
