[1.558s] Invoking command in '/home/jerry/AutoSweeperSystem/AutoSweeperSystem_ws/build/fishbot_cartographer': CMAKE_PREFIX_PATH=/opt/ros/humble /usr/bin/cmake /home/jerry/AutoSweeperSystem/AutoSweeperSystem_ws/src/fishbot_cartographer -DCMAKE_INSTALL_PREFIX=/home/jerry/AutoSweeperSystem/AutoSweeperSystem_ws/install/fishbot_cartographer
[1.991s] -- The C compiler identification is GNU 11.4.0
[2.430s] -- The CXX compiler identification is GNU 11.4.0
[2.519s] -- Detecting C compiler ABI info
[3.230s] -- Detecting C compiler ABI info - done
[3.276s] -- Check for working C compiler: /usr/bin/cc - skipped
[3.277s] -- Detecting C compile features
[3.279s] -- Detecting C compile features - done
[3.299s] -- Detecting CXX compiler ABI info
[3.853s] -- Detecting CXX compiler ABI info - done
[3.896s] -- Check for working CXX compiler: /usr/bin/c++ - skipped
[3.898s] -- Detecting CXX compile features
[3.902s] -- Detecting CXX compile features - done
[3.950s] -- Found ament_cmake: 1.3.13 (/opt/ros/humble/share/ament_cmake/cmake)
[5.462s] -- Found Python3: /usr/bin/python3 (found version "3.10.12") found components: Interpreter 
[8.009s] -- Found ament_lint_auto: 0.12.15 (/opt/ros/humble/share/ament_lint_auto/cmake)
[8.700s] -- Added test 'copyright' to check source files copyright and LICENSE
[8.738s] -- Added test 'flake8' to check Python code syntax and style conventions
[8.745s] -- Added test 'lint_cmake' to check CMake code style
[8.749s] -- Added test 'pep257' to check Python code against some of the docstring style conventions in PEP 257
[8.770s] -- Added test 'xmllint' to check XML markup files
[8.782s] -- Configuring done
[8.811s] -- Generating done
[8.828s] -- Build files have been written to: /home/jerry/AutoSweeperSystem/AutoSweeperSystem_ws/build/fishbot_cartographer
[8.847s] Invoked command in '/home/jerry/AutoSweeperSystem/AutoSweeperSystem_ws/build/fishbot_cartographer' returned '0': CMAKE_PREFIX_PATH=/opt/ros/humble /usr/bin/cmake /home/jerry/AutoSweeperSystem/AutoSweeperSystem_ws/src/fishbot_cartographer -DCMAKE_INSTALL_PREFIX=/home/jerry/AutoSweeperSystem/AutoSweeperSystem_ws/install/fishbot_cartographer
[8.858s] Invoking command in '/home/jerry/AutoSweeperSystem/AutoSweeperSystem_ws/build/fishbot_cartographer': CMAKE_PREFIX_PATH=/opt/ros/humble /usr/bin/cmake --build /home/jerry/AutoSweeperSystem/AutoSweeperSystem_ws/build/fishbot_cartographer -- -j4 -l4
[9.093s] Invoked command in '/home/jerry/AutoSweeperSystem/AutoSweeperSystem_ws/build/fishbot_cartographer' returned '0': CMAKE_PREFIX_PATH=/opt/ros/humble /usr/bin/cmake --build /home/jerry/AutoSweeperSystem/AutoSweeperSystem_ws/build/fishbot_cartographer -- -j4 -l4
[9.180s] Invoking command in '/home/jerry/AutoSweeperSystem/AutoSweeperSystem_ws/build/fishbot_cartographer': CMAKE_PREFIX_PATH=/opt/ros/humble /usr/bin/cmake --install /home/jerry/AutoSweeperSystem/AutoSweeperSystem_ws/build/fishbot_cartographer
[9.215s] -- Install configuration: ""
[9.217s] -- Installing: /home/jerry/AutoSweeperSystem/AutoSweeperSystem_ws/install/fishbot_cartographer/share/fishbot_cartographer/config
[9.222s] -- Installing: /home/jerry/AutoSweeperSystem/AutoSweeperSystem_ws/install/fishbot_cartographer/share/fishbot_cartographer/config/fishbot_laser_2d.lua
[9.231s] -- Installing: /home/jerry/AutoSweeperSystem/AutoSweeperSystem_ws/install/fishbot_cartographer/share/fishbot_cartographer/config/cartographer.rviz
[9.238s] -- Installing: /home/jerry/AutoSweeperSystem/AutoSweeperSystem_ws/install/fishbot_cartographer/share/fishbot_cartographer/config/fishbot_2d.lua
[9.247s] -- Installing: /home/jerry/AutoSweeperSystem/AutoSweeperSystem_ws/install/fishbot_cartographer/share/fishbot_cartographer/launch
[9.250s] -- Installing: /home/jerry/AutoSweeperSystem/AutoSweeperSystem_ws/install/fishbot_cartographer/share/fishbot_cartographer/launch/cartographer.launch.py
[9.259s] -- Installing: /home/jerry/AutoSweeperSystem/AutoSweeperSystem_ws/install/fishbot_cartographer/share/fishbot_cartographer/rviz
[9.262s] -- Installing: /home/jerry/AutoSweeperSystem/AutoSweeperSystem_ws/install/fishbot_cartographer/share/fishbot_cartographer/rviz/fishbot_cartographer.rviz
[9.285s] -- Installing: /home/jerry/AutoSweeperSystem/AutoSweeperSystem_ws/install/fishbot_cartographer/share/ament_index/resource_index/package_run_dependencies/fishbot_cartographer
[9.294s] -- Installing: /home/jerry/AutoSweeperSystem/AutoSweeperSystem_ws/install/fishbot_cartographer/share/ament_index/resource_index/parent_prefix_path/fishbot_cartographer
[9.300s] -- Installing: /home/jerry/AutoSweeperSystem/AutoSweeperSystem_ws/install/fishbot_cartographer/share/fishbot_cartographer/environment/ament_prefix_path.sh
[9.307s] -- Installing: /home/jerry/AutoSweeperSystem/AutoSweeperSystem_ws/install/fishbot_cartographer/share/fishbot_cartographer/environment/ament_prefix_path.dsv
[9.323s] -- Installing: /home/jerry/AutoSweeperSystem/AutoSweeperSystem_ws/install/fishbot_cartographer/share/fishbot_cartographer/environment/path.sh
[9.329s] -- Installing: /home/jerry/AutoSweeperSystem/AutoSweeperSystem_ws/install/fishbot_cartographer/share/fishbot_cartographer/environment/path.dsv
[9.334s] -- Installing: /home/jerry/AutoSweeperSystem/AutoSweeperSystem_ws/install/fishbot_cartographer/share/fishbot_cartographer/local_setup.bash
[9.340s] -- Installing: /home/jerry/AutoSweeperSystem/AutoSweeperSystem_ws/install/fishbot_cartographer/share/fishbot_cartographer/local_setup.sh
[9.346s] -- Installing: /home/jerry/AutoSweeperSystem/AutoSweeperSystem_ws/install/fishbot_cartographer/share/fishbot_cartographer/local_setup.zsh
[9.360s] -- Installing: /home/jerry/AutoSweeperSystem/AutoSweeperSystem_ws/install/fishbot_cartographer/share/fishbot_cartographer/local_setup.dsv
[9.367s] -- Installing: /home/jerry/AutoSweeperSystem/AutoSweeperSystem_ws/install/fishbot_cartographer/share/fishbot_cartographer/package.dsv
[9.373s] -- Installing: /home/jerry/AutoSweeperSystem/AutoSweeperSystem_ws/install/fishbot_cartographer/share/ament_index/resource_index/packages/fishbot_cartographer
[9.382s] -- Installing: /home/jerry/AutoSweeperSystem/AutoSweeperSystem_ws/install/fishbot_cartographer/share/fishbot_cartographer/cmake/fishbot_cartographerConfig.cmake
[9.398s] -- Installing: /home/jerry/AutoSweeperSystem/AutoSweeperSystem_ws/install/fishbot_cartographer/share/fishbot_cartographer/cmake/fishbot_cartographerConfig-version.cmake
[9.404s] -- Installing: /home/jerry/AutoSweeperSystem/AutoSweeperSystem_ws/install/fishbot_cartographer/share/fishbot_cartographer/package.xml
[9.418s] Invoked command in '/home/jerry/AutoSweeperSystem/AutoSweeperSystem_ws/build/fishbot_cartographer' returned '0': CMAKE_PREFIX_PATH=/opt/ros/humble /usr/bin/cmake --install /home/jerry/AutoSweeperSystem/AutoSweeperSystem_ws/build/fishbot_cartographer
