[0.081s] Invoking command in '/home/jerry/AutoSweeperSystem/AutoSweeperSystem_ws/build/fishbot_interfaces': CMAKE_PREFIX_PATH=/opt/ros/humble /usr/bin/cmake /home/jerry/AutoSweeperSystem/AutoSweeperSystem_ws/src/fishbot_interfaces -DCMAKE_INSTALL_PREFIX=/home/jerry/AutoSweeperSystem/AutoSweeperSystem_ws/install/fishbot_interfaces
[0.633s] -- The C compiler identification is GNU 11.4.0
[1.079s] -- The CXX compiler identification is GNU 11.4.0
[1.127s] -- Detecting C compiler ABI info
[1.578s] -- Detecting C compiler ABI info - done
[1.624s] -- Check for working C compiler: /usr/bin/cc - skipped
[1.626s] -- Detecting C compile features
[1.629s] -- Detecting C compile features - done
[1.647s] -- Detecting CXX compiler ABI info
[2.256s] -- Detecting CXX compiler ABI info - done
[2.292s] -- Check for working CXX compiler: /usr/bin/c++ - skipped
[2.295s] -- Detecting CXX compile features
[2.298s] -- Detecting CXX compile features - done
[2.334s] -- Found ament_cmake: 1.3.13 (/opt/ros/humble/share/ament_cmake/cmake)
[4.135s] -- Found Python3: /usr/bin/python3 (found version "3.10.12") found components: Interpreter 
[5.220s] -- Found ament_lint_auto: 0.12.15 (/opt/ros/humble/share/ament_lint_auto/cmake)
[5.899s] -- Found rosidl_default_generators: 1.2.0 (/opt/ros/humble/share/rosidl_default_generators/cmake)
[5.927s] -- Using all available rosidl_typesupport_c: rosidl_typesupport_fastrtps_c;rosidl_typesupport_introspection_c
[6.005s] -- Found rosidl_adapter: 3.1.8 (/opt/ros/humble/share/rosidl_adapter/cmake)
[6.444s] -- Using all available rosidl_typesupport_cpp: rosidl_typesupport_fastrtps_cpp;rosidl_typesupport_introspection_cpp
[8.583s] -- Found ament_cmake_ros: 0.10.0 (/opt/ros/humble/share/ament_cmake_ros/cmake)
[10.160s] -- Using all available rosidl_typesupport_c: rosidl_typesupport_fastrtps_c;rosidl_typesupport_introspection_c
[11.435s] -- Using all available rosidl_typesupport_cpp: rosidl_typesupport_fastrtps_cpp;rosidl_typesupport_introspection_cpp
[11.567s] -- Found PythonInterp: /usr/bin/python3 (found suitable version "3.10.12", minimum required is "3.6") 
[11.609s] -- Found python_cmake_module: 0.10.0 (/opt/ros/humble/share/python_cmake_module/cmake)
[11.782s] -- Found PythonLibs: /usr/lib/aarch64-linux-gnu/libpython3.10.so (found suitable version "3.10.12", minimum required is "3.5") 
[11.783s] -- Using PYTHON_EXECUTABLE: /usr/bin/python3
[11.784s] -- Using PYTHON_INCLUDE_DIRS: /usr/include/python3.10
[11.784s] -- Using PYTHON_LIBRARIES: /usr/lib/aarch64-linux-gnu/libpython3.10.so
[11.913s] -- Found PythonExtra: .so  
[12.118s] -- Added test 'copyright' to check source files copyright and LICENSE
[12.136s] -- Added test 'lint_cmake' to check CMake code style
[12.148s] -- Added test 'xmllint' to check XML markup files
[12.214s] -- Configuring done
[12.469s] -- Generating done
[12.530s] -- Build files have been written to: /home/jerry/AutoSweeperSystem/AutoSweeperSystem_ws/build/fishbot_interfaces
[12.573s] Invoked command in '/home/jerry/AutoSweeperSystem/AutoSweeperSystem_ws/build/fishbot_interfaces' returned '0': CMAKE_PREFIX_PATH=/opt/ros/humble /usr/bin/cmake /home/jerry/AutoSweeperSystem/AutoSweeperSystem_ws/src/fishbot_interfaces -DCMAKE_INSTALL_PREFIX=/home/jerry/AutoSweeperSystem/AutoSweeperSystem_ws/install/fishbot_interfaces
[12.578s] Invoking command in '/home/jerry/AutoSweeperSystem/AutoSweeperSystem_ws/build/fishbot_interfaces': CMAKE_PREFIX_PATH=/opt/ros/humble /usr/bin/cmake --build /home/jerry/AutoSweeperSystem/AutoSweeperSystem_ws/build/fishbot_interfaces -- -j4 -l4
[13.000s] [  3%] [34m[1mGenerating C++ code for ROS interfaces[0m
[15.061s] [  3%] Built target fishbot_interfaces__cpp
[15.303s] [  3%] Built target ament_cmake_python_copy_fishbot_interfaces
[15.387s] [  6%] [34m[1mGenerating C++ type support dispatch for ROS interfaces[0m
[18.190s] [  9%] [32mBuilding CXX object CMakeFiles/fishbot_interfaces__rosidl_typesupport_cpp.dir/rosidl_typesupport_cpp/fishbot_interfaces/srv/fish_bot_config__type_support.cpp.o[0m
[21.124s] [ 12%] [32m[1mLinking CXX shared library libfishbot_interfaces__rosidl_typesupport_cpp.so[0m
[21.514s] [ 12%] Built target fishbot_interfaces__rosidl_typesupport_cpp
[21.625s] [ 16%] [34m[1mGenerating C++ type support for eProsima Fast-RTPS[0m
[24.006s] [ 19%] [32mBuilding CXX object CMakeFiles/fishbot_interfaces__rosidl_typesupport_fastrtps_cpp.dir/rosidl_typesupport_fastrtps_cpp/fishbot_interfaces/srv/detail/dds_fastrtps/fish_bot_config__type_support.cpp.o[0m
[27.535s] [ 22%] [32m[1mLinking CXX shared library libfishbot_interfaces__rosidl_typesupport_fastrtps_cpp.so[0m
[28.273s] [ 22%] Built target fishbot_interfaces__rosidl_typesupport_fastrtps_cpp
[31.446s] running egg_info
[31.453s] creating fishbot_interfaces.egg-info
[31.455s] writing fishbot_interfaces.egg-info/PKG-INFO
[31.458s] writing dependency_links to fishbot_interfaces.egg-info/dependency_links.txt
[31.466s] writing top-level names to fishbot_interfaces.egg-info/top_level.txt
[31.468s] writing manifest file 'fishbot_interfaces.egg-info/SOURCES.txt'
[31.486s] reading manifest file 'fishbot_interfaces.egg-info/SOURCES.txt'
[31.490s] writing manifest file 'fishbot_interfaces.egg-info/SOURCES.txt'
[31.681s] [ 22%] Built target ament_cmake_python_build_fishbot_interfaces_egg
[31.736s] [ 25%] [34m[1mGenerating C++ introspection for ROS interfaces[0m
[34.185s] [ 29%] [32mBuilding CXX object CMakeFiles/fishbot_interfaces__rosidl_typesupport_introspection_cpp.dir/rosidl_typesupport_introspection_cpp/fishbot_interfaces/srv/detail/fish_bot_config__type_support.cpp.o[0m
[37.351s] [ 32%] [32m[1mLinking CXX shared library libfishbot_interfaces__rosidl_typesupport_introspection_cpp.so[0m
[37.750s] [ 32%] Built target fishbot_interfaces__rosidl_typesupport_introspection_cpp
[37.807s] [ 35%] [34m[1mGenerating C code for ROS interfaces[0m
[40.454s] [ 38%] [32mBuilding C object CMakeFiles/fishbot_interfaces__rosidl_generator_c.dir/rosidl_generator_c/fishbot_interfaces/srv/detail/fish_bot_config__functions.c.o[0m
[41.114s] [ 41%] [32m[1mLinking C shared library libfishbot_interfaces__rosidl_generator_c.so[0m
[41.430s] [ 41%] Built target fishbot_interfaces__rosidl_generator_c
[41.530s] [ 45%] [34m[1mGenerating C type support for eProsima Fast-RTPS[0m
[44.031s] [ 48%] [32mBuilding CXX object CMakeFiles/fishbot_interfaces__rosidl_typesupport_fastrtps_c.dir/rosidl_typesupport_fastrtps_c/fishbot_interfaces/srv/detail/fish_bot_config__type_support_c.cpp.o[0m
[46.618s] [ 51%] [32m[1mLinking CXX shared library libfishbot_interfaces__rosidl_typesupport_fastrtps_c.so[0m
[47.277s] [ 51%] Built target fishbot_interfaces__rosidl_typesupport_fastrtps_c
[47.368s] [ 54%] [34m[1mGenerating C type support dispatch for ROS interfaces[0m
[50.057s] [ 58%] [32mBuilding CXX object CMakeFiles/fishbot_interfaces__rosidl_typesupport_c.dir/rosidl_typesupport_c/fishbot_interfaces/srv/fish_bot_config__type_support.cpp.o[0m
[50.435s] [ 61%] [32m[1mLinking CXX shared library libfishbot_interfaces__rosidl_typesupport_c.so[0m
[50.911s] [ 61%] Built target fishbot_interfaces__rosidl_typesupport_c
[51.030s] [ 64%] [34m[1mGenerating C introspection for ROS interfaces[0m
[53.446s] [ 67%] [32mBuilding C object CMakeFiles/fishbot_interfaces__rosidl_typesupport_introspection_c.dir/rosidl_typesupport_introspection_c/fishbot_interfaces/srv/detail/fish_bot_config__type_support.c.o[0m
[53.831s] [ 70%] [32m[1mLinking C shared library libfishbot_interfaces__rosidl_typesupport_introspection_c.so[0m
[54.160s] [ 70%] Built target fishbot_interfaces__rosidl_typesupport_introspection_c
[54.354s] [ 70%] Built target fishbot_interfaces
[54.513s] [ 74%] [34m[1mGenerating Python code for ROS interfaces[0m
[57.814s] [ 74%] Built target fishbot_interfaces__py
[57.934s] [ 77%] [32mBuilding C object CMakeFiles/fishbot_interfaces__rosidl_generator_py.dir/rosidl_generator_py/fishbot_interfaces/srv/_fish_bot_config_s.c.o[0m
[59.134s] [ 80%] [32m[1mLinking C shared library rosidl_generator_py/fishbot_interfaces/libfishbot_interfaces__rosidl_generator_py.so[0m
[59.688s] [ 80%] Built target fishbot_interfaces__rosidl_generator_py
[59.933s] [ 83%] [32mBuilding C object CMakeFiles/fishbot_interfaces__rosidl_typesupport_fastrtps_c__pyext.dir/rosidl_generator_py/fishbot_interfaces/_fishbot_interfaces_s.ep.rosidl_typesupport_fastrtps_c.c.o[0m
[61.102s] [ 87%] [32m[1mLinking C shared library rosidl_generator_py/fishbot_interfaces/fishbot_interfaces_s__rosidl_typesupport_fastrtps_c.cpython-310-aarch64-linux-gnu.so[0m
[61.559s] [ 87%] Built target fishbot_interfaces__rosidl_typesupport_fastrtps_c__pyext
[61.800s] [ 90%] [32mBuilding C object CMakeFiles/fishbot_interfaces__rosidl_typesupport_c__pyext.dir/rosidl_generator_py/fishbot_interfaces/_fishbot_interfaces_s.ep.rosidl_typesupport_c.c.o[0m
[62.518s] [ 93%] [32m[1mLinking C shared library rosidl_generator_py/fishbot_interfaces/fishbot_interfaces_s__rosidl_typesupport_c.cpython-310-aarch64-linux-gnu.so[0m
[62.846s] [ 93%] Built target fishbot_interfaces__rosidl_typesupport_c__pyext
[63.063s] [ 96%] [32mBuilding C object CMakeFiles/fishbot_interfaces__rosidl_typesupport_introspection_c__pyext.dir/rosidl_generator_py/fishbot_interfaces/_fishbot_interfaces_s.ep.rosidl_typesupport_introspection_c.c.o[0m
[63.982s] [100%] [32m[1mLinking C shared library rosidl_generator_py/fishbot_interfaces/fishbot_interfaces_s__rosidl_typesupport_introspection_c.cpython-310-aarch64-linux-gnu.so[0m
[64.433s] [100%] Built target fishbot_interfaces__rosidl_typesupport_introspection_c__pyext
[64.582s] Invoked command in '/home/jerry/AutoSweeperSystem/AutoSweeperSystem_ws/build/fishbot_interfaces' returned '0': CMAKE_PREFIX_PATH=/opt/ros/humble /usr/bin/cmake --build /home/jerry/AutoSweeperSystem/AutoSweeperSystem_ws/build/fishbot_interfaces -- -j4 -l4
[64.585s] Invoking command in '/home/jerry/AutoSweeperSystem/AutoSweeperSystem_ws/build/fishbot_interfaces': CMAKE_PREFIX_PATH=/opt/ros/humble /usr/bin/cmake --install /home/jerry/AutoSweeperSystem/AutoSweeperSystem_ws/build/fishbot_interfaces
[64.654s] -- Install configuration: ""
[64.656s] -- Installing: /home/jerry/AutoSweeperSystem/AutoSweeperSystem_ws/install/fishbot_interfaces/share/ament_index/resource_index/rosidl_interfaces/fishbot_interfaces
[64.658s] -- Installing: /home/jerry/AutoSweeperSystem/AutoSweeperSystem_ws/install/fishbot_interfaces/include/fishbot_interfaces/fishbot_interfaces
[64.660s] -- Installing: /home/jerry/AutoSweeperSystem/AutoSweeperSystem_ws/install/fishbot_interfaces/include/fishbot_interfaces/fishbot_interfaces/msg
[64.660s] -- Installing: /home/jerry/AutoSweeperSystem/AutoSweeperSystem_ws/install/fishbot_interfaces/include/fishbot_interfaces/fishbot_interfaces/msg/rosidl_generator_c__visibility_control.h
[64.662s] -- Installing: /home/jerry/AutoSweeperSystem/AutoSweeperSystem_ws/install/fishbot_interfaces/include/fishbot_interfaces/fishbot_interfaces/srv
[64.664s] -- Installing: /home/jerry/AutoSweeperSystem/AutoSweeperSystem_ws/install/fishbot_interfaces/include/fishbot_interfaces/fishbot_interfaces/srv/fish_bot_config.h
[64.667s] -- Installing: /home/jerry/AutoSweeperSystem/AutoSweeperSystem_ws/install/fishbot_interfaces/include/fishbot_interfaces/fishbot_interfaces/srv/detail
[64.670s] -- Installing: /home/jerry/AutoSweeperSystem/AutoSweeperSystem_ws/install/fishbot_interfaces/include/fishbot_interfaces/fishbot_interfaces/srv/detail/fish_bot_config__type_support.h
[64.673s] -- Installing: /home/jerry/AutoSweeperSystem/AutoSweeperSystem_ws/install/fishbot_interfaces/include/fishbot_interfaces/fishbot_interfaces/srv/detail/fish_bot_config__struct.h
[64.676s] -- Installing: /home/jerry/AutoSweeperSystem/AutoSweeperSystem_ws/install/fishbot_interfaces/include/fishbot_interfaces/fishbot_interfaces/srv/detail/fish_bot_config__functions.c
[64.679s] -- Installing: /home/jerry/AutoSweeperSystem/AutoSweeperSystem_ws/install/fishbot_interfaces/include/fishbot_interfaces/fishbot_interfaces/srv/detail/fish_bot_config__functions.h
[64.683s] -- Installing: /home/jerry/AutoSweeperSystem/AutoSweeperSystem_ws/install/fishbot_interfaces/share/fishbot_interfaces/environment/library_path.sh
[64.686s] -- Installing: /home/jerry/AutoSweeperSystem/AutoSweeperSystem_ws/install/fishbot_interfaces/share/fishbot_interfaces/environment/library_path.dsv
[64.690s] -- Installing: /home/jerry/AutoSweeperSystem/AutoSweeperSystem_ws/install/fishbot_interfaces/lib/libfishbot_interfaces__rosidl_generator_c.so
[64.703s] -- Set runtime path of "/home/jerry/AutoSweeperSystem/AutoSweeperSystem_ws/install/fishbot_interfaces/lib/libfishbot_interfaces__rosidl_generator_c.so" to ""
[64.705s] -- Up-to-date: /home/jerry/AutoSweeperSystem/AutoSweeperSystem_ws/install/fishbot_interfaces/include/fishbot_interfaces/fishbot_interfaces
[64.707s] -- Up-to-date: /home/jerry/AutoSweeperSystem/AutoSweeperSystem_ws/install/fishbot_interfaces/include/fishbot_interfaces/fishbot_interfaces/msg
[64.709s] -- Installing: /home/jerry/AutoSweeperSystem/AutoSweeperSystem_ws/install/fishbot_interfaces/include/fishbot_interfaces/fishbot_interfaces/msg/rosidl_typesupport_fastrtps_c__visibility_control.h
[64.713s] -- Up-to-date: /home/jerry/AutoSweeperSystem/AutoSweeperSystem_ws/install/fishbot_interfaces/include/fishbot_interfaces/fishbot_interfaces/srv
[64.714s] -- Up-to-date: /home/jerry/AutoSweeperSystem/AutoSweeperSystem_ws/install/fishbot_interfaces/include/fishbot_interfaces/fishbot_interfaces/srv/detail
[64.716s] -- Installing: /home/jerry/AutoSweeperSystem/AutoSweeperSystem_ws/install/fishbot_interfaces/include/fishbot_interfaces/fishbot_interfaces/srv/detail/fish_bot_config__rosidl_typesupport_fastrtps_c.h
[64.720s] -- Installing: /home/jerry/AutoSweeperSystem/AutoSweeperSystem_ws/install/fishbot_interfaces/lib/libfishbot_interfaces__rosidl_typesupport_fastrtps_c.so
[64.736s] -- Set runtime path of "/home/jerry/AutoSweeperSystem/AutoSweeperSystem_ws/install/fishbot_interfaces/lib/libfishbot_interfaces__rosidl_typesupport_fastrtps_c.so" to ""
[64.739s] -- Up-to-date: /home/jerry/AutoSweeperSystem/AutoSweeperSystem_ws/install/fishbot_interfaces/include/fishbot_interfaces/fishbot_interfaces
[64.741s] -- Up-to-date: /home/jerry/AutoSweeperSystem/AutoSweeperSystem_ws/install/fishbot_interfaces/include/fishbot_interfaces/fishbot_interfaces/msg
[64.744s] -- Installing: /home/jerry/AutoSweeperSystem/AutoSweeperSystem_ws/install/fishbot_interfaces/include/fishbot_interfaces/fishbot_interfaces/msg/rosidl_typesupport_introspection_c__visibility_control.h
[64.747s] -- Up-to-date: /home/jerry/AutoSweeperSystem/AutoSweeperSystem_ws/install/fishbot_interfaces/include/fishbot_interfaces/fishbot_interfaces/srv
[64.749s] -- Up-to-date: /home/jerry/AutoSweeperSystem/AutoSweeperSystem_ws/install/fishbot_interfaces/include/fishbot_interfaces/fishbot_interfaces/srv/detail
[64.752s] -- Installing: /home/jerry/AutoSweeperSystem/AutoSweeperSystem_ws/install/fishbot_interfaces/include/fishbot_interfaces/fishbot_interfaces/srv/detail/fish_bot_config__type_support.c
[64.755s] -- Installing: /home/jerry/AutoSweeperSystem/AutoSweeperSystem_ws/install/fishbot_interfaces/include/fishbot_interfaces/fishbot_interfaces/srv/detail/fish_bot_config__rosidl_typesupport_introspection_c.h
[64.759s] -- Installing: /home/jerry/AutoSweeperSystem/AutoSweeperSystem_ws/install/fishbot_interfaces/lib/libfishbot_interfaces__rosidl_typesupport_introspection_c.so
[64.772s] -- Set runtime path of "/home/jerry/AutoSweeperSystem/AutoSweeperSystem_ws/install/fishbot_interfaces/lib/libfishbot_interfaces__rosidl_typesupport_introspection_c.so" to ""
[64.774s] -- Installing: /home/jerry/AutoSweeperSystem/AutoSweeperSystem_ws/install/fishbot_interfaces/lib/libfishbot_interfaces__rosidl_typesupport_c.so
[64.788s] -- Set runtime path of "/home/jerry/AutoSweeperSystem/AutoSweeperSystem_ws/install/fishbot_interfaces/lib/libfishbot_interfaces__rosidl_typesupport_c.so" to ""
[64.790s] -- Up-to-date: /home/jerry/AutoSweeperSystem/AutoSweeperSystem_ws/install/fishbot_interfaces/include/fishbot_interfaces/fishbot_interfaces
[64.793s] -- Up-to-date: /home/jerry/AutoSweeperSystem/AutoSweeperSystem_ws/install/fishbot_interfaces/include/fishbot_interfaces/fishbot_interfaces/msg
[64.795s] -- Installing: /home/jerry/AutoSweeperSystem/AutoSweeperSystem_ws/install/fishbot_interfaces/include/fishbot_interfaces/fishbot_interfaces/msg/rosidl_generator_cpp__visibility_control.hpp
[64.798s] -- Up-to-date: /home/jerry/AutoSweeperSystem/AutoSweeperSystem_ws/install/fishbot_interfaces/include/fishbot_interfaces/fishbot_interfaces/srv
[64.800s] -- Installing: /home/jerry/AutoSweeperSystem/AutoSweeperSystem_ws/install/fishbot_interfaces/include/fishbot_interfaces/fishbot_interfaces/srv/fish_bot_config.hpp
[64.803s] -- Up-to-date: /home/jerry/AutoSweeperSystem/AutoSweeperSystem_ws/install/fishbot_interfaces/include/fishbot_interfaces/fishbot_interfaces/srv/detail
[64.806s] -- Installing: /home/jerry/AutoSweeperSystem/AutoSweeperSystem_ws/install/fishbot_interfaces/include/fishbot_interfaces/fishbot_interfaces/srv/detail/fish_bot_config__builder.hpp
[64.809s] -- Installing: /home/jerry/AutoSweeperSystem/AutoSweeperSystem_ws/install/fishbot_interfaces/include/fishbot_interfaces/fishbot_interfaces/srv/detail/fish_bot_config__struct.hpp
[64.813s] -- Installing: /home/jerry/AutoSweeperSystem/AutoSweeperSystem_ws/install/fishbot_interfaces/include/fishbot_interfaces/fishbot_interfaces/srv/detail/fish_bot_config__type_support.hpp
[64.818s] -- Installing: /home/jerry/AutoSweeperSystem/AutoSweeperSystem_ws/install/fishbot_interfaces/include/fishbot_interfaces/fishbot_interfaces/srv/detail/fish_bot_config__traits.hpp
[64.821s] -- Up-to-date: /home/jerry/AutoSweeperSystem/AutoSweeperSystem_ws/install/fishbot_interfaces/include/fishbot_interfaces/fishbot_interfaces
[64.823s] -- Up-to-date: /home/jerry/AutoSweeperSystem/AutoSweeperSystem_ws/install/fishbot_interfaces/include/fishbot_interfaces/fishbot_interfaces/msg
[64.825s] -- Installing: /home/jerry/AutoSweeperSystem/AutoSweeperSystem_ws/install/fishbot_interfaces/include/fishbot_interfaces/fishbot_interfaces/msg/rosidl_typesupport_fastrtps_cpp__visibility_control.h
[64.828s] -- Up-to-date: /home/jerry/AutoSweeperSystem/AutoSweeperSystem_ws/install/fishbot_interfaces/include/fishbot_interfaces/fishbot_interfaces/srv
[64.830s] -- Up-to-date: /home/jerry/AutoSweeperSystem/AutoSweeperSystem_ws/install/fishbot_interfaces/include/fishbot_interfaces/fishbot_interfaces/srv/detail
[64.834s] -- Installing: /home/jerry/AutoSweeperSystem/AutoSweeperSystem_ws/install/fishbot_interfaces/include/fishbot_interfaces/fishbot_interfaces/srv/detail/dds_fastrtps
[64.838s] -- Installing: /home/jerry/AutoSweeperSystem/AutoSweeperSystem_ws/install/fishbot_interfaces/include/fishbot_interfaces/fishbot_interfaces/srv/detail/fish_bot_config__rosidl_typesupport_fastrtps_cpp.hpp
[64.844s] -- Installing: /home/jerry/AutoSweeperSystem/AutoSweeperSystem_ws/install/fishbot_interfaces/lib/libfishbot_interfaces__rosidl_typesupport_fastrtps_cpp.so
[64.858s] -- Set runtime path of "/home/jerry/AutoSweeperSystem/AutoSweeperSystem_ws/install/fishbot_interfaces/lib/libfishbot_interfaces__rosidl_typesupport_fastrtps_cpp.so" to ""
[64.863s] -- Up-to-date: /home/jerry/AutoSweeperSystem/AutoSweeperSystem_ws/install/fishbot_interfaces/include/fishbot_interfaces/fishbot_interfaces
[64.865s] -- Up-to-date: /home/jerry/AutoSweeperSystem/AutoSweeperSystem_ws/install/fishbot_interfaces/include/fishbot_interfaces/fishbot_interfaces/srv
[64.867s] -- Up-to-date: /home/jerry/AutoSweeperSystem/AutoSweeperSystem_ws/install/fishbot_interfaces/include/fishbot_interfaces/fishbot_interfaces/srv/detail
[64.869s] -- Installing: /home/jerry/AutoSweeperSystem/AutoSweeperSystem_ws/install/fishbot_interfaces/include/fishbot_interfaces/fishbot_interfaces/srv/detail/fish_bot_config__rosidl_typesupport_introspection_cpp.hpp
[64.873s] -- Installing: /home/jerry/AutoSweeperSystem/AutoSweeperSystem_ws/install/fishbot_interfaces/include/fishbot_interfaces/fishbot_interfaces/srv/detail/fish_bot_config__type_support.cpp
[64.877s] -- Installing: /home/jerry/AutoSweeperSystem/AutoSweeperSystem_ws/install/fishbot_interfaces/lib/libfishbot_interfaces__rosidl_typesupport_introspection_cpp.so
[64.893s] -- Set runtime path of "/home/jerry/AutoSweeperSystem/AutoSweeperSystem_ws/install/fishbot_interfaces/lib/libfishbot_interfaces__rosidl_typesupport_introspection_cpp.so" to ""
[64.896s] -- Installing: /home/jerry/AutoSweeperSystem/AutoSweeperSystem_ws/install/fishbot_interfaces/lib/libfishbot_interfaces__rosidl_typesupport_cpp.so
[64.908s] -- Set runtime path of "/home/jerry/AutoSweeperSystem/AutoSweeperSystem_ws/install/fishbot_interfaces/lib/libfishbot_interfaces__rosidl_typesupport_cpp.so" to ""
[64.909s] -- Installing: /home/jerry/AutoSweeperSystem/AutoSweeperSystem_ws/install/fishbot_interfaces/share/fishbot_interfaces/environment/pythonpath.sh
[64.911s] -- Installing: /home/jerry/AutoSweeperSystem/AutoSweeperSystem_ws/install/fishbot_interfaces/share/fishbot_interfaces/environment/pythonpath.dsv
[64.932s] -- Installing: /home/jerry/AutoSweeperSystem/AutoSweeperSystem_ws/install/fishbot_interfaces/local/lib/python3.10/dist-packages/fishbot_interfaces-0.0.0-py3.10.egg-info
[64.936s] -- Installing: /home/jerry/AutoSweeperSystem/AutoSweeperSystem_ws/install/fishbot_interfaces/local/lib/python3.10/dist-packages/fishbot_interfaces-0.0.0-py3.10.egg-info/PKG-INFO
[64.936s] -- Installing: /home/jerry/AutoSweeperSystem/AutoSweeperSystem_ws/install/fishbot_interfaces/local/lib/python3.10/dist-packages/fishbot_interfaces-0.0.0-py3.10.egg-info/top_level.txt
[64.937s] -- Installing: /home/jerry/AutoSweeperSystem/AutoSweeperSystem_ws/install/fishbot_interfaces/local/lib/python3.10/dist-packages/fishbot_interfaces-0.0.0-py3.10.egg-info/SOURCES.txt
[64.940s] -- Installing: /home/jerry/AutoSweeperSystem/AutoSweeperSystem_ws/install/fishbot_interfaces/local/lib/python3.10/dist-packages/fishbot_interfaces-0.0.0-py3.10.egg-info/dependency_links.txt
[64.941s] -- Installing: /home/jerry/AutoSweeperSystem/AutoSweeperSystem_ws/install/fishbot_interfaces/local/lib/python3.10/dist-packages/fishbot_interfaces
[64.946s] -- Installing: /home/jerry/AutoSweeperSystem/AutoSweeperSystem_ws/install/fishbot_interfaces/local/lib/python3.10/dist-packages/fishbot_interfaces/_fishbot_interfaces_s.ep.rosidl_typesupport_fastrtps_c.c
[64.946s] -- Installing: /home/jerry/AutoSweeperSystem/AutoSweeperSystem_ws/install/fishbot_interfaces/local/lib/python3.10/dist-packages/fishbot_interfaces/__init__.py
[64.950s] -- Installing: /home/jerry/AutoSweeperSystem/AutoSweeperSystem_ws/install/fishbot_interfaces/local/lib/python3.10/dist-packages/fishbot_interfaces/fishbot_interfaces_s__rosidl_typesupport_fastrtps_c.cpython-310-aarch64-linux-gnu.so
[64.951s] -- Installing: /home/jerry/AutoSweeperSystem/AutoSweeperSystem_ws/install/fishbot_interfaces/local/lib/python3.10/dist-packages/fishbot_interfaces/fishbot_interfaces_s__rosidl_typesupport_introspection_c.cpython-310-aarch64-linux-gnu.so
[64.954s] -- Installing: /home/jerry/AutoSweeperSystem/AutoSweeperSystem_ws/install/fishbot_interfaces/local/lib/python3.10/dist-packages/fishbot_interfaces/libfishbot_interfaces__rosidl_generator_py.so
[64.954s] -- Installing: /home/jerry/AutoSweeperSystem/AutoSweeperSystem_ws/install/fishbot_interfaces/local/lib/python3.10/dist-packages/fishbot_interfaces/_fishbot_interfaces_s.ep.rosidl_typesupport_c.c
[64.955s] -- Installing: /home/jerry/AutoSweeperSystem/AutoSweeperSystem_ws/install/fishbot_interfaces/local/lib/python3.10/dist-packages/fishbot_interfaces/_fishbot_interfaces_s.ep.rosidl_typesupport_introspection_c.c
[64.959s] -- Installing: /home/jerry/AutoSweeperSystem/AutoSweeperSystem_ws/install/fishbot_interfaces/local/lib/python3.10/dist-packages/fishbot_interfaces/fishbot_interfaces_s__rosidl_typesupport_c.cpython-310-aarch64-linux-gnu.so
[64.959s] -- Installing: /home/jerry/AutoSweeperSystem/AutoSweeperSystem_ws/install/fishbot_interfaces/local/lib/python3.10/dist-packages/fishbot_interfaces/srv
[64.960s] -- Installing: /home/jerry/AutoSweeperSystem/AutoSweeperSystem_ws/install/fishbot_interfaces/local/lib/python3.10/dist-packages/fishbot_interfaces/srv/__init__.py
[64.962s] -- Installing: /home/jerry/AutoSweeperSystem/AutoSweeperSystem_ws/install/fishbot_interfaces/local/lib/python3.10/dist-packages/fishbot_interfaces/srv/_fish_bot_config.py
[64.966s] -- Installing: /home/jerry/AutoSweeperSystem/AutoSweeperSystem_ws/install/fishbot_interfaces/local/lib/python3.10/dist-packages/fishbot_interfaces/srv/_fish_bot_config_s.c
[65.292s] Listing '/home/jerry/AutoSweeperSystem/AutoSweeperSystem_ws/install/fishbot_interfaces/local/lib/python3.10/dist-packages/fishbot_interfaces'...
[65.294s] Compiling '/home/jerry/AutoSweeperSystem/AutoSweeperSystem_ws/install/fishbot_interfaces/local/lib/python3.10/dist-packages/fishbot_interfaces/__init__.py'...
[65.294s] Listing '/home/jerry/AutoSweeperSystem/AutoSweeperSystem_ws/install/fishbot_interfaces/local/lib/python3.10/dist-packages/fishbot_interfaces/srv'...
[65.295s] Compiling '/home/jerry/AutoSweeperSystem/AutoSweeperSystem_ws/install/fishbot_interfaces/local/lib/python3.10/dist-packages/fishbot_interfaces/srv/__init__.py'...
[65.296s] Compiling '/home/jerry/AutoSweeperSystem/AutoSweeperSystem_ws/install/fishbot_interfaces/local/lib/python3.10/dist-packages/fishbot_interfaces/srv/_fish_bot_config.py'...
[65.388s] -- Installing: /home/jerry/AutoSweeperSystem/AutoSweeperSystem_ws/install/fishbot_interfaces/local/lib/python3.10/dist-packages/fishbot_interfaces/fishbot_interfaces_s__rosidl_typesupport_fastrtps_c.cpython-310-aarch64-linux-gnu.so
[65.392s] -- Set runtime path of "/home/jerry/AutoSweeperSystem/AutoSweeperSystem_ws/install/fishbot_interfaces/local/lib/python3.10/dist-packages/fishbot_interfaces/fishbot_interfaces_s__rosidl_typesupport_fastrtps_c.cpython-310-aarch64-linux-gnu.so" to ""
[65.394s] -- Installing: /home/jerry/AutoSweeperSystem/AutoSweeperSystem_ws/install/fishbot_interfaces/local/lib/python3.10/dist-packages/fishbot_interfaces/fishbot_interfaces_s__rosidl_typesupport_introspection_c.cpython-310-aarch64-linux-gnu.so
[65.398s] -- Set runtime path of "/home/jerry/AutoSweeperSystem/AutoSweeperSystem_ws/install/fishbot_interfaces/local/lib/python3.10/dist-packages/fishbot_interfaces/fishbot_interfaces_s__rosidl_typesupport_introspection_c.cpython-310-aarch64-linux-gnu.so" to ""
[65.400s] -- Installing: /home/jerry/AutoSweeperSystem/AutoSweeperSystem_ws/install/fishbot_interfaces/local/lib/python3.10/dist-packages/fishbot_interfaces/fishbot_interfaces_s__rosidl_typesupport_c.cpython-310-aarch64-linux-gnu.so
[65.412s] -- Set runtime path of "/home/jerry/AutoSweeperSystem/AutoSweeperSystem_ws/install/fishbot_interfaces/local/lib/python3.10/dist-packages/fishbot_interfaces/fishbot_interfaces_s__rosidl_typesupport_c.cpython-310-aarch64-linux-gnu.so" to ""
[65.413s] -- Installing: /home/jerry/AutoSweeperSystem/AutoSweeperSystem_ws/install/fishbot_interfaces/lib/libfishbot_interfaces__rosidl_generator_py.so
[65.427s] -- Set runtime path of "/home/jerry/AutoSweeperSystem/AutoSweeperSystem_ws/install/fishbot_interfaces/lib/libfishbot_interfaces__rosidl_generator_py.so" to ""
[65.429s] -- Installing: /home/jerry/AutoSweeperSystem/AutoSweeperSystem_ws/install/fishbot_interfaces/share/fishbot_interfaces/srv/FishBotConfig.idl
[65.434s] -- Installing: /home/jerry/AutoSweeperSystem/AutoSweeperSystem_ws/install/fishbot_interfaces/share/fishbot_interfaces/srv/FishBotConfig.srv
[65.444s] -- Installing: /home/jerry/AutoSweeperSystem/AutoSweeperSystem_ws/install/fishbot_interfaces/share/fishbot_interfaces/srv/FishBotConfig_Request.msg
[65.456s] -- Installing: /home/jerry/AutoSweeperSystem/AutoSweeperSystem_ws/install/fishbot_interfaces/share/fishbot_interfaces/srv/FishBotConfig_Response.msg
[65.463s] -- Installing: /home/jerry/AutoSweeperSystem/AutoSweeperSystem_ws/install/fishbot_interfaces/share/ament_index/resource_index/package_run_dependencies/fishbot_interfaces
[65.471s] -- Installing: /home/jerry/AutoSweeperSystem/AutoSweeperSystem_ws/install/fishbot_interfaces/share/ament_index/resource_index/parent_prefix_path/fishbot_interfaces
[65.476s] -- Installing: /home/jerry/AutoSweeperSystem/AutoSweeperSystem_ws/install/fishbot_interfaces/share/fishbot_interfaces/environment/ament_prefix_path.sh
[65.478s] -- Installing: /home/jerry/AutoSweeperSystem/AutoSweeperSystem_ws/install/fishbot_interfaces/share/fishbot_interfaces/environment/ament_prefix_path.dsv
[65.488s] -- Installing: /home/jerry/AutoSweeperSystem/AutoSweeperSystem_ws/install/fishbot_interfaces/share/fishbot_interfaces/environment/path.sh
[65.489s] -- Installing: /home/jerry/AutoSweeperSystem/AutoSweeperSystem_ws/install/fishbot_interfaces/share/fishbot_interfaces/environment/path.dsv
[65.499s] -- Installing: /home/jerry/AutoSweeperSystem/AutoSweeperSystem_ws/install/fishbot_interfaces/share/fishbot_interfaces/local_setup.bash
[65.501s] -- Installing: /home/jerry/AutoSweeperSystem/AutoSweeperSystem_ws/install/fishbot_interfaces/share/fishbot_interfaces/local_setup.sh
[65.503s] -- Installing: /home/jerry/AutoSweeperSystem/AutoSweeperSystem_ws/install/fishbot_interfaces/share/fishbot_interfaces/local_setup.zsh
[65.505s] -- Installing: /home/jerry/AutoSweeperSystem/AutoSweeperSystem_ws/install/fishbot_interfaces/share/fishbot_interfaces/local_setup.dsv
[65.507s] -- Installing: /home/jerry/AutoSweeperSystem/AutoSweeperSystem_ws/install/fishbot_interfaces/share/fishbot_interfaces/package.dsv
[65.509s] -- Installing: /home/jerry/AutoSweeperSystem/AutoSweeperSystem_ws/install/fishbot_interfaces/share/ament_index/resource_index/packages/fishbot_interfaces
[65.522s] -- Installing: /home/jerry/AutoSweeperSystem/AutoSweeperSystem_ws/install/fishbot_interfaces/share/fishbot_interfaces/cmake/export_fishbot_interfaces__rosidl_generator_cExport.cmake
[65.523s] -- Installing: /home/jerry/AutoSweeperSystem/AutoSweeperSystem_ws/install/fishbot_interfaces/share/fishbot_interfaces/cmake/export_fishbot_interfaces__rosidl_generator_cExport-noconfig.cmake
[65.524s] -- Installing: /home/jerry/AutoSweeperSystem/AutoSweeperSystem_ws/install/fishbot_interfaces/share/fishbot_interfaces/cmake/export_fishbot_interfaces__rosidl_typesupport_fastrtps_cExport.cmake
[65.538s] -- Installing: /home/jerry/AutoSweeperSystem/AutoSweeperSystem_ws/install/fishbot_interfaces/share/fishbot_interfaces/cmake/export_fishbot_interfaces__rosidl_typesupport_fastrtps_cExport-noconfig.cmake
[65.540s] -- Installing: /home/jerry/AutoSweeperSystem/AutoSweeperSystem_ws/install/fishbot_interfaces/share/fishbot_interfaces/cmake/fishbot_interfaces__rosidl_typesupport_introspection_cExport.cmake
[65.544s] -- Installing: /home/jerry/AutoSweeperSystem/AutoSweeperSystem_ws/install/fishbot_interfaces/share/fishbot_interfaces/cmake/fishbot_interfaces__rosidl_typesupport_introspection_cExport-noconfig.cmake
[65.545s] -- Installing: /home/jerry/AutoSweeperSystem/AutoSweeperSystem_ws/install/fishbot_interfaces/share/fishbot_interfaces/cmake/fishbot_interfaces__rosidl_typesupport_cExport.cmake
[65.547s] -- Installing: /home/jerry/AutoSweeperSystem/AutoSweeperSystem_ws/install/fishbot_interfaces/share/fishbot_interfaces/cmake/fishbot_interfaces__rosidl_typesupport_cExport-noconfig.cmake
[65.549s] -- Installing: /home/jerry/AutoSweeperSystem/AutoSweeperSystem_ws/install/fishbot_interfaces/share/fishbot_interfaces/cmake/export_fishbot_interfaces__rosidl_generator_cppExport.cmake
[65.562s] -- Installing: /home/jerry/AutoSweeperSystem/AutoSweeperSystem_ws/install/fishbot_interfaces/share/fishbot_interfaces/cmake/export_fishbot_interfaces__rosidl_typesupport_fastrtps_cppExport.cmake
[65.564s] -- Installing: /home/jerry/AutoSweeperSystem/AutoSweeperSystem_ws/install/fishbot_interfaces/share/fishbot_interfaces/cmake/export_fishbot_interfaces__rosidl_typesupport_fastrtps_cppExport-noconfig.cmake
[65.565s] -- Installing: /home/jerry/AutoSweeperSystem/AutoSweeperSystem_ws/install/fishbot_interfaces/share/fishbot_interfaces/cmake/fishbot_interfaces__rosidl_typesupport_introspection_cppExport.cmake
[65.575s] -- Installing: /home/jerry/AutoSweeperSystem/AutoSweeperSystem_ws/install/fishbot_interfaces/share/fishbot_interfaces/cmake/fishbot_interfaces__rosidl_typesupport_introspection_cppExport-noconfig.cmake
[65.577s] -- Installing: /home/jerry/AutoSweeperSystem/AutoSweeperSystem_ws/install/fishbot_interfaces/share/fishbot_interfaces/cmake/fishbot_interfaces__rosidl_typesupport_cppExport.cmake
[65.584s] -- Installing: /home/jerry/AutoSweeperSystem/AutoSweeperSystem_ws/install/fishbot_interfaces/share/fishbot_interfaces/cmake/fishbot_interfaces__rosidl_typesupport_cppExport-noconfig.cmake
[65.587s] -- Installing: /home/jerry/AutoSweeperSystem/AutoSweeperSystem_ws/install/fishbot_interfaces/share/fishbot_interfaces/cmake/export_fishbot_interfaces__rosidl_generator_pyExport.cmake
[65.594s] -- Installing: /home/jerry/AutoSweeperSystem/AutoSweeperSystem_ws/install/fishbot_interfaces/share/fishbot_interfaces/cmake/export_fishbot_interfaces__rosidl_generator_pyExport-noconfig.cmake
[65.597s] -- Installing: /home/jerry/AutoSweeperSystem/AutoSweeperSystem_ws/install/fishbot_interfaces/share/fishbot_interfaces/cmake/rosidl_cmake-extras.cmake
[65.599s] -- Installing: /home/jerry/AutoSweeperSystem/AutoSweeperSystem_ws/install/fishbot_interfaces/share/fishbot_interfaces/cmake/ament_cmake_export_include_directories-extras.cmake
[65.616s] -- Installing: /home/jerry/AutoSweeperSystem/AutoSweeperSystem_ws/install/fishbot_interfaces/share/fishbot_interfaces/cmake/ament_cmake_export_libraries-extras.cmake
[65.618s] -- Installing: /home/jerry/AutoSweeperSystem/AutoSweeperSystem_ws/install/fishbot_interfaces/share/fishbot_interfaces/cmake/ament_cmake_export_targets-extras.cmake
[65.620s] -- Installing: /home/jerry/AutoSweeperSystem/AutoSweeperSystem_ws/install/fishbot_interfaces/share/fishbot_interfaces/cmake/rosidl_cmake_export_typesupport_targets-extras.cmake
[65.622s] -- Installing: /home/jerry/AutoSweeperSystem/AutoSweeperSystem_ws/install/fishbot_interfaces/share/fishbot_interfaces/cmake/ament_cmake_export_dependencies-extras.cmake
[65.623s] -- Installing: /home/jerry/AutoSweeperSystem/AutoSweeperSystem_ws/install/fishbot_interfaces/share/fishbot_interfaces/cmake/rosidl_cmake_export_typesupport_libraries-extras.cmake
[65.626s] -- Installing: /home/jerry/AutoSweeperSystem/AutoSweeperSystem_ws/install/fishbot_interfaces/share/fishbot_interfaces/cmake/fishbot_interfacesConfig.cmake
[65.639s] -- Installing: /home/jerry/AutoSweeperSystem/AutoSweeperSystem_ws/install/fishbot_interfaces/share/fishbot_interfaces/cmake/fishbot_interfacesConfig-version.cmake
[65.641s] -- Installing: /home/jerry/AutoSweeperSystem/AutoSweeperSystem_ws/install/fishbot_interfaces/share/fishbot_interfaces/package.xml
[65.664s] Invoked command in '/home/jerry/AutoSweeperSystem/AutoSweeperSystem_ws/build/fishbot_interfaces' returned '0': CMAKE_PREFIX_PATH=/opt/ros/humble /usr/bin/cmake --install /home/jerry/AutoSweeperSystem/AutoSweeperSystem_ws/build/fishbot_interfaces
