[0.412s] Invoking command in '/home/jerry/AutoSweeperSystem/AutoSweeperSystem_ws/build/fishbot_description': CMAKE_PREFIX_PATH=${CMAKE_PREFIX_PATH}:/home/jerry/AutoSweeperSystem/AutoSweeperSystem_ws/install/camera_publisher:/home/jerry/AutoSweeperSystem/AutoSweeperSystem_ws/install/autosweeper_robot:/opt/ros/humble /usr/bin/cmake --build /home/jerry/AutoSweeperSystem/AutoSweeperSystem_ws/build/fishbot_description -- -j4 -l4
[1.024s] Invoked command in '/home/jerry/AutoSweeperSystem/AutoSweeperSystem_ws/build/fishbot_description' returned '0': CMAKE_PREFIX_PATH=${CMAKE_PREFIX_PATH}:/home/jerry/AutoSweeperSystem/AutoSweeperSystem_ws/install/camera_publisher:/home/jerry/AutoSweeperSystem/AutoSweeperSystem_ws/install/autosweeper_robot:/opt/ros/humble /usr/bin/cmake --build /home/jerry/AutoSweeperSystem/AutoSweeperSystem_ws/build/fishbot_description -- -j4 -l4
[1.028s] Invoking command in '/home/jerry/AutoSweeperSystem/AutoSweeperSystem_ws/build/fishbot_description': CMAKE_PREFIX_PATH=${CMAKE_PREFIX_PATH}:/home/jerry/AutoSweeperSystem/AutoSweeperSystem_ws/install/camera_publisher:/home/jerry/AutoSweeperSystem/AutoSweeperSystem_ws/install/autosweeper_robot:/opt/ros/humble /usr/bin/cmake --install /home/jerry/AutoSweeperSystem/AutoSweeperSystem_ws/build/fishbot_description
[1.129s] -- Install configuration: ""
[1.130s] -- Up-to-date: /home/jerry/AutoSweeperSystem/AutoSweeperSystem_ws/install/fishbot_description/share/fishbot_description/urdf
[1.131s] -- Up-to-date: /home/jerry/AutoSweeperSystem/AutoSweeperSystem_ws/install/fishbot_description/share/fishbot_description/urdf/fishbot.urdf
[1.131s] -- Up-to-date: /home/jerry/AutoSweeperSystem/AutoSweeperSystem_ws/install/fishbot_description/share/ament_index/resource_index/package_run_dependencies/fishbot_description
[1.145s] -- Up-to-date: /home/jerry/AutoSweeperSystem/AutoSweeperSystem_ws/install/fishbot_description/share/ament_index/resource_index/parent_prefix_path/fishbot_description
[1.146s] -- Up-to-date: /home/jerry/AutoSweeperSystem/AutoSweeperSystem_ws/install/fishbot_description/share/fishbot_description/environment/ament_prefix_path.sh
[1.151s] -- Up-to-date: /home/jerry/AutoSweeperSystem/AutoSweeperSystem_ws/install/fishbot_description/share/fishbot_description/environment/ament_prefix_path.dsv
[1.151s] -- Up-to-date: /home/jerry/AutoSweeperSystem/AutoSweeperSystem_ws/install/fishbot_description/share/fishbot_description/environment/path.sh
[1.152s] -- Up-to-date: /home/jerry/AutoSweeperSystem/AutoSweeperSystem_ws/install/fishbot_description/share/fishbot_description/environment/path.dsv
[1.153s] -- Up-to-date: /home/jerry/AutoSweeperSystem/AutoSweeperSystem_ws/install/fishbot_description/share/fishbot_description/local_setup.bash
[1.157s] -- Up-to-date: /home/jerry/AutoSweeperSystem/AutoSweeperSystem_ws/install/fishbot_description/share/fishbot_description/local_setup.sh
[1.157s] -- Up-to-date: /home/jerry/AutoSweeperSystem/AutoSweeperSystem_ws/install/fishbot_description/share/fishbot_description/local_setup.zsh
[1.158s] -- Up-to-date: /home/jerry/AutoSweeperSystem/AutoSweeperSystem_ws/install/fishbot_description/share/fishbot_description/local_setup.dsv
[1.158s] -- Installing: /home/jerry/AutoSweeperSystem/AutoSweeperSystem_ws/install/fishbot_description/share/fishbot_description/package.dsv
[1.160s] -- Up-to-date: /home/jerry/AutoSweeperSystem/AutoSweeperSystem_ws/install/fishbot_description/share/ament_index/resource_index/packages/fishbot_description
[1.161s] -- Up-to-date: /home/jerry/AutoSweeperSystem/AutoSweeperSystem_ws/install/fishbot_description/share/fishbot_description/cmake/fishbot_descriptionConfig.cmake
[1.162s] -- Up-to-date: /home/jerry/AutoSweeperSystem/AutoSweeperSystem_ws/install/fishbot_description/share/fishbot_description/cmake/fishbot_descriptionConfig-version.cmake
[1.178s] -- Up-to-date: /home/jerry/AutoSweeperSystem/AutoSweeperSystem_ws/install/fishbot_description/share/fishbot_description/package.xml
[1.330s] Invoked command in '/home/jerry/AutoSweeperSystem/AutoSweeperSystem_ws/build/fishbot_description' returned '0': CMAKE_PREFIX_PATH=${CMAKE_PREFIX_PATH}:/home/jerry/AutoSweeperSystem/AutoSweeperSystem_ws/install/camera_publisher:/home/jerry/AutoSweeperSystem/AutoSweeperSystem_ws/install/autosweeper_robot:/opt/ros/humble /usr/bin/cmake --install /home/jerry/AutoSweeperSystem/AutoSweeperSystem_ws/build/fishbot_description
