[0.975s] DEBUG:colcon:Command line arguments: ['/usr/bin/colcon', 'build']
[0.976s] DEBUG:colcon:Parsed command line arguments: Namespace(log_base=None, log_level=None, verb_name='build', build_base='build', install_base='install', merge_install=False, symlink_install=False, test_result_base=None, continue_on_error=False, executor='parallel', parallel_workers=4, event_handlers=None, ignore_user_meta=False, metas=['./colcon.meta'], base_paths=['.'], packages_ignore=None, packages_ignore_regex=None, paths=None, packages_up_to=None, packages_up_to_regex=None, packages_above=None, packages_above_and_dependencies=None, packages_above_depth=None, packages_select_by_dep=None, packages_skip_by_dep=None, packages_skip_up_to=None, packages_select_build_failed=False, packages_skip_build_finished=False, packages_select_test_failures=False, packages_skip_test_passed=False, packages_select=None, packages_skip=None, packages_select_regex=None, packages_skip_regex=None, packages_start=None, packages_end=None, allow_overriding=[], cmake_args=None, cmake_target=None, cmake_target_skip_unavailable=False, cmake_clean_cache=False, cmake_clean_first=False, cmake_force_configure=False, ament_cmake_args=None, catkin_cmake_args=None, catkin_skip_building_tests=False, verb_parser=<colcon_defaults.argument_parser.defaults.DefaultArgumentsDecorator object at 0xffffa12e8640>, verb_extension=<colcon_core.verb.build.BuildVerb object at 0xffffa147db10>, main=<bound method BuildVerb.main of <colcon_core.verb.build.BuildVerb object at 0xffffa147db10>>)
[2.512s] Level 1:colcon.colcon_core.package_discovery:discover_packages(colcon_meta) check parameters
[2.513s] Level 1:colcon.colcon_core.package_discovery:discover_packages(recursive) check parameters
[2.513s] Level 1:colcon.colcon_core.package_discovery:discover_packages(ignore) check parameters
[2.514s] Level 1:colcon.colcon_core.package_discovery:discover_packages(path) check parameters
[2.514s] Level 1:colcon.colcon_core.package_discovery:discover_packages(colcon_meta) discover
[2.514s] Level 1:colcon.colcon_core.package_discovery:discover_packages(recursive) discover
[2.514s] INFO:colcon.colcon_core.package_discovery:Crawling recursively for packages in '/home/jerry/AutoSweeperSystem/AutoSweeperSystem_ws'
[2.515s] Level 1:colcon.colcon_core.package_identification:_identify(.) by extensions ['ignore', 'ignore_ament_install']
[2.515s] Level 1:colcon.colcon_core.package_identification:_identify(.) by extension 'ignore'
[2.516s] Level 1:colcon.colcon_core.package_identification:_identify(.) by extension 'ignore_ament_install'
[2.516s] Level 1:colcon.colcon_core.package_identification:_identify(.) by extensions ['colcon_pkg']
[2.517s] Level 1:colcon.colcon_core.package_identification:_identify(.) by extension 'colcon_pkg'
[2.517s] Level 1:colcon.colcon_core.package_identification:_identify(.) by extensions ['colcon_meta']
[2.517s] Level 1:colcon.colcon_core.package_identification:_identify(.) by extension 'colcon_meta'
[2.517s] Level 1:colcon.colcon_core.package_identification:_identify(.) by extensions ['ros']
[2.518s] Level 1:colcon.colcon_core.package_identification:_identify(.) by extension 'ros'
[2.602s] Level 1:colcon.colcon_core.package_identification:_identify(.) by extensions ['cmake', 'python']
[2.602s] Level 1:colcon.colcon_core.package_identification:_identify(.) by extension 'cmake'
[2.603s] Level 1:colcon.colcon_core.package_identification:_identify(.) by extension 'python'
[2.603s] Level 1:colcon.colcon_core.package_identification:_identify(.) by extensions ['python_setup_py']
[2.604s] Level 1:colcon.colcon_core.package_identification:_identify(.) by extension 'python_setup_py'
[2.605s] Level 1:colcon.colcon_core.package_identification:_identify(build) by extensions ['ignore', 'ignore_ament_install']
[2.605s] Level 1:colcon.colcon_core.package_identification:_identify(build) by extension 'ignore'
[2.606s] Level 1:colcon.colcon_core.package_identification:_identify(build) ignored
[2.607s] Level 1:colcon.colcon_core.package_identification:_identify(install) by extensions ['ignore', 'ignore_ament_install']
[2.608s] Level 1:colcon.colcon_core.package_identification:_identify(install) by extension 'ignore'
[2.609s] Level 1:colcon.colcon_core.package_identification:_identify(install) ignored
[2.610s] Level 1:colcon.colcon_core.package_identification:_identify(log) by extensions ['ignore', 'ignore_ament_install']
[2.610s] Level 1:colcon.colcon_core.package_identification:_identify(log) by extension 'ignore'
[2.611s] Level 1:colcon.colcon_core.package_identification:_identify(log) ignored
[2.611s] Level 1:colcon.colcon_core.package_identification:_identify(src) by extensions ['ignore', 'ignore_ament_install']
[2.612s] Level 1:colcon.colcon_core.package_identification:_identify(src) by extension 'ignore'
[2.613s] Level 1:colcon.colcon_core.package_identification:_identify(src) by extension 'ignore_ament_install'
[2.613s] Level 1:colcon.colcon_core.package_identification:_identify(src) by extensions ['colcon_pkg']
[2.613s] Level 1:colcon.colcon_core.package_identification:_identify(src) by extension 'colcon_pkg'
[2.614s] Level 1:colcon.colcon_core.package_identification:_identify(src) by extensions ['colcon_meta']
[2.614s] Level 1:colcon.colcon_core.package_identification:_identify(src) by extension 'colcon_meta'
[2.614s] Level 1:colcon.colcon_core.package_identification:_identify(src) by extensions ['ros']
[2.615s] Level 1:colcon.colcon_core.package_identification:_identify(src) by extension 'ros'
[2.615s] Level 1:colcon.colcon_core.package_identification:_identify(src) by extensions ['cmake', 'python']
[2.616s] Level 1:colcon.colcon_core.package_identification:_identify(src) by extension 'cmake'
[2.616s] Level 1:colcon.colcon_core.package_identification:_identify(src) by extension 'python'
[2.616s] Level 1:colcon.colcon_core.package_identification:_identify(src) by extensions ['python_setup_py']
[2.617s] Level 1:colcon.colcon_core.package_identification:_identify(src) by extension 'python_setup_py'
[2.617s] Level 1:colcon.colcon_core.package_identification:_identify(src/autosweeper_robot) by extensions ['ignore', 'ignore_ament_install']
[2.618s] Level 1:colcon.colcon_core.package_identification:_identify(src/autosweeper_robot) by extension 'ignore'
[2.619s] Level 1:colcon.colcon_core.package_identification:_identify(src/autosweeper_robot) by extension 'ignore_ament_install'
[2.619s] Level 1:colcon.colcon_core.package_identification:_identify(src/autosweeper_robot) by extensions ['colcon_pkg']
[2.620s] Level 1:colcon.colcon_core.package_identification:_identify(src/autosweeper_robot) by extension 'colcon_pkg'
[2.620s] Level 1:colcon.colcon_core.package_identification:_identify(src/autosweeper_robot) by extensions ['colcon_meta']
[2.620s] Level 1:colcon.colcon_core.package_identification:_identify(src/autosweeper_robot) by extension 'colcon_meta'
[2.621s] Level 1:colcon.colcon_core.package_identification:_identify(src/autosweeper_robot) by extensions ['ros']
[2.621s] Level 1:colcon.colcon_core.package_identification:_identify(src/autosweeper_robot) by extension 'ros'
[2.643s] DEBUG:colcon.colcon_core.package_identification:Package 'src/autosweeper_robot' with type 'ros.ament_python' and name 'autosweeper_robot'
[2.644s] Level 1:colcon.colcon_core.package_identification:_identify(src/fishbot_bringup) by extensions ['ignore', 'ignore_ament_install']
[2.644s] Level 1:colcon.colcon_core.package_identification:_identify(src/fishbot_bringup) by extension 'ignore'
[2.645s] Level 1:colcon.colcon_core.package_identification:_identify(src/fishbot_bringup) by extension 'ignore_ament_install'
[2.646s] Level 1:colcon.colcon_core.package_identification:_identify(src/fishbot_bringup) by extensions ['colcon_pkg']
[2.646s] Level 1:colcon.colcon_core.package_identification:_identify(src/fishbot_bringup) by extension 'colcon_pkg'
[2.647s] Level 1:colcon.colcon_core.package_identification:_identify(src/fishbot_bringup) by extensions ['colcon_meta']
[2.647s] Level 1:colcon.colcon_core.package_identification:_identify(src/fishbot_bringup) by extension 'colcon_meta'
[2.647s] Level 1:colcon.colcon_core.package_identification:_identify(src/fishbot_bringup) by extensions ['ros']
[2.648s] Level 1:colcon.colcon_core.package_identification:_identify(src/fishbot_bringup) by extension 'ros'
[2.650s] DEBUG:colcon.colcon_core.package_identification:Package 'src/fishbot_bringup' with type 'ros.ament_cmake' and name 'fishbot_bringup'
[2.651s] Level 1:colcon.colcon_core.package_identification:_identify(src/fishbot_description) by extensions ['ignore', 'ignore_ament_install']
[2.652s] Level 1:colcon.colcon_core.package_identification:_identify(src/fishbot_description) by extension 'ignore'
[2.653s] Level 1:colcon.colcon_core.package_identification:_identify(src/fishbot_description) by extension 'ignore_ament_install'
[2.653s] Level 1:colcon.colcon_core.package_identification:_identify(src/fishbot_description) by extensions ['colcon_pkg']
[2.654s] Level 1:colcon.colcon_core.package_identification:_identify(src/fishbot_description) by extension 'colcon_pkg'
[2.654s] Level 1:colcon.colcon_core.package_identification:_identify(src/fishbot_description) by extensions ['colcon_meta']
[2.655s] Level 1:colcon.colcon_core.package_identification:_identify(src/fishbot_description) by extension 'colcon_meta'
[2.655s] Level 1:colcon.colcon_core.package_identification:_identify(src/fishbot_description) by extensions ['ros']
[2.655s] Level 1:colcon.colcon_core.package_identification:_identify(src/fishbot_description) by extension 'ros'
[2.659s] DEBUG:colcon.colcon_core.package_identification:Package 'src/fishbot_description' with type 'ros.ament_cmake' and name 'fishbot_description'
[2.659s] Level 1:colcon.colcon_core.package_identification:_identify(src/fishbot_navigation2) by extensions ['ignore', 'ignore_ament_install']
[2.660s] Level 1:colcon.colcon_core.package_identification:_identify(src/fishbot_navigation2) by extension 'ignore'
[2.661s] Level 1:colcon.colcon_core.package_identification:_identify(src/fishbot_navigation2) by extension 'ignore_ament_install'
[2.661s] Level 1:colcon.colcon_core.package_identification:_identify(src/fishbot_navigation2) by extensions ['colcon_pkg']
[2.662s] Level 1:colcon.colcon_core.package_identification:_identify(src/fishbot_navigation2) by extension 'colcon_pkg'
[2.662s] Level 1:colcon.colcon_core.package_identification:_identify(src/fishbot_navigation2) by extensions ['colcon_meta']
[2.663s] Level 1:colcon.colcon_core.package_identification:_identify(src/fishbot_navigation2) by extension 'colcon_meta'
[2.663s] Level 1:colcon.colcon_core.package_identification:_identify(src/fishbot_navigation2) by extensions ['ros']
[2.663s] Level 1:colcon.colcon_core.package_identification:_identify(src/fishbot_navigation2) by extension 'ros'
[2.666s] DEBUG:colcon.colcon_core.package_identification:Package 'src/fishbot_navigation2' with type 'ros.ament_cmake' and name 'fishbot_navigation2'
[2.667s] Level 1:colcon.colcon_core.package_identification:_identify(src/m1ct_d2) by extensions ['ignore', 'ignore_ament_install']
[2.668s] Level 1:colcon.colcon_core.package_identification:_identify(src/m1ct_d2) by extension 'ignore'
[2.668s] Level 1:colcon.colcon_core.package_identification:_identify(src/m1ct_d2) by extension 'ignore_ament_install'
[2.669s] Level 1:colcon.colcon_core.package_identification:_identify(src/m1ct_d2) by extensions ['colcon_pkg']
[2.669s] Level 1:colcon.colcon_core.package_identification:_identify(src/m1ct_d2) by extension 'colcon_pkg'
[2.669s] Level 1:colcon.colcon_core.package_identification:_identify(src/m1ct_d2) by extensions ['colcon_meta']
[2.670s] Level 1:colcon.colcon_core.package_identification:_identify(src/m1ct_d2) by extension 'colcon_meta'
[2.670s] Level 1:colcon.colcon_core.package_identification:_identify(src/m1ct_d2) by extensions ['ros']
[2.671s] Level 1:colcon.colcon_core.package_identification:_identify(src/m1ct_d2) by extension 'ros'
[2.677s] DEBUG:colcon.colcon_core.package_identification:Package 'src/m1ct_d2' with type 'ros.ament_cmake' and name 'm1ct_d2'
[2.678s] Level 1:colcon.colcon_core.package_identification:_identify(src/micro-ROS-Agent) by extensions ['ignore', 'ignore_ament_install']
[2.679s] Level 1:colcon.colcon_core.package_identification:_identify(src/micro-ROS-Agent) by extension 'ignore'
[2.679s] Level 1:colcon.colcon_core.package_identification:_identify(src/micro-ROS-Agent) by extension 'ignore_ament_install'
[2.680s] Level 1:colcon.colcon_core.package_identification:_identify(src/micro-ROS-Agent) by extensions ['colcon_pkg']
[2.680s] Level 1:colcon.colcon_core.package_identification:_identify(src/micro-ROS-Agent) by extension 'colcon_pkg'
[2.680s] Level 1:colcon.colcon_core.package_identification:_identify(src/micro-ROS-Agent) by extensions ['colcon_meta']
[2.681s] Level 1:colcon.colcon_core.package_identification:_identify(src/micro-ROS-Agent) by extension 'colcon_meta'
[2.681s] Level 1:colcon.colcon_core.package_identification:_identify(src/micro-ROS-Agent) by extensions ['ros']
[2.681s] Level 1:colcon.colcon_core.package_identification:_identify(src/micro-ROS-Agent) by extension 'ros'
[2.682s] Level 1:colcon.colcon_core.package_identification:_identify(src/micro-ROS-Agent) by extensions ['cmake', 'python']
[2.682s] Level 1:colcon.colcon_core.package_identification:_identify(src/micro-ROS-Agent) by extension 'cmake'
[2.683s] Level 1:colcon.colcon_core.package_identification:_identify(src/micro-ROS-Agent) by extension 'python'
[2.683s] Level 1:colcon.colcon_core.package_identification:_identify(src/micro-ROS-Agent) by extensions ['python_setup_py']
[2.683s] Level 1:colcon.colcon_core.package_identification:_identify(src/micro-ROS-Agent) by extension 'python_setup_py'
[2.684s] Level 1:colcon.colcon_core.package_identification:_identify(src/micro-ROS-Agent/micro_ros_agent) by extensions ['ignore', 'ignore_ament_install']
[2.685s] Level 1:colcon.colcon_core.package_identification:_identify(src/micro-ROS-Agent/micro_ros_agent) by extension 'ignore'
[2.685s] Level 1:colcon.colcon_core.package_identification:_identify(src/micro-ROS-Agent/micro_ros_agent) by extension 'ignore_ament_install'
[2.686s] Level 1:colcon.colcon_core.package_identification:_identify(src/micro-ROS-Agent/micro_ros_agent) by extensions ['colcon_pkg']
[2.686s] Level 1:colcon.colcon_core.package_identification:_identify(src/micro-ROS-Agent/micro_ros_agent) by extension 'colcon_pkg'
[2.686s] Level 1:colcon.colcon_core.package_identification:_identify(src/micro-ROS-Agent/micro_ros_agent) by extensions ['colcon_meta']
[2.687s] Level 1:colcon.colcon_core.package_identification:_identify(src/micro-ROS-Agent/micro_ros_agent) by extension 'colcon_meta'
[2.688s] Level 1:colcon.colcon_core.package_identification:_identify(src/micro-ROS-Agent/micro_ros_agent) by extensions ['ros']
[2.688s] Level 1:colcon.colcon_core.package_identification:_identify(src/micro-ROS-Agent/micro_ros_agent) by extension 'ros'
[2.695s] DEBUG:colcon.colcon_core.package_identification:Package 'src/micro-ROS-Agent/micro_ros_agent' with type 'ros.ament_cmake' and name 'micro_ros_agent'
[2.696s] Level 1:colcon.colcon_core.package_identification:_identify(src/micro-ROS-Agent/snap) by extensions ['ignore', 'ignore_ament_install']
[2.697s] Level 1:colcon.colcon_core.package_identification:_identify(src/micro-ROS-Agent/snap) by extension 'ignore'
[2.697s] Level 1:colcon.colcon_core.package_identification:_identify(src/micro-ROS-Agent/snap) by extension 'ignore_ament_install'
[2.698s] Level 1:colcon.colcon_core.package_identification:_identify(src/micro-ROS-Agent/snap) by extensions ['colcon_pkg']
[2.698s] Level 1:colcon.colcon_core.package_identification:_identify(src/micro-ROS-Agent/snap) by extension 'colcon_pkg'
[2.698s] Level 1:colcon.colcon_core.package_identification:_identify(src/micro-ROS-Agent/snap) by extensions ['colcon_meta']
[2.699s] Level 1:colcon.colcon_core.package_identification:_identify(src/micro-ROS-Agent/snap) by extension 'colcon_meta'
[2.699s] Level 1:colcon.colcon_core.package_identification:_identify(src/micro-ROS-Agent/snap) by extensions ['ros']
[2.700s] Level 1:colcon.colcon_core.package_identification:_identify(src/micro-ROS-Agent/snap) by extension 'ros'
[2.700s] Level 1:colcon.colcon_core.package_identification:_identify(src/micro-ROS-Agent/snap) by extensions ['cmake', 'python']
[2.701s] Level 1:colcon.colcon_core.package_identification:_identify(src/micro-ROS-Agent/snap) by extension 'cmake'
[2.701s] Level 1:colcon.colcon_core.package_identification:_identify(src/micro-ROS-Agent/snap) by extension 'python'
[2.701s] Level 1:colcon.colcon_core.package_identification:_identify(src/micro-ROS-Agent/snap) by extensions ['python_setup_py']
[2.702s] Level 1:colcon.colcon_core.package_identification:_identify(src/micro-ROS-Agent/snap) by extension 'python_setup_py'
[2.703s] Level 1:colcon.colcon_core.package_identification:_identify(src/micro-ROS-Agent/snap/hooks) by extensions ['ignore', 'ignore_ament_install']
[2.703s] Level 1:colcon.colcon_core.package_identification:_identify(src/micro-ROS-Agent/snap/hooks) by extension 'ignore'
[2.704s] Level 1:colcon.colcon_core.package_identification:_identify(src/micro-ROS-Agent/snap/hooks) by extension 'ignore_ament_install'
[2.704s] Level 1:colcon.colcon_core.package_identification:_identify(src/micro-ROS-Agent/snap/hooks) by extensions ['colcon_pkg']
[2.704s] Level 1:colcon.colcon_core.package_identification:_identify(src/micro-ROS-Agent/snap/hooks) by extension 'colcon_pkg'
[2.705s] Level 1:colcon.colcon_core.package_identification:_identify(src/micro-ROS-Agent/snap/hooks) by extensions ['colcon_meta']
[2.705s] Level 1:colcon.colcon_core.package_identification:_identify(src/micro-ROS-Agent/snap/hooks) by extension 'colcon_meta'
[2.705s] Level 1:colcon.colcon_core.package_identification:_identify(src/micro-ROS-Agent/snap/hooks) by extensions ['ros']
[2.706s] Level 1:colcon.colcon_core.package_identification:_identify(src/micro-ROS-Agent/snap/hooks) by extension 'ros'
[2.706s] Level 1:colcon.colcon_core.package_identification:_identify(src/micro-ROS-Agent/snap/hooks) by extensions ['cmake', 'python']
[2.707s] Level 1:colcon.colcon_core.package_identification:_identify(src/micro-ROS-Agent/snap/hooks) by extension 'cmake'
[2.707s] Level 1:colcon.colcon_core.package_identification:_identify(src/micro-ROS-Agent/snap/hooks) by extension 'python'
[2.707s] Level 1:colcon.colcon_core.package_identification:_identify(src/micro-ROS-Agent/snap/hooks) by extensions ['python_setup_py']
[2.708s] Level 1:colcon.colcon_core.package_identification:_identify(src/micro-ROS-Agent/snap/hooks) by extension 'python_setup_py'
[2.708s] Level 1:colcon.colcon_core.package_identification:_identify(src/micro-ROS-Agent/snap/local) by extensions ['ignore', 'ignore_ament_install']
[2.710s] Level 1:colcon.colcon_core.package_identification:_identify(src/micro-ROS-Agent/snap/local) by extension 'ignore'
[2.710s] Level 1:colcon.colcon_core.package_identification:_identify(src/micro-ROS-Agent/snap/local) by extension 'ignore_ament_install'
[2.711s] Level 1:colcon.colcon_core.package_identification:_identify(src/micro-ROS-Agent/snap/local) by extensions ['colcon_pkg']
[2.712s] Level 1:colcon.colcon_core.package_identification:_identify(src/micro-ROS-Agent/snap/local) by extension 'colcon_pkg'
[2.712s] Level 1:colcon.colcon_core.package_identification:_identify(src/micro-ROS-Agent/snap/local) by extensions ['colcon_meta']
[2.713s] Level 1:colcon.colcon_core.package_identification:_identify(src/micro-ROS-Agent/snap/local) by extension 'colcon_meta'
[2.713s] Level 1:colcon.colcon_core.package_identification:_identify(src/micro-ROS-Agent/snap/local) by extensions ['ros']
[2.714s] Level 1:colcon.colcon_core.package_identification:_identify(src/micro-ROS-Agent/snap/local) by extension 'ros'
[2.715s] Level 1:colcon.colcon_core.package_identification:_identify(src/micro-ROS-Agent/snap/local) by extensions ['cmake', 'python']
[2.715s] Level 1:colcon.colcon_core.package_identification:_identify(src/micro-ROS-Agent/snap/local) by extension 'cmake'
[2.716s] Level 1:colcon.colcon_core.package_identification:_identify(src/micro-ROS-Agent/snap/local) by extension 'python'
[2.716s] Level 1:colcon.colcon_core.package_identification:_identify(src/micro-ROS-Agent/snap/local) by extensions ['python_setup_py']
[2.716s] Level 1:colcon.colcon_core.package_identification:_identify(src/micro-ROS-Agent/snap/local) by extension 'python_setup_py'
[2.717s] Level 1:colcon.colcon_core.package_identification:_identify(src/micro_ros_msgs) by extensions ['ignore', 'ignore_ament_install']
[2.718s] Level 1:colcon.colcon_core.package_identification:_identify(src/micro_ros_msgs) by extension 'ignore'
[2.719s] Level 1:colcon.colcon_core.package_identification:_identify(src/micro_ros_msgs) by extension 'ignore_ament_install'
[2.719s] Level 1:colcon.colcon_core.package_identification:_identify(src/micro_ros_msgs) by extensions ['colcon_pkg']
[2.720s] Level 1:colcon.colcon_core.package_identification:_identify(src/micro_ros_msgs) by extension 'colcon_pkg'
[2.720s] Level 1:colcon.colcon_core.package_identification:_identify(src/micro_ros_msgs) by extensions ['colcon_meta']
[2.720s] Level 1:colcon.colcon_core.package_identification:_identify(src/micro_ros_msgs) by extension 'colcon_meta'
[2.721s] Level 1:colcon.colcon_core.package_identification:_identify(src/micro_ros_msgs) by extensions ['ros']
[2.721s] Level 1:colcon.colcon_core.package_identification:_identify(src/micro_ros_msgs) by extension 'ros'
[2.729s] DEBUG:colcon.colcon_core.package_identification:Package 'src/micro_ros_msgs' with type 'ros.ament_cmake' and name 'micro_ros_msgs'
[2.730s] Level 1:colcon.colcon_core.package_discovery:discover_packages(recursive) using defaults
[2.730s] Level 1:colcon.colcon_core.package_discovery:discover_packages(ignore) discover
[2.731s] Level 1:colcon.colcon_core.package_discovery:discover_packages(ignore) using defaults
[2.731s] Level 1:colcon.colcon_core.package_discovery:discover_packages(path) discover
[2.732s] Level 1:colcon.colcon_core.package_discovery:discover_packages(path) using defaults
[2.908s] Level 1:colcon.colcon_core.package_discovery:discover_packages(prefix_path) check parameters
[2.908s] Level 1:colcon.colcon_core.package_discovery:discover_packages(prefix_path) discover
[2.932s] DEBUG:colcon.colcon_installed_package_information.package_discovery:Found 9 installed packages in /home/jerry/AutoSweeperSystem/AutoSweeperSystem_ws/install
[2.944s] DEBUG:colcon.colcon_installed_package_information.package_discovery:Found 320 installed packages in /opt/ros/humble
[2.992s] Level 1:colcon.colcon_core.package_discovery:discover_packages(prefix_path) using defaults
[3.278s] Level 5:colcon.colcon_core.verb:set package 'autosweeper_robot' build argument 'cmake_args' from command line to 'None'
[3.278s] Level 5:colcon.colcon_core.verb:set package 'autosweeper_robot' build argument 'cmake_target' from command line to 'None'
[3.278s] Level 5:colcon.colcon_core.verb:set package 'autosweeper_robot' build argument 'cmake_target_skip_unavailable' from command line to 'False'
[3.278s] Level 5:colcon.colcon_core.verb:set package 'autosweeper_robot' build argument 'cmake_clean_cache' from command line to 'False'
[3.279s] Level 5:colcon.colcon_core.verb:set package 'autosweeper_robot' build argument 'cmake_clean_first' from command line to 'False'
[3.279s] Level 5:colcon.colcon_core.verb:set package 'autosweeper_robot' build argument 'cmake_force_configure' from command line to 'False'
[3.279s] Level 5:colcon.colcon_core.verb:set package 'autosweeper_robot' build argument 'ament_cmake_args' from command line to 'None'
[3.279s] Level 5:colcon.colcon_core.verb:set package 'autosweeper_robot' build argument 'catkin_cmake_args' from command line to 'None'
[3.279s] Level 5:colcon.colcon_core.verb:set package 'autosweeper_robot' build argument 'catkin_skip_building_tests' from command line to 'False'
[3.279s] DEBUG:colcon.colcon_core.verb:Building package 'autosweeper_robot' with the following arguments: {'ament_cmake_args': None, 'build_base': '/home/jerry/AutoSweeperSystem/AutoSweeperSystem_ws/build/autosweeper_robot', 'catkin_cmake_args': None, 'catkin_skip_building_tests': False, 'cmake_args': None, 'cmake_clean_cache': False, 'cmake_clean_first': False, 'cmake_force_configure': False, 'cmake_target': None, 'cmake_target_skip_unavailable': False, 'install_base': '/home/jerry/AutoSweeperSystem/AutoSweeperSystem_ws/install/autosweeper_robot', 'merge_install': False, 'path': '/home/jerry/AutoSweeperSystem/AutoSweeperSystem_ws/src/autosweeper_robot', 'symlink_install': False, 'test_result_base': None}
[3.281s] Level 5:colcon.colcon_core.verb:set package 'fishbot_bringup' build argument 'cmake_args' from command line to 'None'
[3.282s] Level 5:colcon.colcon_core.verb:set package 'fishbot_bringup' build argument 'cmake_target' from command line to 'None'
[3.282s] Level 5:colcon.colcon_core.verb:set package 'fishbot_bringup' build argument 'cmake_target_skip_unavailable' from command line to 'False'
[3.282s] Level 5:colcon.colcon_core.verb:set package 'fishbot_bringup' build argument 'cmake_clean_cache' from command line to 'False'
[3.282s] Level 5:colcon.colcon_core.verb:set package 'fishbot_bringup' build argument 'cmake_clean_first' from command line to 'False'
[3.283s] Level 5:colcon.colcon_core.verb:set package 'fishbot_bringup' build argument 'cmake_force_configure' from command line to 'False'
[3.283s] Level 5:colcon.colcon_core.verb:set package 'fishbot_bringup' build argument 'ament_cmake_args' from command line to 'None'
[3.283s] Level 5:colcon.colcon_core.verb:set package 'fishbot_bringup' build argument 'catkin_cmake_args' from command line to 'None'
[3.283s] Level 5:colcon.colcon_core.verb:set package 'fishbot_bringup' build argument 'catkin_skip_building_tests' from command line to 'False'
[3.283s] DEBUG:colcon.colcon_core.verb:Building package 'fishbot_bringup' with the following arguments: {'ament_cmake_args': None, 'build_base': '/home/jerry/AutoSweeperSystem/AutoSweeperSystem_ws/build/fishbot_bringup', 'catkin_cmake_args': None, 'catkin_skip_building_tests': False, 'cmake_args': None, 'cmake_clean_cache': False, 'cmake_clean_first': False, 'cmake_force_configure': False, 'cmake_target': None, 'cmake_target_skip_unavailable': False, 'install_base': '/home/jerry/AutoSweeperSystem/AutoSweeperSystem_ws/install/fishbot_bringup', 'merge_install': False, 'path': '/home/jerry/AutoSweeperSystem/AutoSweeperSystem_ws/src/fishbot_bringup', 'symlink_install': False, 'test_result_base': None}
[3.285s] Level 5:colcon.colcon_core.verb:set package 'fishbot_description' build argument 'cmake_args' from command line to 'None'
[3.285s] Level 5:colcon.colcon_core.verb:set package 'fishbot_description' build argument 'cmake_target' from command line to 'None'
[3.285s] Level 5:colcon.colcon_core.verb:set package 'fishbot_description' build argument 'cmake_target_skip_unavailable' from command line to 'False'
[3.285s] Level 5:colcon.colcon_core.verb:set package 'fishbot_description' build argument 'cmake_clean_cache' from command line to 'False'
[3.286s] Level 5:colcon.colcon_core.verb:set package 'fishbot_description' build argument 'cmake_clean_first' from command line to 'False'
[3.286s] Level 5:colcon.colcon_core.verb:set package 'fishbot_description' build argument 'cmake_force_configure' from command line to 'False'
[3.286s] Level 5:colcon.colcon_core.verb:set package 'fishbot_description' build argument 'ament_cmake_args' from command line to 'None'
[3.286s] Level 5:colcon.colcon_core.verb:set package 'fishbot_description' build argument 'catkin_cmake_args' from command line to 'None'
[3.286s] Level 5:colcon.colcon_core.verb:set package 'fishbot_description' build argument 'catkin_skip_building_tests' from command line to 'False'
[3.286s] DEBUG:colcon.colcon_core.verb:Building package 'fishbot_description' with the following arguments: {'ament_cmake_args': None, 'build_base': '/home/jerry/AutoSweeperSystem/AutoSweeperSystem_ws/build/fishbot_description', 'catkin_cmake_args': None, 'catkin_skip_building_tests': False, 'cmake_args': None, 'cmake_clean_cache': False, 'cmake_clean_first': False, 'cmake_force_configure': False, 'cmake_target': None, 'cmake_target_skip_unavailable': False, 'install_base': '/home/jerry/AutoSweeperSystem/AutoSweeperSystem_ws/install/fishbot_description', 'merge_install': False, 'path': '/home/jerry/AutoSweeperSystem/AutoSweeperSystem_ws/src/fishbot_description', 'symlink_install': False, 'test_result_base': None}
[3.288s] Level 5:colcon.colcon_core.verb:set package 'fishbot_navigation2' build argument 'cmake_args' from command line to 'None'
[3.288s] Level 5:colcon.colcon_core.verb:set package 'fishbot_navigation2' build argument 'cmake_target' from command line to 'None'
[3.289s] Level 5:colcon.colcon_core.verb:set package 'fishbot_navigation2' build argument 'cmake_target_skip_unavailable' from command line to 'False'
[3.289s] Level 5:colcon.colcon_core.verb:set package 'fishbot_navigation2' build argument 'cmake_clean_cache' from command line to 'False'
[3.289s] Level 5:colcon.colcon_core.verb:set package 'fishbot_navigation2' build argument 'cmake_clean_first' from command line to 'False'
[3.289s] Level 5:colcon.colcon_core.verb:set package 'fishbot_navigation2' build argument 'cmake_force_configure' from command line to 'False'
[3.289s] Level 5:colcon.colcon_core.verb:set package 'fishbot_navigation2' build argument 'ament_cmake_args' from command line to 'None'
[3.289s] Level 5:colcon.colcon_core.verb:set package 'fishbot_navigation2' build argument 'catkin_cmake_args' from command line to 'None'
[3.289s] Level 5:colcon.colcon_core.verb:set package 'fishbot_navigation2' build argument 'catkin_skip_building_tests' from command line to 'False'
[3.290s] DEBUG:colcon.colcon_core.verb:Building package 'fishbot_navigation2' with the following arguments: {'ament_cmake_args': None, 'build_base': '/home/jerry/AutoSweeperSystem/AutoSweeperSystem_ws/build/fishbot_navigation2', 'catkin_cmake_args': None, 'catkin_skip_building_tests': False, 'cmake_args': None, 'cmake_clean_cache': False, 'cmake_clean_first': False, 'cmake_force_configure': False, 'cmake_target': None, 'cmake_target_skip_unavailable': False, 'install_base': '/home/jerry/AutoSweeperSystem/AutoSweeperSystem_ws/install/fishbot_navigation2', 'merge_install': False, 'path': '/home/jerry/AutoSweeperSystem/AutoSweeperSystem_ws/src/fishbot_navigation2', 'symlink_install': False, 'test_result_base': None}
[3.291s] Level 5:colcon.colcon_core.verb:set package 'm1ct_d2' build argument 'cmake_args' from command line to 'None'
[3.292s] Level 5:colcon.colcon_core.verb:set package 'm1ct_d2' build argument 'cmake_target' from command line to 'None'
[3.292s] Level 5:colcon.colcon_core.verb:set package 'm1ct_d2' build argument 'cmake_target_skip_unavailable' from command line to 'False'
[3.292s] Level 5:colcon.colcon_core.verb:set package 'm1ct_d2' build argument 'cmake_clean_cache' from command line to 'False'
[3.292s] Level 5:colcon.colcon_core.verb:set package 'm1ct_d2' build argument 'cmake_clean_first' from command line to 'False'
[3.293s] Level 5:colcon.colcon_core.verb:set package 'm1ct_d2' build argument 'cmake_force_configure' from command line to 'False'
[3.293s] Level 5:colcon.colcon_core.verb:set package 'm1ct_d2' build argument 'ament_cmake_args' from command line to 'None'
[3.293s] Level 5:colcon.colcon_core.verb:set package 'm1ct_d2' build argument 'catkin_cmake_args' from command line to 'None'
[3.293s] Level 5:colcon.colcon_core.verb:set package 'm1ct_d2' build argument 'catkin_skip_building_tests' from command line to 'False'
[3.293s] DEBUG:colcon.colcon_core.verb:Building package 'm1ct_d2' with the following arguments: {'ament_cmake_args': None, 'build_base': '/home/jerry/AutoSweeperSystem/AutoSweeperSystem_ws/build/m1ct_d2', 'catkin_cmake_args': None, 'catkin_skip_building_tests': False, 'cmake_args': None, 'cmake_clean_cache': False, 'cmake_clean_first': False, 'cmake_force_configure': False, 'cmake_target': None, 'cmake_target_skip_unavailable': False, 'install_base': '/home/jerry/AutoSweeperSystem/AutoSweeperSystem_ws/install/m1ct_d2', 'merge_install': False, 'path': '/home/jerry/AutoSweeperSystem/AutoSweeperSystem_ws/src/m1ct_d2', 'symlink_install': False, 'test_result_base': None}
[3.295s] Level 5:colcon.colcon_core.verb:set package 'micro_ros_msgs' build argument 'cmake_args' from command line to 'None'
[3.295s] Level 5:colcon.colcon_core.verb:set package 'micro_ros_msgs' build argument 'cmake_target' from command line to 'None'
[3.295s] Level 5:colcon.colcon_core.verb:set package 'micro_ros_msgs' build argument 'cmake_target_skip_unavailable' from command line to 'False'
[3.296s] Level 5:colcon.colcon_core.verb:set package 'micro_ros_msgs' build argument 'cmake_clean_cache' from command line to 'False'
[3.296s] Level 5:colcon.colcon_core.verb:set package 'micro_ros_msgs' build argument 'cmake_clean_first' from command line to 'False'
[3.296s] Level 5:colcon.colcon_core.verb:set package 'micro_ros_msgs' build argument 'cmake_force_configure' from command line to 'False'
[3.296s] Level 5:colcon.colcon_core.verb:set package 'micro_ros_msgs' build argument 'ament_cmake_args' from command line to 'None'
[3.296s] Level 5:colcon.colcon_core.verb:set package 'micro_ros_msgs' build argument 'catkin_cmake_args' from command line to 'None'
[3.297s] Level 5:colcon.colcon_core.verb:set package 'micro_ros_msgs' build argument 'catkin_skip_building_tests' from command line to 'False'
[3.297s] DEBUG:colcon.colcon_core.verb:Building package 'micro_ros_msgs' with the following arguments: {'ament_cmake_args': None, 'build_base': '/home/jerry/AutoSweeperSystem/AutoSweeperSystem_ws/build/micro_ros_msgs', 'catkin_cmake_args': None, 'catkin_skip_building_tests': False, 'cmake_args': None, 'cmake_clean_cache': False, 'cmake_clean_first': False, 'cmake_force_configure': False, 'cmake_target': None, 'cmake_target_skip_unavailable': False, 'install_base': '/home/jerry/AutoSweeperSystem/AutoSweeperSystem_ws/install/micro_ros_msgs', 'merge_install': False, 'path': '/home/jerry/AutoSweeperSystem/AutoSweeperSystem_ws/src/micro_ros_msgs', 'symlink_install': False, 'test_result_base': None}
[3.299s] Level 5:colcon.colcon_core.verb:set package 'micro_ros_agent' build argument 'cmake_args' from command line to 'None'
[3.299s] Level 5:colcon.colcon_core.verb:set package 'micro_ros_agent' build argument 'cmake_target' from command line to 'None'
[3.299s] Level 5:colcon.colcon_core.verb:set package 'micro_ros_agent' build argument 'cmake_target_skip_unavailable' from command line to 'False'
[3.299s] Level 5:colcon.colcon_core.verb:set package 'micro_ros_agent' build argument 'cmake_clean_cache' from command line to 'False'
[3.300s] Level 5:colcon.colcon_core.verb:set package 'micro_ros_agent' build argument 'cmake_clean_first' from command line to 'False'
[3.300s] Level 5:colcon.colcon_core.verb:set package 'micro_ros_agent' build argument 'cmake_force_configure' from command line to 'False'
[3.300s] Level 5:colcon.colcon_core.verb:set package 'micro_ros_agent' build argument 'ament_cmake_args' from command line to 'None'
[3.300s] Level 5:colcon.colcon_core.verb:set package 'micro_ros_agent' build argument 'catkin_cmake_args' from command line to 'None'
[3.300s] Level 5:colcon.colcon_core.verb:set package 'micro_ros_agent' build argument 'catkin_skip_building_tests' from command line to 'False'
[3.300s] DEBUG:colcon.colcon_core.verb:Building package 'micro_ros_agent' with the following arguments: {'ament_cmake_args': None, 'build_base': '/home/jerry/AutoSweeperSystem/AutoSweeperSystem_ws/build/micro_ros_agent', 'catkin_cmake_args': None, 'catkin_skip_building_tests': False, 'cmake_args': None, 'cmake_clean_cache': False, 'cmake_clean_first': False, 'cmake_force_configure': False, 'cmake_target': None, 'cmake_target_skip_unavailable': False, 'install_base': '/home/jerry/AutoSweeperSystem/AutoSweeperSystem_ws/install/micro_ros_agent', 'merge_install': False, 'path': '/home/jerry/AutoSweeperSystem/AutoSweeperSystem_ws/src/micro-ROS-Agent/micro_ros_agent', 'symlink_install': False, 'test_result_base': None}
[3.301s] INFO:colcon.colcon_core.executor:Executing jobs using 'parallel' executor
[3.305s] DEBUG:colcon.colcon_parallel_executor.executor.parallel:run_until_complete
[3.307s] INFO:colcon.colcon_ros.task.ament_cmake.build:Building ROS package in '/home/jerry/AutoSweeperSystem/AutoSweeperSystem_ws/src/micro_ros_msgs' with build type 'ament_cmake'
[3.308s] INFO:colcon.colcon_cmake.task.cmake.build:Building CMake package in '/home/jerry/AutoSweeperSystem/AutoSweeperSystem_ws/src/micro_ros_msgs'
[3.336s] INFO:colcon.colcon_core.plugin_system:Skipping extension 'colcon_core.shell.bat': Not used on non-Windows systems
[3.338s] INFO:colcon.colcon_core.shell:Skip shell extension 'powershell' for command environment: Not usable outside of PowerShell
[3.338s] DEBUG:colcon.colcon_core.shell:Skip shell extension 'dsv' for command environment
[3.369s] INFO:colcon.colcon_ros.task.ament_python.build:Building ROS package in '/home/jerry/AutoSweeperSystem/AutoSweeperSystem_ws/src/autosweeper_robot' with build type 'ament_python'
[3.370s] Level 1:colcon.colcon_core.shell:create_environment_hook('autosweeper_robot', 'ament_prefix_path')
[3.372s] INFO:colcon.colcon_core.shell:Creating environment hook '/home/jerry/AutoSweeperSystem/AutoSweeperSystem_ws/install/autosweeper_robot/share/autosweeper_robot/hook/ament_prefix_path.ps1'
[3.376s] INFO:colcon.colcon_core.shell:Creating environment descriptor '/home/jerry/AutoSweeperSystem/AutoSweeperSystem_ws/install/autosweeper_robot/share/autosweeper_robot/hook/ament_prefix_path.dsv'
[3.379s] INFO:colcon.colcon_core.shell:Creating environment hook '/home/jerry/AutoSweeperSystem/AutoSweeperSystem_ws/install/autosweeper_robot/share/autosweeper_robot/hook/ament_prefix_path.sh'
[3.384s] INFO:colcon.colcon_core.shell:Skip shell extension 'powershell' for command environment: Not usable outside of PowerShell
[3.384s] DEBUG:colcon.colcon_core.shell:Skip shell extension 'dsv' for command environment
[3.413s] INFO:colcon.colcon_ros.task.ament_cmake.build:Building ROS package in '/home/jerry/AutoSweeperSystem/AutoSweeperSystem_ws/src/fishbot_bringup' with build type 'ament_cmake'
[3.414s] INFO:colcon.colcon_cmake.task.cmake.build:Building CMake package in '/home/jerry/AutoSweeperSystem/AutoSweeperSystem_ws/src/fishbot_bringup'
[3.416s] INFO:colcon.colcon_core.shell:Skip shell extension 'powershell' for command environment: Not usable outside of PowerShell
[3.416s] DEBUG:colcon.colcon_core.shell:Skip shell extension 'dsv' for command environment
[3.450s] INFO:colcon.colcon_ros.task.ament_cmake.build:Building ROS package in '/home/jerry/AutoSweeperSystem/AutoSweeperSystem_ws/src/fishbot_description' with build type 'ament_cmake'
[3.455s] INFO:colcon.colcon_cmake.task.cmake.build:Building CMake package in '/home/jerry/AutoSweeperSystem/AutoSweeperSystem_ws/src/fishbot_description'
[3.457s] INFO:colcon.colcon_core.shell:Skip shell extension 'powershell' for command environment: Not usable outside of PowerShell
[3.458s] DEBUG:colcon.colcon_core.shell:Skip shell extension 'dsv' for command environment
[3.521s] DEBUG:colcon.colcon_core.event_handler.log_command:Invoking command in '/home/jerry/AutoSweeperSystem/AutoSweeperSystem_ws/build/micro_ros_msgs': CMAKE_PREFIX_PATH=${CMAKE_PREFIX_PATH}:/home/jerry/AutoSweeperSystem/AutoSweeperSystem_ws/install/autosweeper_robot:/opt/ros/humble /usr/bin/cmake --build /home/jerry/AutoSweeperSystem/AutoSweeperSystem_ws/build/micro_ros_msgs -- -j4 -l4
[6.095s] INFO:colcon.colcon_core.task.python.build:Building Python package in '/home/jerry/AutoSweeperSystem/AutoSweeperSystem_ws/src/autosweeper_robot'
[6.097s] INFO:colcon.colcon_core.shell:Skip shell extension 'powershell' for command environment: Not usable outside of PowerShell
[6.097s] DEBUG:colcon.colcon_core.shell:Skip shell extension 'dsv' for command environment
[6.153s] DEBUG:colcon.colcon_core.event_handler.log_command:Invoking command in '/home/jerry/AutoSweeperSystem/AutoSweeperSystem_ws/build/fishbot_bringup': CMAKE_PREFIX_PATH=${CMAKE_PREFIX_PATH}:/home/jerry/AutoSweeperSystem/AutoSweeperSystem_ws/install/autosweeper_robot:/opt/ros/humble /usr/bin/cmake --build /home/jerry/AutoSweeperSystem/AutoSweeperSystem_ws/build/fishbot_bringup -- -j4 -l4
[6.238s] DEBUG:colcon.colcon_core.event_handler.log_command:Invoking command in '/home/jerry/AutoSweeperSystem/AutoSweeperSystem_ws/build/fishbot_description': CMAKE_PREFIX_PATH=${CMAKE_PREFIX_PATH}:/home/jerry/AutoSweeperSystem/AutoSweeperSystem_ws/install/autosweeper_robot:/opt/ros/humble /usr/bin/cmake --build /home/jerry/AutoSweeperSystem/AutoSweeperSystem_ws/build/fishbot_description -- -j4 -l4
[9.717s] DEBUG:colcon.colcon_core.event_handler.log_command:Invoked command in '/home/jerry/AutoSweeperSystem/AutoSweeperSystem_ws/build/micro_ros_msgs' returned '0': CMAKE_PREFIX_PATH=${CMAKE_PREFIX_PATH}:/home/jerry/AutoSweeperSystem/AutoSweeperSystem_ws/install/autosweeper_robot:/opt/ros/humble /usr/bin/cmake --build /home/jerry/AutoSweeperSystem/AutoSweeperSystem_ws/build/micro_ros_msgs -- -j4 -l4
[9.822s] DEBUG:colcon.colcon_core.event_handler.log_command:Invoking command in '/home/jerry/AutoSweeperSystem/AutoSweeperSystem_ws/build/micro_ros_msgs': CMAKE_PREFIX_PATH=${CMAKE_PREFIX_PATH}:/home/jerry/AutoSweeperSystem/AutoSweeperSystem_ws/install/autosweeper_robot:/opt/ros/humble /usr/bin/cmake --install /home/jerry/AutoSweeperSystem/AutoSweeperSystem_ws/build/micro_ros_msgs
[10.414s] Level 1:colcon.colcon_core.environment:create_environment_scripts_only(fishbot_description)
[10.488s] DEBUG:colcon.colcon_core.event_handler.log_command:Invoked command in '/home/jerry/AutoSweeperSystem/AutoSweeperSystem_ws/build/fishbot_description' returned '0': CMAKE_PREFIX_PATH=${CMAKE_PREFIX_PATH}:/home/jerry/AutoSweeperSystem/AutoSweeperSystem_ws/install/autosweeper_robot:/opt/ros/humble /usr/bin/cmake --build /home/jerry/AutoSweeperSystem/AutoSweeperSystem_ws/build/fishbot_description -- -j4 -l4
[10.496s] DEBUG:colcon.colcon_core.event_handler.log_command:Invoking command in '/home/jerry/AutoSweeperSystem/AutoSweeperSystem_ws/build/fishbot_description': CMAKE_PREFIX_PATH=${CMAKE_PREFIX_PATH}:/home/jerry/AutoSweeperSystem/AutoSweeperSystem_ws/install/autosweeper_robot:/opt/ros/humble /usr/bin/cmake --install /home/jerry/AutoSweeperSystem/AutoSweeperSystem_ws/build/fishbot_description
[10.574s] Level 1:colcon.colcon_core.environment:checking '/home/jerry/AutoSweeperSystem/AutoSweeperSystem_ws/install/fishbot_description' for CMake module files
[10.674s] Level 1:colcon.colcon_core.environment:checking '/home/jerry/AutoSweeperSystem/AutoSweeperSystem_ws/install/fishbot_description' for CMake config files
[10.678s] Level 1:colcon.colcon_core.shell:create_environment_hook('fishbot_description', 'cmake_prefix_path')
[10.682s] INFO:colcon.colcon_core.shell:Creating environment hook '/home/jerry/AutoSweeperSystem/AutoSweeperSystem_ws/install/fishbot_description/share/fishbot_description/hook/cmake_prefix_path.ps1'
[10.687s] INFO:colcon.colcon_core.shell:Creating environment descriptor '/home/jerry/AutoSweeperSystem/AutoSweeperSystem_ws/install/fishbot_description/share/fishbot_description/hook/cmake_prefix_path.dsv'
[10.709s] INFO:colcon.colcon_core.shell:Creating environment hook '/home/jerry/AutoSweeperSystem/AutoSweeperSystem_ws/install/fishbot_description/share/fishbot_description/hook/cmake_prefix_path.sh'
[10.717s] Level 1:colcon.colcon_core.environment:checking '/home/jerry/AutoSweeperSystem/AutoSweeperSystem_ws/install/fishbot_description/bin'
[10.718s] Level 1:colcon.colcon_core.environment:checking '/home/jerry/AutoSweeperSystem/AutoSweeperSystem_ws/install/fishbot_description/lib/pkgconfig/fishbot_description.pc'
[10.724s] Level 1:colcon.colcon_core.environment:checking '/home/jerry/AutoSweeperSystem/AutoSweeperSystem_ws/install/fishbot_description/lib/python3.10/site-packages'
[10.791s] Level 1:colcon.colcon_core.environment:checking '/home/jerry/AutoSweeperSystem/AutoSweeperSystem_ws/install/fishbot_description/bin'
[10.793s] INFO:colcon.colcon_core.shell:Creating package script '/home/jerry/AutoSweeperSystem/AutoSweeperSystem_ws/install/fishbot_description/share/fishbot_description/package.ps1'
[10.823s] INFO:colcon.colcon_core.shell:Creating package descriptor '/home/jerry/AutoSweeperSystem/AutoSweeperSystem_ws/install/fishbot_description/share/fishbot_description/package.dsv'
[10.842s] INFO:colcon.colcon_core.shell:Creating package script '/home/jerry/AutoSweeperSystem/AutoSweeperSystem_ws/install/fishbot_description/share/fishbot_description/package.sh'
[10.880s] DEBUG:colcon.colcon_core.event_handler.log_command:Invoked command in '/home/jerry/AutoSweeperSystem/AutoSweeperSystem_ws/build/fishbot_description' returned '0': CMAKE_PREFIX_PATH=${CMAKE_PREFIX_PATH}:/home/jerry/AutoSweeperSystem/AutoSweeperSystem_ws/install/autosweeper_robot:/opt/ros/humble /usr/bin/cmake --install /home/jerry/AutoSweeperSystem/AutoSweeperSystem_ws/build/fishbot_description
[10.888s] INFO:colcon.colcon_core.shell:Creating package script '/home/jerry/AutoSweeperSystem/AutoSweeperSystem_ws/install/fishbot_description/share/fishbot_description/package.bash'
[10.930s] INFO:colcon.colcon_core.shell:Creating package script '/home/jerry/AutoSweeperSystem/AutoSweeperSystem_ws/install/fishbot_description/share/fishbot_description/package.zsh'
[10.967s] Level 1:colcon.colcon_core.environment:create_file_with_runtime_dependencies(/home/jerry/AutoSweeperSystem/AutoSweeperSystem_ws/install/fishbot_description/share/colcon-core/packages/fishbot_description)
[10.978s] Level 1:colcon.colcon_core.environment:create_environment_scripts_only(fishbot_description)
[10.994s] Level 1:colcon.colcon_core.environment:checking '/home/jerry/AutoSweeperSystem/AutoSweeperSystem_ws/install/fishbot_description' for CMake module files
[11.008s] Level 1:colcon.colcon_core.environment:checking '/home/jerry/AutoSweeperSystem/AutoSweeperSystem_ws/install/fishbot_description' for CMake config files
[11.009s] Level 1:colcon.colcon_core.shell:create_environment_hook('fishbot_description', 'cmake_prefix_path')
[11.010s] INFO:colcon.colcon_core.shell:Creating environment hook '/home/jerry/AutoSweeperSystem/AutoSweeperSystem_ws/install/fishbot_description/share/fishbot_description/hook/cmake_prefix_path.ps1'
[11.050s] INFO:colcon.colcon_core.shell:Creating environment descriptor '/home/jerry/AutoSweeperSystem/AutoSweeperSystem_ws/install/fishbot_description/share/fishbot_description/hook/cmake_prefix_path.dsv'
[11.070s] INFO:colcon.colcon_core.shell:Creating environment hook '/home/jerry/AutoSweeperSystem/AutoSweeperSystem_ws/install/fishbot_description/share/fishbot_description/hook/cmake_prefix_path.sh'
[11.104s] Level 1:colcon.colcon_core.environment:checking '/home/jerry/AutoSweeperSystem/AutoSweeperSystem_ws/install/fishbot_description/bin'
[11.104s] Level 1:colcon.colcon_core.environment:checking '/home/jerry/AutoSweeperSystem/AutoSweeperSystem_ws/install/fishbot_description/lib/pkgconfig/fishbot_description.pc'
[11.106s] Level 1:colcon.colcon_core.environment:checking '/home/jerry/AutoSweeperSystem/AutoSweeperSystem_ws/install/fishbot_description/lib/python3.10/site-packages'
[11.108s] Level 1:colcon.colcon_core.environment:checking '/home/jerry/AutoSweeperSystem/AutoSweeperSystem_ws/install/fishbot_description/bin'
[11.110s] INFO:colcon.colcon_core.shell:Creating package script '/home/jerry/AutoSweeperSystem/AutoSweeperSystem_ws/install/fishbot_description/share/fishbot_description/package.ps1'
[11.151s] INFO:colcon.colcon_core.shell:Creating package descriptor '/home/jerry/AutoSweeperSystem/AutoSweeperSystem_ws/install/fishbot_description/share/fishbot_description/package.dsv'
[11.173s] INFO:colcon.colcon_core.shell:Creating package script '/home/jerry/AutoSweeperSystem/AutoSweeperSystem_ws/install/fishbot_description/share/fishbot_description/package.sh'
[11.188s] INFO:colcon.colcon_core.shell:Creating package script '/home/jerry/AutoSweeperSystem/AutoSweeperSystem_ws/install/fishbot_description/share/fishbot_description/package.bash'
[11.194s] INFO:colcon.colcon_core.shell:Creating package script '/home/jerry/AutoSweeperSystem/AutoSweeperSystem_ws/install/fishbot_description/share/fishbot_description/package.zsh'
[11.198s] Level 1:colcon.colcon_core.environment:create_file_with_runtime_dependencies(/home/jerry/AutoSweeperSystem/AutoSweeperSystem_ws/install/fishbot_description/share/colcon-core/packages/fishbot_description)
[11.209s] INFO:colcon.colcon_ros.task.ament_cmake.build:Building ROS package in '/home/jerry/AutoSweeperSystem/AutoSweeperSystem_ws/src/fishbot_navigation2' with build type 'ament_cmake'
[11.212s] INFO:colcon.colcon_cmake.task.cmake.build:Building CMake package in '/home/jerry/AutoSweeperSystem/AutoSweeperSystem_ws/src/fishbot_navigation2'
[11.220s] INFO:colcon.colcon_core.shell:Skip shell extension 'powershell' for command environment: Not usable outside of PowerShell
[11.221s] DEBUG:colcon.colcon_core.shell:Skip shell extension 'dsv' for command environment
[11.352s] Level 1:colcon.colcon_core.environment:create_environment_scripts_only(micro_ros_msgs)
[11.354s] DEBUG:colcon.colcon_core.event_handler.log_command:Invoked command in '/home/jerry/AutoSweeperSystem/AutoSweeperSystem_ws/build/micro_ros_msgs' returned '0': CMAKE_PREFIX_PATH=${CMAKE_PREFIX_PATH}:/home/jerry/AutoSweeperSystem/AutoSweeperSystem_ws/install/autosweeper_robot:/opt/ros/humble /usr/bin/cmake --install /home/jerry/AutoSweeperSystem/AutoSweeperSystem_ws/build/micro_ros_msgs
[11.360s] Level 1:colcon.colcon_core.environment:checking '/home/jerry/AutoSweeperSystem/AutoSweeperSystem_ws/install/micro_ros_msgs' for CMake module files
[11.377s] Level 1:colcon.colcon_core.environment:checking '/home/jerry/AutoSweeperSystem/AutoSweeperSystem_ws/install/micro_ros_msgs' for CMake config files
[11.399s] Level 1:colcon.colcon_core.shell:create_environment_hook('micro_ros_msgs', 'cmake_prefix_path')
[11.402s] INFO:colcon.colcon_core.shell:Creating environment hook '/home/jerry/AutoSweeperSystem/AutoSweeperSystem_ws/install/micro_ros_msgs/share/micro_ros_msgs/hook/cmake_prefix_path.ps1'
[11.411s] INFO:colcon.colcon_core.shell:Creating environment descriptor '/home/jerry/AutoSweeperSystem/AutoSweeperSystem_ws/install/micro_ros_msgs/share/micro_ros_msgs/hook/cmake_prefix_path.dsv'
[11.421s] INFO:colcon.colcon_core.shell:Creating environment hook '/home/jerry/AutoSweeperSystem/AutoSweeperSystem_ws/install/micro_ros_msgs/share/micro_ros_msgs/hook/cmake_prefix_path.sh'
[11.432s] Level 1:colcon.colcon_core.environment:checking '/home/jerry/AutoSweeperSystem/AutoSweeperSystem_ws/install/micro_ros_msgs/lib'
[11.439s] Level 1:colcon.colcon_core.shell:create_environment_hook('micro_ros_msgs', 'ld_library_path_lib')
[11.442s] INFO:colcon.colcon_core.shell:Creating environment hook '/home/jerry/AutoSweeperSystem/AutoSweeperSystem_ws/install/micro_ros_msgs/share/micro_ros_msgs/hook/ld_library_path_lib.ps1'
[11.455s] INFO:colcon.colcon_core.shell:Creating environment descriptor '/home/jerry/AutoSweeperSystem/AutoSweeperSystem_ws/install/micro_ros_msgs/share/micro_ros_msgs/hook/ld_library_path_lib.dsv'
[11.464s] INFO:colcon.colcon_core.shell:Creating environment hook '/home/jerry/AutoSweeperSystem/AutoSweeperSystem_ws/install/micro_ros_msgs/share/micro_ros_msgs/hook/ld_library_path_lib.sh'
[11.469s] Level 1:colcon.colcon_core.environment:checking '/home/jerry/AutoSweeperSystem/AutoSweeperSystem_ws/install/micro_ros_msgs/bin'
[11.471s] Level 1:colcon.colcon_core.environment:checking '/home/jerry/AutoSweeperSystem/AutoSweeperSystem_ws/install/micro_ros_msgs/lib/pkgconfig/micro_ros_msgs.pc'
[11.473s] Level 1:colcon.colcon_core.environment:checking '/home/jerry/AutoSweeperSystem/AutoSweeperSystem_ws/install/micro_ros_msgs/lib/python3.10/site-packages'
[11.475s] Level 1:colcon.colcon_core.environment:checking '/home/jerry/AutoSweeperSystem/AutoSweeperSystem_ws/install/micro_ros_msgs/bin'
[11.478s] INFO:colcon.colcon_core.shell:Creating package script '/home/jerry/AutoSweeperSystem/AutoSweeperSystem_ws/install/micro_ros_msgs/share/micro_ros_msgs/package.ps1'
[11.487s] INFO:colcon.colcon_core.shell:Creating package descriptor '/home/jerry/AutoSweeperSystem/AutoSweeperSystem_ws/install/micro_ros_msgs/share/micro_ros_msgs/package.dsv'
[11.492s] INFO:colcon.colcon_core.shell:Creating package script '/home/jerry/AutoSweeperSystem/AutoSweeperSystem_ws/install/micro_ros_msgs/share/micro_ros_msgs/package.sh'
[11.498s] INFO:colcon.colcon_core.shell:Creating package script '/home/jerry/AutoSweeperSystem/AutoSweeperSystem_ws/install/micro_ros_msgs/share/micro_ros_msgs/package.bash'
[11.502s] INFO:colcon.colcon_core.shell:Creating package script '/home/jerry/AutoSweeperSystem/AutoSweeperSystem_ws/install/micro_ros_msgs/share/micro_ros_msgs/package.zsh'
[11.508s] Level 1:colcon.colcon_core.environment:create_file_with_runtime_dependencies(/home/jerry/AutoSweeperSystem/AutoSweeperSystem_ws/install/micro_ros_msgs/share/colcon-core/packages/micro_ros_msgs)
[11.513s] Level 1:colcon.colcon_core.environment:create_environment_scripts_only(micro_ros_msgs)
[11.516s] Level 1:colcon.colcon_core.environment:checking '/home/jerry/AutoSweeperSystem/AutoSweeperSystem_ws/install/micro_ros_msgs' for CMake module files
[11.523s] Level 1:colcon.colcon_core.environment:checking '/home/jerry/AutoSweeperSystem/AutoSweeperSystem_ws/install/micro_ros_msgs' for CMake config files
[11.528s] Level 1:colcon.colcon_core.shell:create_environment_hook('micro_ros_msgs', 'cmake_prefix_path')
[11.531s] INFO:colcon.colcon_core.shell:Creating environment hook '/home/jerry/AutoSweeperSystem/AutoSweeperSystem_ws/install/micro_ros_msgs/share/micro_ros_msgs/hook/cmake_prefix_path.ps1'
[11.543s] INFO:colcon.colcon_core.shell:Creating environment descriptor '/home/jerry/AutoSweeperSystem/AutoSweeperSystem_ws/install/micro_ros_msgs/share/micro_ros_msgs/hook/cmake_prefix_path.dsv'
[11.549s] INFO:colcon.colcon_core.shell:Creating environment hook '/home/jerry/AutoSweeperSystem/AutoSweeperSystem_ws/install/micro_ros_msgs/share/micro_ros_msgs/hook/cmake_prefix_path.sh'
[11.558s] Level 1:colcon.colcon_core.environment:checking '/home/jerry/AutoSweeperSystem/AutoSweeperSystem_ws/install/micro_ros_msgs/lib'
[11.567s] Level 1:colcon.colcon_core.shell:create_environment_hook('micro_ros_msgs', 'ld_library_path_lib')
[11.569s] INFO:colcon.colcon_core.shell:Creating environment hook '/home/jerry/AutoSweeperSystem/AutoSweeperSystem_ws/install/micro_ros_msgs/share/micro_ros_msgs/hook/ld_library_path_lib.ps1'
[11.574s] INFO:colcon.colcon_core.shell:Creating environment descriptor '/home/jerry/AutoSweeperSystem/AutoSweeperSystem_ws/install/micro_ros_msgs/share/micro_ros_msgs/hook/ld_library_path_lib.dsv'
[11.588s] INFO:colcon.colcon_core.shell:Creating environment hook '/home/jerry/AutoSweeperSystem/AutoSweeperSystem_ws/install/micro_ros_msgs/share/micro_ros_msgs/hook/ld_library_path_lib.sh'
[11.597s] Level 1:colcon.colcon_core.environment:checking '/home/jerry/AutoSweeperSystem/AutoSweeperSystem_ws/install/micro_ros_msgs/bin'
[11.598s] Level 1:colcon.colcon_core.environment:checking '/home/jerry/AutoSweeperSystem/AutoSweeperSystem_ws/install/micro_ros_msgs/lib/pkgconfig/micro_ros_msgs.pc'
[11.600s] Level 1:colcon.colcon_core.environment:checking '/home/jerry/AutoSweeperSystem/AutoSweeperSystem_ws/install/micro_ros_msgs/lib/python3.10/site-packages'
[11.603s] Level 1:colcon.colcon_core.environment:checking '/home/jerry/AutoSweeperSystem/AutoSweeperSystem_ws/install/micro_ros_msgs/bin'
[11.606s] INFO:colcon.colcon_core.shell:Creating package script '/home/jerry/AutoSweeperSystem/AutoSweeperSystem_ws/install/micro_ros_msgs/share/micro_ros_msgs/package.ps1'
[11.619s] INFO:colcon.colcon_core.shell:Creating package descriptor '/home/jerry/AutoSweeperSystem/AutoSweeperSystem_ws/install/micro_ros_msgs/share/micro_ros_msgs/package.dsv'
[11.625s] INFO:colcon.colcon_core.shell:Creating package script '/home/jerry/AutoSweeperSystem/AutoSweeperSystem_ws/install/micro_ros_msgs/share/micro_ros_msgs/package.sh'
[11.630s] INFO:colcon.colcon_core.shell:Creating package script '/home/jerry/AutoSweeperSystem/AutoSweeperSystem_ws/install/micro_ros_msgs/share/micro_ros_msgs/package.bash'
[11.635s] INFO:colcon.colcon_core.shell:Creating package script '/home/jerry/AutoSweeperSystem/AutoSweeperSystem_ws/install/micro_ros_msgs/share/micro_ros_msgs/package.zsh'
[11.641s] Level 1:colcon.colcon_core.environment:create_file_with_runtime_dependencies(/home/jerry/AutoSweeperSystem/AutoSweeperSystem_ws/install/micro_ros_msgs/share/colcon-core/packages/micro_ros_msgs)
[11.674s] DEBUG:colcon.colcon_core.event_handler.log_command:Invoking command in '/home/jerry/AutoSweeperSystem/AutoSweeperSystem_ws/build/fishbot_navigation2': CMAKE_PREFIX_PATH=${CMAKE_PREFIX_PATH}:/home/jerry/AutoSweeperSystem/AutoSweeperSystem_ws/install/autosweeper_robot:/opt/ros/humble /usr/bin/cmake --build /home/jerry/AutoSweeperSystem/AutoSweeperSystem_ws/build/fishbot_navigation2 -- -j4 -l4
[11.701s] INFO:colcon.colcon_ros.task.ament_cmake.build:Building ROS package in '/home/jerry/AutoSweeperSystem/AutoSweeperSystem_ws/src/m1ct_d2' with build type 'ament_cmake'
[11.702s] INFO:colcon.colcon_cmake.task.cmake.build:Building CMake package in '/home/jerry/AutoSweeperSystem/AutoSweeperSystem_ws/src/m1ct_d2'
[11.704s] INFO:colcon.colcon_core.shell:Skip shell extension 'powershell' for command environment: Not usable outside of PowerShell
[11.705s] DEBUG:colcon.colcon_core.shell:Skip shell extension 'dsv' for command environment
[11.984s] DEBUG:colcon.colcon_core.event_handler.log_command:Invoking command in '/home/jerry/AutoSweeperSystem/AutoSweeperSystem_ws/build/m1ct_d2': CMAKE_PREFIX_PATH=${CMAKE_PREFIX_PATH}:/home/jerry/AutoSweeperSystem/AutoSweeperSystem_ws/install/autosweeper_robot:/opt/ros/humble /usr/bin/cmake --build /home/jerry/AutoSweeperSystem/AutoSweeperSystem_ws/build/m1ct_d2 -- -j4 -l4
[12.181s] DEBUG:colcon.colcon_core.event_handler.log_command:Invoking command in '/home/jerry/AutoSweeperSystem/AutoSweeperSystem_ws/src/autosweeper_robot': PYTHONPATH=/home/jerry/AutoSweeperSystem/AutoSweeperSystem_ws/build/autosweeper_robot/prefix_override:/usr/lib/python3/dist-packages/colcon_core/task/python/colcon_distutils_commands:/home/jerry/AutoSweeperSystem/AutoSweeperSystem_ws/install/autosweeper_robot/lib/python3.10/site-packages:${PYTHONPATH} /usr/bin/python3 -W ignore:setup.py install is deprecated -W ignore:easy_install command is deprecated setup.py egg_info --egg-base ../../build/autosweeper_robot build --build-base /home/jerry/AutoSweeperSystem/AutoSweeperSystem_ws/build/autosweeper_robot/build install --record /home/jerry/AutoSweeperSystem/AutoSweeperSystem_ws/build/autosweeper_robot/install.log --single-version-externally-managed install_data
[12.985s] DEBUG:colcon.colcon_core.event_handler.log_command:Invoked command in '/home/jerry/AutoSweeperSystem/AutoSweeperSystem_ws/build/m1ct_d2' returned '0': CMAKE_PREFIX_PATH=${CMAKE_PREFIX_PATH}:/home/jerry/AutoSweeperSystem/AutoSweeperSystem_ws/install/autosweeper_robot:/opt/ros/humble /usr/bin/cmake --build /home/jerry/AutoSweeperSystem/AutoSweeperSystem_ws/build/m1ct_d2 -- -j4 -l4
[13.003s] DEBUG:colcon.colcon_core.event_handler.log_command:Invoking command in '/home/jerry/AutoSweeperSystem/AutoSweeperSystem_ws/build/m1ct_d2': CMAKE_PREFIX_PATH=${CMAKE_PREFIX_PATH}:/home/jerry/AutoSweeperSystem/AutoSweeperSystem_ws/install/autosweeper_robot:/opt/ros/humble /usr/bin/cmake --install /home/jerry/AutoSweeperSystem/AutoSweeperSystem_ws/build/m1ct_d2
[13.277s] Level 1:colcon.colcon_core.environment:create_environment_scripts_only(m1ct_d2)
[13.279s] Level 1:colcon.colcon_core.environment:checking '/home/jerry/AutoSweeperSystem/AutoSweeperSystem_ws/install/m1ct_d2' for CMake module files
[13.284s] DEBUG:colcon.colcon_core.event_handler.log_command:Invoked command in '/home/jerry/AutoSweeperSystem/AutoSweeperSystem_ws/build/m1ct_d2' returned '0': CMAKE_PREFIX_PATH=${CMAKE_PREFIX_PATH}:/home/jerry/AutoSweeperSystem/AutoSweeperSystem_ws/install/autosweeper_robot:/opt/ros/humble /usr/bin/cmake --install /home/jerry/AutoSweeperSystem/AutoSweeperSystem_ws/build/m1ct_d2
[13.294s] Level 1:colcon.colcon_core.environment:checking '/home/jerry/AutoSweeperSystem/AutoSweeperSystem_ws/install/m1ct_d2' for CMake config files
[13.301s] Level 1:colcon.colcon_core.shell:create_environment_hook('m1ct_d2', 'cmake_prefix_path')
[13.309s] INFO:colcon.colcon_core.shell:Creating environment hook '/home/jerry/AutoSweeperSystem/AutoSweeperSystem_ws/install/m1ct_d2/share/m1ct_d2/hook/cmake_prefix_path.ps1'
[13.326s] INFO:colcon.colcon_core.shell:Creating environment descriptor '/home/jerry/AutoSweeperSystem/AutoSweeperSystem_ws/install/m1ct_d2/share/m1ct_d2/hook/cmake_prefix_path.dsv'
[13.334s] INFO:colcon.colcon_core.shell:Creating environment hook '/home/jerry/AutoSweeperSystem/AutoSweeperSystem_ws/install/m1ct_d2/share/m1ct_d2/hook/cmake_prefix_path.sh'
[13.338s] Level 1:colcon.colcon_core.environment:checking '/home/jerry/AutoSweeperSystem/AutoSweeperSystem_ws/install/m1ct_d2/lib'
[13.339s] Level 1:colcon.colcon_core.environment:checking '/home/jerry/AutoSweeperSystem/AutoSweeperSystem_ws/install/m1ct_d2/bin'
[13.343s] Level 1:colcon.colcon_core.environment:checking '/home/jerry/AutoSweeperSystem/AutoSweeperSystem_ws/install/m1ct_d2/lib/pkgconfig/m1ct_d2.pc'
[13.345s] Level 1:colcon.colcon_core.environment:checking '/home/jerry/AutoSweeperSystem/AutoSweeperSystem_ws/install/m1ct_d2/lib/python3.10/site-packages'
[13.354s] Level 1:colcon.colcon_core.environment:checking '/home/jerry/AutoSweeperSystem/AutoSweeperSystem_ws/install/m1ct_d2/bin'
[13.358s] INFO:colcon.colcon_core.shell:Creating package script '/home/jerry/AutoSweeperSystem/AutoSweeperSystem_ws/install/m1ct_d2/share/m1ct_d2/package.ps1'
[13.376s] INFO:colcon.colcon_core.shell:Creating package descriptor '/home/jerry/AutoSweeperSystem/AutoSweeperSystem_ws/install/m1ct_d2/share/m1ct_d2/package.dsv'
[13.380s] INFO:colcon.colcon_core.shell:Creating package script '/home/jerry/AutoSweeperSystem/AutoSweeperSystem_ws/install/m1ct_d2/share/m1ct_d2/package.sh'
[13.383s] INFO:colcon.colcon_core.shell:Creating package script '/home/jerry/AutoSweeperSystem/AutoSweeperSystem_ws/install/m1ct_d2/share/m1ct_d2/package.bash'
[13.387s] INFO:colcon.colcon_core.shell:Creating package script '/home/jerry/AutoSweeperSystem/AutoSweeperSystem_ws/install/m1ct_d2/share/m1ct_d2/package.zsh'
[13.399s] Level 1:colcon.colcon_core.environment:create_file_with_runtime_dependencies(/home/jerry/AutoSweeperSystem/AutoSweeperSystem_ws/install/m1ct_d2/share/colcon-core/packages/m1ct_d2)
[13.417s] Level 1:colcon.colcon_core.environment:create_environment_scripts_only(m1ct_d2)
[13.421s] Level 1:colcon.colcon_core.environment:checking '/home/jerry/AutoSweeperSystem/AutoSweeperSystem_ws/install/m1ct_d2' for CMake module files
[13.441s] Level 1:colcon.colcon_core.environment:checking '/home/jerry/AutoSweeperSystem/AutoSweeperSystem_ws/install/m1ct_d2' for CMake config files
[13.449s] Level 1:colcon.colcon_core.shell:create_environment_hook('m1ct_d2', 'cmake_prefix_path')
[13.479s] INFO:colcon.colcon_core.shell:Creating environment hook '/home/jerry/AutoSweeperSystem/AutoSweeperSystem_ws/install/m1ct_d2/share/m1ct_d2/hook/cmake_prefix_path.ps1'
[13.541s] INFO:colcon.colcon_core.shell:Creating environment descriptor '/home/jerry/AutoSweeperSystem/AutoSweeperSystem_ws/install/m1ct_d2/share/m1ct_d2/hook/cmake_prefix_path.dsv'
[13.548s] INFO:colcon.colcon_core.shell:Creating environment hook '/home/jerry/AutoSweeperSystem/AutoSweeperSystem_ws/install/m1ct_d2/share/m1ct_d2/hook/cmake_prefix_path.sh'
[13.566s] Level 1:colcon.colcon_core.environment:checking '/home/jerry/AutoSweeperSystem/AutoSweeperSystem_ws/install/m1ct_d2/lib'
[13.568s] Level 1:colcon.colcon_core.environment:checking '/home/jerry/AutoSweeperSystem/AutoSweeperSystem_ws/install/m1ct_d2/bin'
[13.569s] Level 1:colcon.colcon_core.environment:checking '/home/jerry/AutoSweeperSystem/AutoSweeperSystem_ws/install/m1ct_d2/lib/pkgconfig/m1ct_d2.pc'
[13.572s] Level 1:colcon.colcon_core.environment:checking '/home/jerry/AutoSweeperSystem/AutoSweeperSystem_ws/install/m1ct_d2/lib/python3.10/site-packages'
[13.575s] Level 1:colcon.colcon_core.environment:checking '/home/jerry/AutoSweeperSystem/AutoSweeperSystem_ws/install/m1ct_d2/bin'
[13.577s] INFO:colcon.colcon_core.shell:Creating package script '/home/jerry/AutoSweeperSystem/AutoSweeperSystem_ws/install/m1ct_d2/share/m1ct_d2/package.ps1'
[13.582s] INFO:colcon.colcon_core.shell:Creating package descriptor '/home/jerry/AutoSweeperSystem/AutoSweeperSystem_ws/install/m1ct_d2/share/m1ct_d2/package.dsv'
[13.588s] INFO:colcon.colcon_core.shell:Creating package script '/home/jerry/AutoSweeperSystem/AutoSweeperSystem_ws/install/m1ct_d2/share/m1ct_d2/package.sh'
[13.595s] INFO:colcon.colcon_core.shell:Creating package script '/home/jerry/AutoSweeperSystem/AutoSweeperSystem_ws/install/m1ct_d2/share/m1ct_d2/package.bash'
[13.602s] INFO:colcon.colcon_core.shell:Creating package script '/home/jerry/AutoSweeperSystem/AutoSweeperSystem_ws/install/m1ct_d2/share/m1ct_d2/package.zsh'
[13.606s] Level 1:colcon.colcon_core.environment:create_file_with_runtime_dependencies(/home/jerry/AutoSweeperSystem/AutoSweeperSystem_ws/install/m1ct_d2/share/colcon-core/packages/m1ct_d2)
[13.613s] INFO:colcon.colcon_ros.task.ament_cmake.build:Building ROS package in '/home/jerry/AutoSweeperSystem/AutoSweeperSystem_ws/src/micro-ROS-Agent/micro_ros_agent' with build type 'ament_cmake'
[13.620s] INFO:colcon.colcon_cmake.task.cmake.build:Building CMake package in '/home/jerry/AutoSweeperSystem/AutoSweeperSystem_ws/src/micro-ROS-Agent/micro_ros_agent'
[13.622s] INFO:colcon.colcon_core.shell:Skip shell extension 'powershell' for command environment: Not usable outside of PowerShell
[13.622s] DEBUG:colcon.colcon_core.shell:Skip shell extension 'dsv' for command environment
[13.791s] DEBUG:colcon.colcon_core.event_handler.log_command:Invoking command in '/home/jerry/AutoSweeperSystem/AutoSweeperSystem_ws/build/micro_ros_agent': CMAKE_PREFIX_PATH=/home/jerry/AutoSweeperSystem/AutoSweeperSystem_ws/install/micro_ros_msgs:/home/jerry/AutoSweeperSystem/AutoSweeperSystem_ws/install/micro_ros_agent:/home/jerry/AutoSweeperSystem/AutoSweeperSystem_ws/install/m1ct_d2:/home/jerry/AutoSweeperSystem/AutoSweeperSystem_ws/install/fishbot_navigation2:/home/jerry/AutoSweeperSystem/AutoSweeperSystem_ws/install/fishbot_interfaces:/home/jerry/AutoSweeperSystem/AutoSweeperSystem_ws/install/fishbot_description:/home/jerry/AutoSweeperSystem/AutoSweeperSystem_ws/install/fishbot_cartographer:/home/jerry/AutoSweeperSystem/AutoSweeperSystem_ws/install/fishbot_bringup:/home/jerry/AutoSweeperSystem/AutoSweeperSystem_ws/install/autosweeper_robot:/opt/ros/humble LD_LIBRARY_PATH=/home/jerry/AutoSweeperSystem/AutoSweeperSystem_ws/install/micro_ros_msgs/lib:/home/jerry/AutoSweeperSystem/AutoSweeperSystem_ws/install/micro_ros_agent/lib:/home/jerry/AutoSweeperSystem/AutoSweeperSystem_ws/install/fishbot_interfaces/lib:/opt/ros/humble/opt/rviz_ogre_vendor/lib:/opt/ros/humble/lib/aarch64-linux-gnu:/opt/ros/humble/lib /usr/bin/cmake --build /home/jerry/AutoSweeperSystem/AutoSweeperSystem_ws/build/micro_ros_agent -- -j4 -l4
[15.023s] DEBUG:colcon.colcon_core.event_handler.log_command:Invoked command in '/home/jerry/AutoSweeperSystem/AutoSweeperSystem_ws/build/micro_ros_agent' returned '0': CMAKE_PREFIX_PATH=/home/jerry/AutoSweeperSystem/AutoSweeperSystem_ws/install/micro_ros_msgs:/home/jerry/AutoSweeperSystem/AutoSweeperSystem_ws/install/micro_ros_agent:/home/jerry/AutoSweeperSystem/AutoSweeperSystem_ws/install/m1ct_d2:/home/jerry/AutoSweeperSystem/AutoSweeperSystem_ws/install/fishbot_navigation2:/home/jerry/AutoSweeperSystem/AutoSweeperSystem_ws/install/fishbot_interfaces:/home/jerry/AutoSweeperSystem/AutoSweeperSystem_ws/install/fishbot_description:/home/jerry/AutoSweeperSystem/AutoSweeperSystem_ws/install/fishbot_cartographer:/home/jerry/AutoSweeperSystem/AutoSweeperSystem_ws/install/fishbot_bringup:/home/jerry/AutoSweeperSystem/AutoSweeperSystem_ws/install/autosweeper_robot:/opt/ros/humble LD_LIBRARY_PATH=/home/jerry/AutoSweeperSystem/AutoSweeperSystem_ws/install/micro_ros_msgs/lib:/home/jerry/AutoSweeperSystem/AutoSweeperSystem_ws/install/micro_ros_agent/lib:/home/jerry/AutoSweeperSystem/AutoSweeperSystem_ws/install/fishbot_interfaces/lib:/opt/ros/humble/opt/rviz_ogre_vendor/lib:/opt/ros/humble/lib/aarch64-linux-gnu:/opt/ros/humble/lib /usr/bin/cmake --build /home/jerry/AutoSweeperSystem/AutoSweeperSystem_ws/build/micro_ros_agent -- -j4 -l4
[15.043s] DEBUG:colcon.colcon_core.event_handler.log_command:Invoking command in '/home/jerry/AutoSweeperSystem/AutoSweeperSystem_ws/build/micro_ros_agent': CMAKE_PREFIX_PATH=/home/jerry/AutoSweeperSystem/AutoSweeperSystem_ws/install/micro_ros_msgs:/home/jerry/AutoSweeperSystem/AutoSweeperSystem_ws/install/micro_ros_agent:/home/jerry/AutoSweeperSystem/AutoSweeperSystem_ws/install/m1ct_d2:/home/jerry/AutoSweeperSystem/AutoSweeperSystem_ws/install/fishbot_navigation2:/home/jerry/AutoSweeperSystem/AutoSweeperSystem_ws/install/fishbot_interfaces:/home/jerry/AutoSweeperSystem/AutoSweeperSystem_ws/install/fishbot_description:/home/jerry/AutoSweeperSystem/AutoSweeperSystem_ws/install/fishbot_cartographer:/home/jerry/AutoSweeperSystem/AutoSweeperSystem_ws/install/fishbot_bringup:/home/jerry/AutoSweeperSystem/AutoSweeperSystem_ws/install/autosweeper_robot:/opt/ros/humble LD_LIBRARY_PATH=/home/jerry/AutoSweeperSystem/AutoSweeperSystem_ws/install/micro_ros_msgs/lib:/home/jerry/AutoSweeperSystem/AutoSweeperSystem_ws/install/micro_ros_agent/lib:/home/jerry/AutoSweeperSystem/AutoSweeperSystem_ws/install/fishbot_interfaces/lib:/opt/ros/humble/opt/rviz_ogre_vendor/lib:/opt/ros/humble/lib/aarch64-linux-gnu:/opt/ros/humble/lib /usr/bin/cmake --install /home/jerry/AutoSweeperSystem/AutoSweeperSystem_ws/build/micro_ros_agent
[15.275s] Level 1:colcon.colcon_core.environment:create_environment_scripts_only(micro_ros_agent)
[15.277s] Level 1:colcon.colcon_core.environment:checking '/home/jerry/AutoSweeperSystem/AutoSweeperSystem_ws/install/micro_ros_agent' for CMake module files
[15.279s] DEBUG:colcon.colcon_core.event_handler.log_command:Invoked command in '/home/jerry/AutoSweeperSystem/AutoSweeperSystem_ws/build/micro_ros_agent' returned '0': CMAKE_PREFIX_PATH=/home/jerry/AutoSweeperSystem/AutoSweeperSystem_ws/install/micro_ros_msgs:/home/jerry/AutoSweeperSystem/AutoSweeperSystem_ws/install/micro_ros_agent:/home/jerry/AutoSweeperSystem/AutoSweeperSystem_ws/install/m1ct_d2:/home/jerry/AutoSweeperSystem/AutoSweeperSystem_ws/install/fishbot_navigation2:/home/jerry/AutoSweeperSystem/AutoSweeperSystem_ws/install/fishbot_interfaces:/home/jerry/AutoSweeperSystem/AutoSweeperSystem_ws/install/fishbot_description:/home/jerry/AutoSweeperSystem/AutoSweeperSystem_ws/install/fishbot_cartographer:/home/jerry/AutoSweeperSystem/AutoSweeperSystem_ws/install/fishbot_bringup:/home/jerry/AutoSweeperSystem/AutoSweeperSystem_ws/install/autosweeper_robot:/opt/ros/humble LD_LIBRARY_PATH=/home/jerry/AutoSweeperSystem/AutoSweeperSystem_ws/install/micro_ros_msgs/lib:/home/jerry/AutoSweeperSystem/AutoSweeperSystem_ws/install/micro_ros_agent/lib:/home/jerry/AutoSweeperSystem/AutoSweeperSystem_ws/install/fishbot_interfaces/lib:/opt/ros/humble/opt/rviz_ogre_vendor/lib:/opt/ros/humble/lib/aarch64-linux-gnu:/opt/ros/humble/lib /usr/bin/cmake --install /home/jerry/AutoSweeperSystem/AutoSweeperSystem_ws/build/micro_ros_agent
[15.285s] Level 1:colcon.colcon_core.environment:checking '/home/jerry/AutoSweeperSystem/AutoSweeperSystem_ws/install/micro_ros_agent' for CMake config files
[15.291s] Level 1:colcon.colcon_core.shell:create_environment_hook('micro_ros_agent', 'cmake_prefix_path')
[15.299s] INFO:colcon.colcon_core.shell:Creating environment hook '/home/jerry/AutoSweeperSystem/AutoSweeperSystem_ws/install/micro_ros_agent/share/micro_ros_agent/hook/cmake_prefix_path.ps1'
[15.308s] INFO:colcon.colcon_core.shell:Creating environment descriptor '/home/jerry/AutoSweeperSystem/AutoSweeperSystem_ws/install/micro_ros_agent/share/micro_ros_agent/hook/cmake_prefix_path.dsv'
[15.327s] INFO:colcon.colcon_core.shell:Creating environment hook '/home/jerry/AutoSweeperSystem/AutoSweeperSystem_ws/install/micro_ros_agent/share/micro_ros_agent/hook/cmake_prefix_path.sh'
[15.346s] Level 1:colcon.colcon_core.environment:checking '/home/jerry/AutoSweeperSystem/AutoSweeperSystem_ws/install/micro_ros_agent/lib'
[15.353s] Level 1:colcon.colcon_core.shell:create_environment_hook('micro_ros_agent', 'ld_library_path_lib')
[15.370s] INFO:colcon.colcon_core.shell:Creating environment hook '/home/jerry/AutoSweeperSystem/AutoSweeperSystem_ws/install/micro_ros_agent/share/micro_ros_agent/hook/ld_library_path_lib.ps1'
[15.385s] INFO:colcon.colcon_core.shell:Creating environment descriptor '/home/jerry/AutoSweeperSystem/AutoSweeperSystem_ws/install/micro_ros_agent/share/micro_ros_agent/hook/ld_library_path_lib.dsv'
[15.400s] INFO:colcon.colcon_core.shell:Creating environment hook '/home/jerry/AutoSweeperSystem/AutoSweeperSystem_ws/install/micro_ros_agent/share/micro_ros_agent/hook/ld_library_path_lib.sh'
[15.406s] Level 1:colcon.colcon_core.environment:checking '/home/jerry/AutoSweeperSystem/AutoSweeperSystem_ws/install/micro_ros_agent/bin'
[15.407s] Level 1:colcon.colcon_core.environment:checking '/home/jerry/AutoSweeperSystem/AutoSweeperSystem_ws/install/micro_ros_agent/lib/pkgconfig/micro_ros_agent.pc'
[15.409s] Level 1:colcon.colcon_core.environment:checking '/home/jerry/AutoSweeperSystem/AutoSweeperSystem_ws/install/micro_ros_agent/lib/python3.10/site-packages'
[15.414s] Level 1:colcon.colcon_core.environment:checking '/home/jerry/AutoSweeperSystem/AutoSweeperSystem_ws/install/micro_ros_agent/bin'
[15.416s] INFO:colcon.colcon_core.shell:Creating package script '/home/jerry/AutoSweeperSystem/AutoSweeperSystem_ws/install/micro_ros_agent/share/micro_ros_agent/package.ps1'
[15.430s] INFO:colcon.colcon_core.shell:Creating package descriptor '/home/jerry/AutoSweeperSystem/AutoSweeperSystem_ws/install/micro_ros_agent/share/micro_ros_agent/package.dsv'
[15.441s] INFO:colcon.colcon_core.shell:Creating package script '/home/jerry/AutoSweeperSystem/AutoSweeperSystem_ws/install/micro_ros_agent/share/micro_ros_agent/package.sh'
[15.449s] INFO:colcon.colcon_core.shell:Creating package script '/home/jerry/AutoSweeperSystem/AutoSweeperSystem_ws/install/micro_ros_agent/share/micro_ros_agent/package.bash'
[15.463s] INFO:colcon.colcon_core.shell:Creating package script '/home/jerry/AutoSweeperSystem/AutoSweeperSystem_ws/install/micro_ros_agent/share/micro_ros_agent/package.zsh'
[15.470s] Level 1:colcon.colcon_core.environment:create_file_with_runtime_dependencies(/home/jerry/AutoSweeperSystem/AutoSweeperSystem_ws/install/micro_ros_agent/share/colcon-core/packages/micro_ros_agent)
[15.480s] Level 1:colcon.colcon_core.environment:create_environment_scripts_only(micro_ros_agent)
[15.485s] Level 1:colcon.colcon_core.environment:checking '/home/jerry/AutoSweeperSystem/AutoSweeperSystem_ws/install/micro_ros_agent' for CMake module files
[15.497s] Level 1:colcon.colcon_core.environment:checking '/home/jerry/AutoSweeperSystem/AutoSweeperSystem_ws/install/micro_ros_agent' for CMake config files
[15.503s] Level 1:colcon.colcon_core.shell:create_environment_hook('micro_ros_agent', 'cmake_prefix_path')
[15.506s] INFO:colcon.colcon_core.shell:Creating environment hook '/home/jerry/AutoSweeperSystem/AutoSweeperSystem_ws/install/micro_ros_agent/share/micro_ros_agent/hook/cmake_prefix_path.ps1'
[15.514s] INFO:colcon.colcon_core.shell:Creating environment descriptor '/home/jerry/AutoSweeperSystem/AutoSweeperSystem_ws/install/micro_ros_agent/share/micro_ros_agent/hook/cmake_prefix_path.dsv'
[15.523s] INFO:colcon.colcon_core.shell:Creating environment hook '/home/jerry/AutoSweeperSystem/AutoSweeperSystem_ws/install/micro_ros_agent/share/micro_ros_agent/hook/cmake_prefix_path.sh'
[15.528s] Level 1:colcon.colcon_core.environment:checking '/home/jerry/AutoSweeperSystem/AutoSweeperSystem_ws/install/micro_ros_agent/lib'
[15.528s] Level 1:colcon.colcon_core.shell:create_environment_hook('micro_ros_agent', 'ld_library_path_lib')
[15.531s] INFO:colcon.colcon_core.shell:Creating environment hook '/home/jerry/AutoSweeperSystem/AutoSweeperSystem_ws/install/micro_ros_agent/share/micro_ros_agent/hook/ld_library_path_lib.ps1'
[15.544s] INFO:colcon.colcon_core.shell:Creating environment descriptor '/home/jerry/AutoSweeperSystem/AutoSweeperSystem_ws/install/micro_ros_agent/share/micro_ros_agent/hook/ld_library_path_lib.dsv'
[15.559s] INFO:colcon.colcon_core.shell:Creating environment hook '/home/jerry/AutoSweeperSystem/AutoSweeperSystem_ws/install/micro_ros_agent/share/micro_ros_agent/hook/ld_library_path_lib.sh'
[15.572s] Level 1:colcon.colcon_core.environment:checking '/home/jerry/AutoSweeperSystem/AutoSweeperSystem_ws/install/micro_ros_agent/bin'
[15.574s] Level 1:colcon.colcon_core.environment:checking '/home/jerry/AutoSweeperSystem/AutoSweeperSystem_ws/install/micro_ros_agent/lib/pkgconfig/micro_ros_agent.pc'
[15.591s] Level 1:colcon.colcon_core.environment:checking '/home/jerry/AutoSweeperSystem/AutoSweeperSystem_ws/install/micro_ros_agent/lib/python3.10/site-packages'
[15.605s] Level 1:colcon.colcon_core.environment:checking '/home/jerry/AutoSweeperSystem/AutoSweeperSystem_ws/install/micro_ros_agent/bin'
[15.616s] INFO:colcon.colcon_core.shell:Creating package script '/home/jerry/AutoSweeperSystem/AutoSweeperSystem_ws/install/micro_ros_agent/share/micro_ros_agent/package.ps1'
[15.622s] INFO:colcon.colcon_core.shell:Creating package descriptor '/home/jerry/AutoSweeperSystem/AutoSweeperSystem_ws/install/micro_ros_agent/share/micro_ros_agent/package.dsv'
[15.628s] INFO:colcon.colcon_core.shell:Creating package script '/home/jerry/AutoSweeperSystem/AutoSweeperSystem_ws/install/micro_ros_agent/share/micro_ros_agent/package.sh'
[15.643s] INFO:colcon.colcon_core.shell:Creating package script '/home/jerry/AutoSweeperSystem/AutoSweeperSystem_ws/install/micro_ros_agent/share/micro_ros_agent/package.bash'
[15.676s] INFO:colcon.colcon_core.shell:Creating package script '/home/jerry/AutoSweeperSystem/AutoSweeperSystem_ws/install/micro_ros_agent/share/micro_ros_agent/package.zsh'
[15.687s] Level 1:colcon.colcon_core.environment:create_file_with_runtime_dependencies(/home/jerry/AutoSweeperSystem/AutoSweeperSystem_ws/install/micro_ros_agent/share/colcon-core/packages/micro_ros_agent)
[15.708s] DEBUG:colcon.colcon_core.event_handler.log_command:Invoked command in '/home/jerry/AutoSweeperSystem/AutoSweeperSystem_ws/build/fishbot_navigation2' returned '0': CMAKE_PREFIX_PATH=${CMAKE_PREFIX_PATH}:/home/jerry/AutoSweeperSystem/AutoSweeperSystem_ws/install/autosweeper_robot:/opt/ros/humble /usr/bin/cmake --build /home/jerry/AutoSweeperSystem/AutoSweeperSystem_ws/build/fishbot_navigation2 -- -j4 -l4
[15.716s] DEBUG:colcon.colcon_core.event_handler.log_command:Invoking command in '/home/jerry/AutoSweeperSystem/AutoSweeperSystem_ws/build/fishbot_navigation2': CMAKE_PREFIX_PATH=${CMAKE_PREFIX_PATH}:/home/jerry/AutoSweeperSystem/AutoSweeperSystem_ws/install/autosweeper_robot:/opt/ros/humble /usr/bin/cmake --install /home/jerry/AutoSweeperSystem/AutoSweeperSystem_ws/build/fishbot_navigation2
[15.836s] Level 1:colcon.colcon_core.environment:create_environment_scripts_only(fishbot_navigation2)
[15.839s] Level 1:colcon.colcon_core.environment:checking '/home/jerry/AutoSweeperSystem/AutoSweeperSystem_ws/install/fishbot_navigation2' for CMake module files
[15.844s] Level 1:colcon.colcon_core.environment:checking '/home/jerry/AutoSweeperSystem/AutoSweeperSystem_ws/install/fishbot_navigation2' for CMake config files
[15.859s] Level 1:colcon.colcon_core.shell:create_environment_hook('fishbot_navigation2', 'cmake_prefix_path')
[15.861s] INFO:colcon.colcon_core.shell:Creating environment hook '/home/jerry/AutoSweeperSystem/AutoSweeperSystem_ws/install/fishbot_navigation2/share/fishbot_navigation2/hook/cmake_prefix_path.ps1'
[15.864s] INFO:colcon.colcon_core.shell:Creating environment descriptor '/home/jerry/AutoSweeperSystem/AutoSweeperSystem_ws/install/fishbot_navigation2/share/fishbot_navigation2/hook/cmake_prefix_path.dsv'
[15.883s] INFO:colcon.colcon_core.shell:Creating environment hook '/home/jerry/AutoSweeperSystem/AutoSweeperSystem_ws/install/fishbot_navigation2/share/fishbot_navigation2/hook/cmake_prefix_path.sh'
[15.888s] DEBUG:colcon.colcon_core.event_handler.log_command:Invoked command in '/home/jerry/AutoSweeperSystem/AutoSweeperSystem_ws/build/fishbot_navigation2' returned '0': CMAKE_PREFIX_PATH=${CMAKE_PREFIX_PATH}:/home/jerry/AutoSweeperSystem/AutoSweeperSystem_ws/install/autosweeper_robot:/opt/ros/humble /usr/bin/cmake --install /home/jerry/AutoSweeperSystem/AutoSweeperSystem_ws/build/fishbot_navigation2
[15.893s] Level 1:colcon.colcon_core.environment:checking '/home/jerry/AutoSweeperSystem/AutoSweeperSystem_ws/install/fishbot_navigation2/bin'
[15.894s] Level 1:colcon.colcon_core.environment:checking '/home/jerry/AutoSweeperSystem/AutoSweeperSystem_ws/install/fishbot_navigation2/lib/pkgconfig/fishbot_navigation2.pc'
[15.897s] Level 1:colcon.colcon_core.environment:checking '/home/jerry/AutoSweeperSystem/AutoSweeperSystem_ws/install/fishbot_navigation2/lib/python3.10/site-packages'
[15.902s] Level 1:colcon.colcon_core.environment:checking '/home/jerry/AutoSweeperSystem/AutoSweeperSystem_ws/install/fishbot_navigation2/bin'
[15.905s] INFO:colcon.colcon_core.shell:Creating package script '/home/jerry/AutoSweeperSystem/AutoSweeperSystem_ws/install/fishbot_navigation2/share/fishbot_navigation2/package.ps1'
[15.910s] INFO:colcon.colcon_core.shell:Creating package descriptor '/home/jerry/AutoSweeperSystem/AutoSweeperSystem_ws/install/fishbot_navigation2/share/fishbot_navigation2/package.dsv'
[15.916s] INFO:colcon.colcon_core.shell:Creating package script '/home/jerry/AutoSweeperSystem/AutoSweeperSystem_ws/install/fishbot_navigation2/share/fishbot_navigation2/package.sh'
[15.924s] INFO:colcon.colcon_core.shell:Creating package script '/home/jerry/AutoSweeperSystem/AutoSweeperSystem_ws/install/fishbot_navigation2/share/fishbot_navigation2/package.bash'
[15.931s] INFO:colcon.colcon_core.shell:Creating package script '/home/jerry/AutoSweeperSystem/AutoSweeperSystem_ws/install/fishbot_navigation2/share/fishbot_navigation2/package.zsh'
[15.939s] Level 1:colcon.colcon_core.environment:create_file_with_runtime_dependencies(/home/jerry/AutoSweeperSystem/AutoSweeperSystem_ws/install/fishbot_navigation2/share/colcon-core/packages/fishbot_navigation2)
[15.945s] Level 1:colcon.colcon_core.environment:create_environment_scripts_only(fishbot_navigation2)
[15.949s] Level 1:colcon.colcon_core.environment:checking '/home/jerry/AutoSweeperSystem/AutoSweeperSystem_ws/install/fishbot_navigation2' for CMake module files
[15.961s] Level 1:colcon.colcon_core.environment:checking '/home/jerry/AutoSweeperSystem/AutoSweeperSystem_ws/install/fishbot_navigation2' for CMake config files
[15.972s] Level 1:colcon.colcon_core.shell:create_environment_hook('fishbot_navigation2', 'cmake_prefix_path')
[15.974s] INFO:colcon.colcon_core.shell:Creating environment hook '/home/jerry/AutoSweeperSystem/AutoSweeperSystem_ws/install/fishbot_navigation2/share/fishbot_navigation2/hook/cmake_prefix_path.ps1'
[15.978s] INFO:colcon.colcon_core.shell:Creating environment descriptor '/home/jerry/AutoSweeperSystem/AutoSweeperSystem_ws/install/fishbot_navigation2/share/fishbot_navigation2/hook/cmake_prefix_path.dsv'
[15.988s] INFO:colcon.colcon_core.shell:Creating environment hook '/home/jerry/AutoSweeperSystem/AutoSweeperSystem_ws/install/fishbot_navigation2/share/fishbot_navigation2/hook/cmake_prefix_path.sh'
[15.994s] Level 1:colcon.colcon_core.environment:checking '/home/jerry/AutoSweeperSystem/AutoSweeperSystem_ws/install/fishbot_navigation2/bin'
[15.995s] Level 1:colcon.colcon_core.environment:checking '/home/jerry/AutoSweeperSystem/AutoSweeperSystem_ws/install/fishbot_navigation2/lib/pkgconfig/fishbot_navigation2.pc'
[15.996s] Level 1:colcon.colcon_core.environment:checking '/home/jerry/AutoSweeperSystem/AutoSweeperSystem_ws/install/fishbot_navigation2/lib/python3.10/site-packages'
[15.999s] Level 1:colcon.colcon_core.environment:checking '/home/jerry/AutoSweeperSystem/AutoSweeperSystem_ws/install/fishbot_navigation2/bin'
[16.012s] INFO:colcon.colcon_core.shell:Creating package script '/home/jerry/AutoSweeperSystem/AutoSweeperSystem_ws/install/fishbot_navigation2/share/fishbot_navigation2/package.ps1'
[16.027s] INFO:colcon.colcon_core.shell:Creating package descriptor '/home/jerry/AutoSweeperSystem/AutoSweeperSystem_ws/install/fishbot_navigation2/share/fishbot_navigation2/package.dsv'
[16.047s] INFO:colcon.colcon_core.shell:Creating package script '/home/jerry/AutoSweeperSystem/AutoSweeperSystem_ws/install/fishbot_navigation2/share/fishbot_navigation2/package.sh'
[16.065s] INFO:colcon.colcon_core.shell:Creating package script '/home/jerry/AutoSweeperSystem/AutoSweeperSystem_ws/install/fishbot_navigation2/share/fishbot_navigation2/package.bash'
[16.090s] INFO:colcon.colcon_core.shell:Creating package script '/home/jerry/AutoSweeperSystem/AutoSweeperSystem_ws/install/fishbot_navigation2/share/fishbot_navigation2/package.zsh'
[16.096s] Level 1:colcon.colcon_core.environment:create_file_with_runtime_dependencies(/home/jerry/AutoSweeperSystem/AutoSweeperSystem_ws/install/fishbot_navigation2/share/colcon-core/packages/fishbot_navigation2)
[16.187s] Level 1:colcon.colcon_core.environment:checking '/home/jerry/AutoSweeperSystem/AutoSweeperSystem_ws/install/autosweeper_robot' for CMake module files
[16.190s] DEBUG:colcon.colcon_core.event_handler.log_command:Invoked command in '/home/jerry/AutoSweeperSystem/AutoSweeperSystem_ws/src/autosweeper_robot' returned '0': PYTHONPATH=/home/jerry/AutoSweeperSystem/AutoSweeperSystem_ws/build/autosweeper_robot/prefix_override:/usr/lib/python3/dist-packages/colcon_core/task/python/colcon_distutils_commands:/home/jerry/AutoSweeperSystem/AutoSweeperSystem_ws/install/autosweeper_robot/lib/python3.10/site-packages:${PYTHONPATH} /usr/bin/python3 -W ignore:setup.py install is deprecated -W ignore:easy_install command is deprecated setup.py egg_info --egg-base ../../build/autosweeper_robot build --build-base /home/jerry/AutoSweeperSystem/AutoSweeperSystem_ws/build/autosweeper_robot/build install --record /home/jerry/AutoSweeperSystem/AutoSweeperSystem_ws/build/autosweeper_robot/install.log --single-version-externally-managed install_data
[16.196s] Level 1:colcon.colcon_core.environment:checking '/home/jerry/AutoSweeperSystem/AutoSweeperSystem_ws/install/autosweeper_robot' for CMake config files
[16.206s] Level 1:colcon.colcon_core.environment:checking '/home/jerry/AutoSweeperSystem/AutoSweeperSystem_ws/install/autosweeper_robot/lib'
[16.207s] Level 1:colcon.colcon_core.environment:checking '/home/jerry/AutoSweeperSystem/AutoSweeperSystem_ws/install/autosweeper_robot/bin'
[16.208s] Level 1:colcon.colcon_core.environment:checking '/home/jerry/AutoSweeperSystem/AutoSweeperSystem_ws/install/autosweeper_robot/lib/pkgconfig/autosweeper_robot.pc'
[16.210s] Level 1:colcon.colcon_core.environment:checking '/home/jerry/AutoSweeperSystem/AutoSweeperSystem_ws/install/autosweeper_robot/lib/python3.10/site-packages'
[16.211s] Level 1:colcon.colcon_core.shell:create_environment_hook('autosweeper_robot', 'pythonpath')
[16.213s] INFO:colcon.colcon_core.shell:Creating environment hook '/home/jerry/AutoSweeperSystem/AutoSweeperSystem_ws/install/autosweeper_robot/share/autosweeper_robot/hook/pythonpath.ps1'
[16.218s] INFO:colcon.colcon_core.shell:Creating environment descriptor '/home/jerry/AutoSweeperSystem/AutoSweeperSystem_ws/install/autosweeper_robot/share/autosweeper_robot/hook/pythonpath.dsv'
[16.222s] INFO:colcon.colcon_core.shell:Creating environment hook '/home/jerry/AutoSweeperSystem/AutoSweeperSystem_ws/install/autosweeper_robot/share/autosweeper_robot/hook/pythonpath.sh'
[16.229s] Level 1:colcon.colcon_core.environment:checking '/home/jerry/AutoSweeperSystem/AutoSweeperSystem_ws/install/autosweeper_robot/bin'
[16.230s] Level 1:colcon.colcon_core.environment:create_environment_scripts_only(autosweeper_robot)
[16.232s] INFO:colcon.colcon_core.shell:Creating package script '/home/jerry/AutoSweeperSystem/AutoSweeperSystem_ws/install/autosweeper_robot/share/autosweeper_robot/package.ps1'
[16.237s] INFO:colcon.colcon_core.shell:Creating package descriptor '/home/jerry/AutoSweeperSystem/AutoSweeperSystem_ws/install/autosweeper_robot/share/autosweeper_robot/package.dsv'
[16.242s] INFO:colcon.colcon_core.shell:Creating package script '/home/jerry/AutoSweeperSystem/AutoSweeperSystem_ws/install/autosweeper_robot/share/autosweeper_robot/package.sh'
[16.246s] INFO:colcon.colcon_core.shell:Creating package script '/home/jerry/AutoSweeperSystem/AutoSweeperSystem_ws/install/autosweeper_robot/share/autosweeper_robot/package.bash'
[16.251s] INFO:colcon.colcon_core.shell:Creating package script '/home/jerry/AutoSweeperSystem/AutoSweeperSystem_ws/install/autosweeper_robot/share/autosweeper_robot/package.zsh'
[16.257s] Level 1:colcon.colcon_core.environment:create_file_with_runtime_dependencies(/home/jerry/AutoSweeperSystem/AutoSweeperSystem_ws/install/autosweeper_robot/share/colcon-core/packages/autosweeper_robot)
[64.168s] DEBUG:colcon.colcon_core.event_handler.log_command:Invoked command in '/home/jerry/AutoSweeperSystem/AutoSweeperSystem_ws/build/fishbot_bringup' returned '0': CMAKE_PREFIX_PATH=${CMAKE_PREFIX_PATH}:/home/jerry/AutoSweeperSystem/AutoSweeperSystem_ws/install/autosweeper_robot:/opt/ros/humble /usr/bin/cmake --build /home/jerry/AutoSweeperSystem/AutoSweeperSystem_ws/build/fishbot_bringup -- -j4 -l4
[64.207s] DEBUG:colcon.colcon_core.event_handler.log_command:Invoking command in '/home/jerry/AutoSweeperSystem/AutoSweeperSystem_ws/build/fishbot_bringup': CMAKE_PREFIX_PATH=${CMAKE_PREFIX_PATH}:/home/jerry/AutoSweeperSystem/AutoSweeperSystem_ws/install/autosweeper_robot:/opt/ros/humble /usr/bin/cmake --install /home/jerry/AutoSweeperSystem/AutoSweeperSystem_ws/build/fishbot_bringup
[64.494s] Level 1:colcon.colcon_core.environment:create_environment_scripts_only(fishbot_bringup)
[64.497s] Level 1:colcon.colcon_core.environment:checking '/home/jerry/AutoSweeperSystem/AutoSweeperSystem_ws/install/fishbot_bringup' for CMake module files
[64.499s] DEBUG:colcon.colcon_core.event_handler.log_command:Invoked command in '/home/jerry/AutoSweeperSystem/AutoSweeperSystem_ws/build/fishbot_bringup' returned '0': CMAKE_PREFIX_PATH=${CMAKE_PREFIX_PATH}:/home/jerry/AutoSweeperSystem/AutoSweeperSystem_ws/install/autosweeper_robot:/opt/ros/humble /usr/bin/cmake --install /home/jerry/AutoSweeperSystem/AutoSweeperSystem_ws/build/fishbot_bringup
[64.505s] Level 1:colcon.colcon_core.environment:checking '/home/jerry/AutoSweeperSystem/AutoSweeperSystem_ws/install/fishbot_bringup' for CMake config files
[64.520s] Level 1:colcon.colcon_core.shell:create_environment_hook('fishbot_bringup', 'cmake_prefix_path')
[64.522s] INFO:colcon.colcon_core.shell:Creating environment hook '/home/jerry/AutoSweeperSystem/AutoSweeperSystem_ws/install/fishbot_bringup/share/fishbot_bringup/hook/cmake_prefix_path.ps1'
[64.563s] INFO:colcon.colcon_core.shell:Creating environment descriptor '/home/jerry/AutoSweeperSystem/AutoSweeperSystem_ws/install/fishbot_bringup/share/fishbot_bringup/hook/cmake_prefix_path.dsv'
[64.597s] INFO:colcon.colcon_core.shell:Creating environment hook '/home/jerry/AutoSweeperSystem/AutoSweeperSystem_ws/install/fishbot_bringup/share/fishbot_bringup/hook/cmake_prefix_path.sh'
[64.613s] Level 1:colcon.colcon_core.environment:checking '/home/jerry/AutoSweeperSystem/AutoSweeperSystem_ws/install/fishbot_bringup/lib'
[64.614s] Level 1:colcon.colcon_core.environment:checking '/home/jerry/AutoSweeperSystem/AutoSweeperSystem_ws/install/fishbot_bringup/bin'
[64.614s] Level 1:colcon.colcon_core.environment:checking '/home/jerry/AutoSweeperSystem/AutoSweeperSystem_ws/install/fishbot_bringup/lib/pkgconfig/fishbot_bringup.pc'
[64.616s] Level 1:colcon.colcon_core.environment:checking '/home/jerry/AutoSweeperSystem/AutoSweeperSystem_ws/install/fishbot_bringup/lib/python3.10/site-packages'
[64.619s] Level 1:colcon.colcon_core.environment:checking '/home/jerry/AutoSweeperSystem/AutoSweeperSystem_ws/install/fishbot_bringup/bin'
[64.622s] INFO:colcon.colcon_core.shell:Creating package script '/home/jerry/AutoSweeperSystem/AutoSweeperSystem_ws/install/fishbot_bringup/share/fishbot_bringup/package.ps1'
[64.628s] INFO:colcon.colcon_core.shell:Creating package descriptor '/home/jerry/AutoSweeperSystem/AutoSweeperSystem_ws/install/fishbot_bringup/share/fishbot_bringup/package.dsv'
[64.640s] INFO:colcon.colcon_core.shell:Creating package script '/home/jerry/AutoSweeperSystem/AutoSweeperSystem_ws/install/fishbot_bringup/share/fishbot_bringup/package.sh'
[64.645s] INFO:colcon.colcon_core.shell:Creating package script '/home/jerry/AutoSweeperSystem/AutoSweeperSystem_ws/install/fishbot_bringup/share/fishbot_bringup/package.bash'
[64.677s] INFO:colcon.colcon_core.shell:Creating package script '/home/jerry/AutoSweeperSystem/AutoSweeperSystem_ws/install/fishbot_bringup/share/fishbot_bringup/package.zsh'
[64.690s] Level 1:colcon.colcon_core.environment:create_file_with_runtime_dependencies(/home/jerry/AutoSweeperSystem/AutoSweeperSystem_ws/install/fishbot_bringup/share/colcon-core/packages/fishbot_bringup)
[64.694s] Level 1:colcon.colcon_core.environment:create_environment_scripts_only(fishbot_bringup)
[64.696s] Level 1:colcon.colcon_core.environment:checking '/home/jerry/AutoSweeperSystem/AutoSweeperSystem_ws/install/fishbot_bringup' for CMake module files
[64.700s] Level 1:colcon.colcon_core.environment:checking '/home/jerry/AutoSweeperSystem/AutoSweeperSystem_ws/install/fishbot_bringup' for CMake config files
[64.703s] Level 1:colcon.colcon_core.shell:create_environment_hook('fishbot_bringup', 'cmake_prefix_path')
[64.704s] INFO:colcon.colcon_core.shell:Creating environment hook '/home/jerry/AutoSweeperSystem/AutoSweeperSystem_ws/install/fishbot_bringup/share/fishbot_bringup/hook/cmake_prefix_path.ps1'
[64.706s] INFO:colcon.colcon_core.shell:Creating environment descriptor '/home/jerry/AutoSweeperSystem/AutoSweeperSystem_ws/install/fishbot_bringup/share/fishbot_bringup/hook/cmake_prefix_path.dsv'
[64.709s] INFO:colcon.colcon_core.shell:Creating environment hook '/home/jerry/AutoSweeperSystem/AutoSweeperSystem_ws/install/fishbot_bringup/share/fishbot_bringup/hook/cmake_prefix_path.sh'
[64.712s] Level 1:colcon.colcon_core.environment:checking '/home/jerry/AutoSweeperSystem/AutoSweeperSystem_ws/install/fishbot_bringup/lib'
[64.713s] Level 1:colcon.colcon_core.environment:checking '/home/jerry/AutoSweeperSystem/AutoSweeperSystem_ws/install/fishbot_bringup/bin'
[64.713s] Level 1:colcon.colcon_core.environment:checking '/home/jerry/AutoSweeperSystem/AutoSweeperSystem_ws/install/fishbot_bringup/lib/pkgconfig/fishbot_bringup.pc'
[64.715s] Level 1:colcon.colcon_core.environment:checking '/home/jerry/AutoSweeperSystem/AutoSweeperSystem_ws/install/fishbot_bringup/lib/python3.10/site-packages'
[64.717s] Level 1:colcon.colcon_core.environment:checking '/home/jerry/AutoSweeperSystem/AutoSweeperSystem_ws/install/fishbot_bringup/bin'
[64.718s] INFO:colcon.colcon_core.shell:Creating package script '/home/jerry/AutoSweeperSystem/AutoSweeperSystem_ws/install/fishbot_bringup/share/fishbot_bringup/package.ps1'
[64.722s] INFO:colcon.colcon_core.shell:Creating package descriptor '/home/jerry/AutoSweeperSystem/AutoSweeperSystem_ws/install/fishbot_bringup/share/fishbot_bringup/package.dsv'
[64.724s] INFO:colcon.colcon_core.shell:Creating package script '/home/jerry/AutoSweeperSystem/AutoSweeperSystem_ws/install/fishbot_bringup/share/fishbot_bringup/package.sh'
[64.728s] INFO:colcon.colcon_core.shell:Creating package script '/home/jerry/AutoSweeperSystem/AutoSweeperSystem_ws/install/fishbot_bringup/share/fishbot_bringup/package.bash'
[64.730s] INFO:colcon.colcon_core.shell:Creating package script '/home/jerry/AutoSweeperSystem/AutoSweeperSystem_ws/install/fishbot_bringup/share/fishbot_bringup/package.zsh'
[64.733s] Level 1:colcon.colcon_core.environment:create_file_with_runtime_dependencies(/home/jerry/AutoSweeperSystem/AutoSweeperSystem_ws/install/fishbot_bringup/share/colcon-core/packages/fishbot_bringup)
[64.734s] DEBUG:colcon.colcon_parallel_executor.executor.parallel:closing loop
[64.737s] DEBUG:colcon.colcon_parallel_executor.executor.parallel:loop closed
[64.737s] DEBUG:colcon.colcon_parallel_executor.executor.parallel:run_until_complete finished with '0'
[64.738s] DEBUG:colcon.colcon_core.event_reactor:joining thread
[64.858s] INFO:colcon.colcon_core.plugin_system:Skipping extension 'colcon_notification.desktop_notification.notify_send': Could not find 'notify-send'
[64.859s] INFO:colcon.colcon_core.plugin_system:Skipping extension 'colcon_notification.desktop_notification.terminal_notifier': Not used on non-Darwin systems
[64.859s] INFO:colcon.colcon_core.plugin_system:Skipping extension 'colcon_notification.desktop_notification.win32': Not used on non-Windows systems
[64.860s] INFO:colcon.colcon_notification.desktop_notification:Sending desktop notification using 'notify2'
[64.879s] DEBUG:colcon.colcon_notification.desktop_notification.notify2:Failed to initialize notify2: org.freedesktop.DBus.Error.ServiceUnknown: The name org.freedesktop.Notifications was not provided by any .service files
[64.880s] DEBUG:colcon.colcon_core.event_reactor:joined thread
[64.882s] INFO:colcon.colcon_core.shell:Creating prefix script '/home/jerry/AutoSweeperSystem/AutoSweeperSystem_ws/install/local_setup.ps1'
[64.892s] INFO:colcon.colcon_core.shell:Creating prefix util module '/home/jerry/AutoSweeperSystem/AutoSweeperSystem_ws/install/_local_setup_util_ps1.py'
[64.908s] INFO:colcon.colcon_core.shell:Creating prefix chain script '/home/jerry/AutoSweeperSystem/AutoSweeperSystem_ws/install/setup.ps1'
[64.941s] INFO:colcon.colcon_core.shell:Creating prefix script '/home/jerry/AutoSweeperSystem/AutoSweeperSystem_ws/install/local_setup.sh'
[64.948s] INFO:colcon.colcon_core.shell:Creating prefix util module '/home/jerry/AutoSweeperSystem/AutoSweeperSystem_ws/install/_local_setup_util_sh.py'
[64.952s] INFO:colcon.colcon_core.shell:Creating prefix chain script '/home/jerry/AutoSweeperSystem/AutoSweeperSystem_ws/install/setup.sh'
[64.961s] INFO:colcon.colcon_core.shell:Creating prefix script '/home/jerry/AutoSweeperSystem/AutoSweeperSystem_ws/install/local_setup.bash'
[64.965s] INFO:colcon.colcon_core.shell:Creating prefix chain script '/home/jerry/AutoSweeperSystem/AutoSweeperSystem_ws/install/setup.bash'
[64.975s] INFO:colcon.colcon_core.shell:Creating prefix script '/home/jerry/AutoSweeperSystem/AutoSweeperSystem_ws/install/local_setup.zsh'
[64.979s] INFO:colcon.colcon_core.shell:Creating prefix chain script '/home/jerry/AutoSweeperSystem/AutoSweeperSystem_ws/install/setup.zsh'
