[6.238s] Invoking command in '/home/jerry/AutoSweeperSystem/AutoSweeperSystem_ws/src/autosweeper_robot': PYTHONPATH=/home/jerry/AutoSweeperSystem/AutoSweeperSystem_ws/build/autosweeper_robot/prefix_override:/usr/lib/python3/dist-packages/colcon_core/task/python/colcon_distutils_commands:/home/jerry/AutoSweeperSystem/AutoSweeperSystem_ws/install/autosweeper_robot/lib/python3.10/site-packages:${PYTHONPATH} /usr/bin/python3 -W ignore:setup.py install is deprecated -W ignore:easy_install command is deprecated setup.py egg_info --egg-base ../../build/autosweeper_robot build --build-base /home/jerry/AutoSweeperSystem/AutoSweeperSystem_ws/build/autosweeper_robot/build install --record /home/jerry/AutoSweeperSystem/AutoSweeperSystem_ws/build/autosweeper_robot/install.log --single-version-externally-managed install_data
[7.605s] running egg_info
[7.609s] writing ../../build/autosweeper_robot/autosweeper_robot.egg-info/PKG-INFO
[7.611s] writing dependency_links to ../../build/autosweeper_robot/autosweeper_robot.egg-info/dependency_links.txt
[7.612s] writing entry points to ../../build/autosweeper_robot/autosweeper_robot.egg-info/entry_points.txt
[7.613s] writing requirements to ../../build/autosweeper_robot/autosweeper_robot.egg-info/requires.txt
[7.614s] writing top-level names to ../../build/autosweeper_robot/autosweeper_robot.egg-info/top_level.txt
[7.623s] reading manifest file '../../build/autosweeper_robot/autosweeper_robot.egg-info/SOURCES.txt'
[7.627s] writing manifest file '../../build/autosweeper_robot/autosweeper_robot.egg-info/SOURCES.txt'
[7.628s] running build
[7.629s] running build_py
[7.631s] running install
[7.632s] running install_lib
[7.640s] running install_data
[7.644s] running install_egg_info
[7.667s] removing '/home/jerry/AutoSweeperSystem/AutoSweeperSystem_ws/install/autosweeper_robot/lib/python3.10/site-packages/autosweeper_robot-0.0.0-py3.10.egg-info' (and everything under it)
[7.669s] Copying ../../build/autosweeper_robot/autosweeper_robot.egg-info to /home/jerry/AutoSweeperSystem/AutoSweeperSystem_ws/install/autosweeper_robot/lib/python3.10/site-packages/autosweeper_robot-0.0.0-py3.10.egg-info
[7.685s] running install_scripts
[7.825s] Installing range2scan.py script to /home/jerry/AutoSweeperSystem/AutoSweeperSystem_ws/install/autosweeper_robot/lib/autosweeper_robot
[7.825s] Installing sweeper_node script to /home/jerry/AutoSweeperSystem/AutoSweeperSystem_ws/install/autosweeper_robot/lib/autosweeper_robot
[7.826s] writing list of installed files to '/home/jerry/AutoSweeperSystem/AutoSweeperSystem_ws/build/autosweeper_robot/install.log'
[7.966s] Invoked command in '/home/jerry/AutoSweeperSystem/AutoSweeperSystem_ws/src/autosweeper_robot' returned '0': PYTHONPATH=/home/jerry/AutoSweeperSystem/AutoSweeperSystem_ws/build/autosweeper_robot/prefix_override:/usr/lib/python3/dist-packages/colcon_core/task/python/colcon_distutils_commands:/home/jerry/AutoSweeperSystem/AutoSweeperSystem_ws/install/autosweeper_robot/lib/python3.10/site-packages:${PYTHONPATH} /usr/bin/python3 -W ignore:setup.py install is deprecated -W ignore:easy_install command is deprecated setup.py egg_info --egg-base ../../build/autosweeper_robot build --build-base /home/jerry/AutoSweeperSystem/AutoSweeperSystem_ws/build/autosweeper_robot/build install --record /home/jerry/AutoSweeperSystem/AutoSweeperSystem_ws/build/autosweeper_robot/install.log --single-version-externally-managed install_data
