[8.448s] Invoking command in '/home/jerry/AutoSweeperSystem/AutoSweeperSystem_ws/src/camera_publisher': PYTHONPATH=/home/jerry/AutoSweeperSystem/AutoSweeperSystem_ws/build/camera_publisher/prefix_override:/usr/lib/python3/dist-packages/colcon_core/task/python/colcon_distutils_commands:/home/jerry/AutoSweeperSystem/AutoSweeperSystem_ws/install/camera_publisher/lib/python3.10/site-packages:${PYTHONPATH} /usr/bin/python3 -W ignore:setup.py install is deprecated -W ignore:easy_install command is deprecated setup.py egg_info --egg-base ../../build/camera_publisher build --build-base /home/jerry/AutoSweeperSystem/AutoSweeperSystem_ws/build/camera_publisher/build install --record /home/jerry/AutoSweeperSystem/AutoSweeperSystem_ws/build/camera_publisher/install.log --single-version-externally-managed install_data
[11.018s] running egg_info
[11.039s] writing ../../build/camera_publisher/camera_publisher.egg-info/PKG-INFO
[11.047s] writing dependency_links to ../../build/camera_publisher/camera_publisher.egg-info/dependency_links.txt
[11.048s] writing entry points to ../../build/camera_publisher/camera_publisher.egg-info/entry_points.txt
[11.050s] writing requirements to ../../build/camera_publisher/camera_publisher.egg-info/requires.txt
[11.060s] writing top-level names to ../../build/camera_publisher/camera_publisher.egg-info/top_level.txt
[11.079s] reading manifest file '../../build/camera_publisher/camera_publisher.egg-info/SOURCES.txt'
[11.093s] writing manifest file '../../build/camera_publisher/camera_publisher.egg-info/SOURCES.txt'
[11.104s] running build
[11.106s] running build_py
[11.110s] running install
[11.113s] running install_lib
[11.124s] running install_data
[11.126s] running install_egg_info
[11.153s] removing '/home/jerry/AutoSweeperSystem/AutoSweeperSystem_ws/install/camera_publisher/lib/python3.10/site-packages/camera_publisher-0.0.0-py3.10.egg-info' (and everything under it)
[11.162s] Copying ../../build/camera_publisher/camera_publisher.egg-info to /home/jerry/AutoSweeperSystem/AutoSweeperSystem_ws/install/camera_publisher/lib/python3.10/site-packages/camera_publisher-0.0.0-py3.10.egg-info
[11.177s] running install_scripts
[11.328s] Installing camera_publisher script to /home/jerry/AutoSweeperSystem/AutoSweeperSystem_ws/install/camera_publisher/lib/camera_publisher
[11.329s] writing list of installed files to '/home/jerry/AutoSweeperSystem/AutoSweeperSystem_ws/build/camera_publisher/install.log'
[11.614s] Invoked command in '/home/jerry/AutoSweeperSystem/AutoSweeperSystem_ws/src/camera_publisher' returned '0': PYTHONPATH=/home/jerry/AutoSweeperSystem/AutoSweeperSystem_ws/build/camera_publisher/prefix_override:/usr/lib/python3/dist-packages/colcon_core/task/python/colcon_distutils_commands:/home/jerry/AutoSweeperSystem/AutoSweeperSystem_ws/install/camera_publisher/lib/python3.10/site-packages:${PYTHONPATH} /usr/bin/python3 -W ignore:setup.py install is deprecated -W ignore:easy_install command is deprecated setup.py egg_info --egg-base ../../build/camera_publisher build --build-base /home/jerry/AutoSweeperSystem/AutoSweeperSystem_ws/build/camera_publisher/build install --record /home/jerry/AutoSweeperSystem/AutoSweeperSystem_ws/build/camera_publisher/install.log --single-version-externally-managed install_data
