[0.143s] Invoking command in '/home/jerry/AutoSweeperSystem/AutoSweeperSystem_ws/build/fishbot_interfaces': CMAKE_PREFIX_PATH=/opt/ros/humble /usr/bin/cmake --build /home/jerry/AutoSweeperSystem/AutoSweeperSystem_ws/build/fishbot_interfaces -- -j4 -l4
[0.570s] [35m[1mConsolidate compiler generated dependencies of target fishbot_interfaces__rosidl_generator_c[0m
[0.727s] [  9%] Built target fishbot_interfaces__rosidl_generator_c
[0.775s] [ 12%] Built target fishbot_interfaces__cpp
[0.840s] [35m[1mConsolidate compiler generated dependencies of target fishbot_interfaces__rosidl_typesupport_introspection_c[0m
[0.841s] [ 12%] Built target ament_cmake_python_copy_fishbot_interfaces
[0.898s] [35m[1mConsolidate compiler generated dependencies of target fishbot_interfaces__rosidl_typesupport_c[0m
[0.991s] [35m[1mConsolidate compiler generated dependencies of target fishbot_interfaces__rosidl_typesupport_fastrtps_cpp[0m
[1.005s] [ 22%] Built target fishbot_interfaces__rosidl_typesupport_introspection_c
[1.018s] [35m[1mConsolidate compiler generated dependencies of target fishbot_interfaces__rosidl_typesupport_fastrtps_c[0m
[1.044s] [ 32%] Built target fishbot_interfaces__rosidl_typesupport_c
[1.197s] [35m[1mConsolidate compiler generated dependencies of target fishbot_interfaces__rosidl_typesupport_introspection_cpp[0m
[1.217s] [ 41%] Built target fishbot_interfaces__rosidl_typesupport_fastrtps_cpp
[1.234s] [ 51%] Built target fishbot_interfaces__rosidl_typesupport_fastrtps_c
[1.403s] [ 61%] Built target fishbot_interfaces__rosidl_typesupport_introspection_cpp
[1.545s] [35m[1mConsolidate compiler generated dependencies of target fishbot_interfaces__rosidl_typesupport_cpp[0m
[1.710s] [ 70%] Built target fishbot_interfaces__rosidl_typesupport_cpp
[1.977s] [ 70%] Built target fishbot_interfaces
[2.266s] [ 74%] Built target fishbot_interfaces__py
[2.370s] [35m[1mConsolidate compiler generated dependencies of target fishbot_interfaces__rosidl_generator_py[0m
[2.567s] [ 80%] Built target fishbot_interfaces__rosidl_generator_py
[2.694s] [35m[1mConsolidate compiler generated dependencies of target fishbot_interfaces__rosidl_typesupport_introspection_c__pyext[0m
[2.720s] [35m[1mConsolidate compiler generated dependencies of target fishbot_interfaces__rosidl_typesupport_c__pyext[0m
[2.820s] [35m[1mConsolidate compiler generated dependencies of target fishbot_interfaces__rosidl_typesupport_fastrtps_c__pyext[0m
[2.965s] [ 87%] Built target fishbot_interfaces__rosidl_typesupport_introspection_c__pyext
[3.016s] [ 93%] Built target fishbot_interfaces__rosidl_typesupport_fastrtps_c__pyext
[3.087s] [100%] Built target fishbot_interfaces__rosidl_typesupport_c__pyext
[4.013s] running egg_info
[4.015s] writing fishbot_interfaces.egg-info/PKG-INFO
[4.017s] writing dependency_links to fishbot_interfaces.egg-info/dependency_links.txt
[4.019s] writing top-level names to fishbot_interfaces.egg-info/top_level.txt
[4.037s] reading manifest file 'fishbot_interfaces.egg-info/SOURCES.txt'
[4.053s] writing manifest file 'fishbot_interfaces.egg-info/SOURCES.txt'
[4.259s] [100%] Built target ament_cmake_python_build_fishbot_interfaces_egg
[4.380s] Invoked command in '/home/jerry/AutoSweeperSystem/AutoSweeperSystem_ws/build/fishbot_interfaces' returned '0': CMAKE_PREFIX_PATH=/opt/ros/humble /usr/bin/cmake --build /home/jerry/AutoSweeperSystem/AutoSweeperSystem_ws/build/fishbot_interfaces -- -j4 -l4
[4.394s] Invoking command in '/home/jerry/AutoSweeperSystem/AutoSweeperSystem_ws/build/fishbot_interfaces': CMAKE_PREFIX_PATH=/opt/ros/humble /usr/bin/cmake --install /home/jerry/AutoSweeperSystem/AutoSweeperSystem_ws/build/fishbot_interfaces
[4.464s] -- Install configuration: ""
[4.467s] -- Up-to-date: /home/jerry/AutoSweeperSystem/AutoSweeperSystem_ws/install/fishbot_interfaces/share/ament_index/resource_index/rosidl_interfaces/fishbot_interfaces
[4.469s] -- Up-to-date: /home/jerry/AutoSweeperSystem/AutoSweeperSystem_ws/install/fishbot_interfaces/include/fishbot_interfaces/fishbot_interfaces
[4.484s] -- Up-to-date: /home/jerry/AutoSweeperSystem/AutoSweeperSystem_ws/install/fishbot_interfaces/include/fishbot_interfaces/fishbot_interfaces/msg
[4.487s] -- Up-to-date: /home/jerry/AutoSweeperSystem/AutoSweeperSystem_ws/install/fishbot_interfaces/include/fishbot_interfaces/fishbot_interfaces/msg/rosidl_generator_c__visibility_control.h
[4.489s] -- Up-to-date: /home/jerry/AutoSweeperSystem/AutoSweeperSystem_ws/install/fishbot_interfaces/include/fishbot_interfaces/fishbot_interfaces/srv
[4.492s] -- Up-to-date: /home/jerry/AutoSweeperSystem/AutoSweeperSystem_ws/install/fishbot_interfaces/include/fishbot_interfaces/fishbot_interfaces/srv/fish_bot_config.h
[4.495s] -- Up-to-date: /home/jerry/AutoSweeperSystem/AutoSweeperSystem_ws/install/fishbot_interfaces/include/fishbot_interfaces/fishbot_interfaces/srv/detail
[4.498s] -- Up-to-date: /home/jerry/AutoSweeperSystem/AutoSweeperSystem_ws/install/fishbot_interfaces/include/fishbot_interfaces/fishbot_interfaces/srv/detail/fish_bot_config__type_support.h
[4.500s] -- Up-to-date: /home/jerry/AutoSweeperSystem/AutoSweeperSystem_ws/install/fishbot_interfaces/include/fishbot_interfaces/fishbot_interfaces/srv/detail/fish_bot_config__struct.h
[4.505s] -- Up-to-date: /home/jerry/AutoSweeperSystem/AutoSweeperSystem_ws/install/fishbot_interfaces/include/fishbot_interfaces/fishbot_interfaces/srv/detail/fish_bot_config__functions.c
[4.509s] -- Up-to-date: /home/jerry/AutoSweeperSystem/AutoSweeperSystem_ws/install/fishbot_interfaces/include/fishbot_interfaces/fishbot_interfaces/srv/detail/fish_bot_config__functions.h
[4.514s] -- Up-to-date: /home/jerry/AutoSweeperSystem/AutoSweeperSystem_ws/install/fishbot_interfaces/share/fishbot_interfaces/environment/library_path.sh
[4.517s] -- Up-to-date: /home/jerry/AutoSweeperSystem/AutoSweeperSystem_ws/install/fishbot_interfaces/share/fishbot_interfaces/environment/library_path.dsv
[4.523s] -- Up-to-date: /home/jerry/AutoSweeperSystem/AutoSweeperSystem_ws/install/fishbot_interfaces/lib/libfishbot_interfaces__rosidl_generator_c.so
[4.527s] -- Up-to-date: /home/jerry/AutoSweeperSystem/AutoSweeperSystem_ws/install/fishbot_interfaces/include/fishbot_interfaces/fishbot_interfaces
[4.530s] -- Up-to-date: /home/jerry/AutoSweeperSystem/AutoSweeperSystem_ws/install/fishbot_interfaces/include/fishbot_interfaces/fishbot_interfaces/msg
[4.534s] -- Up-to-date: /home/jerry/AutoSweeperSystem/AutoSweeperSystem_ws/install/fishbot_interfaces/include/fishbot_interfaces/fishbot_interfaces/msg/rosidl_typesupport_fastrtps_c__visibility_control.h
[4.536s] -- Up-to-date: /home/jerry/AutoSweeperSystem/AutoSweeperSystem_ws/install/fishbot_interfaces/include/fishbot_interfaces/fishbot_interfaces/srv
[4.540s] -- Up-to-date: /home/jerry/AutoSweeperSystem/AutoSweeperSystem_ws/install/fishbot_interfaces/include/fishbot_interfaces/fishbot_interfaces/srv/detail
[4.544s] -- Up-to-date: /home/jerry/AutoSweeperSystem/AutoSweeperSystem_ws/install/fishbot_interfaces/include/fishbot_interfaces/fishbot_interfaces/srv/detail/fish_bot_config__rosidl_typesupport_fastrtps_c.h
[4.549s] -- Up-to-date: /home/jerry/AutoSweeperSystem/AutoSweeperSystem_ws/install/fishbot_interfaces/lib/libfishbot_interfaces__rosidl_typesupport_fastrtps_c.so
[4.554s] -- Up-to-date: /home/jerry/AutoSweeperSystem/AutoSweeperSystem_ws/install/fishbot_interfaces/include/fishbot_interfaces/fishbot_interfaces
[4.558s] -- Up-to-date: /home/jerry/AutoSweeperSystem/AutoSweeperSystem_ws/install/fishbot_interfaces/include/fishbot_interfaces/fishbot_interfaces/msg
[4.562s] -- Up-to-date: /home/jerry/AutoSweeperSystem/AutoSweeperSystem_ws/install/fishbot_interfaces/include/fishbot_interfaces/fishbot_interfaces/msg/rosidl_typesupport_introspection_c__visibility_control.h
[4.569s] -- Up-to-date: /home/jerry/AutoSweeperSystem/AutoSweeperSystem_ws/install/fishbot_interfaces/include/fishbot_interfaces/fishbot_interfaces/srv
[4.575s] -- Up-to-date: /home/jerry/AutoSweeperSystem/AutoSweeperSystem_ws/install/fishbot_interfaces/include/fishbot_interfaces/fishbot_interfaces/srv/detail
[4.577s] -- Up-to-date: /home/jerry/AutoSweeperSystem/AutoSweeperSystem_ws/install/fishbot_interfaces/include/fishbot_interfaces/fishbot_interfaces/srv/detail/fish_bot_config__type_support.c
[4.581s] -- Up-to-date: /home/jerry/AutoSweeperSystem/AutoSweeperSystem_ws/install/fishbot_interfaces/include/fishbot_interfaces/fishbot_interfaces/srv/detail/fish_bot_config__rosidl_typesupport_introspection_c.h
[4.582s] -- Up-to-date: /home/jerry/AutoSweeperSystem/AutoSweeperSystem_ws/install/fishbot_interfaces/lib/libfishbot_interfaces__rosidl_typesupport_introspection_c.so
[4.586s] -- Up-to-date: /home/jerry/AutoSweeperSystem/AutoSweeperSystem_ws/install/fishbot_interfaces/lib/libfishbot_interfaces__rosidl_typesupport_c.so
[4.590s] -- Up-to-date: /home/jerry/AutoSweeperSystem/AutoSweeperSystem_ws/install/fishbot_interfaces/include/fishbot_interfaces/fishbot_interfaces
[4.592s] -- Up-to-date: /home/jerry/AutoSweeperSystem/AutoSweeperSystem_ws/install/fishbot_interfaces/include/fishbot_interfaces/fishbot_interfaces/msg
[4.595s] -- Up-to-date: /home/jerry/AutoSweeperSystem/AutoSweeperSystem_ws/install/fishbot_interfaces/include/fishbot_interfaces/fishbot_interfaces/msg/rosidl_generator_cpp__visibility_control.hpp
[4.600s] -- Up-to-date: /home/jerry/AutoSweeperSystem/AutoSweeperSystem_ws/install/fishbot_interfaces/include/fishbot_interfaces/fishbot_interfaces/srv
[4.601s] -- Up-to-date: /home/jerry/AutoSweeperSystem/AutoSweeperSystem_ws/install/fishbot_interfaces/include/fishbot_interfaces/fishbot_interfaces/srv/fish_bot_config.hpp
[4.612s] -- Up-to-date: /home/jerry/AutoSweeperSystem/AutoSweeperSystem_ws/install/fishbot_interfaces/include/fishbot_interfaces/fishbot_interfaces/srv/detail
[4.618s] -- Up-to-date: /home/jerry/AutoSweeperSystem/AutoSweeperSystem_ws/install/fishbot_interfaces/include/fishbot_interfaces/fishbot_interfaces/srv/detail/fish_bot_config__builder.hpp
[4.624s] -- Up-to-date: /home/jerry/AutoSweeperSystem/AutoSweeperSystem_ws/install/fishbot_interfaces/include/fishbot_interfaces/fishbot_interfaces/srv/detail/fish_bot_config__struct.hpp
[4.627s] -- Up-to-date: /home/jerry/AutoSweeperSystem/AutoSweeperSystem_ws/install/fishbot_interfaces/include/fishbot_interfaces/fishbot_interfaces/srv/detail/fish_bot_config__type_support.hpp
[4.632s] -- Up-to-date: /home/jerry/AutoSweeperSystem/AutoSweeperSystem_ws/install/fishbot_interfaces/include/fishbot_interfaces/fishbot_interfaces/srv/detail/fish_bot_config__traits.hpp
[4.640s] -- Up-to-date: /home/jerry/AutoSweeperSystem/AutoSweeperSystem_ws/install/fishbot_interfaces/include/fishbot_interfaces/fishbot_interfaces
[4.645s] -- Up-to-date: /home/jerry/AutoSweeperSystem/AutoSweeperSystem_ws/install/fishbot_interfaces/include/fishbot_interfaces/fishbot_interfaces/msg
[4.650s] -- Up-to-date: /home/jerry/AutoSweeperSystem/AutoSweeperSystem_ws/install/fishbot_interfaces/include/fishbot_interfaces/fishbot_interfaces/msg/rosidl_typesupport_fastrtps_cpp__visibility_control.h
[4.651s] -- Up-to-date: /home/jerry/AutoSweeperSystem/AutoSweeperSystem_ws/install/fishbot_interfaces/include/fishbot_interfaces/fishbot_interfaces/srv
[4.652s] -- Up-to-date: /home/jerry/AutoSweeperSystem/AutoSweeperSystem_ws/install/fishbot_interfaces/include/fishbot_interfaces/fishbot_interfaces/srv/detail
[4.653s] -- Up-to-date: /home/jerry/AutoSweeperSystem/AutoSweeperSystem_ws/install/fishbot_interfaces/include/fishbot_interfaces/fishbot_interfaces/srv/detail/dds_fastrtps
[4.653s] -- Up-to-date: /home/jerry/AutoSweeperSystem/AutoSweeperSystem_ws/install/fishbot_interfaces/include/fishbot_interfaces/fishbot_interfaces/srv/detail/fish_bot_config__rosidl_typesupport_fastrtps_cpp.hpp
[4.654s] -- Up-to-date: /home/jerry/AutoSweeperSystem/AutoSweeperSystem_ws/install/fishbot_interfaces/lib/libfishbot_interfaces__rosidl_typesupport_fastrtps_cpp.so
[4.655s] -- Up-to-date: /home/jerry/AutoSweeperSystem/AutoSweeperSystem_ws/install/fishbot_interfaces/include/fishbot_interfaces/fishbot_interfaces
[4.669s] -- Up-to-date: /home/jerry/AutoSweeperSystem/AutoSweeperSystem_ws/install/fishbot_interfaces/include/fishbot_interfaces/fishbot_interfaces/srv
[4.670s] -- Up-to-date: /home/jerry/AutoSweeperSystem/AutoSweeperSystem_ws/install/fishbot_interfaces/include/fishbot_interfaces/fishbot_interfaces/srv/detail
[4.671s] -- Up-to-date: /home/jerry/AutoSweeperSystem/AutoSweeperSystem_ws/install/fishbot_interfaces/include/fishbot_interfaces/fishbot_interfaces/srv/detail/fish_bot_config__rosidl_typesupport_introspection_cpp.hpp
[4.672s] -- Up-to-date: /home/jerry/AutoSweeperSystem/AutoSweeperSystem_ws/install/fishbot_interfaces/include/fishbot_interfaces/fishbot_interfaces/srv/detail/fish_bot_config__type_support.cpp
[4.673s] -- Up-to-date: /home/jerry/AutoSweeperSystem/AutoSweeperSystem_ws/install/fishbot_interfaces/lib/libfishbot_interfaces__rosidl_typesupport_introspection_cpp.so
[4.674s] -- Up-to-date: /home/jerry/AutoSweeperSystem/AutoSweeperSystem_ws/install/fishbot_interfaces/lib/libfishbot_interfaces__rosidl_typesupport_cpp.so
[4.689s] -- Up-to-date: /home/jerry/AutoSweeperSystem/AutoSweeperSystem_ws/install/fishbot_interfaces/share/fishbot_interfaces/environment/pythonpath.sh
[4.692s] -- Up-to-date: /home/jerry/AutoSweeperSystem/AutoSweeperSystem_ws/install/fishbot_interfaces/share/fishbot_interfaces/environment/pythonpath.dsv
[4.698s] -- Up-to-date: /home/jerry/AutoSweeperSystem/AutoSweeperSystem_ws/install/fishbot_interfaces/local/lib/python3.10/dist-packages/fishbot_interfaces-0.0.0-py3.10.egg-info
[4.702s] -- Installing: /home/jerry/AutoSweeperSystem/AutoSweeperSystem_ws/install/fishbot_interfaces/local/lib/python3.10/dist-packages/fishbot_interfaces-0.0.0-py3.10.egg-info/PKG-INFO
[4.708s] -- Installing: /home/jerry/AutoSweeperSystem/AutoSweeperSystem_ws/install/fishbot_interfaces/local/lib/python3.10/dist-packages/fishbot_interfaces-0.0.0-py3.10.egg-info/top_level.txt
[4.715s] -- Installing: /home/jerry/AutoSweeperSystem/AutoSweeperSystem_ws/install/fishbot_interfaces/local/lib/python3.10/dist-packages/fishbot_interfaces-0.0.0-py3.10.egg-info/SOURCES.txt
[4.720s] -- Installing: /home/jerry/AutoSweeperSystem/AutoSweeperSystem_ws/install/fishbot_interfaces/local/lib/python3.10/dist-packages/fishbot_interfaces-0.0.0-py3.10.egg-info/dependency_links.txt
[4.725s] -- Up-to-date: /home/jerry/AutoSweeperSystem/AutoSweeperSystem_ws/install/fishbot_interfaces/local/lib/python3.10/dist-packages/fishbot_interfaces
[4.730s] -- Up-to-date: /home/jerry/AutoSweeperSystem/AutoSweeperSystem_ws/install/fishbot_interfaces/local/lib/python3.10/dist-packages/fishbot_interfaces/_fishbot_interfaces_s.ep.rosidl_typesupport_fastrtps_c.c
[4.736s] -- Up-to-date: /home/jerry/AutoSweeperSystem/AutoSweeperSystem_ws/install/fishbot_interfaces/local/lib/python3.10/dist-packages/fishbot_interfaces/__init__.py
[4.742s] -- Up-to-date: /home/jerry/AutoSweeperSystem/AutoSweeperSystem_ws/install/fishbot_interfaces/local/lib/python3.10/dist-packages/fishbot_interfaces/fishbot_interfaces_s__rosidl_typesupport_fastrtps_c.cpython-310-aarch64-linux-gnu.so
[4.745s] -- Up-to-date: /home/jerry/AutoSweeperSystem/AutoSweeperSystem_ws/install/fishbot_interfaces/local/lib/python3.10/dist-packages/fishbot_interfaces/fishbot_interfaces_s__rosidl_typesupport_introspection_c.cpython-310-aarch64-linux-gnu.so
[4.748s] -- Up-to-date: /home/jerry/AutoSweeperSystem/AutoSweeperSystem_ws/install/fishbot_interfaces/local/lib/python3.10/dist-packages/fishbot_interfaces/libfishbot_interfaces__rosidl_generator_py.so
[4.751s] -- Up-to-date: /home/jerry/AutoSweeperSystem/AutoSweeperSystem_ws/install/fishbot_interfaces/local/lib/python3.10/dist-packages/fishbot_interfaces/_fishbot_interfaces_s.ep.rosidl_typesupport_c.c
[4.759s] -- Up-to-date: /home/jerry/AutoSweeperSystem/AutoSweeperSystem_ws/install/fishbot_interfaces/local/lib/python3.10/dist-packages/fishbot_interfaces/_fishbot_interfaces_s.ep.rosidl_typesupport_introspection_c.c
[4.763s] -- Up-to-date: /home/jerry/AutoSweeperSystem/AutoSweeperSystem_ws/install/fishbot_interfaces/local/lib/python3.10/dist-packages/fishbot_interfaces/fishbot_interfaces_s__rosidl_typesupport_c.cpython-310-aarch64-linux-gnu.so
[4.766s] -- Up-to-date: /home/jerry/AutoSweeperSystem/AutoSweeperSystem_ws/install/fishbot_interfaces/local/lib/python3.10/dist-packages/fishbot_interfaces/srv
[4.771s] -- Up-to-date: /home/jerry/AutoSweeperSystem/AutoSweeperSystem_ws/install/fishbot_interfaces/local/lib/python3.10/dist-packages/fishbot_interfaces/srv/__init__.py
[4.774s] -- Up-to-date: /home/jerry/AutoSweeperSystem/AutoSweeperSystem_ws/install/fishbot_interfaces/local/lib/python3.10/dist-packages/fishbot_interfaces/srv/_fish_bot_config.py
[4.777s] -- Up-to-date: /home/jerry/AutoSweeperSystem/AutoSweeperSystem_ws/install/fishbot_interfaces/local/lib/python3.10/dist-packages/fishbot_interfaces/srv/_fish_bot_config_s.c
[5.196s] Listing '/home/jerry/AutoSweeperSystem/AutoSweeperSystem_ws/install/fishbot_interfaces/local/lib/python3.10/dist-packages/fishbot_interfaces'...
[5.198s] Listing '/home/jerry/AutoSweeperSystem/AutoSweeperSystem_ws/install/fishbot_interfaces/local/lib/python3.10/dist-packages/fishbot_interfaces/srv'...
[5.307s] -- Up-to-date: /home/jerry/AutoSweeperSystem/AutoSweeperSystem_ws/install/fishbot_interfaces/local/lib/python3.10/dist-packages/fishbot_interfaces/fishbot_interfaces_s__rosidl_typesupport_fastrtps_c.cpython-310-aarch64-linux-gnu.so
[5.314s] -- Up-to-date: /home/jerry/AutoSweeperSystem/AutoSweeperSystem_ws/install/fishbot_interfaces/local/lib/python3.10/dist-packages/fishbot_interfaces/fishbot_interfaces_s__rosidl_typesupport_introspection_c.cpython-310-aarch64-linux-gnu.so
[5.344s] -- Up-to-date: /home/jerry/AutoSweeperSystem/AutoSweeperSystem_ws/install/fishbot_interfaces/local/lib/python3.10/dist-packages/fishbot_interfaces/fishbot_interfaces_s__rosidl_typesupport_c.cpython-310-aarch64-linux-gnu.so
[5.350s] -- Up-to-date: /home/jerry/AutoSweeperSystem/AutoSweeperSystem_ws/install/fishbot_interfaces/lib/libfishbot_interfaces__rosidl_generator_py.so
[5.360s] -- Up-to-date: /home/jerry/AutoSweeperSystem/AutoSweeperSystem_ws/install/fishbot_interfaces/share/fishbot_interfaces/srv/FishBotConfig.idl
[5.383s] -- Up-to-date: /home/jerry/AutoSweeperSystem/AutoSweeperSystem_ws/install/fishbot_interfaces/share/fishbot_interfaces/srv/FishBotConfig.srv
[5.389s] -- Up-to-date: /home/jerry/AutoSweeperSystem/AutoSweeperSystem_ws/install/fishbot_interfaces/share/fishbot_interfaces/srv/FishBotConfig_Request.msg
[5.392s] -- Up-to-date: /home/jerry/AutoSweeperSystem/AutoSweeperSystem_ws/install/fishbot_interfaces/share/fishbot_interfaces/srv/FishBotConfig_Response.msg
[5.394s] -- Up-to-date: /home/jerry/AutoSweeperSystem/AutoSweeperSystem_ws/install/fishbot_interfaces/share/ament_index/resource_index/package_run_dependencies/fishbot_interfaces
[5.396s] -- Up-to-date: /home/jerry/AutoSweeperSystem/AutoSweeperSystem_ws/install/fishbot_interfaces/share/ament_index/resource_index/parent_prefix_path/fishbot_interfaces
[5.398s] -- Up-to-date: /home/jerry/AutoSweeperSystem/AutoSweeperSystem_ws/install/fishbot_interfaces/share/fishbot_interfaces/environment/ament_prefix_path.sh
[5.420s] -- Up-to-date: /home/jerry/AutoSweeperSystem/AutoSweeperSystem_ws/install/fishbot_interfaces/share/fishbot_interfaces/environment/ament_prefix_path.dsv
[5.427s] -- Up-to-date: /home/jerry/AutoSweeperSystem/AutoSweeperSystem_ws/install/fishbot_interfaces/share/fishbot_interfaces/environment/path.sh
[5.430s] -- Up-to-date: /home/jerry/AutoSweeperSystem/AutoSweeperSystem_ws/install/fishbot_interfaces/share/fishbot_interfaces/environment/path.dsv
[5.433s] -- Up-to-date: /home/jerry/AutoSweeperSystem/AutoSweeperSystem_ws/install/fishbot_interfaces/share/fishbot_interfaces/local_setup.bash
[5.436s] -- Up-to-date: /home/jerry/AutoSweeperSystem/AutoSweeperSystem_ws/install/fishbot_interfaces/share/fishbot_interfaces/local_setup.sh
[5.448s] -- Up-to-date: /home/jerry/AutoSweeperSystem/AutoSweeperSystem_ws/install/fishbot_interfaces/share/fishbot_interfaces/local_setup.zsh
[5.451s] -- Up-to-date: /home/jerry/AutoSweeperSystem/AutoSweeperSystem_ws/install/fishbot_interfaces/share/fishbot_interfaces/local_setup.dsv
[5.453s] -- Installing: /home/jerry/AutoSweeperSystem/AutoSweeperSystem_ws/install/fishbot_interfaces/share/fishbot_interfaces/package.dsv
[5.459s] -- Up-to-date: /home/jerry/AutoSweeperSystem/AutoSweeperSystem_ws/install/fishbot_interfaces/share/ament_index/resource_index/packages/fishbot_interfaces
[5.462s] -- Up-to-date: /home/jerry/AutoSweeperSystem/AutoSweeperSystem_ws/install/fishbot_interfaces/share/fishbot_interfaces/cmake/export_fishbot_interfaces__rosidl_generator_cExport.cmake
[5.466s] -- Up-to-date: /home/jerry/AutoSweeperSystem/AutoSweeperSystem_ws/install/fishbot_interfaces/share/fishbot_interfaces/cmake/export_fishbot_interfaces__rosidl_generator_cExport-noconfig.cmake
[5.470s] -- Up-to-date: /home/jerry/AutoSweeperSystem/AutoSweeperSystem_ws/install/fishbot_interfaces/share/fishbot_interfaces/cmake/export_fishbot_interfaces__rosidl_typesupport_fastrtps_cExport.cmake
[5.475s] -- Up-to-date: /home/jerry/AutoSweeperSystem/AutoSweeperSystem_ws/install/fishbot_interfaces/share/fishbot_interfaces/cmake/export_fishbot_interfaces__rosidl_typesupport_fastrtps_cExport-noconfig.cmake
[5.481s] -- Up-to-date: /home/jerry/AutoSweeperSystem/AutoSweeperSystem_ws/install/fishbot_interfaces/share/fishbot_interfaces/cmake/fishbot_interfaces__rosidl_typesupport_introspection_cExport.cmake
[5.494s] -- Up-to-date: /home/jerry/AutoSweeperSystem/AutoSweeperSystem_ws/install/fishbot_interfaces/share/fishbot_interfaces/cmake/fishbot_interfaces__rosidl_typesupport_introspection_cExport-noconfig.cmake
[5.498s] -- Up-to-date: /home/jerry/AutoSweeperSystem/AutoSweeperSystem_ws/install/fishbot_interfaces/share/fishbot_interfaces/cmake/fishbot_interfaces__rosidl_typesupport_cExport.cmake
[5.498s] -- Up-to-date: /home/jerry/AutoSweeperSystem/AutoSweeperSystem_ws/install/fishbot_interfaces/share/fishbot_interfaces/cmake/fishbot_interfaces__rosidl_typesupport_cExport-noconfig.cmake
[5.499s] -- Up-to-date: /home/jerry/AutoSweeperSystem/AutoSweeperSystem_ws/install/fishbot_interfaces/share/fishbot_interfaces/cmake/export_fishbot_interfaces__rosidl_generator_cppExport.cmake
[5.500s] -- Up-to-date: /home/jerry/AutoSweeperSystem/AutoSweeperSystem_ws/install/fishbot_interfaces/share/fishbot_interfaces/cmake/export_fishbot_interfaces__rosidl_typesupport_fastrtps_cppExport.cmake
[5.500s] -- Up-to-date: /home/jerry/AutoSweeperSystem/AutoSweeperSystem_ws/install/fishbot_interfaces/share/fishbot_interfaces/cmake/export_fishbot_interfaces__rosidl_typesupport_fastrtps_cppExport-noconfig.cmake
[5.501s] -- Up-to-date: /home/jerry/AutoSweeperSystem/AutoSweeperSystem_ws/install/fishbot_interfaces/share/fishbot_interfaces/cmake/fishbot_interfaces__rosidl_typesupport_introspection_cppExport.cmake
[5.502s] -- Up-to-date: /home/jerry/AutoSweeperSystem/AutoSweeperSystem_ws/install/fishbot_interfaces/share/fishbot_interfaces/cmake/fishbot_interfaces__rosidl_typesupport_introspection_cppExport-noconfig.cmake
[5.502s] -- Up-to-date: /home/jerry/AutoSweeperSystem/AutoSweeperSystem_ws/install/fishbot_interfaces/share/fishbot_interfaces/cmake/fishbot_interfaces__rosidl_typesupport_cppExport.cmake
[5.510s] -- Up-to-date: /home/jerry/AutoSweeperSystem/AutoSweeperSystem_ws/install/fishbot_interfaces/share/fishbot_interfaces/cmake/fishbot_interfaces__rosidl_typesupport_cppExport-noconfig.cmake
[5.532s] -- Up-to-date: /home/jerry/AutoSweeperSystem/AutoSweeperSystem_ws/install/fishbot_interfaces/share/fishbot_interfaces/cmake/export_fishbot_interfaces__rosidl_generator_pyExport.cmake
[5.540s] -- Up-to-date: /home/jerry/AutoSweeperSystem/AutoSweeperSystem_ws/install/fishbot_interfaces/share/fishbot_interfaces/cmake/export_fishbot_interfaces__rosidl_generator_pyExport-noconfig.cmake
[5.541s] -- Up-to-date: /home/jerry/AutoSweeperSystem/AutoSweeperSystem_ws/install/fishbot_interfaces/share/fishbot_interfaces/cmake/rosidl_cmake-extras.cmake
[5.542s] -- Up-to-date: /home/jerry/AutoSweeperSystem/AutoSweeperSystem_ws/install/fishbot_interfaces/share/fishbot_interfaces/cmake/ament_cmake_export_include_directories-extras.cmake
[5.542s] -- Up-to-date: /home/jerry/AutoSweeperSystem/AutoSweeperSystem_ws/install/fishbot_interfaces/share/fishbot_interfaces/cmake/ament_cmake_export_libraries-extras.cmake
[5.547s] -- Up-to-date: /home/jerry/AutoSweeperSystem/AutoSweeperSystem_ws/install/fishbot_interfaces/share/fishbot_interfaces/cmake/ament_cmake_export_targets-extras.cmake
[5.550s] -- Up-to-date: /home/jerry/AutoSweeperSystem/AutoSweeperSystem_ws/install/fishbot_interfaces/share/fishbot_interfaces/cmake/rosidl_cmake_export_typesupport_targets-extras.cmake
[5.553s] -- Up-to-date: /home/jerry/AutoSweeperSystem/AutoSweeperSystem_ws/install/fishbot_interfaces/share/fishbot_interfaces/cmake/ament_cmake_export_dependencies-extras.cmake
[5.554s] -- Up-to-date: /home/jerry/AutoSweeperSystem/AutoSweeperSystem_ws/install/fishbot_interfaces/share/fishbot_interfaces/cmake/rosidl_cmake_export_typesupport_libraries-extras.cmake
[5.555s] -- Up-to-date: /home/jerry/AutoSweeperSystem/AutoSweeperSystem_ws/install/fishbot_interfaces/share/fishbot_interfaces/cmake/fishbot_interfacesConfig.cmake
[5.556s] -- Up-to-date: /home/jerry/AutoSweeperSystem/AutoSweeperSystem_ws/install/fishbot_interfaces/share/fishbot_interfaces/cmake/fishbot_interfacesConfig-version.cmake
[5.556s] -- Up-to-date: /home/jerry/AutoSweeperSystem/AutoSweeperSystem_ws/install/fishbot_interfaces/share/fishbot_interfaces/package.xml
[5.557s] Invoked command in '/home/jerry/AutoSweeperSystem/AutoSweeperSystem_ws/build/fishbot_interfaces' returned '0': CMAKE_PREFIX_PATH=/opt/ros/humble /usr/bin/cmake --install /home/jerry/AutoSweeperSystem/AutoSweeperSystem_ws/build/fishbot_interfaces
