[6.242s] Invoking command in '/home/jerry/AutoSweeperSystem/AutoSweeperSystem_ws/src/camera_publisher': PYTHONPATH=/home/jerry/AutoSweeperSystem/AutoSweeperSystem_ws/build/camera_publisher/prefix_override:/usr/lib/python3/dist-packages/colcon_core/task/python/colcon_distutils_commands:/home/jerry/AutoSweeperSystem/AutoSweeperSystem_ws/install/camera_publisher/lib/python3.10/site-packages:${PYTHONPATH} /usr/bin/python3 -W ignore:setup.py install is deprecated -W ignore:easy_install command is deprecated setup.py egg_info --egg-base ../../build/camera_publisher build --build-base /home/jerry/AutoSweeperSystem/AutoSweeperSystem_ws/build/camera_publisher/build install --record /home/jerry/AutoSweeperSystem/AutoSweeperSystem_ws/build/camera_publisher/install.log --single-version-externally-managed install_data
[7.634s] running egg_info
[7.637s] writing ../../build/camera_publisher/camera_publisher.egg-info/PKG-INFO
[7.639s] writing dependency_links to ../../build/camera_publisher/camera_publisher.egg-info/dependency_links.txt
[7.640s] writing entry points to ../../build/camera_publisher/camera_publisher.egg-info/entry_points.txt
[7.641s] writing requirements to ../../build/camera_publisher/camera_publisher.egg-info/requires.txt
[7.644s] writing top-level names to ../../build/camera_publisher/camera_publisher.egg-info/top_level.txt
[7.652s] reading manifest file '../../build/camera_publisher/camera_publisher.egg-info/SOURCES.txt'
[7.664s] writing manifest file '../../build/camera_publisher/camera_publisher.egg-info/SOURCES.txt'
[7.665s] running build
[7.665s] running build_py
[7.666s] copying camera_publisher/camera_publisher.py -> /home/jerry/AutoSweeperSystem/AutoSweeperSystem_ws/build/camera_publisher/build/lib/camera_publisher
[7.666s] running install
[7.667s] running install_lib
[7.674s] copying /home/jerry/AutoSweeperSystem/AutoSweeperSystem_ws/build/camera_publisher/build/lib/camera_publisher/camera_publisher.py -> /home/jerry/AutoSweeperSystem/AutoSweeperSystem_ws/install/camera_publisher/lib/python3.10/site-packages/camera_publisher
[7.674s] byte-compiling /home/jerry/AutoSweeperSystem/AutoSweeperSystem_ws/install/camera_publisher/lib/python3.10/site-packages/camera_publisher/camera_publisher.py to camera_publisher.cpython-310.pyc
[7.676s] running install_data
[7.676s] running install_egg_info
[7.689s] removing '/home/jerry/AutoSweeperSystem/AutoSweeperSystem_ws/install/camera_publisher/lib/python3.10/site-packages/camera_publisher-0.0.0-py3.10.egg-info' (and everything under it)
[7.693s] Copying ../../build/camera_publisher/camera_publisher.egg-info to /home/jerry/AutoSweeperSystem/AutoSweeperSystem_ws/install/camera_publisher/lib/python3.10/site-packages/camera_publisher-0.0.0-py3.10.egg-info
[7.709s] running install_scripts
[7.839s] Installing camera_publisher script to /home/jerry/AutoSweeperSystem/AutoSweeperSystem_ws/install/camera_publisher/lib/camera_publisher
[7.840s] writing list of installed files to '/home/jerry/AutoSweeperSystem/AutoSweeperSystem_ws/build/camera_publisher/install.log'
[7.980s] Invoked command in '/home/jerry/AutoSweeperSystem/AutoSweeperSystem_ws/src/camera_publisher' returned '0': PYTHONPATH=/home/jerry/AutoSweeperSystem/AutoSweeperSystem_ws/build/camera_publisher/prefix_override:/usr/lib/python3/dist-packages/colcon_core/task/python/colcon_distutils_commands:/home/jerry/AutoSweeperSystem/AutoSweeperSystem_ws/install/camera_publisher/lib/python3.10/site-packages:${PYTHONPATH} /usr/bin/python3 -W ignore:setup.py install is deprecated -W ignore:easy_install command is deprecated setup.py egg_info --egg-base ../../build/camera_publisher build --build-base /home/jerry/AutoSweeperSystem/AutoSweeperSystem_ws/build/camera_publisher/build install --record /home/jerry/AutoSweeperSystem/AutoSweeperSystem_ws/build/camera_publisher/install.log --single-version-externally-managed install_data
