[7.674s] Invoking command in '/home/jerry/AutoSweeperSystem/AutoSweeperSystem_ws/src/autosweeper_robot': PYTHONPATH=/home/jerry/AutoSweeperSystem/AutoSweeperSystem_ws/build/autosweeper_robot/prefix_override:/usr/lib/python3/dist-packages/colcon_core/task/python/colcon_distutils_commands:/home/jerry/AutoSweeperSystem/AutoSweeperSystem_ws/install/autosweeper_robot/lib/python3.10/site-packages:${PYTHONPATH} /usr/bin/python3 -W ignore:setup.py install is deprecated -W ignore:easy_install command is deprecated setup.py egg_info --egg-base ../../build/autosweeper_robot build --build-base /home/jerry/AutoSweeperSystem/AutoSweeperSystem_ws/build/autosweeper_robot/build install --record /home/jerry/AutoSweeperSystem/AutoSweeperSystem_ws/build/autosweeper_robot/install.log --single-version-externally-managed install_data
[10.322s] running egg_info
[10.324s] writing ../../build/autosweeper_robot/autosweeper_robot.egg-info/PKG-INFO
[10.329s] writing dependency_links to ../../build/autosweeper_robot/autosweeper_robot.egg-info/dependency_links.txt
[10.334s] writing entry points to ../../build/autosweeper_robot/autosweeper_robot.egg-info/entry_points.txt
[10.339s] writing requirements to ../../build/autosweeper_robot/autosweeper_robot.egg-info/requires.txt
[10.343s] writing top-level names to ../../build/autosweeper_robot/autosweeper_robot.egg-info/top_level.txt
[10.362s] reading manifest file '../../build/autosweeper_robot/autosweeper_robot.egg-info/SOURCES.txt'
[10.370s] writing manifest file '../../build/autosweeper_robot/autosweeper_robot.egg-info/SOURCES.txt'
[10.374s] running build
[10.378s] running build_py
[10.385s] running install
[10.399s] running install_lib
[10.412s] running install_data
[10.415s] running install_egg_info
[10.442s] removing '/home/jerry/AutoSweeperSystem/AutoSweeperSystem_ws/install/autosweeper_robot/lib/python3.10/site-packages/autosweeper_robot-0.0.0-py3.10.egg-info' (and everything under it)
[10.467s] Copying ../../build/autosweeper_robot/autosweeper_robot.egg-info to /home/jerry/AutoSweeperSystem/AutoSweeperSystem_ws/install/autosweeper_robot/lib/python3.10/site-packages/autosweeper_robot-0.0.0-py3.10.egg-info
[10.527s] running install_scripts
[10.785s] Installing range2scan.py script to /home/jerry/AutoSweeperSystem/AutoSweeperSystem_ws/install/autosweeper_robot/lib/autosweeper_robot
[10.786s] Installing sweeper_node script to /home/jerry/AutoSweeperSystem/AutoSweeperSystem_ws/install/autosweeper_robot/lib/autosweeper_robot
[10.789s] writing list of installed files to '/home/jerry/AutoSweeperSystem/AutoSweeperSystem_ws/build/autosweeper_robot/install.log'
[10.984s] Invoked command in '/home/jerry/AutoSweeperSystem/AutoSweeperSystem_ws/src/autosweeper_robot' returned '0': PYTHONPATH=/home/jerry/AutoSweeperSystem/AutoSweeperSystem_ws/build/autosweeper_robot/prefix_override:/usr/lib/python3/dist-packages/colcon_core/task/python/colcon_distutils_commands:/home/jerry/AutoSweeperSystem/AutoSweeperSystem_ws/install/autosweeper_robot/lib/python3.10/site-packages:${PYTHONPATH} /usr/bin/python3 -W ignore:setup.py install is deprecated -W ignore:easy_install command is deprecated setup.py egg_info --egg-base ../../build/autosweeper_robot build --build-base /home/jerry/AutoSweeperSystem/AutoSweeperSystem_ws/build/autosweeper_robot/build install --record /home/jerry/AutoSweeperSystem/AutoSweeperSystem_ws/build/autosweeper_robot/install.log --single-version-externally-managed install_data
