[0.413s] Invoking command in '/home/jerry/AutoSweeperSystem/AutoSweeperSystem_ws/build/m1ct_d2': CMAKE_PREFIX_PATH=${CMAKE_PREFIX_PATH}:/home/jerry/AutoSweeperSystem/AutoSweeperSystem_ws/install/camera_publisher:/home/jerry/AutoSweeperSystem/AutoSweeperSystem_ws/install/autosweeper_robot:/opt/ros/humble /usr/bin/cmake --build /home/jerry/AutoSweeperSystem/AutoSweeperSystem_ws/build/m1ct_d2 -- -j4 -l4
[1.194s] [100%] Built target m1ct_d2
[1.319s] Invoked command in '/home/jerry/AutoSweeperSystem/AutoSweeperSystem_ws/build/m1ct_d2' returned '0': CMAKE_PREFIX_PATH=${CMAKE_PREFIX_PATH}:/home/jerry/AutoSweeperSystem/AutoSweeperSystem_ws/install/camera_publisher:/home/jerry/AutoSweeperSystem/AutoSweeperSystem_ws/install/autosweeper_robot:/opt/ros/humble /usr/bin/cmake --build /home/jerry/AutoSweeperSystem/AutoSweeperSystem_ws/build/m1ct_d2 -- -j4 -l4
[1.336s] Invoking command in '/home/jerry/AutoSweeperSystem/AutoSweeperSystem_ws/build/m1ct_d2': CMAKE_PREFIX_PATH=${CMAKE_PREFIX_PATH}:/home/jerry/AutoSweeperSystem/AutoSweeperSystem_ws/install/camera_publisher:/home/jerry/AutoSweeperSystem/AutoSweeperSystem_ws/install/autosweeper_robot:/opt/ros/humble /usr/bin/cmake --install /home/jerry/AutoSweeperSystem/AutoSweeperSystem_ws/build/m1ct_d2
[1.455s] -- Install configuration: ""
[1.459s] -- Up-to-date: /home/jerry/AutoSweeperSystem/AutoSweeperSystem_ws/install/m1ct_d2/lib/m1ct_d2/m1ct_d2
[1.479s] -- Up-to-date: /home/jerry/AutoSweeperSystem/AutoSweeperSystem_ws/install/m1ct_d2/share/ament_index/resource_index/package_run_dependencies/m1ct_d2
[1.482s] -- Up-to-date: /home/jerry/AutoSweeperSystem/AutoSweeperSystem_ws/install/m1ct_d2/share/ament_index/resource_index/parent_prefix_path/m1ct_d2
[1.485s] -- Up-to-date: /home/jerry/AutoSweeperSystem/AutoSweeperSystem_ws/install/m1ct_d2/share/m1ct_d2/environment/ament_prefix_path.sh
[1.486s] -- Up-to-date: /home/jerry/AutoSweeperSystem/AutoSweeperSystem_ws/install/m1ct_d2/share/m1ct_d2/environment/ament_prefix_path.dsv
[1.488s] -- Up-to-date: /home/jerry/AutoSweeperSystem/AutoSweeperSystem_ws/install/m1ct_d2/share/m1ct_d2/environment/path.sh
[1.489s] -- Up-to-date: /home/jerry/AutoSweeperSystem/AutoSweeperSystem_ws/install/m1ct_d2/share/m1ct_d2/environment/path.dsv
[1.491s] -- Up-to-date: /home/jerry/AutoSweeperSystem/AutoSweeperSystem_ws/install/m1ct_d2/share/m1ct_d2/local_setup.bash
[1.495s] -- Up-to-date: /home/jerry/AutoSweeperSystem/AutoSweeperSystem_ws/install/m1ct_d2/share/m1ct_d2/local_setup.sh
[1.497s] -- Up-to-date: /home/jerry/AutoSweeperSystem/AutoSweeperSystem_ws/install/m1ct_d2/share/m1ct_d2/local_setup.zsh
[1.510s] -- Up-to-date: /home/jerry/AutoSweeperSystem/AutoSweeperSystem_ws/install/m1ct_d2/share/m1ct_d2/local_setup.dsv
[1.519s] -- Installing: /home/jerry/AutoSweeperSystem/AutoSweeperSystem_ws/install/m1ct_d2/share/m1ct_d2/package.dsv
[1.522s] -- Up-to-date: /home/jerry/AutoSweeperSystem/AutoSweeperSystem_ws/install/m1ct_d2/share/ament_index/resource_index/packages/m1ct_d2
[1.526s] -- Up-to-date: /home/jerry/AutoSweeperSystem/AutoSweeperSystem_ws/install/m1ct_d2/share/m1ct_d2/cmake/m1ct_d2Config.cmake
[1.530s] -- Up-to-date: /home/jerry/AutoSweeperSystem/AutoSweeperSystem_ws/install/m1ct_d2/share/m1ct_d2/cmake/m1ct_d2Config-version.cmake
[1.532s] -- Up-to-date: /home/jerry/AutoSweeperSystem/AutoSweeperSystem_ws/install/m1ct_d2/share/m1ct_d2/package.xml
[1.700s] Invoked command in '/home/jerry/AutoSweeperSystem/AutoSweeperSystem_ws/build/m1ct_d2' returned '0': CMAKE_PREFIX_PATH=${CMAKE_PREFIX_PATH}:/home/jerry/AutoSweeperSystem/AutoSweeperSystem_ws/install/camera_publisher:/home/jerry/AutoSweeperSystem/AutoSweeperSystem_ws/install/autosweeper_robot:/opt/ros/humble /usr/bin/cmake --install /home/jerry/AutoSweeperSystem/AutoSweeperSystem_ws/build/m1ct_d2
