[8.597s] Invoking command in '/home/jerry/AutoSweeperSystem/AutoSweeperSystem_ws/src/camera_publisher': PYTHONPATH=/home/jerry/AutoSweeperSystem/AutoSweeperSystem_ws/build/camera_publisher/prefix_override:/usr/lib/python3/dist-packages/colcon_core/task/python/colcon_distutils_commands:/home/jerry/AutoSweeperSystem/AutoSweeperSystem_ws/install/camera_publisher/lib/python3.10/site-packages:${PYTHONPATH} /usr/bin/python3 -W ignore:setup.py install is deprecated -W ignore:easy_install command is deprecated setup.py egg_info --egg-base ../../build/camera_publisher build --build-base /home/jerry/AutoSweeperSystem/AutoSweeperSystem_ws/build/camera_publisher/build install --record /home/jerry/AutoSweeperSystem/AutoSweeperSystem_ws/build/camera_publisher/install.log --single-version-externally-managed install_data
[10.783s] running egg_info
[10.796s] writing ../../build/camera_publisher/camera_publisher.egg-info/PKG-INFO
[10.797s] writing dependency_links to ../../build/camera_publisher/camera_publisher.egg-info/dependency_links.txt
[10.800s] writing entry points to ../../build/camera_publisher/camera_publisher.egg-info/entry_points.txt
[10.805s] writing requirements to ../../build/camera_publisher/camera_publisher.egg-info/requires.txt
[10.809s] writing top-level names to ../../build/camera_publisher/camera_publisher.egg-info/top_level.txt
[10.830s] reading manifest file '../../build/camera_publisher/camera_publisher.egg-info/SOURCES.txt'
[10.839s] writing manifest file '../../build/camera_publisher/camera_publisher.egg-info/SOURCES.txt'
[10.842s] running build
[10.844s] running build_py
[10.848s] copying camera_publisher/camera_publisher.py -> /home/jerry/AutoSweeperSystem/AutoSweeperSystem_ws/build/camera_publisher/build/lib/camera_publisher
[10.852s] running install
[10.856s] running install_lib
[10.865s] copying /home/jerry/AutoSweeperSystem/AutoSweeperSystem_ws/build/camera_publisher/build/lib/camera_publisher/camera_publisher.py -> /home/jerry/AutoSweeperSystem/AutoSweeperSystem_ws/install/camera_publisher/lib/python3.10/site-packages/camera_publisher
[10.876s] byte-compiling /home/jerry/AutoSweeperSystem/AutoSweeperSystem_ws/install/camera_publisher/lib/python3.10/site-packages/camera_publisher/camera_publisher.py to camera_publisher.cpython-310.pyc
[10.883s] running install_data
[10.888s] running install_egg_info
[10.910s] removing '/home/jerry/AutoSweeperSystem/AutoSweeperSystem_ws/install/camera_publisher/lib/python3.10/site-packages/camera_publisher-0.0.0-py3.10.egg-info' (and everything under it)
[10.916s] Copying ../../build/camera_publisher/camera_publisher.egg-info to /home/jerry/AutoSweeperSystem/AutoSweeperSystem_ws/install/camera_publisher/lib/python3.10/site-packages/camera_publisher-0.0.0-py3.10.egg-info
[10.933s] running install_scripts
[11.046s] Installing camera_publisher script to /home/jerry/AutoSweeperSystem/AutoSweeperSystem_ws/install/camera_publisher/lib/camera_publisher
[11.049s] writing list of installed files to '/home/jerry/AutoSweeperSystem/AutoSweeperSystem_ws/build/camera_publisher/install.log'
[11.229s] Invoked command in '/home/jerry/AutoSweeperSystem/AutoSweeperSystem_ws/src/camera_publisher' returned '0': PYTHONPATH=/home/jerry/AutoSweeperSystem/AutoSweeperSystem_ws/build/camera_publisher/prefix_override:/usr/lib/python3/dist-packages/colcon_core/task/python/colcon_distutils_commands:/home/jerry/AutoSweeperSystem/AutoSweeperSystem_ws/install/camera_publisher/lib/python3.10/site-packages:${PYTHONPATH} /usr/bin/python3 -W ignore:setup.py install is deprecated -W ignore:easy_install command is deprecated setup.py egg_info --egg-base ../../build/camera_publisher build --build-base /home/jerry/AutoSweeperSystem/AutoSweeperSystem_ws/build/camera_publisher/build install --record /home/jerry/AutoSweeperSystem/AutoSweeperSystem_ws/build/camera_publisher/install.log --single-version-externally-managed install_data
