[2.732s] Invoking command in '/home/jerry/AutoSweeperSystem/AutoSweeperSystem_ws/build/fishbot_bringup': CMAKE_PREFIX_PATH=/opt/ros/humble /usr/bin/cmake --build /home/jerry/AutoSweeperSystem/AutoSweeperSystem_ws/build/fishbot_bringup -- -j4 -l4
[3.517s] [ 50%] [32mBuilding CXX object CMakeFiles/odom2tf.dir/src/odom2tf.cpp.o[0m
[69.202s] [100%] [32m[1mLinking CXX executable odom2tf[0m
[72.712s] [100%] Built target odom2tf
[72.861s] Invoked command in '/home/jerry/AutoSweeperSystem/AutoSweeperSystem_ws/build/fishbot_bringup' returned '0': CMAKE_PREFIX_PATH=/opt/ros/humble /usr/bin/cmake --build /home/jerry/AutoSweeperSystem/AutoSweeperSystem_ws/build/fishbot_bringup -- -j4 -l4
[72.915s] Invoking command in '/home/jerry/AutoSweeperSystem/AutoSweeperSystem_ws/build/fishbot_bringup': CMAKE_PREFIX_PATH=/opt/ros/humble /usr/bin/cmake --install /home/jerry/AutoSweeperSystem/AutoSweeperSystem_ws/build/fishbot_bringup
[72.988s] -- Install configuration: ""
[72.997s] -- Installing: /home/jerry/AutoSweeperSystem/AutoSweeperSystem_ws/install/fishbot_bringup/lib/fishbot_bringup/odom2tf
[73.035s] -- Set runtime path of "/home/jerry/AutoSweeperSystem/AutoSweeperSystem_ws/install/fishbot_bringup/lib/fishbot_bringup/odom2tf" to ""
[73.039s] -- Up-to-date: /home/jerry/AutoSweeperSystem/AutoSweeperSystem_ws/install/fishbot_bringup/share/fishbot_bringup/launch
[73.045s] -- Up-to-date: /home/jerry/AutoSweeperSystem/AutoSweeperSystem_ws/install/fishbot_bringup/share/fishbot_bringup/launch/bringup_quick.launch.py
[73.046s] -- Up-to-date: /home/jerry/AutoSweeperSystem/AutoSweeperSystem_ws/install/fishbot_bringup/share/fishbot_bringup/launch/bringup.launch.py
[73.046s] -- Up-to-date: /home/jerry/AutoSweeperSystem/AutoSweeperSystem_ws/install/fishbot_bringup/share/fishbot_bringup/launch/urdf2tf.launch.py
[73.052s] -- Up-to-date: /home/jerry/AutoSweeperSystem/AutoSweeperSystem_ws/install/fishbot_bringup/share/ament_index/resource_index/package_run_dependencies/fishbot_bringup
[73.054s] -- Up-to-date: /home/jerry/AutoSweeperSystem/AutoSweeperSystem_ws/install/fishbot_bringup/share/ament_index/resource_index/parent_prefix_path/fishbot_bringup
[73.065s] -- Up-to-date: /home/jerry/AutoSweeperSystem/AutoSweeperSystem_ws/install/fishbot_bringup/share/fishbot_bringup/environment/ament_prefix_path.sh
[73.067s] -- Up-to-date: /home/jerry/AutoSweeperSystem/AutoSweeperSystem_ws/install/fishbot_bringup/share/fishbot_bringup/environment/ament_prefix_path.dsv
[73.068s] -- Up-to-date: /home/jerry/AutoSweeperSystem/AutoSweeperSystem_ws/install/fishbot_bringup/share/fishbot_bringup/environment/path.sh
[73.071s] -- Up-to-date: /home/jerry/AutoSweeperSystem/AutoSweeperSystem_ws/install/fishbot_bringup/share/fishbot_bringup/environment/path.dsv
[73.074s] -- Up-to-date: /home/jerry/AutoSweeperSystem/AutoSweeperSystem_ws/install/fishbot_bringup/share/fishbot_bringup/local_setup.bash
[73.075s] -- Up-to-date: /home/jerry/AutoSweeperSystem/AutoSweeperSystem_ws/install/fishbot_bringup/share/fishbot_bringup/local_setup.sh
[73.075s] -- Up-to-date: /home/jerry/AutoSweeperSystem/AutoSweeperSystem_ws/install/fishbot_bringup/share/fishbot_bringup/local_setup.zsh
[73.076s] -- Up-to-date: /home/jerry/AutoSweeperSystem/AutoSweeperSystem_ws/install/fishbot_bringup/share/fishbot_bringup/local_setup.dsv
[73.076s] -- Installing: /home/jerry/AutoSweeperSystem/AutoSweeperSystem_ws/install/fishbot_bringup/share/fishbot_bringup/package.dsv
[73.084s] -- Up-to-date: /home/jerry/AutoSweeperSystem/AutoSweeperSystem_ws/install/fishbot_bringup/share/ament_index/resource_index/packages/fishbot_bringup
[73.086s] -- Up-to-date: /home/jerry/AutoSweeperSystem/AutoSweeperSystem_ws/install/fishbot_bringup/share/fishbot_bringup/cmake/fishbot_bringupConfig.cmake
[73.087s] -- Up-to-date: /home/jerry/AutoSweeperSystem/AutoSweeperSystem_ws/install/fishbot_bringup/share/fishbot_bringup/cmake/fishbot_bringupConfig-version.cmake
[73.088s] -- Up-to-date: /home/jerry/AutoSweeperSystem/AutoSweeperSystem_ws/install/fishbot_bringup/share/fishbot_bringup/package.xml
[73.110s] Invoked command in '/home/jerry/AutoSweeperSystem/AutoSweeperSystem_ws/build/fishbot_bringup' returned '0': CMAKE_PREFIX_PATH=/opt/ros/humble /usr/bin/cmake --install /home/jerry/AutoSweeperSystem/AutoSweeperSystem_ws/build/fishbot_bringup
