[0.162s] Invoking command in '/home/jerry/AutoSweeperSystem/AutoSweeperSystem_ws/build/m1ct_d2': CMAKE_PREFIX_PATH=${CMAKE_PREFIX_PATH}:/home/jerry/AutoSweeperSystem/AutoSweeperSystem_ws/install/autosweeper_robot:/opt/ros/humble /usr/bin/cmake --build /home/jerry/AutoSweeperSystem/AutoSweeperSystem_ws/build/m1ct_d2 -- -j4 -l4
[1.121s] [100%] Built target m1ct_d2
[1.187s] Invoked command in '/home/jerry/AutoSweeperSystem/AutoSweeperSystem_ws/build/m1ct_d2' returned '0': CMAKE_PREFIX_PATH=${CMAKE_PREFIX_PATH}:/home/jerry/AutoSweeperSystem/AutoSweeperSystem_ws/install/autosweeper_robot:/opt/ros/humble /usr/bin/cmake --build /home/jerry/AutoSweeperSystem/AutoSweeperSystem_ws/build/m1ct_d2 -- -j4 -l4
[1.204s] Invoking command in '/home/jerry/AutoSweeperSystem/AutoSweeperSystem_ws/build/m1ct_d2': CMAKE_PREFIX_PATH=${CMAKE_PREFIX_PATH}:/home/jerry/AutoSweeperSystem/AutoSweeperSystem_ws/install/autosweeper_robot:/opt/ros/humble /usr/bin/cmake --install /home/jerry/AutoSweeperSystem/AutoSweeperSystem_ws/build/m1ct_d2
[1.315s] -- Install configuration: ""
[1.327s] -- Up-to-date: /home/jerry/AutoSweeperSystem/AutoSweeperSystem_ws/install/m1ct_d2/lib/m1ct_d2/m1ct_d2
[1.332s] -- Up-to-date: /home/jerry/AutoSweeperSystem/AutoSweeperSystem_ws/install/m1ct_d2/share/ament_index/resource_index/package_run_dependencies/m1ct_d2
[1.334s] -- Up-to-date: /home/jerry/AutoSweeperSystem/AutoSweeperSystem_ws/install/m1ct_d2/share/ament_index/resource_index/parent_prefix_path/m1ct_d2
[1.335s] -- Up-to-date: /home/jerry/AutoSweeperSystem/AutoSweeperSystem_ws/install/m1ct_d2/share/m1ct_d2/environment/ament_prefix_path.sh
[1.336s] -- Up-to-date: /home/jerry/AutoSweeperSystem/AutoSweeperSystem_ws/install/m1ct_d2/share/m1ct_d2/environment/ament_prefix_path.dsv
[1.337s] -- Up-to-date: /home/jerry/AutoSweeperSystem/AutoSweeperSystem_ws/install/m1ct_d2/share/m1ct_d2/environment/path.sh
[1.337s] -- Up-to-date: /home/jerry/AutoSweeperSystem/AutoSweeperSystem_ws/install/m1ct_d2/share/m1ct_d2/environment/path.dsv
[1.338s] -- Up-to-date: /home/jerry/AutoSweeperSystem/AutoSweeperSystem_ws/install/m1ct_d2/share/m1ct_d2/local_setup.bash
[1.339s] -- Up-to-date: /home/jerry/AutoSweeperSystem/AutoSweeperSystem_ws/install/m1ct_d2/share/m1ct_d2/local_setup.sh
[1.340s] -- Up-to-date: /home/jerry/AutoSweeperSystem/AutoSweeperSystem_ws/install/m1ct_d2/share/m1ct_d2/local_setup.zsh
[1.340s] -- Up-to-date: /home/jerry/AutoSweeperSystem/AutoSweeperSystem_ws/install/m1ct_d2/share/m1ct_d2/local_setup.dsv
[1.341s] -- Installing: /home/jerry/AutoSweeperSystem/AutoSweeperSystem_ws/install/m1ct_d2/share/m1ct_d2/package.dsv
[1.353s] -- Up-to-date: /home/jerry/AutoSweeperSystem/AutoSweeperSystem_ws/install/m1ct_d2/share/ament_index/resource_index/packages/m1ct_d2
[1.353s] -- Up-to-date: /home/jerry/AutoSweeperSystem/AutoSweeperSystem_ws/install/m1ct_d2/share/m1ct_d2/cmake/m1ct_d2Config.cmake
[1.378s] -- Up-to-date: /home/jerry/AutoSweeperSystem/AutoSweeperSystem_ws/install/m1ct_d2/share/m1ct_d2/cmake/m1ct_d2Config-version.cmake
[1.391s] -- Up-to-date: /home/jerry/AutoSweeperSystem/AutoSweeperSystem_ws/install/m1ct_d2/share/m1ct_d2/package.xml
[1.392s] Invoked command in '/home/jerry/AutoSweeperSystem/AutoSweeperSystem_ws/build/m1ct_d2' returned '0': CMAKE_PREFIX_PATH=${CMAKE_PREFIX_PATH}:/home/jerry/AutoSweeperSystem/AutoSweeperSystem_ws/install/autosweeper_robot:/opt/ros/humble /usr/bin/cmake --install /home/jerry/AutoSweeperSystem/AutoSweeperSystem_ws/build/m1ct_d2
