[0.649s] DEBUG:colcon:Command line arguments: ['/usr/bin/colcon', 'build']
[0.649s] DEBUG:colcon:Parsed command line arguments: Namespace(log_base=None, log_level=None, verb_name='build', build_base='build', install_base='install', merge_install=False, symlink_install=False, test_result_base=None, continue_on_error=False, executor='parallel', parallel_workers=4, event_handlers=None, ignore_user_meta=False, metas=['./colcon.meta'], base_paths=['.'], packages_ignore=None, packages_ignore_regex=None, paths=None, packages_up_to=None, packages_up_to_regex=None, packages_above=None, packages_above_and_dependencies=None, packages_above_depth=None, packages_select_by_dep=None, packages_skip_by_dep=None, packages_skip_up_to=None, packages_select_build_failed=False, packages_skip_build_finished=False, packages_select_test_failures=False, packages_skip_test_passed=False, packages_select=None, packages_skip=None, packages_select_regex=None, packages_skip_regex=None, packages_start=None, packages_end=None, allow_overriding=[], cmake_args=None, cmake_target=None, cmake_target_skip_unavailable=False, cmake_clean_cache=False, cmake_clean_first=False, cmake_force_configure=False, ament_cmake_args=None, catkin_cmake_args=None, catkin_skip_building_tests=False, verb_parser=<colcon_defaults.argument_parser.defaults.DefaultArgumentsDecorator object at 0xffffabd28640>, verb_extension=<colcon_core.verb.build.BuildVerb object at 0xffffabebdb10>, main=<bound method BuildVerb.main of <colcon_core.verb.build.BuildVerb object at 0xffffabebdb10>>)
[1.553s] Level 1:colcon.colcon_core.package_discovery:discover_packages(colcon_meta) check parameters
[1.554s] Level 1:colcon.colcon_core.package_discovery:discover_packages(recursive) check parameters
[1.554s] Level 1:colcon.colcon_core.package_discovery:discover_packages(ignore) check parameters
[1.554s] Level 1:colcon.colcon_core.package_discovery:discover_packages(path) check parameters
[1.554s] Level 1:colcon.colcon_core.package_discovery:discover_packages(colcon_meta) discover
[1.554s] Level 1:colcon.colcon_core.package_discovery:discover_packages(recursive) discover
[1.555s] INFO:colcon.colcon_core.package_discovery:Crawling recursively for packages in '/home/jerry/AutoSweeperSystem/AutoSweeperSystem_ws'
[1.555s] Level 1:colcon.colcon_core.package_identification:_identify(.) by extensions ['ignore', 'ignore_ament_install']
[1.555s] Level 1:colcon.colcon_core.package_identification:_identify(.) by extension 'ignore'
[1.556s] Level 1:colcon.colcon_core.package_identification:_identify(.) by extension 'ignore_ament_install'
[1.556s] Level 1:colcon.colcon_core.package_identification:_identify(.) by extensions ['colcon_pkg']
[1.556s] Level 1:colcon.colcon_core.package_identification:_identify(.) by extension 'colcon_pkg'
[1.557s] Level 1:colcon.colcon_core.package_identification:_identify(.) by extensions ['colcon_meta']
[1.557s] Level 1:colcon.colcon_core.package_identification:_identify(.) by extension 'colcon_meta'
[1.557s] Level 1:colcon.colcon_core.package_identification:_identify(.) by extensions ['ros']
[1.557s] Level 1:colcon.colcon_core.package_identification:_identify(.) by extension 'ros'
[1.634s] Level 1:colcon.colcon_core.package_identification:_identify(.) by extensions ['cmake', 'python']
[1.634s] Level 1:colcon.colcon_core.package_identification:_identify(.) by extension 'cmake'
[1.634s] Level 1:colcon.colcon_core.package_identification:_identify(.) by extension 'python'
[1.634s] Level 1:colcon.colcon_core.package_identification:_identify(.) by extensions ['python_setup_py']
[1.634s] Level 1:colcon.colcon_core.package_identification:_identify(.) by extension 'python_setup_py'
[1.635s] Level 1:colcon.colcon_core.package_identification:_identify(build) by extensions ['ignore', 'ignore_ament_install']
[1.636s] Level 1:colcon.colcon_core.package_identification:_identify(build) by extension 'ignore'
[1.636s] Level 1:colcon.colcon_core.package_identification:_identify(build) ignored
[1.637s] Level 1:colcon.colcon_core.package_identification:_identify(install) by extensions ['ignore', 'ignore_ament_install']
[1.637s] Level 1:colcon.colcon_core.package_identification:_identify(install) by extension 'ignore'
[1.637s] Level 1:colcon.colcon_core.package_identification:_identify(install) ignored
[1.638s] Level 1:colcon.colcon_core.package_identification:_identify(log) by extensions ['ignore', 'ignore_ament_install']
[1.638s] Level 1:colcon.colcon_core.package_identification:_identify(log) by extension 'ignore'
[1.638s] Level 1:colcon.colcon_core.package_identification:_identify(log) ignored
[1.639s] Level 1:colcon.colcon_core.package_identification:_identify(src) by extensions ['ignore', 'ignore_ament_install']
[1.639s] Level 1:colcon.colcon_core.package_identification:_identify(src) by extension 'ignore'
[1.639s] Level 1:colcon.colcon_core.package_identification:_identify(src) by extension 'ignore_ament_install'
[1.640s] Level 1:colcon.colcon_core.package_identification:_identify(src) by extensions ['colcon_pkg']
[1.640s] Level 1:colcon.colcon_core.package_identification:_identify(src) by extension 'colcon_pkg'
[1.640s] Level 1:colcon.colcon_core.package_identification:_identify(src) by extensions ['colcon_meta']
[1.640s] Level 1:colcon.colcon_core.package_identification:_identify(src) by extension 'colcon_meta'
[1.640s] Level 1:colcon.colcon_core.package_identification:_identify(src) by extensions ['ros']
[1.641s] Level 1:colcon.colcon_core.package_identification:_identify(src) by extension 'ros'
[1.641s] Level 1:colcon.colcon_core.package_identification:_identify(src) by extensions ['cmake', 'python']
[1.641s] Level 1:colcon.colcon_core.package_identification:_identify(src) by extension 'cmake'
[1.641s] Level 1:colcon.colcon_core.package_identification:_identify(src) by extension 'python'
[1.642s] Level 1:colcon.colcon_core.package_identification:_identify(src) by extensions ['python_setup_py']
[1.642s] Level 1:colcon.colcon_core.package_identification:_identify(src) by extension 'python_setup_py'
[1.642s] Level 1:colcon.colcon_core.package_identification:_identify(src/autosweeper_robot) by extensions ['ignore', 'ignore_ament_install']
[1.643s] Level 1:colcon.colcon_core.package_identification:_identify(src/autosweeper_robot) by extension 'ignore'
[1.643s] Level 1:colcon.colcon_core.package_identification:_identify(src/autosweeper_robot) by extension 'ignore_ament_install'
[1.643s] Level 1:colcon.colcon_core.package_identification:_identify(src/autosweeper_robot) by extensions ['colcon_pkg']
[1.643s] Level 1:colcon.colcon_core.package_identification:_identify(src/autosweeper_robot) by extension 'colcon_pkg'
[1.643s] Level 1:colcon.colcon_core.package_identification:_identify(src/autosweeper_robot) by extensions ['colcon_meta']
[1.644s] Level 1:colcon.colcon_core.package_identification:_identify(src/autosweeper_robot) by extension 'colcon_meta'
[1.644s] Level 1:colcon.colcon_core.package_identification:_identify(src/autosweeper_robot) by extensions ['ros']
[1.644s] Level 1:colcon.colcon_core.package_identification:_identify(src/autosweeper_robot) by extension 'ros'
[1.656s] DEBUG:colcon.colcon_core.package_identification:Package 'src/autosweeper_robot' with type 'ros.ament_python' and name 'autosweeper_robot'
[1.656s] Level 1:colcon.colcon_core.package_identification:_identify(src/fishbot_bringup) by extensions ['ignore', 'ignore_ament_install']
[1.657s] Level 1:colcon.colcon_core.package_identification:_identify(src/fishbot_bringup) by extension 'ignore'
[1.657s] Level 1:colcon.colcon_core.package_identification:_identify(src/fishbot_bringup) by extension 'ignore_ament_install'
[1.657s] Level 1:colcon.colcon_core.package_identification:_identify(src/fishbot_bringup) by extensions ['colcon_pkg']
[1.657s] Level 1:colcon.colcon_core.package_identification:_identify(src/fishbot_bringup) by extension 'colcon_pkg'
[1.658s] Level 1:colcon.colcon_core.package_identification:_identify(src/fishbot_bringup) by extensions ['colcon_meta']
[1.658s] Level 1:colcon.colcon_core.package_identification:_identify(src/fishbot_bringup) by extension 'colcon_meta'
[1.658s] Level 1:colcon.colcon_core.package_identification:_identify(src/fishbot_bringup) by extensions ['ros']
[1.658s] Level 1:colcon.colcon_core.package_identification:_identify(src/fishbot_bringup) by extension 'ros'
[1.660s] DEBUG:colcon.colcon_core.package_identification:Package 'src/fishbot_bringup' with type 'ros.ament_cmake' and name 'fishbot_bringup'
[1.661s] Level 1:colcon.colcon_core.package_identification:_identify(src/fishbot_description) by extensions ['ignore', 'ignore_ament_install']
[1.661s] Level 1:colcon.colcon_core.package_identification:_identify(src/fishbot_description) by extension 'ignore'
[1.662s] Level 1:colcon.colcon_core.package_identification:_identify(src/fishbot_description) by extension 'ignore_ament_install'
[1.662s] Level 1:colcon.colcon_core.package_identification:_identify(src/fishbot_description) by extensions ['colcon_pkg']
[1.662s] Level 1:colcon.colcon_core.package_identification:_identify(src/fishbot_description) by extension 'colcon_pkg'
[1.662s] Level 1:colcon.colcon_core.package_identification:_identify(src/fishbot_description) by extensions ['colcon_meta']
[1.662s] Level 1:colcon.colcon_core.package_identification:_identify(src/fishbot_description) by extension 'colcon_meta'
[1.663s] Level 1:colcon.colcon_core.package_identification:_identify(src/fishbot_description) by extensions ['ros']
[1.663s] Level 1:colcon.colcon_core.package_identification:_identify(src/fishbot_description) by extension 'ros'
[1.665s] DEBUG:colcon.colcon_core.package_identification:Package 'src/fishbot_description' with type 'ros.ament_cmake' and name 'fishbot_description'
[1.666s] Level 1:colcon.colcon_core.package_identification:_identify(src/fishbot_navigation2) by extensions ['ignore', 'ignore_ament_install']
[1.666s] Level 1:colcon.colcon_core.package_identification:_identify(src/fishbot_navigation2) by extension 'ignore'
[1.667s] Level 1:colcon.colcon_core.package_identification:_identify(src/fishbot_navigation2) by extension 'ignore_ament_install'
[1.667s] Level 1:colcon.colcon_core.package_identification:_identify(src/fishbot_navigation2) by extensions ['colcon_pkg']
[1.667s] Level 1:colcon.colcon_core.package_identification:_identify(src/fishbot_navigation2) by extension 'colcon_pkg'
[1.667s] Level 1:colcon.colcon_core.package_identification:_identify(src/fishbot_navigation2) by extensions ['colcon_meta']
[1.668s] Level 1:colcon.colcon_core.package_identification:_identify(src/fishbot_navigation2) by extension 'colcon_meta'
[1.668s] Level 1:colcon.colcon_core.package_identification:_identify(src/fishbot_navigation2) by extensions ['ros']
[1.668s] Level 1:colcon.colcon_core.package_identification:_identify(src/fishbot_navigation2) by extension 'ros'
[1.670s] DEBUG:colcon.colcon_core.package_identification:Package 'src/fishbot_navigation2' with type 'ros.ament_cmake' and name 'fishbot_navigation2'
[1.671s] Level 1:colcon.colcon_core.package_identification:_identify(src/m1ct_d2) by extensions ['ignore', 'ignore_ament_install']
[1.671s] Level 1:colcon.colcon_core.package_identification:_identify(src/m1ct_d2) by extension 'ignore'
[1.671s] Level 1:colcon.colcon_core.package_identification:_identify(src/m1ct_d2) by extension 'ignore_ament_install'
[1.672s] Level 1:colcon.colcon_core.package_identification:_identify(src/m1ct_d2) by extensions ['colcon_pkg']
[1.672s] Level 1:colcon.colcon_core.package_identification:_identify(src/m1ct_d2) by extension 'colcon_pkg'
[1.672s] Level 1:colcon.colcon_core.package_identification:_identify(src/m1ct_d2) by extensions ['colcon_meta']
[1.672s] Level 1:colcon.colcon_core.package_identification:_identify(src/m1ct_d2) by extension 'colcon_meta'
[1.672s] Level 1:colcon.colcon_core.package_identification:_identify(src/m1ct_d2) by extensions ['ros']
[1.673s] Level 1:colcon.colcon_core.package_identification:_identify(src/m1ct_d2) by extension 'ros'
[1.676s] DEBUG:colcon.colcon_core.package_identification:Package 'src/m1ct_d2' with type 'ros.ament_cmake' and name 'm1ct_d2'
[1.677s] Level 1:colcon.colcon_core.package_identification:_identify(src/micro-ROS-Agent) by extensions ['ignore', 'ignore_ament_install']
[1.677s] Level 1:colcon.colcon_core.package_identification:_identify(src/micro-ROS-Agent) by extension 'ignore'
[1.677s] Level 1:colcon.colcon_core.package_identification:_identify(src/micro-ROS-Agent) by extension 'ignore_ament_install'
[1.678s] Level 1:colcon.colcon_core.package_identification:_identify(src/micro-ROS-Agent) by extensions ['colcon_pkg']
[1.678s] Level 1:colcon.colcon_core.package_identification:_identify(src/micro-ROS-Agent) by extension 'colcon_pkg'
[1.678s] Level 1:colcon.colcon_core.package_identification:_identify(src/micro-ROS-Agent) by extensions ['colcon_meta']
[1.678s] Level 1:colcon.colcon_core.package_identification:_identify(src/micro-ROS-Agent) by extension 'colcon_meta'
[1.678s] Level 1:colcon.colcon_core.package_identification:_identify(src/micro-ROS-Agent) by extensions ['ros']
[1.678s] Level 1:colcon.colcon_core.package_identification:_identify(src/micro-ROS-Agent) by extension 'ros'
[1.679s] Level 1:colcon.colcon_core.package_identification:_identify(src/micro-ROS-Agent) by extensions ['cmake', 'python']
[1.679s] Level 1:colcon.colcon_core.package_identification:_identify(src/micro-ROS-Agent) by extension 'cmake'
[1.679s] Level 1:colcon.colcon_core.package_identification:_identify(src/micro-ROS-Agent) by extension 'python'
[1.679s] Level 1:colcon.colcon_core.package_identification:_identify(src/micro-ROS-Agent) by extensions ['python_setup_py']
[1.680s] Level 1:colcon.colcon_core.package_identification:_identify(src/micro-ROS-Agent) by extension 'python_setup_py'
[1.680s] Level 1:colcon.colcon_core.package_identification:_identify(src/micro-ROS-Agent/micro_ros_agent) by extensions ['ignore', 'ignore_ament_install']
[1.681s] Level 1:colcon.colcon_core.package_identification:_identify(src/micro-ROS-Agent/micro_ros_agent) by extension 'ignore'
[1.681s] Level 1:colcon.colcon_core.package_identification:_identify(src/micro-ROS-Agent/micro_ros_agent) by extension 'ignore_ament_install'
[1.681s] Level 1:colcon.colcon_core.package_identification:_identify(src/micro-ROS-Agent/micro_ros_agent) by extensions ['colcon_pkg']
[1.681s] Level 1:colcon.colcon_core.package_identification:_identify(src/micro-ROS-Agent/micro_ros_agent) by extension 'colcon_pkg'
[1.681s] Level 1:colcon.colcon_core.package_identification:_identify(src/micro-ROS-Agent/micro_ros_agent) by extensions ['colcon_meta']
[1.682s] Level 1:colcon.colcon_core.package_identification:_identify(src/micro-ROS-Agent/micro_ros_agent) by extension 'colcon_meta'
[1.682s] Level 1:colcon.colcon_core.package_identification:_identify(src/micro-ROS-Agent/micro_ros_agent) by extensions ['ros']
[1.682s] Level 1:colcon.colcon_core.package_identification:_identify(src/micro-ROS-Agent/micro_ros_agent) by extension 'ros'
[1.691s] DEBUG:colcon.colcon_core.package_identification:Package 'src/micro-ROS-Agent/micro_ros_agent' with type 'ros.ament_cmake' and name 'micro_ros_agent'
[1.692s] Level 1:colcon.colcon_core.package_identification:_identify(src/micro-ROS-Agent/snap) by extensions ['ignore', 'ignore_ament_install']
[1.693s] Level 1:colcon.colcon_core.package_identification:_identify(src/micro-ROS-Agent/snap) by extension 'ignore'
[1.693s] Level 1:colcon.colcon_core.package_identification:_identify(src/micro-ROS-Agent/snap) by extension 'ignore_ament_install'
[1.693s] Level 1:colcon.colcon_core.package_identification:_identify(src/micro-ROS-Agent/snap) by extensions ['colcon_pkg']
[1.694s] Level 1:colcon.colcon_core.package_identification:_identify(src/micro-ROS-Agent/snap) by extension 'colcon_pkg'
[1.694s] Level 1:colcon.colcon_core.package_identification:_identify(src/micro-ROS-Agent/snap) by extensions ['colcon_meta']
[1.694s] Level 1:colcon.colcon_core.package_identification:_identify(src/micro-ROS-Agent/snap) by extension 'colcon_meta'
[1.695s] Level 1:colcon.colcon_core.package_identification:_identify(src/micro-ROS-Agent/snap) by extensions ['ros']
[1.695s] Level 1:colcon.colcon_core.package_identification:_identify(src/micro-ROS-Agent/snap) by extension 'ros'
[1.695s] Level 1:colcon.colcon_core.package_identification:_identify(src/micro-ROS-Agent/snap) by extensions ['cmake', 'python']
[1.696s] Level 1:colcon.colcon_core.package_identification:_identify(src/micro-ROS-Agent/snap) by extension 'cmake'
[1.696s] Level 1:colcon.colcon_core.package_identification:_identify(src/micro-ROS-Agent/snap) by extension 'python'
[1.696s] Level 1:colcon.colcon_core.package_identification:_identify(src/micro-ROS-Agent/snap) by extensions ['python_setup_py']
[1.697s] Level 1:colcon.colcon_core.package_identification:_identify(src/micro-ROS-Agent/snap) by extension 'python_setup_py'
[1.698s] Level 1:colcon.colcon_core.package_identification:_identify(src/micro-ROS-Agent/snap/hooks) by extensions ['ignore', 'ignore_ament_install']
[1.698s] Level 1:colcon.colcon_core.package_identification:_identify(src/micro-ROS-Agent/snap/hooks) by extension 'ignore'
[1.699s] Level 1:colcon.colcon_core.package_identification:_identify(src/micro-ROS-Agent/snap/hooks) by extension 'ignore_ament_install'
[1.699s] Level 1:colcon.colcon_core.package_identification:_identify(src/micro-ROS-Agent/snap/hooks) by extensions ['colcon_pkg']
[1.699s] Level 1:colcon.colcon_core.package_identification:_identify(src/micro-ROS-Agent/snap/hooks) by extension 'colcon_pkg'
[1.699s] Level 1:colcon.colcon_core.package_identification:_identify(src/micro-ROS-Agent/snap/hooks) by extensions ['colcon_meta']
[1.700s] Level 1:colcon.colcon_core.package_identification:_identify(src/micro-ROS-Agent/snap/hooks) by extension 'colcon_meta'
[1.700s] Level 1:colcon.colcon_core.package_identification:_identify(src/micro-ROS-Agent/snap/hooks) by extensions ['ros']
[1.700s] Level 1:colcon.colcon_core.package_identification:_identify(src/micro-ROS-Agent/snap/hooks) by extension 'ros'
[1.701s] Level 1:colcon.colcon_core.package_identification:_identify(src/micro-ROS-Agent/snap/hooks) by extensions ['cmake', 'python']
[1.701s] Level 1:colcon.colcon_core.package_identification:_identify(src/micro-ROS-Agent/snap/hooks) by extension 'cmake'
[1.702s] Level 1:colcon.colcon_core.package_identification:_identify(src/micro-ROS-Agent/snap/hooks) by extension 'python'
[1.702s] Level 1:colcon.colcon_core.package_identification:_identify(src/micro-ROS-Agent/snap/hooks) by extensions ['python_setup_py']
[1.702s] Level 1:colcon.colcon_core.package_identification:_identify(src/micro-ROS-Agent/snap/hooks) by extension 'python_setup_py'
[1.703s] Level 1:colcon.colcon_core.package_identification:_identify(src/micro-ROS-Agent/snap/local) by extensions ['ignore', 'ignore_ament_install']
[1.704s] Level 1:colcon.colcon_core.package_identification:_identify(src/micro-ROS-Agent/snap/local) by extension 'ignore'
[1.704s] Level 1:colcon.colcon_core.package_identification:_identify(src/micro-ROS-Agent/snap/local) by extension 'ignore_ament_install'
[1.705s] Level 1:colcon.colcon_core.package_identification:_identify(src/micro-ROS-Agent/snap/local) by extensions ['colcon_pkg']
[1.705s] Level 1:colcon.colcon_core.package_identification:_identify(src/micro-ROS-Agent/snap/local) by extension 'colcon_pkg'
[1.705s] Level 1:colcon.colcon_core.package_identification:_identify(src/micro-ROS-Agent/snap/local) by extensions ['colcon_meta']
[1.705s] Level 1:colcon.colcon_core.package_identification:_identify(src/micro-ROS-Agent/snap/local) by extension 'colcon_meta'
[1.705s] Level 1:colcon.colcon_core.package_identification:_identify(src/micro-ROS-Agent/snap/local) by extensions ['ros']
[1.706s] Level 1:colcon.colcon_core.package_identification:_identify(src/micro-ROS-Agent/snap/local) by extension 'ros'
[1.706s] Level 1:colcon.colcon_core.package_identification:_identify(src/micro-ROS-Agent/snap/local) by extensions ['cmake', 'python']
[1.706s] Level 1:colcon.colcon_core.package_identification:_identify(src/micro-ROS-Agent/snap/local) by extension 'cmake'
[1.706s] Level 1:colcon.colcon_core.package_identification:_identify(src/micro-ROS-Agent/snap/local) by extension 'python'
[1.706s] Level 1:colcon.colcon_core.package_identification:_identify(src/micro-ROS-Agent/snap/local) by extensions ['python_setup_py']
[1.707s] Level 1:colcon.colcon_core.package_identification:_identify(src/micro-ROS-Agent/snap/local) by extension 'python_setup_py'
[1.707s] Level 1:colcon.colcon_core.package_identification:_identify(src/micro_ros_msgs) by extensions ['ignore', 'ignore_ament_install']
[1.708s] Level 1:colcon.colcon_core.package_identification:_identify(src/micro_ros_msgs) by extension 'ignore'
[1.708s] Level 1:colcon.colcon_core.package_identification:_identify(src/micro_ros_msgs) by extension 'ignore_ament_install'
[1.708s] Level 1:colcon.colcon_core.package_identification:_identify(src/micro_ros_msgs) by extensions ['colcon_pkg']
[1.708s] Level 1:colcon.colcon_core.package_identification:_identify(src/micro_ros_msgs) by extension 'colcon_pkg'
[1.708s] Level 1:colcon.colcon_core.package_identification:_identify(src/micro_ros_msgs) by extensions ['colcon_meta']
[1.709s] Level 1:colcon.colcon_core.package_identification:_identify(src/micro_ros_msgs) by extension 'colcon_meta'
[1.709s] Level 1:colcon.colcon_core.package_identification:_identify(src/micro_ros_msgs) by extensions ['ros']
[1.709s] Level 1:colcon.colcon_core.package_identification:_identify(src/micro_ros_msgs) by extension 'ros'
[1.714s] DEBUG:colcon.colcon_core.package_identification:Package 'src/micro_ros_msgs' with type 'ros.ament_cmake' and name 'micro_ros_msgs'
[1.715s] Level 1:colcon.colcon_core.package_discovery:discover_packages(recursive) using defaults
[1.715s] Level 1:colcon.colcon_core.package_discovery:discover_packages(ignore) discover
[1.715s] Level 1:colcon.colcon_core.package_discovery:discover_packages(ignore) using defaults
[1.715s] Level 1:colcon.colcon_core.package_discovery:discover_packages(path) discover
[1.715s] Level 1:colcon.colcon_core.package_discovery:discover_packages(path) using defaults
[1.851s] Level 1:colcon.colcon_core.package_discovery:discover_packages(prefix_path) check parameters
[1.851s] Level 1:colcon.colcon_core.package_discovery:discover_packages(prefix_path) discover
[1.872s] DEBUG:colcon.colcon_installed_package_information.package_discovery:Found 9 installed packages in /home/jerry/AutoSweeperSystem/AutoSweeperSystem_ws/install
[1.885s] DEBUG:colcon.colcon_installed_package_information.package_discovery:Found 320 installed packages in /opt/ros/humble
[1.927s] Level 1:colcon.colcon_core.package_discovery:discover_packages(prefix_path) using defaults
[2.154s] Level 5:colcon.colcon_core.verb:set package 'autosweeper_robot' build argument 'cmake_args' from command line to 'None'
[2.154s] Level 5:colcon.colcon_core.verb:set package 'autosweeper_robot' build argument 'cmake_target' from command line to 'None'
[2.155s] Level 5:colcon.colcon_core.verb:set package 'autosweeper_robot' build argument 'cmake_target_skip_unavailable' from command line to 'False'
[2.155s] Level 5:colcon.colcon_core.verb:set package 'autosweeper_robot' build argument 'cmake_clean_cache' from command line to 'False'
[2.155s] Level 5:colcon.colcon_core.verb:set package 'autosweeper_robot' build argument 'cmake_clean_first' from command line to 'False'
[2.155s] Level 5:colcon.colcon_core.verb:set package 'autosweeper_robot' build argument 'cmake_force_configure' from command line to 'False'
[2.155s] Level 5:colcon.colcon_core.verb:set package 'autosweeper_robot' build argument 'ament_cmake_args' from command line to 'None'
[2.155s] Level 5:colcon.colcon_core.verb:set package 'autosweeper_robot' build argument 'catkin_cmake_args' from command line to 'None'
[2.155s] Level 5:colcon.colcon_core.verb:set package 'autosweeper_robot' build argument 'catkin_skip_building_tests' from command line to 'False'
[2.155s] DEBUG:colcon.colcon_core.verb:Building package 'autosweeper_robot' with the following arguments: {'ament_cmake_args': None, 'build_base': '/home/jerry/AutoSweeperSystem/AutoSweeperSystem_ws/build/autosweeper_robot', 'catkin_cmake_args': None, 'catkin_skip_building_tests': False, 'cmake_args': None, 'cmake_clean_cache': False, 'cmake_clean_first': False, 'cmake_force_configure': False, 'cmake_target': None, 'cmake_target_skip_unavailable': False, 'install_base': '/home/jerry/AutoSweeperSystem/AutoSweeperSystem_ws/install/autosweeper_robot', 'merge_install': False, 'path': '/home/jerry/AutoSweeperSystem/AutoSweeperSystem_ws/src/autosweeper_robot', 'symlink_install': False, 'test_result_base': None}
[2.157s] Level 5:colcon.colcon_core.verb:set package 'fishbot_bringup' build argument 'cmake_args' from command line to 'None'
[2.157s] Level 5:colcon.colcon_core.verb:set package 'fishbot_bringup' build argument 'cmake_target' from command line to 'None'
[2.157s] Level 5:colcon.colcon_core.verb:set package 'fishbot_bringup' build argument 'cmake_target_skip_unavailable' from command line to 'False'
[2.157s] Level 5:colcon.colcon_core.verb:set package 'fishbot_bringup' build argument 'cmake_clean_cache' from command line to 'False'
[2.158s] Level 5:colcon.colcon_core.verb:set package 'fishbot_bringup' build argument 'cmake_clean_first' from command line to 'False'
[2.158s] Level 5:colcon.colcon_core.verb:set package 'fishbot_bringup' build argument 'cmake_force_configure' from command line to 'False'
[2.158s] Level 5:colcon.colcon_core.verb:set package 'fishbot_bringup' build argument 'ament_cmake_args' from command line to 'None'
[2.158s] Level 5:colcon.colcon_core.verb:set package 'fishbot_bringup' build argument 'catkin_cmake_args' from command line to 'None'
[2.158s] Level 5:colcon.colcon_core.verb:set package 'fishbot_bringup' build argument 'catkin_skip_building_tests' from command line to 'False'
[2.158s] DEBUG:colcon.colcon_core.verb:Building package 'fishbot_bringup' with the following arguments: {'ament_cmake_args': None, 'build_base': '/home/jerry/AutoSweeperSystem/AutoSweeperSystem_ws/build/fishbot_bringup', 'catkin_cmake_args': None, 'catkin_skip_building_tests': False, 'cmake_args': None, 'cmake_clean_cache': False, 'cmake_clean_first': False, 'cmake_force_configure': False, 'cmake_target': None, 'cmake_target_skip_unavailable': False, 'install_base': '/home/jerry/AutoSweeperSystem/AutoSweeperSystem_ws/install/fishbot_bringup', 'merge_install': False, 'path': '/home/jerry/AutoSweeperSystem/AutoSweeperSystem_ws/src/fishbot_bringup', 'symlink_install': False, 'test_result_base': None}
[2.159s] Level 5:colcon.colcon_core.verb:set package 'fishbot_description' build argument 'cmake_args' from command line to 'None'
[2.160s] Level 5:colcon.colcon_core.verb:set package 'fishbot_description' build argument 'cmake_target' from command line to 'None'
[2.160s] Level 5:colcon.colcon_core.verb:set package 'fishbot_description' build argument 'cmake_target_skip_unavailable' from command line to 'False'
[2.160s] Level 5:colcon.colcon_core.verb:set package 'fishbot_description' build argument 'cmake_clean_cache' from command line to 'False'
[2.160s] Level 5:colcon.colcon_core.verb:set package 'fishbot_description' build argument 'cmake_clean_first' from command line to 'False'
[2.160s] Level 5:colcon.colcon_core.verb:set package 'fishbot_description' build argument 'cmake_force_configure' from command line to 'False'
[2.160s] Level 5:colcon.colcon_core.verb:set package 'fishbot_description' build argument 'ament_cmake_args' from command line to 'None'
[2.160s] Level 5:colcon.colcon_core.verb:set package 'fishbot_description' build argument 'catkin_cmake_args' from command line to 'None'
[2.160s] Level 5:colcon.colcon_core.verb:set package 'fishbot_description' build argument 'catkin_skip_building_tests' from command line to 'False'
[2.161s] DEBUG:colcon.colcon_core.verb:Building package 'fishbot_description' with the following arguments: {'ament_cmake_args': None, 'build_base': '/home/jerry/AutoSweeperSystem/AutoSweeperSystem_ws/build/fishbot_description', 'catkin_cmake_args': None, 'catkin_skip_building_tests': False, 'cmake_args': None, 'cmake_clean_cache': False, 'cmake_clean_first': False, 'cmake_force_configure': False, 'cmake_target': None, 'cmake_target_skip_unavailable': False, 'install_base': '/home/jerry/AutoSweeperSystem/AutoSweeperSystem_ws/install/fishbot_description', 'merge_install': False, 'path': '/home/jerry/AutoSweeperSystem/AutoSweeperSystem_ws/src/fishbot_description', 'symlink_install': False, 'test_result_base': None}
[2.162s] Level 5:colcon.colcon_core.verb:set package 'fishbot_navigation2' build argument 'cmake_args' from command line to 'None'
[2.162s] Level 5:colcon.colcon_core.verb:set package 'fishbot_navigation2' build argument 'cmake_target' from command line to 'None'
[2.162s] Level 5:colcon.colcon_core.verb:set package 'fishbot_navigation2' build argument 'cmake_target_skip_unavailable' from command line to 'False'
[2.162s] Level 5:colcon.colcon_core.verb:set package 'fishbot_navigation2' build argument 'cmake_clean_cache' from command line to 'False'
[2.163s] Level 5:colcon.colcon_core.verb:set package 'fishbot_navigation2' build argument 'cmake_clean_first' from command line to 'False'
[2.163s] Level 5:colcon.colcon_core.verb:set package 'fishbot_navigation2' build argument 'cmake_force_configure' from command line to 'False'
[2.163s] Level 5:colcon.colcon_core.verb:set package 'fishbot_navigation2' build argument 'ament_cmake_args' from command line to 'None'
[2.163s] Level 5:colcon.colcon_core.verb:set package 'fishbot_navigation2' build argument 'catkin_cmake_args' from command line to 'None'
[2.163s] Level 5:colcon.colcon_core.verb:set package 'fishbot_navigation2' build argument 'catkin_skip_building_tests' from command line to 'False'
[2.163s] DEBUG:colcon.colcon_core.verb:Building package 'fishbot_navigation2' with the following arguments: {'ament_cmake_args': None, 'build_base': '/home/jerry/AutoSweeperSystem/AutoSweeperSystem_ws/build/fishbot_navigation2', 'catkin_cmake_args': None, 'catkin_skip_building_tests': False, 'cmake_args': None, 'cmake_clean_cache': False, 'cmake_clean_first': False, 'cmake_force_configure': False, 'cmake_target': None, 'cmake_target_skip_unavailable': False, 'install_base': '/home/jerry/AutoSweeperSystem/AutoSweeperSystem_ws/install/fishbot_navigation2', 'merge_install': False, 'path': '/home/jerry/AutoSweeperSystem/AutoSweeperSystem_ws/src/fishbot_navigation2', 'symlink_install': False, 'test_result_base': None}
[2.165s] Level 5:colcon.colcon_core.verb:set package 'm1ct_d2' build argument 'cmake_args' from command line to 'None'
[2.165s] Level 5:colcon.colcon_core.verb:set package 'm1ct_d2' build argument 'cmake_target' from command line to 'None'
[2.165s] Level 5:colcon.colcon_core.verb:set package 'm1ct_d2' build argument 'cmake_target_skip_unavailable' from command line to 'False'
[2.165s] Level 5:colcon.colcon_core.verb:set package 'm1ct_d2' build argument 'cmake_clean_cache' from command line to 'False'
[2.165s] Level 5:colcon.colcon_core.verb:set package 'm1ct_d2' build argument 'cmake_clean_first' from command line to 'False'
[2.165s] Level 5:colcon.colcon_core.verb:set package 'm1ct_d2' build argument 'cmake_force_configure' from command line to 'False'
[2.165s] Level 5:colcon.colcon_core.verb:set package 'm1ct_d2' build argument 'ament_cmake_args' from command line to 'None'
[2.165s] Level 5:colcon.colcon_core.verb:set package 'm1ct_d2' build argument 'catkin_cmake_args' from command line to 'None'
[2.165s] Level 5:colcon.colcon_core.verb:set package 'm1ct_d2' build argument 'catkin_skip_building_tests' from command line to 'False'
[2.166s] DEBUG:colcon.colcon_core.verb:Building package 'm1ct_d2' with the following arguments: {'ament_cmake_args': None, 'build_base': '/home/jerry/AutoSweeperSystem/AutoSweeperSystem_ws/build/m1ct_d2', 'catkin_cmake_args': None, 'catkin_skip_building_tests': False, 'cmake_args': None, 'cmake_clean_cache': False, 'cmake_clean_first': False, 'cmake_force_configure': False, 'cmake_target': None, 'cmake_target_skip_unavailable': False, 'install_base': '/home/jerry/AutoSweeperSystem/AutoSweeperSystem_ws/install/m1ct_d2', 'merge_install': False, 'path': '/home/jerry/AutoSweeperSystem/AutoSweeperSystem_ws/src/m1ct_d2', 'symlink_install': False, 'test_result_base': None}
[2.167s] Level 5:colcon.colcon_core.verb:set package 'micro_ros_msgs' build argument 'cmake_args' from command line to 'None'
[2.167s] Level 5:colcon.colcon_core.verb:set package 'micro_ros_msgs' build argument 'cmake_target' from command line to 'None'
[2.167s] Level 5:colcon.colcon_core.verb:set package 'micro_ros_msgs' build argument 'cmake_target_skip_unavailable' from command line to 'False'
[2.167s] Level 5:colcon.colcon_core.verb:set package 'micro_ros_msgs' build argument 'cmake_clean_cache' from command line to 'False'
[2.168s] Level 5:colcon.colcon_core.verb:set package 'micro_ros_msgs' build argument 'cmake_clean_first' from command line to 'False'
[2.168s] Level 5:colcon.colcon_core.verb:set package 'micro_ros_msgs' build argument 'cmake_force_configure' from command line to 'False'
[2.168s] Level 5:colcon.colcon_core.verb:set package 'micro_ros_msgs' build argument 'ament_cmake_args' from command line to 'None'
[2.168s] Level 5:colcon.colcon_core.verb:set package 'micro_ros_msgs' build argument 'catkin_cmake_args' from command line to 'None'
[2.168s] Level 5:colcon.colcon_core.verb:set package 'micro_ros_msgs' build argument 'catkin_skip_building_tests' from command line to 'False'
[2.168s] DEBUG:colcon.colcon_core.verb:Building package 'micro_ros_msgs' with the following arguments: {'ament_cmake_args': None, 'build_base': '/home/jerry/AutoSweeperSystem/AutoSweeperSystem_ws/build/micro_ros_msgs', 'catkin_cmake_args': None, 'catkin_skip_building_tests': False, 'cmake_args': None, 'cmake_clean_cache': False, 'cmake_clean_first': False, 'cmake_force_configure': False, 'cmake_target': None, 'cmake_target_skip_unavailable': False, 'install_base': '/home/jerry/AutoSweeperSystem/AutoSweeperSystem_ws/install/micro_ros_msgs', 'merge_install': False, 'path': '/home/jerry/AutoSweeperSystem/AutoSweeperSystem_ws/src/micro_ros_msgs', 'symlink_install': False, 'test_result_base': None}
[2.170s] Level 5:colcon.colcon_core.verb:set package 'micro_ros_agent' build argument 'cmake_args' from command line to 'None'
[2.170s] Level 5:colcon.colcon_core.verb:set package 'micro_ros_agent' build argument 'cmake_target' from command line to 'None'
[2.170s] Level 5:colcon.colcon_core.verb:set package 'micro_ros_agent' build argument 'cmake_target_skip_unavailable' from command line to 'False'
[2.170s] Level 5:colcon.colcon_core.verb:set package 'micro_ros_agent' build argument 'cmake_clean_cache' from command line to 'False'
[2.170s] Level 5:colcon.colcon_core.verb:set package 'micro_ros_agent' build argument 'cmake_clean_first' from command line to 'False'
[2.170s] Level 5:colcon.colcon_core.verb:set package 'micro_ros_agent' build argument 'cmake_force_configure' from command line to 'False'
[2.170s] Level 5:colcon.colcon_core.verb:set package 'micro_ros_agent' build argument 'ament_cmake_args' from command line to 'None'
[2.170s] Level 5:colcon.colcon_core.verb:set package 'micro_ros_agent' build argument 'catkin_cmake_args' from command line to 'None'
[2.170s] Level 5:colcon.colcon_core.verb:set package 'micro_ros_agent' build argument 'catkin_skip_building_tests' from command line to 'False'
[2.171s] DEBUG:colcon.colcon_core.verb:Building package 'micro_ros_agent' with the following arguments: {'ament_cmake_args': None, 'build_base': '/home/jerry/AutoSweeperSystem/AutoSweeperSystem_ws/build/micro_ros_agent', 'catkin_cmake_args': None, 'catkin_skip_building_tests': False, 'cmake_args': None, 'cmake_clean_cache': False, 'cmake_clean_first': False, 'cmake_force_configure': False, 'cmake_target': None, 'cmake_target_skip_unavailable': False, 'install_base': '/home/jerry/AutoSweeperSystem/AutoSweeperSystem_ws/install/micro_ros_agent', 'merge_install': False, 'path': '/home/jerry/AutoSweeperSystem/AutoSweeperSystem_ws/src/micro-ROS-Agent/micro_ros_agent', 'symlink_install': False, 'test_result_base': None}
[2.171s] INFO:colcon.colcon_core.executor:Executing jobs using 'parallel' executor
[2.174s] DEBUG:colcon.colcon_parallel_executor.executor.parallel:run_until_complete
[2.176s] INFO:colcon.colcon_ros.task.ament_cmake.build:Building ROS package in '/home/jerry/AutoSweeperSystem/AutoSweeperSystem_ws/src/micro_ros_msgs' with build type 'ament_cmake'
[2.176s] INFO:colcon.colcon_cmake.task.cmake.build:Building CMake package in '/home/jerry/AutoSweeperSystem/AutoSweeperSystem_ws/src/micro_ros_msgs'
[2.197s] INFO:colcon.colcon_core.plugin_system:Skipping extension 'colcon_core.shell.bat': Not used on non-Windows systems
[2.198s] INFO:colcon.colcon_core.shell:Skip shell extension 'powershell' for command environment: Not usable outside of PowerShell
[2.198s] DEBUG:colcon.colcon_core.shell:Skip shell extension 'dsv' for command environment
[2.224s] INFO:colcon.colcon_ros.task.ament_python.build:Building ROS package in '/home/jerry/AutoSweeperSystem/AutoSweeperSystem_ws/src/autosweeper_robot' with build type 'ament_python'
[2.224s] Level 1:colcon.colcon_core.shell:create_environment_hook('autosweeper_robot', 'ament_prefix_path')
[2.226s] INFO:colcon.colcon_core.shell:Creating environment hook '/home/jerry/AutoSweeperSystem/AutoSweeperSystem_ws/install/autosweeper_robot/share/autosweeper_robot/hook/ament_prefix_path.ps1'
[2.229s] INFO:colcon.colcon_core.shell:Creating environment descriptor '/home/jerry/AutoSweeperSystem/AutoSweeperSystem_ws/install/autosweeper_robot/share/autosweeper_robot/hook/ament_prefix_path.dsv'
[2.232s] INFO:colcon.colcon_core.shell:Creating environment hook '/home/jerry/AutoSweeperSystem/AutoSweeperSystem_ws/install/autosweeper_robot/share/autosweeper_robot/hook/ament_prefix_path.sh'
[2.237s] INFO:colcon.colcon_core.shell:Skip shell extension 'powershell' for command environment: Not usable outside of PowerShell
[2.237s] DEBUG:colcon.colcon_core.shell:Skip shell extension 'dsv' for command environment
[2.261s] INFO:colcon.colcon_ros.task.ament_cmake.build:Building ROS package in '/home/jerry/AutoSweeperSystem/AutoSweeperSystem_ws/src/fishbot_bringup' with build type 'ament_cmake'
[2.262s] INFO:colcon.colcon_cmake.task.cmake.build:Building CMake package in '/home/jerry/AutoSweeperSystem/AutoSweeperSystem_ws/src/fishbot_bringup'
[2.263s] INFO:colcon.colcon_core.shell:Skip shell extension 'powershell' for command environment: Not usable outside of PowerShell
[2.263s] DEBUG:colcon.colcon_core.shell:Skip shell extension 'dsv' for command environment
[2.290s] INFO:colcon.colcon_ros.task.ament_cmake.build:Building ROS package in '/home/jerry/AutoSweeperSystem/AutoSweeperSystem_ws/src/fishbot_description' with build type 'ament_cmake'
[2.290s] INFO:colcon.colcon_cmake.task.cmake.build:Building CMake package in '/home/jerry/AutoSweeperSystem/AutoSweeperSystem_ws/src/fishbot_description'
[2.291s] INFO:colcon.colcon_core.shell:Skip shell extension 'powershell' for command environment: Not usable outside of PowerShell
[2.292s] DEBUG:colcon.colcon_core.shell:Skip shell extension 'dsv' for command environment
[2.342s] DEBUG:colcon.colcon_core.event_handler.log_command:Invoking command in '/home/jerry/AutoSweeperSystem/AutoSweeperSystem_ws/build/micro_ros_msgs': CMAKE_PREFIX_PATH=${CMAKE_PREFIX_PATH}:/home/jerry/AutoSweeperSystem/AutoSweeperSystem_ws/install/autosweeper_robot:/opt/ros/humble /usr/bin/cmake --build /home/jerry/AutoSweeperSystem/AutoSweeperSystem_ws/build/micro_ros_msgs -- -j4 -l4
[4.256s] INFO:colcon.colcon_core.task.python.build:Building Python package in '/home/jerry/AutoSweeperSystem/AutoSweeperSystem_ws/src/autosweeper_robot'
[4.257s] INFO:colcon.colcon_core.shell:Skip shell extension 'powershell' for command environment: Not usable outside of PowerShell
[4.257s] DEBUG:colcon.colcon_core.shell:Skip shell extension 'dsv' for command environment
[4.304s] DEBUG:colcon.colcon_core.event_handler.log_command:Invoking command in '/home/jerry/AutoSweeperSystem/AutoSweeperSystem_ws/build/fishbot_bringup': CMAKE_PREFIX_PATH=${CMAKE_PREFIX_PATH}:/home/jerry/AutoSweeperSystem/AutoSweeperSystem_ws/install/autosweeper_robot:/opt/ros/humble /usr/bin/cmake --build /home/jerry/AutoSweeperSystem/AutoSweeperSystem_ws/build/fishbot_bringup -- -j4 -l4
[4.358s] DEBUG:colcon.colcon_core.event_handler.log_command:Invoking command in '/home/jerry/AutoSweeperSystem/AutoSweeperSystem_ws/build/fishbot_description': CMAKE_PREFIX_PATH=${CMAKE_PREFIX_PATH}:/home/jerry/AutoSweeperSystem/AutoSweeperSystem_ws/install/autosweeper_robot:/opt/ros/humble /usr/bin/cmake --build /home/jerry/AutoSweeperSystem/AutoSweeperSystem_ws/build/fishbot_description -- -j4 -l4
[4.843s] DEBUG:colcon.colcon_core.event_handler.log_command:Invoked command in '/home/jerry/AutoSweeperSystem/AutoSweeperSystem_ws/build/fishbot_description' returned '0': CMAKE_PREFIX_PATH=${CMAKE_PREFIX_PATH}:/home/jerry/AutoSweeperSystem/AutoSweeperSystem_ws/install/autosweeper_robot:/opt/ros/humble /usr/bin/cmake --build /home/jerry/AutoSweeperSystem/AutoSweeperSystem_ws/build/fishbot_description -- -j4 -l4
[4.970s] DEBUG:colcon.colcon_core.event_handler.log_command:Invoking command in '/home/jerry/AutoSweeperSystem/AutoSweeperSystem_ws/build/fishbot_description': CMAKE_PREFIX_PATH=${CMAKE_PREFIX_PATH}:/home/jerry/AutoSweeperSystem/AutoSweeperSystem_ws/install/autosweeper_robot:/opt/ros/humble /usr/bin/cmake --install /home/jerry/AutoSweeperSystem/AutoSweeperSystem_ws/build/fishbot_description
[5.118s] Level 1:colcon.colcon_core.environment:create_environment_scripts_only(fishbot_description)
[5.123s] DEBUG:colcon.colcon_core.event_handler.log_command:Invoked command in '/home/jerry/AutoSweeperSystem/AutoSweeperSystem_ws/build/fishbot_description' returned '0': CMAKE_PREFIX_PATH=${CMAKE_PREFIX_PATH}:/home/jerry/AutoSweeperSystem/AutoSweeperSystem_ws/install/autosweeper_robot:/opt/ros/humble /usr/bin/cmake --install /home/jerry/AutoSweeperSystem/AutoSweeperSystem_ws/build/fishbot_description
[5.179s] Level 1:colcon.colcon_core.environment:checking '/home/jerry/AutoSweeperSystem/AutoSweeperSystem_ws/install/fishbot_description' for CMake module files
[5.186s] Level 1:colcon.colcon_core.environment:checking '/home/jerry/AutoSweeperSystem/AutoSweeperSystem_ws/install/fishbot_description' for CMake config files
[5.189s] Level 1:colcon.colcon_core.shell:create_environment_hook('fishbot_description', 'cmake_prefix_path')
[5.191s] INFO:colcon.colcon_core.shell:Creating environment hook '/home/jerry/AutoSweeperSystem/AutoSweeperSystem_ws/install/fishbot_description/share/fishbot_description/hook/cmake_prefix_path.ps1'
[5.199s] INFO:colcon.colcon_core.shell:Creating environment descriptor '/home/jerry/AutoSweeperSystem/AutoSweeperSystem_ws/install/fishbot_description/share/fishbot_description/hook/cmake_prefix_path.dsv'
[5.204s] INFO:colcon.colcon_core.shell:Creating environment hook '/home/jerry/AutoSweeperSystem/AutoSweeperSystem_ws/install/fishbot_description/share/fishbot_description/hook/cmake_prefix_path.sh'
[5.211s] Level 1:colcon.colcon_core.environment:checking '/home/jerry/AutoSweeperSystem/AutoSweeperSystem_ws/install/fishbot_description/bin'
[5.212s] Level 1:colcon.colcon_core.environment:checking '/home/jerry/AutoSweeperSystem/AutoSweeperSystem_ws/install/fishbot_description/lib/pkgconfig/fishbot_description.pc'
[5.215s] Level 1:colcon.colcon_core.environment:checking '/home/jerry/AutoSweeperSystem/AutoSweeperSystem_ws/install/fishbot_description/lib/python3.10/site-packages'
[5.221s] Level 1:colcon.colcon_core.environment:checking '/home/jerry/AutoSweeperSystem/AutoSweeperSystem_ws/install/fishbot_description/bin'
[5.225s] INFO:colcon.colcon_core.shell:Creating package script '/home/jerry/AutoSweeperSystem/AutoSweeperSystem_ws/install/fishbot_description/share/fishbot_description/package.ps1'
[5.233s] INFO:colcon.colcon_core.shell:Creating package descriptor '/home/jerry/AutoSweeperSystem/AutoSweeperSystem_ws/install/fishbot_description/share/fishbot_description/package.dsv'
[5.238s] INFO:colcon.colcon_core.shell:Creating package script '/home/jerry/AutoSweeperSystem/AutoSweeperSystem_ws/install/fishbot_description/share/fishbot_description/package.sh'
[5.243s] INFO:colcon.colcon_core.shell:Creating package script '/home/jerry/AutoSweeperSystem/AutoSweeperSystem_ws/install/fishbot_description/share/fishbot_description/package.bash'
[5.249s] INFO:colcon.colcon_core.shell:Creating package script '/home/jerry/AutoSweeperSystem/AutoSweeperSystem_ws/install/fishbot_description/share/fishbot_description/package.zsh'
[5.254s] Level 1:colcon.colcon_core.environment:create_file_with_runtime_dependencies(/home/jerry/AutoSweeperSystem/AutoSweeperSystem_ws/install/fishbot_description/share/colcon-core/packages/fishbot_description)
[5.258s] Level 1:colcon.colcon_core.environment:create_environment_scripts_only(fishbot_description)
[5.260s] Level 1:colcon.colcon_core.environment:checking '/home/jerry/AutoSweeperSystem/AutoSweeperSystem_ws/install/fishbot_description' for CMake module files
[5.264s] Level 1:colcon.colcon_core.environment:checking '/home/jerry/AutoSweeperSystem/AutoSweeperSystem_ws/install/fishbot_description' for CMake config files
[5.266s] Level 1:colcon.colcon_core.shell:create_environment_hook('fishbot_description', 'cmake_prefix_path')
[5.268s] INFO:colcon.colcon_core.shell:Creating environment hook '/home/jerry/AutoSweeperSystem/AutoSweeperSystem_ws/install/fishbot_description/share/fishbot_description/hook/cmake_prefix_path.ps1'
[5.273s] INFO:colcon.colcon_core.shell:Creating environment descriptor '/home/jerry/AutoSweeperSystem/AutoSweeperSystem_ws/install/fishbot_description/share/fishbot_description/hook/cmake_prefix_path.dsv'
[5.277s] INFO:colcon.colcon_core.shell:Creating environment hook '/home/jerry/AutoSweeperSystem/AutoSweeperSystem_ws/install/fishbot_description/share/fishbot_description/hook/cmake_prefix_path.sh'
[5.282s] Level 1:colcon.colcon_core.environment:checking '/home/jerry/AutoSweeperSystem/AutoSweeperSystem_ws/install/fishbot_description/bin'
[5.283s] Level 1:colcon.colcon_core.environment:checking '/home/jerry/AutoSweeperSystem/AutoSweeperSystem_ws/install/fishbot_description/lib/pkgconfig/fishbot_description.pc'
[5.285s] Level 1:colcon.colcon_core.environment:checking '/home/jerry/AutoSweeperSystem/AutoSweeperSystem_ws/install/fishbot_description/lib/python3.10/site-packages'
[5.287s] Level 1:colcon.colcon_core.environment:checking '/home/jerry/AutoSweeperSystem/AutoSweeperSystem_ws/install/fishbot_description/bin'
[5.290s] INFO:colcon.colcon_core.shell:Creating package script '/home/jerry/AutoSweeperSystem/AutoSweeperSystem_ws/install/fishbot_description/share/fishbot_description/package.ps1'
[5.296s] INFO:colcon.colcon_core.shell:Creating package descriptor '/home/jerry/AutoSweeperSystem/AutoSweeperSystem_ws/install/fishbot_description/share/fishbot_description/package.dsv'
[5.300s] INFO:colcon.colcon_core.shell:Creating package script '/home/jerry/AutoSweeperSystem/AutoSweeperSystem_ws/install/fishbot_description/share/fishbot_description/package.sh'
[5.306s] INFO:colcon.colcon_core.shell:Creating package script '/home/jerry/AutoSweeperSystem/AutoSweeperSystem_ws/install/fishbot_description/share/fishbot_description/package.bash'
[5.310s] INFO:colcon.colcon_core.shell:Creating package script '/home/jerry/AutoSweeperSystem/AutoSweeperSystem_ws/install/fishbot_description/share/fishbot_description/package.zsh'
[5.322s] Level 1:colcon.colcon_core.environment:create_file_with_runtime_dependencies(/home/jerry/AutoSweeperSystem/AutoSweeperSystem_ws/install/fishbot_description/share/colcon-core/packages/fishbot_description)
[5.331s] INFO:colcon.colcon_ros.task.ament_cmake.build:Building ROS package in '/home/jerry/AutoSweeperSystem/AutoSweeperSystem_ws/src/fishbot_navigation2' with build type 'ament_cmake'
[5.332s] INFO:colcon.colcon_cmake.task.cmake.build:Building CMake package in '/home/jerry/AutoSweeperSystem/AutoSweeperSystem_ws/src/fishbot_navigation2'
[5.334s] INFO:colcon.colcon_core.shell:Skip shell extension 'powershell' for command environment: Not usable outside of PowerShell
[5.335s] DEBUG:colcon.colcon_core.shell:Skip shell extension 'dsv' for command environment
[5.438s] DEBUG:colcon.colcon_core.event_handler.log_command:Invoked command in '/home/jerry/AutoSweeperSystem/AutoSweeperSystem_ws/build/fishbot_bringup' returned '0': CMAKE_PREFIX_PATH=${CMAKE_PREFIX_PATH}:/home/jerry/AutoSweeperSystem/AutoSweeperSystem_ws/install/autosweeper_robot:/opt/ros/humble /usr/bin/cmake --build /home/jerry/AutoSweeperSystem/AutoSweeperSystem_ws/build/fishbot_bringup -- -j4 -l4
[5.445s] DEBUG:colcon.colcon_core.event_handler.log_command:Invoking command in '/home/jerry/AutoSweeperSystem/AutoSweeperSystem_ws/build/fishbot_bringup': CMAKE_PREFIX_PATH=${CMAKE_PREFIX_PATH}:/home/jerry/AutoSweeperSystem/AutoSweeperSystem_ws/install/autosweeper_robot:/opt/ros/humble /usr/bin/cmake --install /home/jerry/AutoSweeperSystem/AutoSweeperSystem_ws/build/fishbot_bringup
[5.477s] DEBUG:colcon.colcon_core.event_handler.log_command:Invoked command in '/home/jerry/AutoSweeperSystem/AutoSweeperSystem_ws/build/micro_ros_msgs' returned '0': CMAKE_PREFIX_PATH=${CMAKE_PREFIX_PATH}:/home/jerry/AutoSweeperSystem/AutoSweeperSystem_ws/install/autosweeper_robot:/opt/ros/humble /usr/bin/cmake --build /home/jerry/AutoSweeperSystem/AutoSweeperSystem_ws/build/micro_ros_msgs -- -j4 -l4
[5.488s] DEBUG:colcon.colcon_core.event_handler.log_command:Invoking command in '/home/jerry/AutoSweeperSystem/AutoSweeperSystem_ws/build/micro_ros_msgs': CMAKE_PREFIX_PATH=${CMAKE_PREFIX_PATH}:/home/jerry/AutoSweeperSystem/AutoSweeperSystem_ws/install/autosweeper_robot:/opt/ros/humble /usr/bin/cmake --install /home/jerry/AutoSweeperSystem/AutoSweeperSystem_ws/build/micro_ros_msgs
[5.558s] DEBUG:colcon.colcon_core.event_handler.log_command:Invoking command in '/home/jerry/AutoSweeperSystem/AutoSweeperSystem_ws/build/fishbot_navigation2': CMAKE_PREFIX_PATH=${CMAKE_PREFIX_PATH}:/home/jerry/AutoSweeperSystem/AutoSweeperSystem_ws/install/autosweeper_robot:/opt/ros/humble /usr/bin/cmake --build /home/jerry/AutoSweeperSystem/AutoSweeperSystem_ws/build/fishbot_navigation2 -- -j4 -l4
[5.599s] Level 1:colcon.colcon_core.environment:create_environment_scripts_only(fishbot_bringup)
[5.601s] Level 1:colcon.colcon_core.environment:checking '/home/jerry/AutoSweeperSystem/AutoSweeperSystem_ws/install/fishbot_bringup' for CMake module files
[5.605s] Level 1:colcon.colcon_core.environment:checking '/home/jerry/AutoSweeperSystem/AutoSweeperSystem_ws/install/fishbot_bringup' for CMake config files
[5.611s] DEBUG:colcon.colcon_core.event_handler.log_command:Invoked command in '/home/jerry/AutoSweeperSystem/AutoSweeperSystem_ws/build/fishbot_bringup' returned '0': CMAKE_PREFIX_PATH=${CMAKE_PREFIX_PATH}:/home/jerry/AutoSweeperSystem/AutoSweeperSystem_ws/install/autosweeper_robot:/opt/ros/humble /usr/bin/cmake --install /home/jerry/AutoSweeperSystem/AutoSweeperSystem_ws/build/fishbot_bringup
[5.621s] Level 1:colcon.colcon_core.shell:create_environment_hook('fishbot_bringup', 'cmake_prefix_path')
[5.649s] INFO:colcon.colcon_core.shell:Creating environment hook '/home/jerry/AutoSweeperSystem/AutoSweeperSystem_ws/install/fishbot_bringup/share/fishbot_bringup/hook/cmake_prefix_path.ps1'
[5.653s] INFO:colcon.colcon_core.shell:Creating environment descriptor '/home/jerry/AutoSweeperSystem/AutoSweeperSystem_ws/install/fishbot_bringup/share/fishbot_bringup/hook/cmake_prefix_path.dsv'
[5.684s] INFO:colcon.colcon_core.shell:Creating environment hook '/home/jerry/AutoSweeperSystem/AutoSweeperSystem_ws/install/fishbot_bringup/share/fishbot_bringup/hook/cmake_prefix_path.sh'
[5.706s] Level 1:colcon.colcon_core.environment:checking '/home/jerry/AutoSweeperSystem/AutoSweeperSystem_ws/install/fishbot_bringup/lib'
[5.711s] Level 1:colcon.colcon_core.environment:checking '/home/jerry/AutoSweeperSystem/AutoSweeperSystem_ws/install/fishbot_bringup/bin'
[5.711s] Level 1:colcon.colcon_core.environment:checking '/home/jerry/AutoSweeperSystem/AutoSweeperSystem_ws/install/fishbot_bringup/lib/pkgconfig/fishbot_bringup.pc'
[5.714s] Level 1:colcon.colcon_core.environment:checking '/home/jerry/AutoSweeperSystem/AutoSweeperSystem_ws/install/fishbot_bringup/lib/python3.10/site-packages'
[5.716s] Level 1:colcon.colcon_core.environment:checking '/home/jerry/AutoSweeperSystem/AutoSweeperSystem_ws/install/fishbot_bringup/bin'
[5.718s] INFO:colcon.colcon_core.shell:Creating package script '/home/jerry/AutoSweeperSystem/AutoSweeperSystem_ws/install/fishbot_bringup/share/fishbot_bringup/package.ps1'
[5.764s] INFO:colcon.colcon_core.shell:Creating package descriptor '/home/jerry/AutoSweeperSystem/AutoSweeperSystem_ws/install/fishbot_bringup/share/fishbot_bringup/package.dsv'
[5.768s] INFO:colcon.colcon_core.shell:Creating package script '/home/jerry/AutoSweeperSystem/AutoSweeperSystem_ws/install/fishbot_bringup/share/fishbot_bringup/package.sh'
[5.791s] INFO:colcon.colcon_core.shell:Creating package script '/home/jerry/AutoSweeperSystem/AutoSweeperSystem_ws/install/fishbot_bringup/share/fishbot_bringup/package.bash'
[5.794s] INFO:colcon.colcon_core.shell:Creating package script '/home/jerry/AutoSweeperSystem/AutoSweeperSystem_ws/install/fishbot_bringup/share/fishbot_bringup/package.zsh'
[5.797s] Level 1:colcon.colcon_core.environment:create_file_with_runtime_dependencies(/home/jerry/AutoSweeperSystem/AutoSweeperSystem_ws/install/fishbot_bringup/share/colcon-core/packages/fishbot_bringup)
[5.820s] Level 1:colcon.colcon_core.environment:create_environment_scripts_only(fishbot_bringup)
[5.821s] Level 1:colcon.colcon_core.environment:checking '/home/jerry/AutoSweeperSystem/AutoSweeperSystem_ws/install/fishbot_bringup' for CMake module files
[5.828s] Level 1:colcon.colcon_core.environment:checking '/home/jerry/AutoSweeperSystem/AutoSweeperSystem_ws/install/fishbot_bringup' for CMake config files
[5.844s] Level 1:colcon.colcon_core.shell:create_environment_hook('fishbot_bringup', 'cmake_prefix_path')
[5.845s] INFO:colcon.colcon_core.shell:Creating environment hook '/home/jerry/AutoSweeperSystem/AutoSweeperSystem_ws/install/fishbot_bringup/share/fishbot_bringup/hook/cmake_prefix_path.ps1'
[5.867s] INFO:colcon.colcon_core.shell:Creating environment descriptor '/home/jerry/AutoSweeperSystem/AutoSweeperSystem_ws/install/fishbot_bringup/share/fishbot_bringup/hook/cmake_prefix_path.dsv'
[5.870s] INFO:colcon.colcon_core.shell:Creating environment hook '/home/jerry/AutoSweeperSystem/AutoSweeperSystem_ws/install/fishbot_bringup/share/fishbot_bringup/hook/cmake_prefix_path.sh'
[5.875s] Level 1:colcon.colcon_core.environment:checking '/home/jerry/AutoSweeperSystem/AutoSweeperSystem_ws/install/fishbot_bringup/lib'
[5.875s] Level 1:colcon.colcon_core.environment:checking '/home/jerry/AutoSweeperSystem/AutoSweeperSystem_ws/install/fishbot_bringup/bin'
[5.876s] Level 1:colcon.colcon_core.environment:checking '/home/jerry/AutoSweeperSystem/AutoSweeperSystem_ws/install/fishbot_bringup/lib/pkgconfig/fishbot_bringup.pc'
[5.877s] Level 1:colcon.colcon_core.environment:checking '/home/jerry/AutoSweeperSystem/AutoSweeperSystem_ws/install/fishbot_bringup/lib/python3.10/site-packages'
[5.879s] Level 1:colcon.colcon_core.environment:checking '/home/jerry/AutoSweeperSystem/AutoSweeperSystem_ws/install/fishbot_bringup/bin'
[5.881s] INFO:colcon.colcon_core.shell:Creating package script '/home/jerry/AutoSweeperSystem/AutoSweeperSystem_ws/install/fishbot_bringup/share/fishbot_bringup/package.ps1'
[5.897s] INFO:colcon.colcon_core.shell:Creating package descriptor '/home/jerry/AutoSweeperSystem/AutoSweeperSystem_ws/install/fishbot_bringup/share/fishbot_bringup/package.dsv'
[5.906s] INFO:colcon.colcon_core.shell:Creating package script '/home/jerry/AutoSweeperSystem/AutoSweeperSystem_ws/install/fishbot_bringup/share/fishbot_bringup/package.sh'
[5.911s] INFO:colcon.colcon_core.shell:Creating package script '/home/jerry/AutoSweeperSystem/AutoSweeperSystem_ws/install/fishbot_bringup/share/fishbot_bringup/package.bash'
[5.914s] INFO:colcon.colcon_core.shell:Creating package script '/home/jerry/AutoSweeperSystem/AutoSweeperSystem_ws/install/fishbot_bringup/share/fishbot_bringup/package.zsh'
[5.917s] Level 1:colcon.colcon_core.environment:create_file_with_runtime_dependencies(/home/jerry/AutoSweeperSystem/AutoSweeperSystem_ws/install/fishbot_bringup/share/colcon-core/packages/fishbot_bringup)
[5.921s] INFO:colcon.colcon_ros.task.ament_cmake.build:Building ROS package in '/home/jerry/AutoSweeperSystem/AutoSweeperSystem_ws/src/m1ct_d2' with build type 'ament_cmake'
[5.923s] INFO:colcon.colcon_cmake.task.cmake.build:Building CMake package in '/home/jerry/AutoSweeperSystem/AutoSweeperSystem_ws/src/m1ct_d2'
[5.924s] INFO:colcon.colcon_core.shell:Skip shell extension 'powershell' for command environment: Not usable outside of PowerShell
[5.924s] DEBUG:colcon.colcon_core.shell:Skip shell extension 'dsv' for command environment
[6.028s] DEBUG:colcon.colcon_core.event_handler.log_command:Invoked command in '/home/jerry/AutoSweeperSystem/AutoSweeperSystem_ws/build/fishbot_navigation2' returned '0': CMAKE_PREFIX_PATH=${CMAKE_PREFIX_PATH}:/home/jerry/AutoSweeperSystem/AutoSweeperSystem_ws/install/autosweeper_robot:/opt/ros/humble /usr/bin/cmake --build /home/jerry/AutoSweeperSystem/AutoSweeperSystem_ws/build/fishbot_navigation2 -- -j4 -l4
[6.038s] DEBUG:colcon.colcon_core.event_handler.log_command:Invoking command in '/home/jerry/AutoSweeperSystem/AutoSweeperSystem_ws/build/fishbot_navigation2': CMAKE_PREFIX_PATH=${CMAKE_PREFIX_PATH}:/home/jerry/AutoSweeperSystem/AutoSweeperSystem_ws/install/autosweeper_robot:/opt/ros/humble /usr/bin/cmake --install /home/jerry/AutoSweeperSystem/AutoSweeperSystem_ws/build/fishbot_navigation2
[6.085s] DEBUG:colcon.colcon_core.event_handler.log_command:Invoking command in '/home/jerry/AutoSweeperSystem/AutoSweeperSystem_ws/build/m1ct_d2': CMAKE_PREFIX_PATH=${CMAKE_PREFIX_PATH}:/home/jerry/AutoSweeperSystem/AutoSweeperSystem_ws/install/autosweeper_robot:/opt/ros/humble /usr/bin/cmake --build /home/jerry/AutoSweeperSystem/AutoSweeperSystem_ws/build/m1ct_d2 -- -j4 -l4
[6.221s] Level 1:colcon.colcon_core.environment:create_environment_scripts_only(fishbot_navigation2)
[6.223s] Level 1:colcon.colcon_core.environment:checking '/home/jerry/AutoSweeperSystem/AutoSweeperSystem_ws/install/fishbot_navigation2' for CMake module files
[6.227s] Level 1:colcon.colcon_core.environment:checking '/home/jerry/AutoSweeperSystem/AutoSweeperSystem_ws/install/fishbot_navigation2' for CMake config files
[6.241s] Level 1:colcon.colcon_core.shell:create_environment_hook('fishbot_navigation2', 'cmake_prefix_path')
[6.243s] INFO:colcon.colcon_core.shell:Creating environment hook '/home/jerry/AutoSweeperSystem/AutoSweeperSystem_ws/install/fishbot_navigation2/share/fishbot_navigation2/hook/cmake_prefix_path.ps1'
[6.246s] INFO:colcon.colcon_core.shell:Creating environment descriptor '/home/jerry/AutoSweeperSystem/AutoSweeperSystem_ws/install/fishbot_navigation2/share/fishbot_navigation2/hook/cmake_prefix_path.dsv'
[6.254s] INFO:colcon.colcon_core.shell:Creating environment hook '/home/jerry/AutoSweeperSystem/AutoSweeperSystem_ws/install/fishbot_navigation2/share/fishbot_navigation2/hook/cmake_prefix_path.sh'
[6.265s] Level 1:colcon.colcon_core.environment:checking '/home/jerry/AutoSweeperSystem/AutoSweeperSystem_ws/install/fishbot_navigation2/bin'
[6.266s] Level 1:colcon.colcon_core.environment:checking '/home/jerry/AutoSweeperSystem/AutoSweeperSystem_ws/install/fishbot_navigation2/lib/pkgconfig/fishbot_navigation2.pc'
[6.267s] Level 1:colcon.colcon_core.environment:checking '/home/jerry/AutoSweeperSystem/AutoSweeperSystem_ws/install/fishbot_navigation2/lib/python3.10/site-packages'
[6.269s] Level 1:colcon.colcon_core.environment:checking '/home/jerry/AutoSweeperSystem/AutoSweeperSystem_ws/install/fishbot_navigation2/bin'
[6.271s] INFO:colcon.colcon_core.shell:Creating package script '/home/jerry/AutoSweeperSystem/AutoSweeperSystem_ws/install/fishbot_navigation2/share/fishbot_navigation2/package.ps1'
[6.309s] INFO:colcon.colcon_core.shell:Creating package descriptor '/home/jerry/AutoSweeperSystem/AutoSweeperSystem_ws/install/fishbot_navigation2/share/fishbot_navigation2/package.dsv'
[6.313s] INFO:colcon.colcon_core.shell:Creating package script '/home/jerry/AutoSweeperSystem/AutoSweeperSystem_ws/install/fishbot_navigation2/share/fishbot_navigation2/package.sh'
[6.324s] DEBUG:colcon.colcon_core.event_handler.log_command:Invoked command in '/home/jerry/AutoSweeperSystem/AutoSweeperSystem_ws/build/fishbot_navigation2' returned '0': CMAKE_PREFIX_PATH=${CMAKE_PREFIX_PATH}:/home/jerry/AutoSweeperSystem/AutoSweeperSystem_ws/install/autosweeper_robot:/opt/ros/humble /usr/bin/cmake --install /home/jerry/AutoSweeperSystem/AutoSweeperSystem_ws/build/fishbot_navigation2
[6.333s] INFO:colcon.colcon_core.shell:Creating package script '/home/jerry/AutoSweeperSystem/AutoSweeperSystem_ws/install/fishbot_navigation2/share/fishbot_navigation2/package.bash'
[6.336s] INFO:colcon.colcon_core.shell:Creating package script '/home/jerry/AutoSweeperSystem/AutoSweeperSystem_ws/install/fishbot_navigation2/share/fishbot_navigation2/package.zsh'
[6.339s] Level 1:colcon.colcon_core.environment:create_file_with_runtime_dependencies(/home/jerry/AutoSweeperSystem/AutoSweeperSystem_ws/install/fishbot_navigation2/share/colcon-core/packages/fishbot_navigation2)
[6.342s] Level 1:colcon.colcon_core.environment:create_environment_scripts_only(fishbot_navigation2)
[6.343s] Level 1:colcon.colcon_core.environment:checking '/home/jerry/AutoSweeperSystem/AutoSweeperSystem_ws/install/fishbot_navigation2' for CMake module files
[6.347s] Level 1:colcon.colcon_core.environment:checking '/home/jerry/AutoSweeperSystem/AutoSweeperSystem_ws/install/fishbot_navigation2' for CMake config files
[6.352s] Level 1:colcon.colcon_core.shell:create_environment_hook('fishbot_navigation2', 'cmake_prefix_path')
[6.354s] INFO:colcon.colcon_core.shell:Creating environment hook '/home/jerry/AutoSweeperSystem/AutoSweeperSystem_ws/install/fishbot_navigation2/share/fishbot_navigation2/hook/cmake_prefix_path.ps1'
[6.358s] INFO:colcon.colcon_core.shell:Creating environment descriptor '/home/jerry/AutoSweeperSystem/AutoSweeperSystem_ws/install/fishbot_navigation2/share/fishbot_navigation2/hook/cmake_prefix_path.dsv'
[6.376s] INFO:colcon.colcon_core.shell:Creating environment hook '/home/jerry/AutoSweeperSystem/AutoSweeperSystem_ws/install/fishbot_navigation2/share/fishbot_navigation2/hook/cmake_prefix_path.sh'
[6.382s] Level 1:colcon.colcon_core.environment:checking '/home/jerry/AutoSweeperSystem/AutoSweeperSystem_ws/install/fishbot_navigation2/bin'
[6.383s] Level 1:colcon.colcon_core.environment:checking '/home/jerry/AutoSweeperSystem/AutoSweeperSystem_ws/install/fishbot_navigation2/lib/pkgconfig/fishbot_navigation2.pc'
[6.384s] Level 1:colcon.colcon_core.environment:checking '/home/jerry/AutoSweeperSystem/AutoSweeperSystem_ws/install/fishbot_navigation2/lib/python3.10/site-packages'
[6.387s] Level 1:colcon.colcon_core.environment:checking '/home/jerry/AutoSweeperSystem/AutoSweeperSystem_ws/install/fishbot_navigation2/bin'
[6.390s] INFO:colcon.colcon_core.shell:Creating package script '/home/jerry/AutoSweeperSystem/AutoSweeperSystem_ws/install/fishbot_navigation2/share/fishbot_navigation2/package.ps1'
[6.395s] INFO:colcon.colcon_core.shell:Creating package descriptor '/home/jerry/AutoSweeperSystem/AutoSweeperSystem_ws/install/fishbot_navigation2/share/fishbot_navigation2/package.dsv'
[6.400s] INFO:colcon.colcon_core.shell:Creating package script '/home/jerry/AutoSweeperSystem/AutoSweeperSystem_ws/install/fishbot_navigation2/share/fishbot_navigation2/package.sh'
[6.405s] INFO:colcon.colcon_core.shell:Creating package script '/home/jerry/AutoSweeperSystem/AutoSweeperSystem_ws/install/fishbot_navigation2/share/fishbot_navigation2/package.bash'
[6.409s] INFO:colcon.colcon_core.shell:Creating package script '/home/jerry/AutoSweeperSystem/AutoSweeperSystem_ws/install/fishbot_navigation2/share/fishbot_navigation2/package.zsh'
[6.413s] Level 1:colcon.colcon_core.environment:create_file_with_runtime_dependencies(/home/jerry/AutoSweeperSystem/AutoSweeperSystem_ws/install/fishbot_navigation2/share/colcon-core/packages/fishbot_navigation2)
[6.421s] Level 1:colcon.colcon_core.environment:create_environment_scripts_only(micro_ros_msgs)
[6.423s] DEBUG:colcon.colcon_core.event_handler.log_command:Invoked command in '/home/jerry/AutoSweeperSystem/AutoSweeperSystem_ws/build/micro_ros_msgs' returned '0': CMAKE_PREFIX_PATH=${CMAKE_PREFIX_PATH}:/home/jerry/AutoSweeperSystem/AutoSweeperSystem_ws/install/autosweeper_robot:/opt/ros/humble /usr/bin/cmake --install /home/jerry/AutoSweeperSystem/AutoSweeperSystem_ws/build/micro_ros_msgs
[6.425s] Level 1:colcon.colcon_core.environment:checking '/home/jerry/AutoSweeperSystem/AutoSweeperSystem_ws/install/micro_ros_msgs' for CMake module files
[6.436s] Level 1:colcon.colcon_core.environment:checking '/home/jerry/AutoSweeperSystem/AutoSweeperSystem_ws/install/micro_ros_msgs' for CMake config files
[6.449s] Level 1:colcon.colcon_core.shell:create_environment_hook('micro_ros_msgs', 'cmake_prefix_path')
[6.451s] INFO:colcon.colcon_core.shell:Creating environment hook '/home/jerry/AutoSweeperSystem/AutoSweeperSystem_ws/install/micro_ros_msgs/share/micro_ros_msgs/hook/cmake_prefix_path.ps1'
[6.455s] INFO:colcon.colcon_core.shell:Creating environment descriptor '/home/jerry/AutoSweeperSystem/AutoSweeperSystem_ws/install/micro_ros_msgs/share/micro_ros_msgs/hook/cmake_prefix_path.dsv'
[6.460s] INFO:colcon.colcon_core.shell:Creating environment hook '/home/jerry/AutoSweeperSystem/AutoSweeperSystem_ws/install/micro_ros_msgs/share/micro_ros_msgs/hook/cmake_prefix_path.sh'
[6.465s] Level 1:colcon.colcon_core.environment:checking '/home/jerry/AutoSweeperSystem/AutoSweeperSystem_ws/install/micro_ros_msgs/lib'
[6.466s] Level 1:colcon.colcon_core.shell:create_environment_hook('micro_ros_msgs', 'ld_library_path_lib')
[6.468s] INFO:colcon.colcon_core.shell:Creating environment hook '/home/jerry/AutoSweeperSystem/AutoSweeperSystem_ws/install/micro_ros_msgs/share/micro_ros_msgs/hook/ld_library_path_lib.ps1'
[6.474s] INFO:colcon.colcon_core.shell:Creating environment descriptor '/home/jerry/AutoSweeperSystem/AutoSweeperSystem_ws/install/micro_ros_msgs/share/micro_ros_msgs/hook/ld_library_path_lib.dsv'
[6.478s] INFO:colcon.colcon_core.shell:Creating environment hook '/home/jerry/AutoSweeperSystem/AutoSweeperSystem_ws/install/micro_ros_msgs/share/micro_ros_msgs/hook/ld_library_path_lib.sh'
[6.482s] Level 1:colcon.colcon_core.environment:checking '/home/jerry/AutoSweeperSystem/AutoSweeperSystem_ws/install/micro_ros_msgs/bin'
[6.483s] Level 1:colcon.colcon_core.environment:checking '/home/jerry/AutoSweeperSystem/AutoSweeperSystem_ws/install/micro_ros_msgs/lib/pkgconfig/micro_ros_msgs.pc'
[6.484s] Level 1:colcon.colcon_core.environment:checking '/home/jerry/AutoSweeperSystem/AutoSweeperSystem_ws/install/micro_ros_msgs/lib/python3.10/site-packages'
[6.487s] Level 1:colcon.colcon_core.environment:checking '/home/jerry/AutoSweeperSystem/AutoSweeperSystem_ws/install/micro_ros_msgs/bin'
[6.489s] INFO:colcon.colcon_core.shell:Creating package script '/home/jerry/AutoSweeperSystem/AutoSweeperSystem_ws/install/micro_ros_msgs/share/micro_ros_msgs/package.ps1'
[6.497s] INFO:colcon.colcon_core.shell:Creating package descriptor '/home/jerry/AutoSweeperSystem/AutoSweeperSystem_ws/install/micro_ros_msgs/share/micro_ros_msgs/package.dsv'
[6.501s] INFO:colcon.colcon_core.shell:Creating package script '/home/jerry/AutoSweeperSystem/AutoSweeperSystem_ws/install/micro_ros_msgs/share/micro_ros_msgs/package.sh'
[6.506s] INFO:colcon.colcon_core.shell:Creating package script '/home/jerry/AutoSweeperSystem/AutoSweeperSystem_ws/install/micro_ros_msgs/share/micro_ros_msgs/package.bash'
[6.510s] INFO:colcon.colcon_core.shell:Creating package script '/home/jerry/AutoSweeperSystem/AutoSweeperSystem_ws/install/micro_ros_msgs/share/micro_ros_msgs/package.zsh'
[6.514s] Level 1:colcon.colcon_core.environment:create_file_with_runtime_dependencies(/home/jerry/AutoSweeperSystem/AutoSweeperSystem_ws/install/micro_ros_msgs/share/colcon-core/packages/micro_ros_msgs)
[6.519s] Level 1:colcon.colcon_core.environment:create_environment_scripts_only(micro_ros_msgs)
[6.521s] Level 1:colcon.colcon_core.environment:checking '/home/jerry/AutoSweeperSystem/AutoSweeperSystem_ws/install/micro_ros_msgs' for CMake module files
[6.526s] Level 1:colcon.colcon_core.environment:checking '/home/jerry/AutoSweeperSystem/AutoSweeperSystem_ws/install/micro_ros_msgs' for CMake config files
[6.532s] Level 1:colcon.colcon_core.shell:create_environment_hook('micro_ros_msgs', 'cmake_prefix_path')
[6.533s] INFO:colcon.colcon_core.shell:Creating environment hook '/home/jerry/AutoSweeperSystem/AutoSweeperSystem_ws/install/micro_ros_msgs/share/micro_ros_msgs/hook/cmake_prefix_path.ps1'
[6.538s] INFO:colcon.colcon_core.shell:Creating environment descriptor '/home/jerry/AutoSweeperSystem/AutoSweeperSystem_ws/install/micro_ros_msgs/share/micro_ros_msgs/hook/cmake_prefix_path.dsv'
[6.542s] INFO:colcon.colcon_core.shell:Creating environment hook '/home/jerry/AutoSweeperSystem/AutoSweeperSystem_ws/install/micro_ros_msgs/share/micro_ros_msgs/hook/cmake_prefix_path.sh'
[6.547s] Level 1:colcon.colcon_core.environment:checking '/home/jerry/AutoSweeperSystem/AutoSweeperSystem_ws/install/micro_ros_msgs/lib'
[6.549s] Level 1:colcon.colcon_core.shell:create_environment_hook('micro_ros_msgs', 'ld_library_path_lib')
[6.550s] INFO:colcon.colcon_core.shell:Creating environment hook '/home/jerry/AutoSweeperSystem/AutoSweeperSystem_ws/install/micro_ros_msgs/share/micro_ros_msgs/hook/ld_library_path_lib.ps1'
[6.554s] INFO:colcon.colcon_core.shell:Creating environment descriptor '/home/jerry/AutoSweeperSystem/AutoSweeperSystem_ws/install/micro_ros_msgs/share/micro_ros_msgs/hook/ld_library_path_lib.dsv'
[6.558s] INFO:colcon.colcon_core.shell:Creating environment hook '/home/jerry/AutoSweeperSystem/AutoSweeperSystem_ws/install/micro_ros_msgs/share/micro_ros_msgs/hook/ld_library_path_lib.sh'
[6.564s] Level 1:colcon.colcon_core.environment:checking '/home/jerry/AutoSweeperSystem/AutoSweeperSystem_ws/install/micro_ros_msgs/bin'
[6.565s] Level 1:colcon.colcon_core.environment:checking '/home/jerry/AutoSweeperSystem/AutoSweeperSystem_ws/install/micro_ros_msgs/lib/pkgconfig/micro_ros_msgs.pc'
[6.567s] Level 1:colcon.colcon_core.environment:checking '/home/jerry/AutoSweeperSystem/AutoSweeperSystem_ws/install/micro_ros_msgs/lib/python3.10/site-packages'
[6.569s] Level 1:colcon.colcon_core.environment:checking '/home/jerry/AutoSweeperSystem/AutoSweeperSystem_ws/install/micro_ros_msgs/bin'
[6.573s] INFO:colcon.colcon_core.shell:Creating package script '/home/jerry/AutoSweeperSystem/AutoSweeperSystem_ws/install/micro_ros_msgs/share/micro_ros_msgs/package.ps1'
[6.578s] INFO:colcon.colcon_core.shell:Creating package descriptor '/home/jerry/AutoSweeperSystem/AutoSweeperSystem_ws/install/micro_ros_msgs/share/micro_ros_msgs/package.dsv'
[6.582s] INFO:colcon.colcon_core.shell:Creating package script '/home/jerry/AutoSweeperSystem/AutoSweeperSystem_ws/install/micro_ros_msgs/share/micro_ros_msgs/package.sh'
[6.600s] INFO:colcon.colcon_core.shell:Creating package script '/home/jerry/AutoSweeperSystem/AutoSweeperSystem_ws/install/micro_ros_msgs/share/micro_ros_msgs/package.bash'
[6.604s] INFO:colcon.colcon_core.shell:Creating package script '/home/jerry/AutoSweeperSystem/AutoSweeperSystem_ws/install/micro_ros_msgs/share/micro_ros_msgs/package.zsh'
[6.609s] Level 1:colcon.colcon_core.environment:create_file_with_runtime_dependencies(/home/jerry/AutoSweeperSystem/AutoSweeperSystem_ws/install/micro_ros_msgs/share/colcon-core/packages/micro_ros_msgs)
[6.613s] INFO:colcon.colcon_ros.task.ament_cmake.build:Building ROS package in '/home/jerry/AutoSweeperSystem/AutoSweeperSystem_ws/src/micro-ROS-Agent/micro_ros_agent' with build type 'ament_cmake'
[6.617s] INFO:colcon.colcon_cmake.task.cmake.build:Building CMake package in '/home/jerry/AutoSweeperSystem/AutoSweeperSystem_ws/src/micro-ROS-Agent/micro_ros_agent'
[6.620s] INFO:colcon.colcon_core.shell:Skip shell extension 'powershell' for command environment: Not usable outside of PowerShell
[6.621s] DEBUG:colcon.colcon_core.shell:Skip shell extension 'dsv' for command environment
[6.928s] DEBUG:colcon.colcon_core.event_handler.log_command:Invoking command in '/home/jerry/AutoSweeperSystem/AutoSweeperSystem_ws/build/micro_ros_agent': CMAKE_PREFIX_PATH=/home/jerry/AutoSweeperSystem/AutoSweeperSystem_ws/install/micro_ros_msgs:/home/jerry/AutoSweeperSystem/AutoSweeperSystem_ws/install/micro_ros_agent:/home/jerry/AutoSweeperSystem/AutoSweeperSystem_ws/install/m1ct_d2:/home/jerry/AutoSweeperSystem/AutoSweeperSystem_ws/install/fishbot_navigation2:/home/jerry/AutoSweeperSystem/AutoSweeperSystem_ws/install/fishbot_interfaces:/home/jerry/AutoSweeperSystem/AutoSweeperSystem_ws/install/fishbot_description:/home/jerry/AutoSweeperSystem/AutoSweeperSystem_ws/install/fishbot_cartographer:/home/jerry/AutoSweeperSystem/AutoSweeperSystem_ws/install/fishbot_bringup:/home/jerry/AutoSweeperSystem/AutoSweeperSystem_ws/install/autosweeper_robot:/opt/ros/humble LD_LIBRARY_PATH=/home/jerry/AutoSweeperSystem/AutoSweeperSystem_ws/install/micro_ros_msgs/lib:/home/jerry/AutoSweeperSystem/AutoSweeperSystem_ws/install/micro_ros_agent/lib:/home/jerry/AutoSweeperSystem/AutoSweeperSystem_ws/install/fishbot_interfaces/lib:/opt/ros/humble/opt/rviz_ogre_vendor/lib:/opt/ros/humble/lib/aarch64-linux-gnu:/opt/ros/humble/lib /usr/bin/cmake --build /home/jerry/AutoSweeperSystem/AutoSweeperSystem_ws/build/micro_ros_agent -- -j4 -l4
[7.109s] DEBUG:colcon.colcon_core.event_handler.log_command:Invoked command in '/home/jerry/AutoSweeperSystem/AutoSweeperSystem_ws/build/m1ct_d2' returned '0': CMAKE_PREFIX_PATH=${CMAKE_PREFIX_PATH}:/home/jerry/AutoSweeperSystem/AutoSweeperSystem_ws/install/autosweeper_robot:/opt/ros/humble /usr/bin/cmake --build /home/jerry/AutoSweeperSystem/AutoSweeperSystem_ws/build/m1ct_d2 -- -j4 -l4
[7.126s] DEBUG:colcon.colcon_core.event_handler.log_command:Invoking command in '/home/jerry/AutoSweeperSystem/AutoSweeperSystem_ws/build/m1ct_d2': CMAKE_PREFIX_PATH=${CMAKE_PREFIX_PATH}:/home/jerry/AutoSweeperSystem/AutoSweeperSystem_ws/install/autosweeper_robot:/opt/ros/humble /usr/bin/cmake --install /home/jerry/AutoSweeperSystem/AutoSweeperSystem_ws/build/m1ct_d2
[7.285s] Level 1:colcon.colcon_core.environment:create_environment_scripts_only(m1ct_d2)
[7.287s] Level 1:colcon.colcon_core.environment:checking '/home/jerry/AutoSweeperSystem/AutoSweeperSystem_ws/install/m1ct_d2' for CMake module files
[7.291s] Level 1:colcon.colcon_core.environment:checking '/home/jerry/AutoSweeperSystem/AutoSweeperSystem_ws/install/m1ct_d2' for CMake config files
[7.294s] Level 1:colcon.colcon_core.shell:create_environment_hook('m1ct_d2', 'cmake_prefix_path')
[7.295s] INFO:colcon.colcon_core.shell:Creating environment hook '/home/jerry/AutoSweeperSystem/AutoSweeperSystem_ws/install/m1ct_d2/share/m1ct_d2/hook/cmake_prefix_path.ps1'
[7.314s] DEBUG:colcon.colcon_core.event_handler.log_command:Invoked command in '/home/jerry/AutoSweeperSystem/AutoSweeperSystem_ws/build/m1ct_d2' returned '0': CMAKE_PREFIX_PATH=${CMAKE_PREFIX_PATH}:/home/jerry/AutoSweeperSystem/AutoSweeperSystem_ws/install/autosweeper_robot:/opt/ros/humble /usr/bin/cmake --install /home/jerry/AutoSweeperSystem/AutoSweeperSystem_ws/build/m1ct_d2
[7.316s] INFO:colcon.colcon_core.shell:Creating environment descriptor '/home/jerry/AutoSweeperSystem/AutoSweeperSystem_ws/install/m1ct_d2/share/m1ct_d2/hook/cmake_prefix_path.dsv'
[7.326s] INFO:colcon.colcon_core.shell:Creating environment hook '/home/jerry/AutoSweeperSystem/AutoSweeperSystem_ws/install/m1ct_d2/share/m1ct_d2/hook/cmake_prefix_path.sh'
[7.335s] Level 1:colcon.colcon_core.environment:checking '/home/jerry/AutoSweeperSystem/AutoSweeperSystem_ws/install/m1ct_d2/lib'
[7.337s] Level 1:colcon.colcon_core.environment:checking '/home/jerry/AutoSweeperSystem/AutoSweeperSystem_ws/install/m1ct_d2/bin'
[7.338s] Level 1:colcon.colcon_core.environment:checking '/home/jerry/AutoSweeperSystem/AutoSweeperSystem_ws/install/m1ct_d2/lib/pkgconfig/m1ct_d2.pc'
[7.339s] Level 1:colcon.colcon_core.environment:checking '/home/jerry/AutoSweeperSystem/AutoSweeperSystem_ws/install/m1ct_d2/lib/python3.10/site-packages'
[7.342s] Level 1:colcon.colcon_core.environment:checking '/home/jerry/AutoSweeperSystem/AutoSweeperSystem_ws/install/m1ct_d2/bin'
[7.344s] INFO:colcon.colcon_core.shell:Creating package script '/home/jerry/AutoSweeperSystem/AutoSweeperSystem_ws/install/m1ct_d2/share/m1ct_d2/package.ps1'
[7.349s] INFO:colcon.colcon_core.shell:Creating package descriptor '/home/jerry/AutoSweeperSystem/AutoSweeperSystem_ws/install/m1ct_d2/share/m1ct_d2/package.dsv'
[7.353s] INFO:colcon.colcon_core.shell:Creating package script '/home/jerry/AutoSweeperSystem/AutoSweeperSystem_ws/install/m1ct_d2/share/m1ct_d2/package.sh'
[7.357s] INFO:colcon.colcon_core.shell:Creating package script '/home/jerry/AutoSweeperSystem/AutoSweeperSystem_ws/install/m1ct_d2/share/m1ct_d2/package.bash'
[7.361s] INFO:colcon.colcon_core.shell:Creating package script '/home/jerry/AutoSweeperSystem/AutoSweeperSystem_ws/install/m1ct_d2/share/m1ct_d2/package.zsh'
[7.365s] Level 1:colcon.colcon_core.environment:create_file_with_runtime_dependencies(/home/jerry/AutoSweeperSystem/AutoSweeperSystem_ws/install/m1ct_d2/share/colcon-core/packages/m1ct_d2)
[7.371s] Level 1:colcon.colcon_core.environment:create_environment_scripts_only(m1ct_d2)
[7.373s] Level 1:colcon.colcon_core.environment:checking '/home/jerry/AutoSweeperSystem/AutoSweeperSystem_ws/install/m1ct_d2' for CMake module files
[7.378s] Level 1:colcon.colcon_core.environment:checking '/home/jerry/AutoSweeperSystem/AutoSweeperSystem_ws/install/m1ct_d2' for CMake config files
[7.381s] Level 1:colcon.colcon_core.shell:create_environment_hook('m1ct_d2', 'cmake_prefix_path')
[7.382s] INFO:colcon.colcon_core.shell:Creating environment hook '/home/jerry/AutoSweeperSystem/AutoSweeperSystem_ws/install/m1ct_d2/share/m1ct_d2/hook/cmake_prefix_path.ps1'
[7.387s] INFO:colcon.colcon_core.shell:Creating environment descriptor '/home/jerry/AutoSweeperSystem/AutoSweeperSystem_ws/install/m1ct_d2/share/m1ct_d2/hook/cmake_prefix_path.dsv'
[7.391s] INFO:colcon.colcon_core.shell:Creating environment hook '/home/jerry/AutoSweeperSystem/AutoSweeperSystem_ws/install/m1ct_d2/share/m1ct_d2/hook/cmake_prefix_path.sh'
[7.397s] Level 1:colcon.colcon_core.environment:checking '/home/jerry/AutoSweeperSystem/AutoSweeperSystem_ws/install/m1ct_d2/lib'
[7.398s] Level 1:colcon.colcon_core.environment:checking '/home/jerry/AutoSweeperSystem/AutoSweeperSystem_ws/install/m1ct_d2/bin'
[7.400s] Level 1:colcon.colcon_core.environment:checking '/home/jerry/AutoSweeperSystem/AutoSweeperSystem_ws/install/m1ct_d2/lib/pkgconfig/m1ct_d2.pc'
[7.402s] Level 1:colcon.colcon_core.environment:checking '/home/jerry/AutoSweeperSystem/AutoSweeperSystem_ws/install/m1ct_d2/lib/python3.10/site-packages'
[7.405s] Level 1:colcon.colcon_core.environment:checking '/home/jerry/AutoSweeperSystem/AutoSweeperSystem_ws/install/m1ct_d2/bin'
[7.407s] INFO:colcon.colcon_core.shell:Creating package script '/home/jerry/AutoSweeperSystem/AutoSweeperSystem_ws/install/m1ct_d2/share/m1ct_d2/package.ps1'
[7.416s] INFO:colcon.colcon_core.shell:Creating package descriptor '/home/jerry/AutoSweeperSystem/AutoSweeperSystem_ws/install/m1ct_d2/share/m1ct_d2/package.dsv'
[7.421s] INFO:colcon.colcon_core.shell:Creating package script '/home/jerry/AutoSweeperSystem/AutoSweeperSystem_ws/install/m1ct_d2/share/m1ct_d2/package.sh'
[7.425s] INFO:colcon.colcon_core.shell:Creating package script '/home/jerry/AutoSweeperSystem/AutoSweeperSystem_ws/install/m1ct_d2/share/m1ct_d2/package.bash'
[7.434s] INFO:colcon.colcon_core.shell:Creating package script '/home/jerry/AutoSweeperSystem/AutoSweeperSystem_ws/install/m1ct_d2/share/m1ct_d2/package.zsh'
[7.440s] Level 1:colcon.colcon_core.environment:create_file_with_runtime_dependencies(/home/jerry/AutoSweeperSystem/AutoSweeperSystem_ws/install/m1ct_d2/share/colcon-core/packages/m1ct_d2)
[7.679s] DEBUG:colcon.colcon_core.event_handler.log_command:Invoked command in '/home/jerry/AutoSweeperSystem/AutoSweeperSystem_ws/build/micro_ros_agent' returned '0': CMAKE_PREFIX_PATH=/home/jerry/AutoSweeperSystem/AutoSweeperSystem_ws/install/micro_ros_msgs:/home/jerry/AutoSweeperSystem/AutoSweeperSystem_ws/install/micro_ros_agent:/home/jerry/AutoSweeperSystem/AutoSweeperSystem_ws/install/m1ct_d2:/home/jerry/AutoSweeperSystem/AutoSweeperSystem_ws/install/fishbot_navigation2:/home/jerry/AutoSweeperSystem/AutoSweeperSystem_ws/install/fishbot_interfaces:/home/jerry/AutoSweeperSystem/AutoSweeperSystem_ws/install/fishbot_description:/home/jerry/AutoSweeperSystem/AutoSweeperSystem_ws/install/fishbot_cartographer:/home/jerry/AutoSweeperSystem/AutoSweeperSystem_ws/install/fishbot_bringup:/home/jerry/AutoSweeperSystem/AutoSweeperSystem_ws/install/autosweeper_robot:/opt/ros/humble LD_LIBRARY_PATH=/home/jerry/AutoSweeperSystem/AutoSweeperSystem_ws/install/micro_ros_msgs/lib:/home/jerry/AutoSweeperSystem/AutoSweeperSystem_ws/install/micro_ros_agent/lib:/home/jerry/AutoSweeperSystem/AutoSweeperSystem_ws/install/fishbot_interfaces/lib:/opt/ros/humble/opt/rviz_ogre_vendor/lib:/opt/ros/humble/lib/aarch64-linux-gnu:/opt/ros/humble/lib /usr/bin/cmake --build /home/jerry/AutoSweeperSystem/AutoSweeperSystem_ws/build/micro_ros_agent -- -j4 -l4
[7.702s] DEBUG:colcon.colcon_core.event_handler.log_command:Invoking command in '/home/jerry/AutoSweeperSystem/AutoSweeperSystem_ws/build/micro_ros_agent': CMAKE_PREFIX_PATH=/home/jerry/AutoSweeperSystem/AutoSweeperSystem_ws/install/micro_ros_msgs:/home/jerry/AutoSweeperSystem/AutoSweeperSystem_ws/install/micro_ros_agent:/home/jerry/AutoSweeperSystem/AutoSweeperSystem_ws/install/m1ct_d2:/home/jerry/AutoSweeperSystem/AutoSweeperSystem_ws/install/fishbot_navigation2:/home/jerry/AutoSweeperSystem/AutoSweeperSystem_ws/install/fishbot_interfaces:/home/jerry/AutoSweeperSystem/AutoSweeperSystem_ws/install/fishbot_description:/home/jerry/AutoSweeperSystem/AutoSweeperSystem_ws/install/fishbot_cartographer:/home/jerry/AutoSweeperSystem/AutoSweeperSystem_ws/install/fishbot_bringup:/home/jerry/AutoSweeperSystem/AutoSweeperSystem_ws/install/autosweeper_robot:/opt/ros/humble LD_LIBRARY_PATH=/home/jerry/AutoSweeperSystem/AutoSweeperSystem_ws/install/micro_ros_msgs/lib:/home/jerry/AutoSweeperSystem/AutoSweeperSystem_ws/install/micro_ros_agent/lib:/home/jerry/AutoSweeperSystem/AutoSweeperSystem_ws/install/fishbot_interfaces/lib:/opt/ros/humble/opt/rviz_ogre_vendor/lib:/opt/ros/humble/lib/aarch64-linux-gnu:/opt/ros/humble/lib /usr/bin/cmake --install /home/jerry/AutoSweeperSystem/AutoSweeperSystem_ws/build/micro_ros_agent
[7.803s] Level 1:colcon.colcon_core.environment:create_environment_scripts_only(micro_ros_agent)
[7.804s] Level 1:colcon.colcon_core.environment:checking '/home/jerry/AutoSweeperSystem/AutoSweeperSystem_ws/install/micro_ros_agent' for CMake module files
[7.809s] Level 1:colcon.colcon_core.environment:checking '/home/jerry/AutoSweeperSystem/AutoSweeperSystem_ws/install/micro_ros_agent' for CMake config files
[7.811s] Level 1:colcon.colcon_core.shell:create_environment_hook('micro_ros_agent', 'cmake_prefix_path')
[7.813s] INFO:colcon.colcon_core.shell:Creating environment hook '/home/jerry/AutoSweeperSystem/AutoSweeperSystem_ws/install/micro_ros_agent/share/micro_ros_agent/hook/cmake_prefix_path.ps1'
[7.817s] DEBUG:colcon.colcon_core.event_handler.log_command:Invoked command in '/home/jerry/AutoSweeperSystem/AutoSweeperSystem_ws/build/micro_ros_agent' returned '0': CMAKE_PREFIX_PATH=/home/jerry/AutoSweeperSystem/AutoSweeperSystem_ws/install/micro_ros_msgs:/home/jerry/AutoSweeperSystem/AutoSweeperSystem_ws/install/micro_ros_agent:/home/jerry/AutoSweeperSystem/AutoSweeperSystem_ws/install/m1ct_d2:/home/jerry/AutoSweeperSystem/AutoSweeperSystem_ws/install/fishbot_navigation2:/home/jerry/AutoSweeperSystem/AutoSweeperSystem_ws/install/fishbot_interfaces:/home/jerry/AutoSweeperSystem/AutoSweeperSystem_ws/install/fishbot_description:/home/jerry/AutoSweeperSystem/AutoSweeperSystem_ws/install/fishbot_cartographer:/home/jerry/AutoSweeperSystem/AutoSweeperSystem_ws/install/fishbot_bringup:/home/jerry/AutoSweeperSystem/AutoSweeperSystem_ws/install/autosweeper_robot:/opt/ros/humble LD_LIBRARY_PATH=/home/jerry/AutoSweeperSystem/AutoSweeperSystem_ws/install/micro_ros_msgs/lib:/home/jerry/AutoSweeperSystem/AutoSweeperSystem_ws/install/micro_ros_agent/lib:/home/jerry/AutoSweeperSystem/AutoSweeperSystem_ws/install/fishbot_interfaces/lib:/opt/ros/humble/opt/rviz_ogre_vendor/lib:/opt/ros/humble/lib/aarch64-linux-gnu:/opt/ros/humble/lib /usr/bin/cmake --install /home/jerry/AutoSweeperSystem/AutoSweeperSystem_ws/build/micro_ros_agent
[7.823s] INFO:colcon.colcon_core.shell:Creating environment descriptor '/home/jerry/AutoSweeperSystem/AutoSweeperSystem_ws/install/micro_ros_agent/share/micro_ros_agent/hook/cmake_prefix_path.dsv'
[7.827s] INFO:colcon.colcon_core.shell:Creating environment hook '/home/jerry/AutoSweeperSystem/AutoSweeperSystem_ws/install/micro_ros_agent/share/micro_ros_agent/hook/cmake_prefix_path.sh'
[7.834s] Level 1:colcon.colcon_core.environment:checking '/home/jerry/AutoSweeperSystem/AutoSweeperSystem_ws/install/micro_ros_agent/lib'
[7.835s] Level 1:colcon.colcon_core.shell:create_environment_hook('micro_ros_agent', 'ld_library_path_lib')
[7.836s] INFO:colcon.colcon_core.shell:Creating environment hook '/home/jerry/AutoSweeperSystem/AutoSweeperSystem_ws/install/micro_ros_agent/share/micro_ros_agent/hook/ld_library_path_lib.ps1'
[7.840s] INFO:colcon.colcon_core.shell:Creating environment descriptor '/home/jerry/AutoSweeperSystem/AutoSweeperSystem_ws/install/micro_ros_agent/share/micro_ros_agent/hook/ld_library_path_lib.dsv'
[7.842s] INFO:colcon.colcon_core.shell:Creating environment hook '/home/jerry/AutoSweeperSystem/AutoSweeperSystem_ws/install/micro_ros_agent/share/micro_ros_agent/hook/ld_library_path_lib.sh'
[7.845s] Level 1:colcon.colcon_core.environment:checking '/home/jerry/AutoSweeperSystem/AutoSweeperSystem_ws/install/micro_ros_agent/bin'
[7.846s] Level 1:colcon.colcon_core.environment:checking '/home/jerry/AutoSweeperSystem/AutoSweeperSystem_ws/install/micro_ros_agent/lib/pkgconfig/micro_ros_agent.pc'
[7.847s] Level 1:colcon.colcon_core.environment:checking '/home/jerry/AutoSweeperSystem/AutoSweeperSystem_ws/install/micro_ros_agent/lib/python3.10/site-packages'
[7.849s] Level 1:colcon.colcon_core.environment:checking '/home/jerry/AutoSweeperSystem/AutoSweeperSystem_ws/install/micro_ros_agent/bin'
[7.851s] INFO:colcon.colcon_core.shell:Creating package script '/home/jerry/AutoSweeperSystem/AutoSweeperSystem_ws/install/micro_ros_agent/share/micro_ros_agent/package.ps1'
[7.854s] INFO:colcon.colcon_core.shell:Creating package descriptor '/home/jerry/AutoSweeperSystem/AutoSweeperSystem_ws/install/micro_ros_agent/share/micro_ros_agent/package.dsv'
[7.858s] INFO:colcon.colcon_core.shell:Creating package script '/home/jerry/AutoSweeperSystem/AutoSweeperSystem_ws/install/micro_ros_agent/share/micro_ros_agent/package.sh'
[7.861s] INFO:colcon.colcon_core.shell:Creating package script '/home/jerry/AutoSweeperSystem/AutoSweeperSystem_ws/install/micro_ros_agent/share/micro_ros_agent/package.bash'
[7.863s] INFO:colcon.colcon_core.shell:Creating package script '/home/jerry/AutoSweeperSystem/AutoSweeperSystem_ws/install/micro_ros_agent/share/micro_ros_agent/package.zsh'
[7.866s] Level 1:colcon.colcon_core.environment:create_file_with_runtime_dependencies(/home/jerry/AutoSweeperSystem/AutoSweeperSystem_ws/install/micro_ros_agent/share/colcon-core/packages/micro_ros_agent)
[7.869s] Level 1:colcon.colcon_core.environment:create_environment_scripts_only(micro_ros_agent)
[7.870s] Level 1:colcon.colcon_core.environment:checking '/home/jerry/AutoSweeperSystem/AutoSweeperSystem_ws/install/micro_ros_agent' for CMake module files
[7.874s] Level 1:colcon.colcon_core.environment:checking '/home/jerry/AutoSweeperSystem/AutoSweeperSystem_ws/install/micro_ros_agent' for CMake config files
[7.875s] Level 1:colcon.colcon_core.shell:create_environment_hook('micro_ros_agent', 'cmake_prefix_path')
[7.877s] INFO:colcon.colcon_core.shell:Creating environment hook '/home/jerry/AutoSweeperSystem/AutoSweeperSystem_ws/install/micro_ros_agent/share/micro_ros_agent/hook/cmake_prefix_path.ps1'
[7.880s] INFO:colcon.colcon_core.shell:Creating environment descriptor '/home/jerry/AutoSweeperSystem/AutoSweeperSystem_ws/install/micro_ros_agent/share/micro_ros_agent/hook/cmake_prefix_path.dsv'
[7.883s] INFO:colcon.colcon_core.shell:Creating environment hook '/home/jerry/AutoSweeperSystem/AutoSweeperSystem_ws/install/micro_ros_agent/share/micro_ros_agent/hook/cmake_prefix_path.sh'
[7.887s] Level 1:colcon.colcon_core.environment:checking '/home/jerry/AutoSweeperSystem/AutoSweeperSystem_ws/install/micro_ros_agent/lib'
[7.888s] Level 1:colcon.colcon_core.shell:create_environment_hook('micro_ros_agent', 'ld_library_path_lib')
[7.889s] INFO:colcon.colcon_core.shell:Creating environment hook '/home/jerry/AutoSweeperSystem/AutoSweeperSystem_ws/install/micro_ros_agent/share/micro_ros_agent/hook/ld_library_path_lib.ps1'
[7.891s] INFO:colcon.colcon_core.shell:Creating environment descriptor '/home/jerry/AutoSweeperSystem/AutoSweeperSystem_ws/install/micro_ros_agent/share/micro_ros_agent/hook/ld_library_path_lib.dsv'
[7.894s] INFO:colcon.colcon_core.shell:Creating environment hook '/home/jerry/AutoSweeperSystem/AutoSweeperSystem_ws/install/micro_ros_agent/share/micro_ros_agent/hook/ld_library_path_lib.sh'
[7.896s] Level 1:colcon.colcon_core.environment:checking '/home/jerry/AutoSweeperSystem/AutoSweeperSystem_ws/install/micro_ros_agent/bin'
[7.897s] Level 1:colcon.colcon_core.environment:checking '/home/jerry/AutoSweeperSystem/AutoSweeperSystem_ws/install/micro_ros_agent/lib/pkgconfig/micro_ros_agent.pc'
[7.898s] Level 1:colcon.colcon_core.environment:checking '/home/jerry/AutoSweeperSystem/AutoSweeperSystem_ws/install/micro_ros_agent/lib/python3.10/site-packages'
[7.900s] Level 1:colcon.colcon_core.environment:checking '/home/jerry/AutoSweeperSystem/AutoSweeperSystem_ws/install/micro_ros_agent/bin'
[7.901s] INFO:colcon.colcon_core.shell:Creating package script '/home/jerry/AutoSweeperSystem/AutoSweeperSystem_ws/install/micro_ros_agent/share/micro_ros_agent/package.ps1'
[7.904s] INFO:colcon.colcon_core.shell:Creating package descriptor '/home/jerry/AutoSweeperSystem/AutoSweeperSystem_ws/install/micro_ros_agent/share/micro_ros_agent/package.dsv'
[7.907s] INFO:colcon.colcon_core.shell:Creating package script '/home/jerry/AutoSweeperSystem/AutoSweeperSystem_ws/install/micro_ros_agent/share/micro_ros_agent/package.sh'
[7.910s] INFO:colcon.colcon_core.shell:Creating package script '/home/jerry/AutoSweeperSystem/AutoSweeperSystem_ws/install/micro_ros_agent/share/micro_ros_agent/package.bash'
[7.913s] INFO:colcon.colcon_core.shell:Creating package script '/home/jerry/AutoSweeperSystem/AutoSweeperSystem_ws/install/micro_ros_agent/share/micro_ros_agent/package.zsh'
[7.916s] Level 1:colcon.colcon_core.environment:create_file_with_runtime_dependencies(/home/jerry/AutoSweeperSystem/AutoSweeperSystem_ws/install/micro_ros_agent/share/colcon-core/packages/micro_ros_agent)
[8.769s] DEBUG:colcon.colcon_core.event_handler.log_command:Invoking command in '/home/jerry/AutoSweeperSystem/AutoSweeperSystem_ws/src/autosweeper_robot': PYTHONPATH=/home/jerry/AutoSweeperSystem/AutoSweeperSystem_ws/build/autosweeper_robot/prefix_override:/usr/lib/python3/dist-packages/colcon_core/task/python/colcon_distutils_commands:/home/jerry/AutoSweeperSystem/AutoSweeperSystem_ws/install/autosweeper_robot/lib/python3.10/site-packages:${PYTHONPATH} /usr/bin/python3 -W ignore:setup.py install is deprecated -W ignore:easy_install command is deprecated setup.py egg_info --egg-base ../../build/autosweeper_robot build --build-base /home/jerry/AutoSweeperSystem/AutoSweeperSystem_ws/build/autosweeper_robot/build install --record /home/jerry/AutoSweeperSystem/AutoSweeperSystem_ws/build/autosweeper_robot/install.log --single-version-externally-managed install_data
[10.982s] Level 1:colcon.colcon_core.environment:checking '/home/jerry/AutoSweeperSystem/AutoSweeperSystem_ws/install/autosweeper_robot' for CMake module files
[10.986s] Level 1:colcon.colcon_core.environment:checking '/home/jerry/AutoSweeperSystem/AutoSweeperSystem_ws/install/autosweeper_robot' for CMake config files
[10.989s] DEBUG:colcon.colcon_core.event_handler.log_command:Invoked command in '/home/jerry/AutoSweeperSystem/AutoSweeperSystem_ws/src/autosweeper_robot' returned '0': PYTHONPATH=/home/jerry/AutoSweeperSystem/AutoSweeperSystem_ws/build/autosweeper_robot/prefix_override:/usr/lib/python3/dist-packages/colcon_core/task/python/colcon_distutils_commands:/home/jerry/AutoSweeperSystem/AutoSweeperSystem_ws/install/autosweeper_robot/lib/python3.10/site-packages:${PYTHONPATH} /usr/bin/python3 -W ignore:setup.py install is deprecated -W ignore:easy_install command is deprecated setup.py egg_info --egg-base ../../build/autosweeper_robot build --build-base /home/jerry/AutoSweeperSystem/AutoSweeperSystem_ws/build/autosweeper_robot/build install --record /home/jerry/AutoSweeperSystem/AutoSweeperSystem_ws/build/autosweeper_robot/install.log --single-version-externally-managed install_data
[10.994s] Level 1:colcon.colcon_core.environment:checking '/home/jerry/AutoSweeperSystem/AutoSweeperSystem_ws/install/autosweeper_robot/lib'
[10.995s] Level 1:colcon.colcon_core.environment:checking '/home/jerry/AutoSweeperSystem/AutoSweeperSystem_ws/install/autosweeper_robot/bin'
[10.996s] Level 1:colcon.colcon_core.environment:checking '/home/jerry/AutoSweeperSystem/AutoSweeperSystem_ws/install/autosweeper_robot/lib/pkgconfig/autosweeper_robot.pc'
[10.997s] Level 1:colcon.colcon_core.environment:checking '/home/jerry/AutoSweeperSystem/AutoSweeperSystem_ws/install/autosweeper_robot/lib/python3.10/site-packages'
[10.998s] Level 1:colcon.colcon_core.shell:create_environment_hook('autosweeper_robot', 'pythonpath')
[10.999s] INFO:colcon.colcon_core.shell:Creating environment hook '/home/jerry/AutoSweeperSystem/AutoSweeperSystem_ws/install/autosweeper_robot/share/autosweeper_robot/hook/pythonpath.ps1'
[11.002s] INFO:colcon.colcon_core.shell:Creating environment descriptor '/home/jerry/AutoSweeperSystem/AutoSweeperSystem_ws/install/autosweeper_robot/share/autosweeper_robot/hook/pythonpath.dsv'
[11.006s] INFO:colcon.colcon_core.shell:Creating environment hook '/home/jerry/AutoSweeperSystem/AutoSweeperSystem_ws/install/autosweeper_robot/share/autosweeper_robot/hook/pythonpath.sh'
[11.013s] Level 1:colcon.colcon_core.environment:checking '/home/jerry/AutoSweeperSystem/AutoSweeperSystem_ws/install/autosweeper_robot/bin'
[11.014s] Level 1:colcon.colcon_core.environment:create_environment_scripts_only(autosweeper_robot)
[11.016s] INFO:colcon.colcon_core.shell:Creating package script '/home/jerry/AutoSweeperSystem/AutoSweeperSystem_ws/install/autosweeper_robot/share/autosweeper_robot/package.ps1'
[11.022s] INFO:colcon.colcon_core.shell:Creating package descriptor '/home/jerry/AutoSweeperSystem/AutoSweeperSystem_ws/install/autosweeper_robot/share/autosweeper_robot/package.dsv'
[11.027s] INFO:colcon.colcon_core.shell:Creating package script '/home/jerry/AutoSweeperSystem/AutoSweeperSystem_ws/install/autosweeper_robot/share/autosweeper_robot/package.sh'
[11.032s] INFO:colcon.colcon_core.shell:Creating package script '/home/jerry/AutoSweeperSystem/AutoSweeperSystem_ws/install/autosweeper_robot/share/autosweeper_robot/package.bash'
[11.038s] INFO:colcon.colcon_core.shell:Creating package script '/home/jerry/AutoSweeperSystem/AutoSweeperSystem_ws/install/autosweeper_robot/share/autosweeper_robot/package.zsh'
[11.042s] Level 1:colcon.colcon_core.environment:create_file_with_runtime_dependencies(/home/jerry/AutoSweeperSystem/AutoSweeperSystem_ws/install/autosweeper_robot/share/colcon-core/packages/autosweeper_robot)
[11.048s] DEBUG:colcon.colcon_parallel_executor.executor.parallel:closing loop
[11.049s] DEBUG:colcon.colcon_parallel_executor.executor.parallel:loop closed
[11.052s] DEBUG:colcon.colcon_parallel_executor.executor.parallel:run_until_complete finished with '0'
[11.053s] DEBUG:colcon.colcon_core.event_reactor:joining thread
[11.085s] INFO:colcon.colcon_core.plugin_system:Skipping extension 'colcon_notification.desktop_notification.notify_send': Could not find 'notify-send'
[11.086s] INFO:colcon.colcon_core.plugin_system:Skipping extension 'colcon_notification.desktop_notification.terminal_notifier': Not used on non-Darwin systems
[11.087s] INFO:colcon.colcon_core.plugin_system:Skipping extension 'colcon_notification.desktop_notification.win32': Not used on non-Windows systems
[11.088s] INFO:colcon.colcon_notification.desktop_notification:Sending desktop notification using 'notify2'
[11.094s] DEBUG:colcon.colcon_notification.desktop_notification.notify2:Failed to initialize notify2: org.freedesktop.DBus.Error.ServiceUnknown: The name org.freedesktop.Notifications was not provided by any .service files
[11.095s] DEBUG:colcon.colcon_core.event_reactor:joined thread
[11.096s] INFO:colcon.colcon_core.shell:Creating prefix script '/home/jerry/AutoSweeperSystem/AutoSweeperSystem_ws/install/local_setup.ps1'
[11.103s] INFO:colcon.colcon_core.shell:Creating prefix util module '/home/jerry/AutoSweeperSystem/AutoSweeperSystem_ws/install/_local_setup_util_ps1.py'
[11.113s] INFO:colcon.colcon_core.shell:Creating prefix chain script '/home/jerry/AutoSweeperSystem/AutoSweeperSystem_ws/install/setup.ps1'
[11.128s] INFO:colcon.colcon_core.shell:Creating prefix script '/home/jerry/AutoSweeperSystem/AutoSweeperSystem_ws/install/local_setup.sh'
[11.131s] INFO:colcon.colcon_core.shell:Creating prefix util module '/home/jerry/AutoSweeperSystem/AutoSweeperSystem_ws/install/_local_setup_util_sh.py'
[11.135s] INFO:colcon.colcon_core.shell:Creating prefix chain script '/home/jerry/AutoSweeperSystem/AutoSweeperSystem_ws/install/setup.sh'
[11.146s] INFO:colcon.colcon_core.shell:Creating prefix script '/home/jerry/AutoSweeperSystem/AutoSweeperSystem_ws/install/local_setup.bash'
[11.149s] INFO:colcon.colcon_core.shell:Creating prefix chain script '/home/jerry/AutoSweeperSystem/AutoSweeperSystem_ws/install/setup.bash'
[11.159s] INFO:colcon.colcon_core.shell:Creating prefix script '/home/jerry/AutoSweeperSystem/AutoSweeperSystem_ws/install/local_setup.zsh'
[11.163s] INFO:colcon.colcon_core.shell:Creating prefix chain script '/home/jerry/AutoSweeperSystem/AutoSweeperSystem_ws/install/setup.zsh'
