[0.162s] Invoking command in '/home/jerry/AutoSweeperSystem/AutoSweeperSystem_ws/build/micro_ros_msgs': CMAKE_PREFIX_PATH=${CMAKE_PREFIX_PATH}:/home/jerry/AutoSweeperSystem/AutoSweeperSystem_ws/install/camera_publisher:/home/jerry/AutoSweeperSystem/AutoSweeperSystem_ws/install/autosweeper_robot:/opt/ros/humble /usr/bin/cmake --build /home/jerry/AutoSweeperSystem/AutoSweeperSystem_ws/build/micro_ros_msgs -- -j4 -l4
[3.385s] [  2%] Built target micro_ros_msgs__cpp
[3.386s] [ 12%] Built target micro_ros_msgs__rosidl_generator_c
[3.387s] [ 12%] Built target ament_cmake_python_copy_micro_ros_msgs
[3.387s] [ 23%] Built target micro_ros_msgs__rosidl_typesupport_fastrtps_cpp
[3.388s] [ 34%] Built target micro_ros_msgs__rosidl_typesupport_cpp
[3.388s] [ 44%] Built target micro_ros_msgs__rosidl_typesupport_introspection_cpp
[3.389s] [ 55%] Built target micro_ros_msgs__rosidl_typesupport_fastrtps_c
[3.390s] [ 65%] Built target micro_ros_msgs__rosidl_typesupport_c
[3.392s] [ 76%] Built target micro_ros_msgs__rosidl_typesupport_introspection_c
[3.395s] [ 76%] Built target micro_ros_msgs
[3.396s] [ 78%] Built target micro_ros_msgs__py
[3.397s] [ 87%] Built target micro_ros_msgs__rosidl_generator_py
[3.398s] [ 91%] Built target micro_ros_msgs__rosidl_typesupport_fastrtps_c__pyext
[3.398s] [ 95%] Built target micro_ros_msgs__rosidl_typesupport_introspection_c__pyext
[3.400s] [100%] Built target micro_ros_msgs__rosidl_typesupport_c__pyext
[3.401s] running egg_info
[3.402s] writing micro_ros_msgs.egg-info/PKG-INFO
[3.403s] writing dependency_links to micro_ros_msgs.egg-info/dependency_links.txt
[3.403s] writing top-level names to micro_ros_msgs.egg-info/top_level.txt
[3.404s] reading manifest file 'micro_ros_msgs.egg-info/SOURCES.txt'
[3.404s] writing manifest file 'micro_ros_msgs.egg-info/SOURCES.txt'
[3.405s] [100%] Built target ament_cmake_python_build_micro_ros_msgs_egg
[3.422s] Invoked command in '/home/jerry/AutoSweeperSystem/AutoSweeperSystem_ws/build/micro_ros_msgs' returned '0': CMAKE_PREFIX_PATH=${CMAKE_PREFIX_PATH}:/home/jerry/AutoSweeperSystem/AutoSweeperSystem_ws/install/camera_publisher:/home/jerry/AutoSweeperSystem/AutoSweeperSystem_ws/install/autosweeper_robot:/opt/ros/humble /usr/bin/cmake --build /home/jerry/AutoSweeperSystem/AutoSweeperSystem_ws/build/micro_ros_msgs -- -j4 -l4
[3.472s] Invoking command in '/home/jerry/AutoSweeperSystem/AutoSweeperSystem_ws/build/micro_ros_msgs': CMAKE_PREFIX_PATH=${CMAKE_PREFIX_PATH}:/home/jerry/AutoSweeperSystem/AutoSweeperSystem_ws/install/camera_publisher:/home/jerry/AutoSweeperSystem/AutoSweeperSystem_ws/install/autosweeper_robot:/opt/ros/humble /usr/bin/cmake --install /home/jerry/AutoSweeperSystem/AutoSweeperSystem_ws/build/micro_ros_msgs
[3.512s] -- Install configuration: ""
[3.514s] -- Up-to-date: /home/jerry/AutoSweeperSystem/AutoSweeperSystem_ws/install/micro_ros_msgs/share/ament_index/resource_index/rosidl_interfaces/micro_ros_msgs
[3.516s] -- Up-to-date: /home/jerry/AutoSweeperSystem/AutoSweeperSystem_ws/install/micro_ros_msgs/include/micro_ros_msgs/micro_ros_msgs
[3.517s] -- Up-to-date: /home/jerry/AutoSweeperSystem/AutoSweeperSystem_ws/install/micro_ros_msgs/include/micro_ros_msgs/micro_ros_msgs/msg
[3.522s] -- Up-to-date: /home/jerry/AutoSweeperSystem/AutoSweeperSystem_ws/install/micro_ros_msgs/include/micro_ros_msgs/micro_ros_msgs/msg/graph.h
[3.523s] -- Up-to-date: /home/jerry/AutoSweeperSystem/AutoSweeperSystem_ws/install/micro_ros_msgs/include/micro_ros_msgs/micro_ros_msgs/msg/node.h
[3.525s] -- Up-to-date: /home/jerry/AutoSweeperSystem/AutoSweeperSystem_ws/install/micro_ros_msgs/include/micro_ros_msgs/micro_ros_msgs/msg/entity.h
[3.526s] -- Up-to-date: /home/jerry/AutoSweeperSystem/AutoSweeperSystem_ws/install/micro_ros_msgs/include/micro_ros_msgs/micro_ros_msgs/msg/rosidl_generator_c__visibility_control.h
[3.527s] -- Up-to-date: /home/jerry/AutoSweeperSystem/AutoSweeperSystem_ws/install/micro_ros_msgs/include/micro_ros_msgs/micro_ros_msgs/msg/detail
[3.529s] -- Up-to-date: /home/jerry/AutoSweeperSystem/AutoSweeperSystem_ws/install/micro_ros_msgs/include/micro_ros_msgs/micro_ros_msgs/msg/detail/entity__struct.h
[3.530s] -- Up-to-date: /home/jerry/AutoSweeperSystem/AutoSweeperSystem_ws/install/micro_ros_msgs/include/micro_ros_msgs/micro_ros_msgs/msg/detail/graph__functions.c
[3.533s] -- Up-to-date: /home/jerry/AutoSweeperSystem/AutoSweeperSystem_ws/install/micro_ros_msgs/include/micro_ros_msgs/micro_ros_msgs/msg/detail/entity__functions.h
[3.535s] -- Up-to-date: /home/jerry/AutoSweeperSystem/AutoSweeperSystem_ws/install/micro_ros_msgs/include/micro_ros_msgs/micro_ros_msgs/msg/detail/node__type_support.h
[3.536s] -- Up-to-date: /home/jerry/AutoSweeperSystem/AutoSweeperSystem_ws/install/micro_ros_msgs/include/micro_ros_msgs/micro_ros_msgs/msg/detail/graph__type_support.h
[3.546s] -- Up-to-date: /home/jerry/AutoSweeperSystem/AutoSweeperSystem_ws/install/micro_ros_msgs/include/micro_ros_msgs/micro_ros_msgs/msg/detail/node__functions.c
[3.550s] -- Up-to-date: /home/jerry/AutoSweeperSystem/AutoSweeperSystem_ws/install/micro_ros_msgs/include/micro_ros_msgs/micro_ros_msgs/msg/detail/graph__functions.h
[3.552s] -- Up-to-date: /home/jerry/AutoSweeperSystem/AutoSweeperSystem_ws/install/micro_ros_msgs/include/micro_ros_msgs/micro_ros_msgs/msg/detail/entity__type_support.h
[3.555s] -- Up-to-date: /home/jerry/AutoSweeperSystem/AutoSweeperSystem_ws/install/micro_ros_msgs/include/micro_ros_msgs/micro_ros_msgs/msg/detail/graph__struct.h
[3.558s] -- Up-to-date: /home/jerry/AutoSweeperSystem/AutoSweeperSystem_ws/install/micro_ros_msgs/include/micro_ros_msgs/micro_ros_msgs/msg/detail/entity__functions.c
[3.561s] -- Up-to-date: /home/jerry/AutoSweeperSystem/AutoSweeperSystem_ws/install/micro_ros_msgs/include/micro_ros_msgs/micro_ros_msgs/msg/detail/node__functions.h
[3.563s] -- Up-to-date: /home/jerry/AutoSweeperSystem/AutoSweeperSystem_ws/install/micro_ros_msgs/include/micro_ros_msgs/micro_ros_msgs/msg/detail/node__struct.h
[3.565s] -- Up-to-date: /home/jerry/AutoSweeperSystem/AutoSweeperSystem_ws/install/micro_ros_msgs/share/micro_ros_msgs/environment/library_path.sh
[3.567s] -- Up-to-date: /home/jerry/AutoSweeperSystem/AutoSweeperSystem_ws/install/micro_ros_msgs/share/micro_ros_msgs/environment/library_path.dsv
[3.570s] -- Up-to-date: /home/jerry/AutoSweeperSystem/AutoSweeperSystem_ws/install/micro_ros_msgs/lib/libmicro_ros_msgs__rosidl_generator_c.so
[3.573s] -- Up-to-date: /home/jerry/AutoSweeperSystem/AutoSweeperSystem_ws/install/micro_ros_msgs/include/micro_ros_msgs/micro_ros_msgs
[3.575s] -- Up-to-date: /home/jerry/AutoSweeperSystem/AutoSweeperSystem_ws/install/micro_ros_msgs/include/micro_ros_msgs/micro_ros_msgs/msg
[3.577s] -- Up-to-date: /home/jerry/AutoSweeperSystem/AutoSweeperSystem_ws/install/micro_ros_msgs/include/micro_ros_msgs/micro_ros_msgs/msg/rosidl_typesupport_fastrtps_c__visibility_control.h
[3.579s] -- Up-to-date: /home/jerry/AutoSweeperSystem/AutoSweeperSystem_ws/install/micro_ros_msgs/include/micro_ros_msgs/micro_ros_msgs/msg/detail
[3.580s] -- Up-to-date: /home/jerry/AutoSweeperSystem/AutoSweeperSystem_ws/install/micro_ros_msgs/include/micro_ros_msgs/micro_ros_msgs/msg/detail/node__rosidl_typesupport_fastrtps_c.h
[3.582s] -- Up-to-date: /home/jerry/AutoSweeperSystem/AutoSweeperSystem_ws/install/micro_ros_msgs/include/micro_ros_msgs/micro_ros_msgs/msg/detail/entity__rosidl_typesupport_fastrtps_c.h
[3.584s] -- Up-to-date: /home/jerry/AutoSweeperSystem/AutoSweeperSystem_ws/install/micro_ros_msgs/include/micro_ros_msgs/micro_ros_msgs/msg/detail/graph__rosidl_typesupport_fastrtps_c.h
[3.591s] -- Up-to-date: /home/jerry/AutoSweeperSystem/AutoSweeperSystem_ws/install/micro_ros_msgs/lib/libmicro_ros_msgs__rosidl_typesupport_fastrtps_c.so
[3.591s] -- Up-to-date: /home/jerry/AutoSweeperSystem/AutoSweeperSystem_ws/install/micro_ros_msgs/include/micro_ros_msgs/micro_ros_msgs
[3.592s] -- Up-to-date: /home/jerry/AutoSweeperSystem/AutoSweeperSystem_ws/install/micro_ros_msgs/include/micro_ros_msgs/micro_ros_msgs/msg
[3.592s] -- Up-to-date: /home/jerry/AutoSweeperSystem/AutoSweeperSystem_ws/install/micro_ros_msgs/include/micro_ros_msgs/micro_ros_msgs/msg/detail
[3.593s] -- Up-to-date: /home/jerry/AutoSweeperSystem/AutoSweeperSystem_ws/install/micro_ros_msgs/include/micro_ros_msgs/micro_ros_msgs/msg/detail/graph__rosidl_typesupport_introspection_c.h
[3.594s] -- Up-to-date: /home/jerry/AutoSweeperSystem/AutoSweeperSystem_ws/install/micro_ros_msgs/include/micro_ros_msgs/micro_ros_msgs/msg/detail/node__type_support.c
[3.594s] -- Up-to-date: /home/jerry/AutoSweeperSystem/AutoSweeperSystem_ws/install/micro_ros_msgs/include/micro_ros_msgs/micro_ros_msgs/msg/detail/node__rosidl_typesupport_introspection_c.h
[3.595s] -- Up-to-date: /home/jerry/AutoSweeperSystem/AutoSweeperSystem_ws/install/micro_ros_msgs/include/micro_ros_msgs/micro_ros_msgs/msg/detail/entity__rosidl_typesupport_introspection_c.h
[3.595s] -- Up-to-date: /home/jerry/AutoSweeperSystem/AutoSweeperSystem_ws/install/micro_ros_msgs/include/micro_ros_msgs/micro_ros_msgs/msg/detail/entity__type_support.c
[3.597s] -- Up-to-date: /home/jerry/AutoSweeperSystem/AutoSweeperSystem_ws/install/micro_ros_msgs/include/micro_ros_msgs/micro_ros_msgs/msg/detail/graph__type_support.c
[3.598s] -- Up-to-date: /home/jerry/AutoSweeperSystem/AutoSweeperSystem_ws/install/micro_ros_msgs/include/micro_ros_msgs/micro_ros_msgs/msg/rosidl_typesupport_introspection_c__visibility_control.h
[3.599s] -- Up-to-date: /home/jerry/AutoSweeperSystem/AutoSweeperSystem_ws/install/micro_ros_msgs/lib/libmicro_ros_msgs__rosidl_typesupport_introspection_c.so
[3.601s] -- Up-to-date: /home/jerry/AutoSweeperSystem/AutoSweeperSystem_ws/install/micro_ros_msgs/lib/libmicro_ros_msgs__rosidl_typesupport_c.so
[3.602s] -- Up-to-date: /home/jerry/AutoSweeperSystem/AutoSweeperSystem_ws/install/micro_ros_msgs/include/micro_ros_msgs/micro_ros_msgs
[3.603s] -- Up-to-date: /home/jerry/AutoSweeperSystem/AutoSweeperSystem_ws/install/micro_ros_msgs/include/micro_ros_msgs/micro_ros_msgs/msg
[3.605s] -- Up-to-date: /home/jerry/AutoSweeperSystem/AutoSweeperSystem_ws/install/micro_ros_msgs/include/micro_ros_msgs/micro_ros_msgs/msg/node.hpp
[3.609s] -- Up-to-date: /home/jerry/AutoSweeperSystem/AutoSweeperSystem_ws/install/micro_ros_msgs/include/micro_ros_msgs/micro_ros_msgs/msg/entity.hpp
[3.610s] -- Up-to-date: /home/jerry/AutoSweeperSystem/AutoSweeperSystem_ws/install/micro_ros_msgs/include/micro_ros_msgs/micro_ros_msgs/msg/graph.hpp
[3.610s] -- Up-to-date: /home/jerry/AutoSweeperSystem/AutoSweeperSystem_ws/install/micro_ros_msgs/include/micro_ros_msgs/micro_ros_msgs/msg/detail
[3.611s] -- Up-to-date: /home/jerry/AutoSweeperSystem/AutoSweeperSystem_ws/install/micro_ros_msgs/include/micro_ros_msgs/micro_ros_msgs/msg/detail/node__traits.hpp
[3.617s] -- Up-to-date: /home/jerry/AutoSweeperSystem/AutoSweeperSystem_ws/install/micro_ros_msgs/include/micro_ros_msgs/micro_ros_msgs/msg/detail/graph__struct.hpp
[3.618s] -- Up-to-date: /home/jerry/AutoSweeperSystem/AutoSweeperSystem_ws/install/micro_ros_msgs/include/micro_ros_msgs/micro_ros_msgs/msg/detail/entity__type_support.hpp
[3.618s] -- Up-to-date: /home/jerry/AutoSweeperSystem/AutoSweeperSystem_ws/install/micro_ros_msgs/include/micro_ros_msgs/micro_ros_msgs/msg/detail/entity__builder.hpp
[3.618s] -- Up-to-date: /home/jerry/AutoSweeperSystem/AutoSweeperSystem_ws/install/micro_ros_msgs/include/micro_ros_msgs/micro_ros_msgs/msg/detail/node__builder.hpp
[3.619s] -- Up-to-date: /home/jerry/AutoSweeperSystem/AutoSweeperSystem_ws/install/micro_ros_msgs/include/micro_ros_msgs/micro_ros_msgs/msg/detail/graph__builder.hpp
[3.619s] -- Up-to-date: /home/jerry/AutoSweeperSystem/AutoSweeperSystem_ws/install/micro_ros_msgs/include/micro_ros_msgs/micro_ros_msgs/msg/detail/node__type_support.hpp
[3.620s] -- Up-to-date: /home/jerry/AutoSweeperSystem/AutoSweeperSystem_ws/install/micro_ros_msgs/include/micro_ros_msgs/micro_ros_msgs/msg/detail/node__struct.hpp
[3.621s] -- Up-to-date: /home/jerry/AutoSweeperSystem/AutoSweeperSystem_ws/install/micro_ros_msgs/include/micro_ros_msgs/micro_ros_msgs/msg/detail/entity__traits.hpp
[3.627s] -- Up-to-date: /home/jerry/AutoSweeperSystem/AutoSweeperSystem_ws/install/micro_ros_msgs/include/micro_ros_msgs/micro_ros_msgs/msg/detail/graph__traits.hpp
[3.628s] -- Up-to-date: /home/jerry/AutoSweeperSystem/AutoSweeperSystem_ws/install/micro_ros_msgs/include/micro_ros_msgs/micro_ros_msgs/msg/detail/graph__type_support.hpp
[3.629s] -- Up-to-date: /home/jerry/AutoSweeperSystem/AutoSweeperSystem_ws/install/micro_ros_msgs/include/micro_ros_msgs/micro_ros_msgs/msg/detail/entity__struct.hpp
[3.629s] -- Up-to-date: /home/jerry/AutoSweeperSystem/AutoSweeperSystem_ws/install/micro_ros_msgs/include/micro_ros_msgs/micro_ros_msgs/msg/rosidl_generator_cpp__visibility_control.hpp
[3.630s] -- Up-to-date: /home/jerry/AutoSweeperSystem/AutoSweeperSystem_ws/install/micro_ros_msgs/include/micro_ros_msgs/micro_ros_msgs
[3.630s] -- Up-to-date: /home/jerry/AutoSweeperSystem/AutoSweeperSystem_ws/install/micro_ros_msgs/include/micro_ros_msgs/micro_ros_msgs/msg
[3.638s] -- Up-to-date: /home/jerry/AutoSweeperSystem/AutoSweeperSystem_ws/install/micro_ros_msgs/include/micro_ros_msgs/micro_ros_msgs/msg/rosidl_typesupport_fastrtps_cpp__visibility_control.h
[3.640s] -- Up-to-date: /home/jerry/AutoSweeperSystem/AutoSweeperSystem_ws/install/micro_ros_msgs/include/micro_ros_msgs/micro_ros_msgs/msg/detail
[3.641s] -- Up-to-date: /home/jerry/AutoSweeperSystem/AutoSweeperSystem_ws/install/micro_ros_msgs/include/micro_ros_msgs/micro_ros_msgs/msg/detail/node__rosidl_typesupport_fastrtps_cpp.hpp
[3.642s] -- Up-to-date: /home/jerry/AutoSweeperSystem/AutoSweeperSystem_ws/install/micro_ros_msgs/include/micro_ros_msgs/micro_ros_msgs/msg/detail/dds_fastrtps
[3.643s] -- Up-to-date: /home/jerry/AutoSweeperSystem/AutoSweeperSystem_ws/install/micro_ros_msgs/include/micro_ros_msgs/micro_ros_msgs/msg/detail/entity__rosidl_typesupport_fastrtps_cpp.hpp
[3.643s] -- Up-to-date: /home/jerry/AutoSweeperSystem/AutoSweeperSystem_ws/install/micro_ros_msgs/include/micro_ros_msgs/micro_ros_msgs/msg/detail/graph__rosidl_typesupport_fastrtps_cpp.hpp
[3.644s] -- Up-to-date: /home/jerry/AutoSweeperSystem/AutoSweeperSystem_ws/install/micro_ros_msgs/lib/libmicro_ros_msgs__rosidl_typesupport_fastrtps_cpp.so
[3.645s] -- Up-to-date: /home/jerry/AutoSweeperSystem/AutoSweeperSystem_ws/install/micro_ros_msgs/include/micro_ros_msgs/micro_ros_msgs
[3.645s] -- Up-to-date: /home/jerry/AutoSweeperSystem/AutoSweeperSystem_ws/install/micro_ros_msgs/include/micro_ros_msgs/micro_ros_msgs/msg
[3.646s] -- Up-to-date: /home/jerry/AutoSweeperSystem/AutoSweeperSystem_ws/install/micro_ros_msgs/include/micro_ros_msgs/micro_ros_msgs/msg/detail
[3.647s] -- Up-to-date: /home/jerry/AutoSweeperSystem/AutoSweeperSystem_ws/install/micro_ros_msgs/include/micro_ros_msgs/micro_ros_msgs/msg/detail/node__rosidl_typesupport_introspection_cpp.hpp
[3.649s] -- Up-to-date: /home/jerry/AutoSweeperSystem/AutoSweeperSystem_ws/install/micro_ros_msgs/include/micro_ros_msgs/micro_ros_msgs/msg/detail/graph__type_support.cpp
[3.655s] -- Up-to-date: /home/jerry/AutoSweeperSystem/AutoSweeperSystem_ws/install/micro_ros_msgs/include/micro_ros_msgs/micro_ros_msgs/msg/detail/entity__rosidl_typesupport_introspection_cpp.hpp
[3.655s] -- Up-to-date: /home/jerry/AutoSweeperSystem/AutoSweeperSystem_ws/install/micro_ros_msgs/include/micro_ros_msgs/micro_ros_msgs/msg/detail/entity__type_support.cpp
[3.656s] -- Up-to-date: /home/jerry/AutoSweeperSystem/AutoSweeperSystem_ws/install/micro_ros_msgs/include/micro_ros_msgs/micro_ros_msgs/msg/detail/node__type_support.cpp
[3.657s] -- Up-to-date: /home/jerry/AutoSweeperSystem/AutoSweeperSystem_ws/install/micro_ros_msgs/include/micro_ros_msgs/micro_ros_msgs/msg/detail/graph__rosidl_typesupport_introspection_cpp.hpp
[3.658s] -- Up-to-date: /home/jerry/AutoSweeperSystem/AutoSweeperSystem_ws/install/micro_ros_msgs/lib/libmicro_ros_msgs__rosidl_typesupport_introspection_cpp.so
[3.658s] -- Up-to-date: /home/jerry/AutoSweeperSystem/AutoSweeperSystem_ws/install/micro_ros_msgs/lib/libmicro_ros_msgs__rosidl_typesupport_cpp.so
[3.659s] -- Up-to-date: /home/jerry/AutoSweeperSystem/AutoSweeperSystem_ws/install/micro_ros_msgs/share/micro_ros_msgs/environment/pythonpath.sh
[3.660s] -- Up-to-date: /home/jerry/AutoSweeperSystem/AutoSweeperSystem_ws/install/micro_ros_msgs/share/micro_ros_msgs/environment/pythonpath.dsv
[3.660s] -- Up-to-date: /home/jerry/AutoSweeperSystem/AutoSweeperSystem_ws/install/micro_ros_msgs/local/lib/python3.10/dist-packages/micro_ros_msgs-3.0.1-py3.10.egg-info
[3.661s] -- Installing: /home/jerry/AutoSweeperSystem/AutoSweeperSystem_ws/install/micro_ros_msgs/local/lib/python3.10/dist-packages/micro_ros_msgs-3.0.1-py3.10.egg-info/PKG-INFO
[3.661s] -- Installing: /home/jerry/AutoSweeperSystem/AutoSweeperSystem_ws/install/micro_ros_msgs/local/lib/python3.10/dist-packages/micro_ros_msgs-3.0.1-py3.10.egg-info/top_level.txt
[3.662s] -- Installing: /home/jerry/AutoSweeperSystem/AutoSweeperSystem_ws/install/micro_ros_msgs/local/lib/python3.10/dist-packages/micro_ros_msgs-3.0.1-py3.10.egg-info/SOURCES.txt
[3.662s] -- Installing: /home/jerry/AutoSweeperSystem/AutoSweeperSystem_ws/install/micro_ros_msgs/local/lib/python3.10/dist-packages/micro_ros_msgs-3.0.1-py3.10.egg-info/dependency_links.txt
[3.662s] -- Up-to-date: /home/jerry/AutoSweeperSystem/AutoSweeperSystem_ws/install/micro_ros_msgs/local/lib/python3.10/dist-packages/micro_ros_msgs
[3.663s] -- Up-to-date: /home/jerry/AutoSweeperSystem/AutoSweeperSystem_ws/install/micro_ros_msgs/local/lib/python3.10/dist-packages/micro_ros_msgs/micro_ros_msgs_s__rosidl_typesupport_fastrtps_c.cpython-310-aarch64-linux-gnu.so
[3.663s] -- Up-to-date: /home/jerry/AutoSweeperSystem/AutoSweeperSystem_ws/install/micro_ros_msgs/local/lib/python3.10/dist-packages/micro_ros_msgs/_micro_ros_msgs_s.ep.rosidl_typesupport_introspection_c.c
[3.664s] -- Up-to-date: /home/jerry/AutoSweeperSystem/AutoSweeperSystem_ws/install/micro_ros_msgs/local/lib/python3.10/dist-packages/micro_ros_msgs/__init__.py
[3.665s] -- Up-to-date: /home/jerry/AutoSweeperSystem/AutoSweeperSystem_ws/install/micro_ros_msgs/local/lib/python3.10/dist-packages/micro_ros_msgs/micro_ros_msgs_s__rosidl_typesupport_c.cpython-310-aarch64-linux-gnu.so
[3.665s] -- Up-to-date: /home/jerry/AutoSweeperSystem/AutoSweeperSystem_ws/install/micro_ros_msgs/local/lib/python3.10/dist-packages/micro_ros_msgs/micro_ros_msgs_s__rosidl_typesupport_introspection_c.cpython-310-aarch64-linux-gnu.so
[3.666s] -- Up-to-date: /home/jerry/AutoSweeperSystem/AutoSweeperSystem_ws/install/micro_ros_msgs/local/lib/python3.10/dist-packages/micro_ros_msgs/_micro_ros_msgs_s.ep.rosidl_typesupport_fastrtps_c.c
[3.666s] -- Up-to-date: /home/jerry/AutoSweeperSystem/AutoSweeperSystem_ws/install/micro_ros_msgs/local/lib/python3.10/dist-packages/micro_ros_msgs/_micro_ros_msgs_s.ep.rosidl_typesupport_c.c
[3.667s] -- Up-to-date: /home/jerry/AutoSweeperSystem/AutoSweeperSystem_ws/install/micro_ros_msgs/local/lib/python3.10/dist-packages/micro_ros_msgs/msg
[3.668s] -- Up-to-date: /home/jerry/AutoSweeperSystem/AutoSweeperSystem_ws/install/micro_ros_msgs/local/lib/python3.10/dist-packages/micro_ros_msgs/msg/_node_s.c
[3.669s] -- Up-to-date: /home/jerry/AutoSweeperSystem/AutoSweeperSystem_ws/install/micro_ros_msgs/local/lib/python3.10/dist-packages/micro_ros_msgs/msg/__init__.py
[3.669s] -- Up-to-date: /home/jerry/AutoSweeperSystem/AutoSweeperSystem_ws/install/micro_ros_msgs/local/lib/python3.10/dist-packages/micro_ros_msgs/msg/_graph_s.c
[3.670s] -- Up-to-date: /home/jerry/AutoSweeperSystem/AutoSweeperSystem_ws/install/micro_ros_msgs/local/lib/python3.10/dist-packages/micro_ros_msgs/msg/_entity.py
[3.670s] -- Up-to-date: /home/jerry/AutoSweeperSystem/AutoSweeperSystem_ws/install/micro_ros_msgs/local/lib/python3.10/dist-packages/micro_ros_msgs/msg/_graph.py
[3.671s] -- Up-to-date: /home/jerry/AutoSweeperSystem/AutoSweeperSystem_ws/install/micro_ros_msgs/local/lib/python3.10/dist-packages/micro_ros_msgs/msg/_entity_s.c
[3.671s] -- Up-to-date: /home/jerry/AutoSweeperSystem/AutoSweeperSystem_ws/install/micro_ros_msgs/local/lib/python3.10/dist-packages/micro_ros_msgs/msg/_node.py
[3.672s] -- Up-to-date: /home/jerry/AutoSweeperSystem/AutoSweeperSystem_ws/install/micro_ros_msgs/local/lib/python3.10/dist-packages/micro_ros_msgs/libmicro_ros_msgs__rosidl_generator_py.so
[3.916s] Listing '/home/jerry/AutoSweeperSystem/AutoSweeperSystem_ws/install/micro_ros_msgs/local/lib/python3.10/dist-packages/micro_ros_msgs'...
[3.916s] Listing '/home/jerry/AutoSweeperSystem/AutoSweeperSystem_ws/install/micro_ros_msgs/local/lib/python3.10/dist-packages/micro_ros_msgs/msg'...
[3.961s] -- Up-to-date: /home/jerry/AutoSweeperSystem/AutoSweeperSystem_ws/install/micro_ros_msgs/local/lib/python3.10/dist-packages/micro_ros_msgs/micro_ros_msgs_s__rosidl_typesupport_fastrtps_c.cpython-310-aarch64-linux-gnu.so
[3.963s] -- Up-to-date: /home/jerry/AutoSweeperSystem/AutoSweeperSystem_ws/install/micro_ros_msgs/local/lib/python3.10/dist-packages/micro_ros_msgs/micro_ros_msgs_s__rosidl_typesupport_introspection_c.cpython-310-aarch64-linux-gnu.so
[3.969s] -- Up-to-date: /home/jerry/AutoSweeperSystem/AutoSweeperSystem_ws/install/micro_ros_msgs/local/lib/python3.10/dist-packages/micro_ros_msgs/micro_ros_msgs_s__rosidl_typesupport_c.cpython-310-aarch64-linux-gnu.so
[3.975s] -- Up-to-date: /home/jerry/AutoSweeperSystem/AutoSweeperSystem_ws/install/micro_ros_msgs/lib/libmicro_ros_msgs__rosidl_generator_py.so
[3.980s] -- Up-to-date: /home/jerry/AutoSweeperSystem/AutoSweeperSystem_ws/install/micro_ros_msgs/share/micro_ros_msgs/msg/Graph.idl
[3.983s] -- Up-to-date: /home/jerry/AutoSweeperSystem/AutoSweeperSystem_ws/install/micro_ros_msgs/share/micro_ros_msgs/msg/Node.idl
[4.034s] -- Up-to-date: /home/jerry/AutoSweeperSystem/AutoSweeperSystem_ws/install/micro_ros_msgs/share/micro_ros_msgs/msg/Entity.idl
[4.037s] -- Up-to-date: /home/jerry/AutoSweeperSystem/AutoSweeperSystem_ws/install/micro_ros_msgs/share/micro_ros_msgs/msg/Graph.msg
[4.045s] -- Up-to-date: /home/jerry/AutoSweeperSystem/AutoSweeperSystem_ws/install/micro_ros_msgs/share/micro_ros_msgs/msg/Node.msg
[4.046s] -- Up-to-date: /home/jerry/AutoSweeperSystem/AutoSweeperSystem_ws/install/micro_ros_msgs/share/micro_ros_msgs/msg/Entity.msg
[4.048s] -- Up-to-date: /home/jerry/AutoSweeperSystem/AutoSweeperSystem_ws/install/micro_ros_msgs/share/ament_index/resource_index/package_run_dependencies/micro_ros_msgs
[4.067s] -- Up-to-date: /home/jerry/AutoSweeperSystem/AutoSweeperSystem_ws/install/micro_ros_msgs/share/ament_index/resource_index/parent_prefix_path/micro_ros_msgs
[4.068s] -- Up-to-date: /home/jerry/AutoSweeperSystem/AutoSweeperSystem_ws/install/micro_ros_msgs/share/micro_ros_msgs/environment/ament_prefix_path.sh
[4.068s] -- Up-to-date: /home/jerry/AutoSweeperSystem/AutoSweeperSystem_ws/install/micro_ros_msgs/share/micro_ros_msgs/environment/ament_prefix_path.dsv
[4.069s] -- Up-to-date: /home/jerry/AutoSweeperSystem/AutoSweeperSystem_ws/install/micro_ros_msgs/share/micro_ros_msgs/environment/path.sh
[4.070s] -- Up-to-date: /home/jerry/AutoSweeperSystem/AutoSweeperSystem_ws/install/micro_ros_msgs/share/micro_ros_msgs/environment/path.dsv
[4.071s] -- Up-to-date: /home/jerry/AutoSweeperSystem/AutoSweeperSystem_ws/install/micro_ros_msgs/share/micro_ros_msgs/local_setup.bash
[4.072s] -- Up-to-date: /home/jerry/AutoSweeperSystem/AutoSweeperSystem_ws/install/micro_ros_msgs/share/micro_ros_msgs/local_setup.sh
[4.073s] -- Up-to-date: /home/jerry/AutoSweeperSystem/AutoSweeperSystem_ws/install/micro_ros_msgs/share/micro_ros_msgs/local_setup.zsh
[4.073s] -- Up-to-date: /home/jerry/AutoSweeperSystem/AutoSweeperSystem_ws/install/micro_ros_msgs/share/micro_ros_msgs/local_setup.dsv
[4.074s] -- Installing: /home/jerry/AutoSweeperSystem/AutoSweeperSystem_ws/install/micro_ros_msgs/share/micro_ros_msgs/package.dsv
[4.077s] -- Up-to-date: /home/jerry/AutoSweeperSystem/AutoSweeperSystem_ws/install/micro_ros_msgs/share/ament_index/resource_index/packages/micro_ros_msgs
[4.080s] -- Up-to-date: /home/jerry/AutoSweeperSystem/AutoSweeperSystem_ws/install/micro_ros_msgs/share/micro_ros_msgs/cmake/export_micro_ros_msgs__rosidl_generator_cExport.cmake
[4.082s] -- Up-to-date: /home/jerry/AutoSweeperSystem/AutoSweeperSystem_ws/install/micro_ros_msgs/share/micro_ros_msgs/cmake/export_micro_ros_msgs__rosidl_generator_cExport-noconfig.cmake
[4.083s] -- Up-to-date: /home/jerry/AutoSweeperSystem/AutoSweeperSystem_ws/install/micro_ros_msgs/share/micro_ros_msgs/cmake/export_micro_ros_msgs__rosidl_typesupport_fastrtps_cExport.cmake
[4.084s] -- Up-to-date: /home/jerry/AutoSweeperSystem/AutoSweeperSystem_ws/install/micro_ros_msgs/share/micro_ros_msgs/cmake/export_micro_ros_msgs__rosidl_typesupport_fastrtps_cExport-noconfig.cmake
[4.089s] -- Up-to-date: /home/jerry/AutoSweeperSystem/AutoSweeperSystem_ws/install/micro_ros_msgs/share/micro_ros_msgs/cmake/micro_ros_msgs__rosidl_typesupport_introspection_cExport.cmake
[4.091s] -- Up-to-date: /home/jerry/AutoSweeperSystem/AutoSweeperSystem_ws/install/micro_ros_msgs/share/micro_ros_msgs/cmake/micro_ros_msgs__rosidl_typesupport_introspection_cExport-noconfig.cmake
[4.092s] -- Up-to-date: /home/jerry/AutoSweeperSystem/AutoSweeperSystem_ws/install/micro_ros_msgs/share/micro_ros_msgs/cmake/micro_ros_msgs__rosidl_typesupport_cExport.cmake
[4.092s] -- Up-to-date: /home/jerry/AutoSweeperSystem/AutoSweeperSystem_ws/install/micro_ros_msgs/share/micro_ros_msgs/cmake/micro_ros_msgs__rosidl_typesupport_cExport-noconfig.cmake
[4.093s] -- Up-to-date: /home/jerry/AutoSweeperSystem/AutoSweeperSystem_ws/install/micro_ros_msgs/share/micro_ros_msgs/cmake/export_micro_ros_msgs__rosidl_generator_cppExport.cmake
[4.097s] -- Up-to-date: /home/jerry/AutoSweeperSystem/AutoSweeperSystem_ws/install/micro_ros_msgs/share/micro_ros_msgs/cmake/export_micro_ros_msgs__rosidl_typesupport_fastrtps_cppExport.cmake
[4.100s] -- Up-to-date: /home/jerry/AutoSweeperSystem/AutoSweeperSystem_ws/install/micro_ros_msgs/share/micro_ros_msgs/cmake/export_micro_ros_msgs__rosidl_typesupport_fastrtps_cppExport-noconfig.cmake
[4.101s] -- Up-to-date: /home/jerry/AutoSweeperSystem/AutoSweeperSystem_ws/install/micro_ros_msgs/share/micro_ros_msgs/cmake/micro_ros_msgs__rosidl_typesupport_introspection_cppExport.cmake
[4.102s] -- Up-to-date: /home/jerry/AutoSweeperSystem/AutoSweeperSystem_ws/install/micro_ros_msgs/share/micro_ros_msgs/cmake/micro_ros_msgs__rosidl_typesupport_introspection_cppExport-noconfig.cmake
[4.103s] -- Up-to-date: /home/jerry/AutoSweeperSystem/AutoSweeperSystem_ws/install/micro_ros_msgs/share/micro_ros_msgs/cmake/micro_ros_msgs__rosidl_typesupport_cppExport.cmake
[4.103s] -- Up-to-date: /home/jerry/AutoSweeperSystem/AutoSweeperSystem_ws/install/micro_ros_msgs/share/micro_ros_msgs/cmake/micro_ros_msgs__rosidl_typesupport_cppExport-noconfig.cmake
[4.103s] -- Up-to-date: /home/jerry/AutoSweeperSystem/AutoSweeperSystem_ws/install/micro_ros_msgs/share/micro_ros_msgs/cmake/export_micro_ros_msgs__rosidl_generator_pyExport.cmake
[4.104s] -- Up-to-date: /home/jerry/AutoSweeperSystem/AutoSweeperSystem_ws/install/micro_ros_msgs/share/micro_ros_msgs/cmake/export_micro_ros_msgs__rosidl_generator_pyExport-noconfig.cmake
[4.105s] -- Up-to-date: /home/jerry/AutoSweeperSystem/AutoSweeperSystem_ws/install/micro_ros_msgs/share/micro_ros_msgs/cmake/rosidl_cmake-extras.cmake
[4.116s] -- Up-to-date: /home/jerry/AutoSweeperSystem/AutoSweeperSystem_ws/install/micro_ros_msgs/share/micro_ros_msgs/cmake/ament_cmake_export_include_directories-extras.cmake
[4.118s] -- Up-to-date: /home/jerry/AutoSweeperSystem/AutoSweeperSystem_ws/install/micro_ros_msgs/share/micro_ros_msgs/cmake/ament_cmake_export_libraries-extras.cmake
[4.119s] -- Up-to-date: /home/jerry/AutoSweeperSystem/AutoSweeperSystem_ws/install/micro_ros_msgs/share/micro_ros_msgs/cmake/ament_cmake_export_targets-extras.cmake
[4.119s] -- Up-to-date: /home/jerry/AutoSweeperSystem/AutoSweeperSystem_ws/install/micro_ros_msgs/share/micro_ros_msgs/cmake/rosidl_cmake_export_typesupport_targets-extras.cmake
[4.120s] -- Up-to-date: /home/jerry/AutoSweeperSystem/AutoSweeperSystem_ws/install/micro_ros_msgs/share/micro_ros_msgs/cmake/ament_cmake_export_dependencies-extras.cmake
[4.120s] -- Up-to-date: /home/jerry/AutoSweeperSystem/AutoSweeperSystem_ws/install/micro_ros_msgs/share/micro_ros_msgs/cmake/rosidl_cmake_export_typesupport_libraries-extras.cmake
[4.121s] -- Up-to-date: /home/jerry/AutoSweeperSystem/AutoSweeperSystem_ws/install/micro_ros_msgs/share/micro_ros_msgs/cmake/micro_ros_msgsConfig.cmake
[4.121s] -- Up-to-date: /home/jerry/AutoSweeperSystem/AutoSweeperSystem_ws/install/micro_ros_msgs/share/micro_ros_msgs/cmake/micro_ros_msgsConfig-version.cmake
[4.122s] -- Up-to-date: /home/jerry/AutoSweeperSystem/AutoSweeperSystem_ws/install/micro_ros_msgs/share/micro_ros_msgs/package.xml
[4.226s] Invoked command in '/home/jerry/AutoSweeperSystem/AutoSweeperSystem_ws/build/micro_ros_msgs' returned '0': CMAKE_PREFIX_PATH=${CMAKE_PREFIX_PATH}:/home/jerry/AutoSweeperSystem/AutoSweeperSystem_ws/install/camera_publisher:/home/jerry/AutoSweeperSystem/AutoSweeperSystem_ws/install/autosweeper_robot:/opt/ros/humble /usr/bin/cmake --install /home/jerry/AutoSweeperSystem/AutoSweeperSystem_ws/build/micro_ros_msgs
