[1.540s] Invoking command in '/home/jerry/AutoSweeperSystem/AutoSweeperSystem_ws/build/fishbot_bringup': CMAKE_PREFIX_PATH=/opt/ros/humble /usr/bin/cmake /home/jerry/AutoSweeperSystem/AutoSweeperSystem_ws/src/fishbot_bringup -DCMAKE_INSTALL_PREFIX=/home/jerry/AutoSweeperSystem/AutoSweeperSystem_ws/install/fishbot_bringup
[1.906s] -- The C compiler identification is GNU 11.4.0
[2.285s] -- The CXX compiler identification is GNU 11.4.0
[2.340s] -- Detecting C compiler ABI info
[3.087s] -- Detecting C compiler ABI info - done
[3.134s] -- Check for working C compiler: /usr/bin/cc - skipped
[3.135s] -- Detecting C compile features
[3.137s] -- Detecting C compile features - done
[3.180s] -- Detecting CXX compiler ABI info
[3.884s] -- Detecting CXX compiler ABI info - done
[3.930s] -- Check for working CXX compiler: /usr/bin/c++ - skipped
[3.931s] -- Detecting CXX compile features
[3.933s] -- Detecting CXX compile features - done
[3.976s] -- Found ament_cmake: 1.3.13 (/opt/ros/humble/share/ament_cmake/cmake)
[5.485s] -- Found Python3: /usr/bin/python3 (found version "3.10.12") found components: Interpreter 
[8.032s] -- Found ament_lint_auto: 0.12.15 (/opt/ros/humble/share/ament_lint_auto/cmake)
[8.670s] -- Found rclcpp: 16.0.18 (/opt/ros/humble/share/rclcpp/cmake)
[9.257s] -- Found rosidl_generator_c: 3.1.8 (/opt/ros/humble/share/rosidl_generator_c/cmake)
[9.318s] -- Found rosidl_adapter: 3.1.8 (/opt/ros/humble/share/rosidl_adapter/cmake)
[9.441s] -- Found rosidl_generator_cpp: 3.1.8 (/opt/ros/humble/share/rosidl_generator_cpp/cmake)
[9.552s] -- Using all available rosidl_typesupport_c: rosidl_typesupport_fastrtps_c;rosidl_typesupport_introspection_c
[9.772s] -- Using all available rosidl_typesupport_cpp: rosidl_typesupport_fastrtps_cpp;rosidl_typesupport_introspection_cpp
[10.408s] -- Found rmw_implementation_cmake: 6.1.2 (/opt/ros/humble/share/rmw_implementation_cmake/cmake)
[10.503s] -- Found rmw_fastrtps_cpp: 6.2.10 (/opt/ros/humble/share/rmw_fastrtps_cpp/cmake)
[11.649s] -- Found OpenSSL: /usr/lib/aarch64-linux-gnu/libcrypto.so (found version "3.0.2")  
[11.976s] -- Found FastRTPS: /opt/ros/humble/include  
[12.489s] -- Using RMW implementation 'rmw_fastrtps_cpp' as default
[12.631s] -- Looking for pthread.h
[13.319s] -- Looking for pthread.h - found
[13.323s] -- Performing Test CMAKE_HAVE_LIBC_PTHREAD
[14.025s] -- Performing Test CMAKE_HAVE_LIBC_PTHREAD - Success
[14.038s] -- Found Threads: TRUE  
[15.178s] -- Found tf2: 0.25.19 (/opt/ros/humble/share/tf2/cmake)
[15.609s] -- Found tf2_ros: 0.25.19 (/opt/ros/humble/share/tf2_ros/cmake)
[19.236s] -- Found nav_msgs: 4.9.1 (/opt/ros/humble/share/nav_msgs/cmake)
[21.092s] -- Added test 'cppcheck' to perform static code analysis on C / C++ code
[21.094s] -- Configured cppcheck include dirs: 
[21.095s] -- Configured cppcheck exclude dirs and/or files: 
[21.101s] -- Added test 'flake8' to check Python code syntax and style conventions
[21.127s] -- Added test 'lint_cmake' to check CMake code style
[21.131s] -- Added test 'pep257' to check Python code against some of the docstring style conventions in PEP 257
[21.150s] -- Added test 'uncrustify' to check C / C++ code style
[21.151s] -- Configured uncrustify additional arguments: 
[21.165s] -- Added test 'xmllint' to check XML markup files
[21.197s] -- Configuring done
[21.341s] -- Generating done
[21.395s] -- Build files have been written to: /home/jerry/AutoSweeperSystem/AutoSweeperSystem_ws/build/fishbot_bringup
[21.461s] Invoked command in '/home/jerry/AutoSweeperSystem/AutoSweeperSystem_ws/build/fishbot_bringup' returned '0': CMAKE_PREFIX_PATH=/opt/ros/humble /usr/bin/cmake /home/jerry/AutoSweeperSystem/AutoSweeperSystem_ws/src/fishbot_bringup -DCMAKE_INSTALL_PREFIX=/home/jerry/AutoSweeperSystem/AutoSweeperSystem_ws/install/fishbot_bringup
[21.463s] Invoking command in '/home/jerry/AutoSweeperSystem/AutoSweeperSystem_ws/build/fishbot_bringup': CMAKE_PREFIX_PATH=/opt/ros/humble /usr/bin/cmake --build /home/jerry/AutoSweeperSystem/AutoSweeperSystem_ws/build/fishbot_bringup -- -j4 -l4
[21.870s] [ 50%] [32mBuilding CXX object CMakeFiles/odom2tf.dir/src/odom2tf.cpp.o[0m
[83.116s] [100%] [32m[1mLinking CXX executable odom2tf[0m
[86.253s] [100%] Built target odom2tf
[86.312s] Invoked command in '/home/jerry/AutoSweeperSystem/AutoSweeperSystem_ws/build/fishbot_bringup' returned '0': CMAKE_PREFIX_PATH=/opt/ros/humble /usr/bin/cmake --build /home/jerry/AutoSweeperSystem/AutoSweeperSystem_ws/build/fishbot_bringup -- -j4 -l4
[86.314s] Invoking command in '/home/jerry/AutoSweeperSystem/AutoSweeperSystem_ws/build/fishbot_bringup': CMAKE_PREFIX_PATH=/opt/ros/humble /usr/bin/cmake --install /home/jerry/AutoSweeperSystem/AutoSweeperSystem_ws/build/fishbot_bringup
[86.350s] -- Install configuration: ""
[86.351s] -- Installing: /home/jerry/AutoSweeperSystem/AutoSweeperSystem_ws/install/fishbot_bringup/lib/fishbot_bringup/odom2tf
[86.384s] -- Set runtime path of "/home/jerry/AutoSweeperSystem/AutoSweeperSystem_ws/install/fishbot_bringup/lib/fishbot_bringup/odom2tf" to ""
[86.385s] -- Installing: /home/jerry/AutoSweeperSystem/AutoSweeperSystem_ws/install/fishbot_bringup/share/fishbot_bringup/launch
[86.387s] -- Installing: /home/jerry/AutoSweeperSystem/AutoSweeperSystem_ws/install/fishbot_bringup/share/fishbot_bringup/launch/bringup_quick.launch.py
[86.392s] -- Installing: /home/jerry/AutoSweeperSystem/AutoSweeperSystem_ws/install/fishbot_bringup/share/fishbot_bringup/launch/bringup.launch.py
[86.395s] -- Installing: /home/jerry/AutoSweeperSystem/AutoSweeperSystem_ws/install/fishbot_bringup/share/fishbot_bringup/launch/urdf2tf.launch.py
[86.399s] -- Installing: /home/jerry/AutoSweeperSystem/AutoSweeperSystem_ws/install/fishbot_bringup/share/ament_index/resource_index/package_run_dependencies/fishbot_bringup
[86.400s] -- Installing: /home/jerry/AutoSweeperSystem/AutoSweeperSystem_ws/install/fishbot_bringup/share/ament_index/resource_index/parent_prefix_path/fishbot_bringup
[86.402s] -- Installing: /home/jerry/AutoSweeperSystem/AutoSweeperSystem_ws/install/fishbot_bringup/share/fishbot_bringup/environment/ament_prefix_path.sh
[86.405s] -- Installing: /home/jerry/AutoSweeperSystem/AutoSweeperSystem_ws/install/fishbot_bringup/share/fishbot_bringup/environment/ament_prefix_path.dsv
[86.407s] -- Installing: /home/jerry/AutoSweeperSystem/AutoSweeperSystem_ws/install/fishbot_bringup/share/fishbot_bringup/environment/path.sh
[86.408s] -- Installing: /home/jerry/AutoSweeperSystem/AutoSweeperSystem_ws/install/fishbot_bringup/share/fishbot_bringup/environment/path.dsv
[86.409s] -- Installing: /home/jerry/AutoSweeperSystem/AutoSweeperSystem_ws/install/fishbot_bringup/share/fishbot_bringup/local_setup.bash
[86.411s] -- Installing: /home/jerry/AutoSweeperSystem/AutoSweeperSystem_ws/install/fishbot_bringup/share/fishbot_bringup/local_setup.sh
[86.413s] -- Installing: /home/jerry/AutoSweeperSystem/AutoSweeperSystem_ws/install/fishbot_bringup/share/fishbot_bringup/local_setup.zsh
[86.414s] -- Installing: /home/jerry/AutoSweeperSystem/AutoSweeperSystem_ws/install/fishbot_bringup/share/fishbot_bringup/local_setup.dsv
[86.416s] -- Installing: /home/jerry/AutoSweeperSystem/AutoSweeperSystem_ws/install/fishbot_bringup/share/fishbot_bringup/package.dsv
[86.418s] -- Installing: /home/jerry/AutoSweeperSystem/AutoSweeperSystem_ws/install/fishbot_bringup/share/ament_index/resource_index/packages/fishbot_bringup
[86.420s] -- Installing: /home/jerry/AutoSweeperSystem/AutoSweeperSystem_ws/install/fishbot_bringup/share/fishbot_bringup/cmake/fishbot_bringupConfig.cmake
[86.422s] -- Installing: /home/jerry/AutoSweeperSystem/AutoSweeperSystem_ws/install/fishbot_bringup/share/fishbot_bringup/cmake/fishbot_bringupConfig-version.cmake
[86.423s] -- Installing: /home/jerry/AutoSweeperSystem/AutoSweeperSystem_ws/install/fishbot_bringup/share/fishbot_bringup/package.xml
[86.439s] Invoked command in '/home/jerry/AutoSweeperSystem/AutoSweeperSystem_ws/build/fishbot_bringup' returned '0': CMAKE_PREFIX_PATH=/opt/ros/humble /usr/bin/cmake --install /home/jerry/AutoSweeperSystem/AutoSweeperSystem_ws/build/fishbot_bringup
