[0.093s] Invoking command in '/home/jerry/AutoSweeperSystem/AutoSweeperSystem_ws/build/fishbot_navigation2': CMAKE_PREFIX_PATH=/opt/ros/humble /usr/bin/cmake /home/jerry/AutoSweeperSystem/AutoSweeperSystem_ws/src/fishbot_navigation2 -DCMAKE_INSTALL_PREFIX=/home/jerry/AutoSweeperSystem/AutoSweeperSystem_ws/install/fishbot_navigation2
[0.667s] -- The C compiler identification is GNU 11.4.0
[1.498s] -- The CXX compiler identification is GNU 11.4.0
[1.536s] -- Detecting C compiler ABI info
[2.372s] -- Detecting C compiler ABI info - done
[2.410s] -- Check for working C compiler: /usr/bin/cc - skipped
[2.411s] -- Detecting C compile features
[2.412s] -- Detecting C compile features - done
[2.427s] -- Detecting CXX compiler ABI info
[3.282s] -- Detecting CXX compiler ABI info - done
[3.380s] -- Check for working CXX compiler: /usr/bin/c++ - skipped
[3.381s] -- Detecting CXX compile features
[3.382s] -- Detecting CXX compile features - done
[3.431s] -- Found ament_cmake: 1.3.13 (/opt/ros/humble/share/ament_cmake/cmake)
[4.523s] -- Found Python3: /usr/bin/python3 (found version "3.10.12") found components: Interpreter 
[5.313s] -- Found ament_lint_auto: 0.12.15 (/opt/ros/humble/share/ament_lint_auto/cmake)
[5.959s] -- Added test 'flake8' to check Python code syntax and style conventions
[5.963s] -- Added test 'lint_cmake' to check CMake code style
[5.966s] -- Added test 'pep257' to check Python code against some of the docstring style conventions in PEP 257
[5.977s] -- Added test 'xmllint' to check XML markup files
[5.986s] -- Configuring done
[6.012s] -- Generating done
[6.025s] -- Build files have been written to: /home/jerry/AutoSweeperSystem/AutoSweeperSystem_ws/build/fishbot_navigation2
[6.048s] Invoked command in '/home/jerry/AutoSweeperSystem/AutoSweeperSystem_ws/build/fishbot_navigation2' returned '0': CMAKE_PREFIX_PATH=/opt/ros/humble /usr/bin/cmake /home/jerry/AutoSweeperSystem/AutoSweeperSystem_ws/src/fishbot_navigation2 -DCMAKE_INSTALL_PREFIX=/home/jerry/AutoSweeperSystem/AutoSweeperSystem_ws/install/fishbot_navigation2
[6.050s] Invoking command in '/home/jerry/AutoSweeperSystem/AutoSweeperSystem_ws/build/fishbot_navigation2': CMAKE_PREFIX_PATH=/opt/ros/humble /usr/bin/cmake --build /home/jerry/AutoSweeperSystem/AutoSweeperSystem_ws/build/fishbot_navigation2 -- -j4 -l4
[6.324s] Invoked command in '/home/jerry/AutoSweeperSystem/AutoSweeperSystem_ws/build/fishbot_navigation2' returned '0': CMAKE_PREFIX_PATH=/opt/ros/humble /usr/bin/cmake --build /home/jerry/AutoSweeperSystem/AutoSweeperSystem_ws/build/fishbot_navigation2 -- -j4 -l4
[6.332s] Invoking command in '/home/jerry/AutoSweeperSystem/AutoSweeperSystem_ws/build/fishbot_navigation2': CMAKE_PREFIX_PATH=/opt/ros/humble /usr/bin/cmake --install /home/jerry/AutoSweeperSystem/AutoSweeperSystem_ws/build/fishbot_navigation2
[6.375s] -- Install configuration: ""
[6.376s] -- Installing: /home/jerry/AutoSweeperSystem/AutoSweeperSystem_ws/install/fishbot_navigation2/share/fishbot_navigation2/launch
[6.381s] -- Installing: /home/jerry/AutoSweeperSystem/AutoSweeperSystem_ws/install/fishbot_navigation2/share/fishbot_navigation2/launch/navigation2.launch.py
[6.386s] -- Installing: /home/jerry/AutoSweeperSystem/AutoSweeperSystem_ws/install/fishbot_navigation2/share/fishbot_navigation2/config
[6.390s] -- Installing: /home/jerry/AutoSweeperSystem/AutoSweeperSystem_ws/install/fishbot_navigation2/share/fishbot_navigation2/config/nav2_params.yaml
[6.400s] -- Installing: /home/jerry/AutoSweeperSystem/AutoSweeperSystem_ws/install/fishbot_navigation2/share/fishbot_navigation2/maps
[6.403s] -- Installing: /home/jerry/AutoSweeperSystem/AutoSweeperSystem_ws/install/fishbot_navigation2/share/fishbot_navigation2/maps/room.pgm
[6.410s] -- Installing: /home/jerry/AutoSweeperSystem/AutoSweeperSystem_ws/install/fishbot_navigation2/share/fishbot_navigation2/maps/room.yaml
[6.413s] -- Installing: /home/jerry/AutoSweeperSystem/AutoSweeperSystem_ws/install/fishbot_navigation2/share/ament_index/resource_index/package_run_dependencies/fishbot_navigation2
[6.419s] -- Installing: /home/jerry/AutoSweeperSystem/AutoSweeperSystem_ws/install/fishbot_navigation2/share/ament_index/resource_index/parent_prefix_path/fishbot_navigation2
[6.422s] -- Installing: /home/jerry/AutoSweeperSystem/AutoSweeperSystem_ws/install/fishbot_navigation2/share/fishbot_navigation2/environment/ament_prefix_path.sh
[6.425s] -- Installing: /home/jerry/AutoSweeperSystem/AutoSweeperSystem_ws/install/fishbot_navigation2/share/fishbot_navigation2/environment/ament_prefix_path.dsv
[6.427s] -- Installing: /home/jerry/AutoSweeperSystem/AutoSweeperSystem_ws/install/fishbot_navigation2/share/fishbot_navigation2/environment/path.sh
[6.429s] -- Installing: /home/jerry/AutoSweeperSystem/AutoSweeperSystem_ws/install/fishbot_navigation2/share/fishbot_navigation2/environment/path.dsv
[6.432s] -- Installing: /home/jerry/AutoSweeperSystem/AutoSweeperSystem_ws/install/fishbot_navigation2/share/fishbot_navigation2/local_setup.bash
[6.433s] -- Installing: /home/jerry/AutoSweeperSystem/AutoSweeperSystem_ws/install/fishbot_navigation2/share/fishbot_navigation2/local_setup.sh
[6.434s] -- Installing: /home/jerry/AutoSweeperSystem/AutoSweeperSystem_ws/install/fishbot_navigation2/share/fishbot_navigation2/local_setup.zsh
[6.437s] -- Installing: /home/jerry/AutoSweeperSystem/AutoSweeperSystem_ws/install/fishbot_navigation2/share/fishbot_navigation2/local_setup.dsv
[6.441s] -- Installing: /home/jerry/AutoSweeperSystem/AutoSweeperSystem_ws/install/fishbot_navigation2/share/fishbot_navigation2/package.dsv
[6.441s] -- Installing: /home/jerry/AutoSweeperSystem/AutoSweeperSystem_ws/install/fishbot_navigation2/share/ament_index/resource_index/packages/fishbot_navigation2
[6.442s] -- Installing: /home/jerry/AutoSweeperSystem/AutoSweeperSystem_ws/install/fishbot_navigation2/share/fishbot_navigation2/cmake/fishbot_navigation2Config.cmake
[6.443s] -- Installing: /home/jerry/AutoSweeperSystem/AutoSweeperSystem_ws/install/fishbot_navigation2/share/fishbot_navigation2/cmake/fishbot_navigation2Config-version.cmake
[6.448s] -- Installing: /home/jerry/AutoSweeperSystem/AutoSweeperSystem_ws/install/fishbot_navigation2/share/fishbot_navigation2/package.xml
[6.461s] Invoked command in '/home/jerry/AutoSweeperSystem/AutoSweeperSystem_ws/build/fishbot_navigation2' returned '0': CMAKE_PREFIX_PATH=/opt/ros/humble /usr/bin/cmake --install /home/jerry/AutoSweeperSystem/AutoSweeperSystem_ws/build/fishbot_navigation2
