[0.160s] Invoking command in '/home/jerry/AutoSweeperSystem/AutoSweeperSystem_ws/build/micro_ros_msgs': CMAKE_PREFIX_PATH=${CMAKE_PREFIX_PATH}:/home/jerry/AutoSweeperSystem/AutoSweeperSystem_ws/install/camera_publisher:/home/jerry/AutoSweeperSystem/AutoSweeperSystem_ws/install/autosweeper_robot:/opt/ros/humble /usr/bin/cmake --build /home/jerry/AutoSweeperSystem/AutoSweeperSystem_ws/build/micro_ros_msgs -- -j4 -l4
[3.384s] [  2%] Built target micro_ros_msgs__cpp
[3.387s] [ 12%] Built target micro_ros_msgs__rosidl_generator_c
[3.389s] [ 12%] Built target ament_cmake_python_copy_micro_ros_msgs
[3.390s] [ 27%] Built target micro_ros_msgs__rosidl_typesupport_introspection_cpp
[3.391s] [ 34%] Built target micro_ros_msgs__rosidl_typesupport_fastrtps_cpp
[3.391s] [ 44%] Built target micro_ros_msgs__rosidl_typesupport_cpp
[3.392s] [ 55%] Built target micro_ros_msgs__rosidl_typesupport_fastrtps_c
[3.392s] [ 65%] Built target micro_ros_msgs__rosidl_typesupport_c
[3.393s] [ 76%] Built target micro_ros_msgs__rosidl_typesupport_introspection_c
[3.394s] [ 76%] Built target micro_ros_msgs
[3.395s] [ 78%] Built target micro_ros_msgs__py
[3.395s] [ 87%] Built target micro_ros_msgs__rosidl_generator_py
[3.396s] [ 91%] Built target micro_ros_msgs__rosidl_typesupport_fastrtps_c__pyext
[3.397s] [ 95%] Built target micro_ros_msgs__rosidl_typesupport_introspection_c__pyext
[3.397s] [100%] Built target micro_ros_msgs__rosidl_typesupport_c__pyext
[3.397s] running egg_info
[3.398s] writing micro_ros_msgs.egg-info/PKG-INFO
[3.398s] writing dependency_links to micro_ros_msgs.egg-info/dependency_links.txt
[3.398s] writing top-level names to micro_ros_msgs.egg-info/top_level.txt
[3.399s] reading manifest file 'micro_ros_msgs.egg-info/SOURCES.txt'
[3.399s] writing manifest file 'micro_ros_msgs.egg-info/SOURCES.txt'
[3.399s] [100%] Built target ament_cmake_python_build_micro_ros_msgs_egg
[3.413s] Invoked command in '/home/jerry/AutoSweeperSystem/AutoSweeperSystem_ws/build/micro_ros_msgs' returned '0': CMAKE_PREFIX_PATH=${CMAKE_PREFIX_PATH}:/home/jerry/AutoSweeperSystem/AutoSweeperSystem_ws/install/camera_publisher:/home/jerry/AutoSweeperSystem/AutoSweeperSystem_ws/install/autosweeper_robot:/opt/ros/humble /usr/bin/cmake --build /home/jerry/AutoSweeperSystem/AutoSweeperSystem_ws/build/micro_ros_msgs -- -j4 -l4
[3.465s] Invoking command in '/home/jerry/AutoSweeperSystem/AutoSweeperSystem_ws/build/micro_ros_msgs': CMAKE_PREFIX_PATH=${CMAKE_PREFIX_PATH}:/home/jerry/AutoSweeperSystem/AutoSweeperSystem_ws/install/camera_publisher:/home/jerry/AutoSweeperSystem/AutoSweeperSystem_ws/install/autosweeper_robot:/opt/ros/humble /usr/bin/cmake --install /home/jerry/AutoSweeperSystem/AutoSweeperSystem_ws/build/micro_ros_msgs
[3.507s] -- Install configuration: ""
[3.509s] -- Up-to-date: /home/jerry/AutoSweeperSystem/AutoSweeperSystem_ws/install/micro_ros_msgs/share/ament_index/resource_index/rosidl_interfaces/micro_ros_msgs
[3.511s] -- Up-to-date: /home/jerry/AutoSweeperSystem/AutoSweeperSystem_ws/install/micro_ros_msgs/include/micro_ros_msgs/micro_ros_msgs
[3.514s] -- Up-to-date: /home/jerry/AutoSweeperSystem/AutoSweeperSystem_ws/install/micro_ros_msgs/include/micro_ros_msgs/micro_ros_msgs/msg
[3.516s] -- Up-to-date: /home/jerry/AutoSweeperSystem/AutoSweeperSystem_ws/install/micro_ros_msgs/include/micro_ros_msgs/micro_ros_msgs/msg/graph.h
[3.517s] -- Up-to-date: /home/jerry/AutoSweeperSystem/AutoSweeperSystem_ws/install/micro_ros_msgs/include/micro_ros_msgs/micro_ros_msgs/msg/node.h
[3.518s] -- Up-to-date: /home/jerry/AutoSweeperSystem/AutoSweeperSystem_ws/install/micro_ros_msgs/include/micro_ros_msgs/micro_ros_msgs/msg/entity.h
[3.519s] -- Up-to-date: /home/jerry/AutoSweeperSystem/AutoSweeperSystem_ws/install/micro_ros_msgs/include/micro_ros_msgs/micro_ros_msgs/msg/rosidl_generator_c__visibility_control.h
[3.520s] -- Up-to-date: /home/jerry/AutoSweeperSystem/AutoSweeperSystem_ws/install/micro_ros_msgs/include/micro_ros_msgs/micro_ros_msgs/msg/detail
[3.526s] -- Up-to-date: /home/jerry/AutoSweeperSystem/AutoSweeperSystem_ws/install/micro_ros_msgs/include/micro_ros_msgs/micro_ros_msgs/msg/detail/entity__struct.h
[3.529s] -- Up-to-date: /home/jerry/AutoSweeperSystem/AutoSweeperSystem_ws/install/micro_ros_msgs/include/micro_ros_msgs/micro_ros_msgs/msg/detail/graph__functions.c
[3.530s] -- Up-to-date: /home/jerry/AutoSweeperSystem/AutoSweeperSystem_ws/install/micro_ros_msgs/include/micro_ros_msgs/micro_ros_msgs/msg/detail/entity__functions.h
[3.534s] -- Up-to-date: /home/jerry/AutoSweeperSystem/AutoSweeperSystem_ws/install/micro_ros_msgs/include/micro_ros_msgs/micro_ros_msgs/msg/detail/node__type_support.h
[3.537s] -- Up-to-date: /home/jerry/AutoSweeperSystem/AutoSweeperSystem_ws/install/micro_ros_msgs/include/micro_ros_msgs/micro_ros_msgs/msg/detail/graph__type_support.h
[3.538s] -- Up-to-date: /home/jerry/AutoSweeperSystem/AutoSweeperSystem_ws/install/micro_ros_msgs/include/micro_ros_msgs/micro_ros_msgs/msg/detail/node__functions.c
[3.540s] -- Up-to-date: /home/jerry/AutoSweeperSystem/AutoSweeperSystem_ws/install/micro_ros_msgs/include/micro_ros_msgs/micro_ros_msgs/msg/detail/graph__functions.h
[3.544s] -- Up-to-date: /home/jerry/AutoSweeperSystem/AutoSweeperSystem_ws/install/micro_ros_msgs/include/micro_ros_msgs/micro_ros_msgs/msg/detail/entity__type_support.h
[3.545s] -- Up-to-date: /home/jerry/AutoSweeperSystem/AutoSweeperSystem_ws/install/micro_ros_msgs/include/micro_ros_msgs/micro_ros_msgs/msg/detail/graph__struct.h
[3.547s] -- Up-to-date: /home/jerry/AutoSweeperSystem/AutoSweeperSystem_ws/install/micro_ros_msgs/include/micro_ros_msgs/micro_ros_msgs/msg/detail/entity__functions.c
[3.549s] -- Up-to-date: /home/jerry/AutoSweeperSystem/AutoSweeperSystem_ws/install/micro_ros_msgs/include/micro_ros_msgs/micro_ros_msgs/msg/detail/node__functions.h
[3.550s] -- Up-to-date: /home/jerry/AutoSweeperSystem/AutoSweeperSystem_ws/install/micro_ros_msgs/include/micro_ros_msgs/micro_ros_msgs/msg/detail/node__struct.h
[3.552s] -- Up-to-date: /home/jerry/AutoSweeperSystem/AutoSweeperSystem_ws/install/micro_ros_msgs/share/micro_ros_msgs/environment/library_path.sh
[3.556s] -- Up-to-date: /home/jerry/AutoSweeperSystem/AutoSweeperSystem_ws/install/micro_ros_msgs/share/micro_ros_msgs/environment/library_path.dsv
[3.557s] -- Up-to-date: /home/jerry/AutoSweeperSystem/AutoSweeperSystem_ws/install/micro_ros_msgs/lib/libmicro_ros_msgs__rosidl_generator_c.so
[3.561s] -- Up-to-date: /home/jerry/AutoSweeperSystem/AutoSweeperSystem_ws/install/micro_ros_msgs/include/micro_ros_msgs/micro_ros_msgs
[3.563s] -- Up-to-date: /home/jerry/AutoSweeperSystem/AutoSweeperSystem_ws/install/micro_ros_msgs/include/micro_ros_msgs/micro_ros_msgs/msg
[3.565s] -- Up-to-date: /home/jerry/AutoSweeperSystem/AutoSweeperSystem_ws/install/micro_ros_msgs/include/micro_ros_msgs/micro_ros_msgs/msg/rosidl_typesupport_fastrtps_c__visibility_control.h
[3.566s] -- Up-to-date: /home/jerry/AutoSweeperSystem/AutoSweeperSystem_ws/install/micro_ros_msgs/include/micro_ros_msgs/micro_ros_msgs/msg/detail
[3.568s] -- Up-to-date: /home/jerry/AutoSweeperSystem/AutoSweeperSystem_ws/install/micro_ros_msgs/include/micro_ros_msgs/micro_ros_msgs/msg/detail/node__rosidl_typesupport_fastrtps_c.h
[3.570s] -- Up-to-date: /home/jerry/AutoSweeperSystem/AutoSweeperSystem_ws/install/micro_ros_msgs/include/micro_ros_msgs/micro_ros_msgs/msg/detail/entity__rosidl_typesupport_fastrtps_c.h
[3.574s] -- Up-to-date: /home/jerry/AutoSweeperSystem/AutoSweeperSystem_ws/install/micro_ros_msgs/include/micro_ros_msgs/micro_ros_msgs/msg/detail/graph__rosidl_typesupport_fastrtps_c.h
[3.577s] -- Up-to-date: /home/jerry/AutoSweeperSystem/AutoSweeperSystem_ws/install/micro_ros_msgs/lib/libmicro_ros_msgs__rosidl_typesupport_fastrtps_c.so
[3.580s] -- Up-to-date: /home/jerry/AutoSweeperSystem/AutoSweeperSystem_ws/install/micro_ros_msgs/include/micro_ros_msgs/micro_ros_msgs
[3.582s] -- Up-to-date: /home/jerry/AutoSweeperSystem/AutoSweeperSystem_ws/install/micro_ros_msgs/include/micro_ros_msgs/micro_ros_msgs/msg
[3.583s] -- Up-to-date: /home/jerry/AutoSweeperSystem/AutoSweeperSystem_ws/install/micro_ros_msgs/include/micro_ros_msgs/micro_ros_msgs/msg/detail
[3.585s] -- Up-to-date: /home/jerry/AutoSweeperSystem/AutoSweeperSystem_ws/install/micro_ros_msgs/include/micro_ros_msgs/micro_ros_msgs/msg/detail/graph__rosidl_typesupport_introspection_c.h
[3.590s] -- Up-to-date: /home/jerry/AutoSweeperSystem/AutoSweeperSystem_ws/install/micro_ros_msgs/include/micro_ros_msgs/micro_ros_msgs/msg/detail/node__type_support.c
[3.591s] -- Up-to-date: /home/jerry/AutoSweeperSystem/AutoSweeperSystem_ws/install/micro_ros_msgs/include/micro_ros_msgs/micro_ros_msgs/msg/detail/node__rosidl_typesupport_introspection_c.h
[3.592s] -- Up-to-date: /home/jerry/AutoSweeperSystem/AutoSweeperSystem_ws/install/micro_ros_msgs/include/micro_ros_msgs/micro_ros_msgs/msg/detail/entity__rosidl_typesupport_introspection_c.h
[3.592s] -- Up-to-date: /home/jerry/AutoSweeperSystem/AutoSweeperSystem_ws/install/micro_ros_msgs/include/micro_ros_msgs/micro_ros_msgs/msg/detail/entity__type_support.c
[3.593s] -- Up-to-date: /home/jerry/AutoSweeperSystem/AutoSweeperSystem_ws/install/micro_ros_msgs/include/micro_ros_msgs/micro_ros_msgs/msg/detail/graph__type_support.c
[3.594s] -- Up-to-date: /home/jerry/AutoSweeperSystem/AutoSweeperSystem_ws/install/micro_ros_msgs/include/micro_ros_msgs/micro_ros_msgs/msg/rosidl_typesupport_introspection_c__visibility_control.h
[3.594s] -- Up-to-date: /home/jerry/AutoSweeperSystem/AutoSweeperSystem_ws/install/micro_ros_msgs/lib/libmicro_ros_msgs__rosidl_typesupport_introspection_c.so
[3.596s] -- Up-to-date: /home/jerry/AutoSweeperSystem/AutoSweeperSystem_ws/install/micro_ros_msgs/lib/libmicro_ros_msgs__rosidl_typesupport_c.so
[3.598s] -- Up-to-date: /home/jerry/AutoSweeperSystem/AutoSweeperSystem_ws/install/micro_ros_msgs/include/micro_ros_msgs/micro_ros_msgs
[3.599s] -- Up-to-date: /home/jerry/AutoSweeperSystem/AutoSweeperSystem_ws/install/micro_ros_msgs/include/micro_ros_msgs/micro_ros_msgs/msg
[3.600s] -- Up-to-date: /home/jerry/AutoSweeperSystem/AutoSweeperSystem_ws/install/micro_ros_msgs/include/micro_ros_msgs/micro_ros_msgs/msg/node.hpp
[3.601s] -- Up-to-date: /home/jerry/AutoSweeperSystem/AutoSweeperSystem_ws/install/micro_ros_msgs/include/micro_ros_msgs/micro_ros_msgs/msg/entity.hpp
[3.602s] -- Up-to-date: /home/jerry/AutoSweeperSystem/AutoSweeperSystem_ws/install/micro_ros_msgs/include/micro_ros_msgs/micro_ros_msgs/msg/graph.hpp
[3.603s] -- Up-to-date: /home/jerry/AutoSweeperSystem/AutoSweeperSystem_ws/install/micro_ros_msgs/include/micro_ros_msgs/micro_ros_msgs/msg/detail
[3.608s] -- Up-to-date: /home/jerry/AutoSweeperSystem/AutoSweeperSystem_ws/install/micro_ros_msgs/include/micro_ros_msgs/micro_ros_msgs/msg/detail/node__traits.hpp
[3.610s] -- Up-to-date: /home/jerry/AutoSweeperSystem/AutoSweeperSystem_ws/install/micro_ros_msgs/include/micro_ros_msgs/micro_ros_msgs/msg/detail/graph__struct.hpp
[3.610s] -- Up-to-date: /home/jerry/AutoSweeperSystem/AutoSweeperSystem_ws/install/micro_ros_msgs/include/micro_ros_msgs/micro_ros_msgs/msg/detail/entity__type_support.hpp
[3.613s] -- Up-to-date: /home/jerry/AutoSweeperSystem/AutoSweeperSystem_ws/install/micro_ros_msgs/include/micro_ros_msgs/micro_ros_msgs/msg/detail/entity__builder.hpp
[3.615s] -- Up-to-date: /home/jerry/AutoSweeperSystem/AutoSweeperSystem_ws/install/micro_ros_msgs/include/micro_ros_msgs/micro_ros_msgs/msg/detail/node__builder.hpp
[3.618s] -- Up-to-date: /home/jerry/AutoSweeperSystem/AutoSweeperSystem_ws/install/micro_ros_msgs/include/micro_ros_msgs/micro_ros_msgs/msg/detail/graph__builder.hpp
[3.623s] -- Up-to-date: /home/jerry/AutoSweeperSystem/AutoSweeperSystem_ws/install/micro_ros_msgs/include/micro_ros_msgs/micro_ros_msgs/msg/detail/node__type_support.hpp
[3.625s] -- Up-to-date: /home/jerry/AutoSweeperSystem/AutoSweeperSystem_ws/install/micro_ros_msgs/include/micro_ros_msgs/micro_ros_msgs/msg/detail/node__struct.hpp
[3.626s] -- Up-to-date: /home/jerry/AutoSweeperSystem/AutoSweeperSystem_ws/install/micro_ros_msgs/include/micro_ros_msgs/micro_ros_msgs/msg/detail/entity__traits.hpp
[3.627s] -- Up-to-date: /home/jerry/AutoSweeperSystem/AutoSweeperSystem_ws/install/micro_ros_msgs/include/micro_ros_msgs/micro_ros_msgs/msg/detail/graph__traits.hpp
[3.628s] -- Up-to-date: /home/jerry/AutoSweeperSystem/AutoSweeperSystem_ws/install/micro_ros_msgs/include/micro_ros_msgs/micro_ros_msgs/msg/detail/graph__type_support.hpp
[3.628s] -- Up-to-date: /home/jerry/AutoSweeperSystem/AutoSweeperSystem_ws/install/micro_ros_msgs/include/micro_ros_msgs/micro_ros_msgs/msg/detail/entity__struct.hpp
[3.629s] -- Up-to-date: /home/jerry/AutoSweeperSystem/AutoSweeperSystem_ws/install/micro_ros_msgs/include/micro_ros_msgs/micro_ros_msgs/msg/rosidl_generator_cpp__visibility_control.hpp
[3.629s] -- Up-to-date: /home/jerry/AutoSweeperSystem/AutoSweeperSystem_ws/install/micro_ros_msgs/include/micro_ros_msgs/micro_ros_msgs
[3.640s] -- Up-to-date: /home/jerry/AutoSweeperSystem/AutoSweeperSystem_ws/install/micro_ros_msgs/include/micro_ros_msgs/micro_ros_msgs/msg
[3.641s] -- Up-to-date: /home/jerry/AutoSweeperSystem/AutoSweeperSystem_ws/install/micro_ros_msgs/include/micro_ros_msgs/micro_ros_msgs/msg/rosidl_typesupport_fastrtps_cpp__visibility_control.h
[3.642s] -- Up-to-date: /home/jerry/AutoSweeperSystem/AutoSweeperSystem_ws/install/micro_ros_msgs/include/micro_ros_msgs/micro_ros_msgs/msg/detail
[3.642s] -- Up-to-date: /home/jerry/AutoSweeperSystem/AutoSweeperSystem_ws/install/micro_ros_msgs/include/micro_ros_msgs/micro_ros_msgs/msg/detail/node__rosidl_typesupport_fastrtps_cpp.hpp
[3.646s] -- Up-to-date: /home/jerry/AutoSweeperSystem/AutoSweeperSystem_ws/install/micro_ros_msgs/include/micro_ros_msgs/micro_ros_msgs/msg/detail/dds_fastrtps
[3.648s] -- Up-to-date: /home/jerry/AutoSweeperSystem/AutoSweeperSystem_ws/install/micro_ros_msgs/include/micro_ros_msgs/micro_ros_msgs/msg/detail/entity__rosidl_typesupport_fastrtps_cpp.hpp
[3.649s] -- Up-to-date: /home/jerry/AutoSweeperSystem/AutoSweeperSystem_ws/install/micro_ros_msgs/include/micro_ros_msgs/micro_ros_msgs/msg/detail/graph__rosidl_typesupport_fastrtps_cpp.hpp
[3.650s] -- Up-to-date: /home/jerry/AutoSweeperSystem/AutoSweeperSystem_ws/install/micro_ros_msgs/lib/libmicro_ros_msgs__rosidl_typesupport_fastrtps_cpp.so
[3.652s] -- Up-to-date: /home/jerry/AutoSweeperSystem/AutoSweeperSystem_ws/install/micro_ros_msgs/include/micro_ros_msgs/micro_ros_msgs
[3.658s] -- Up-to-date: /home/jerry/AutoSweeperSystem/AutoSweeperSystem_ws/install/micro_ros_msgs/include/micro_ros_msgs/micro_ros_msgs/msg
[3.658s] -- Up-to-date: /home/jerry/AutoSweeperSystem/AutoSweeperSystem_ws/install/micro_ros_msgs/include/micro_ros_msgs/micro_ros_msgs/msg/detail
[3.659s] -- Up-to-date: /home/jerry/AutoSweeperSystem/AutoSweeperSystem_ws/install/micro_ros_msgs/include/micro_ros_msgs/micro_ros_msgs/msg/detail/node__rosidl_typesupport_introspection_cpp.hpp
[3.660s] -- Up-to-date: /home/jerry/AutoSweeperSystem/AutoSweeperSystem_ws/install/micro_ros_msgs/include/micro_ros_msgs/micro_ros_msgs/msg/detail/graph__type_support.cpp
[3.660s] -- Up-to-date: /home/jerry/AutoSweeperSystem/AutoSweeperSystem_ws/install/micro_ros_msgs/include/micro_ros_msgs/micro_ros_msgs/msg/detail/entity__rosidl_typesupport_introspection_cpp.hpp
[3.661s] -- Up-to-date: /home/jerry/AutoSweeperSystem/AutoSweeperSystem_ws/install/micro_ros_msgs/include/micro_ros_msgs/micro_ros_msgs/msg/detail/entity__type_support.cpp
[3.661s] -- Up-to-date: /home/jerry/AutoSweeperSystem/AutoSweeperSystem_ws/install/micro_ros_msgs/include/micro_ros_msgs/micro_ros_msgs/msg/detail/node__type_support.cpp
[3.662s] -- Up-to-date: /home/jerry/AutoSweeperSystem/AutoSweeperSystem_ws/install/micro_ros_msgs/include/micro_ros_msgs/micro_ros_msgs/msg/detail/graph__rosidl_typesupport_introspection_cpp.hpp
[3.662s] -- Up-to-date: /home/jerry/AutoSweeperSystem/AutoSweeperSystem_ws/install/micro_ros_msgs/lib/libmicro_ros_msgs__rosidl_typesupport_introspection_cpp.so
[3.663s] -- Up-to-date: /home/jerry/AutoSweeperSystem/AutoSweeperSystem_ws/install/micro_ros_msgs/lib/libmicro_ros_msgs__rosidl_typesupport_cpp.so
[3.663s] -- Up-to-date: /home/jerry/AutoSweeperSystem/AutoSweeperSystem_ws/install/micro_ros_msgs/share/micro_ros_msgs/environment/pythonpath.sh
[3.664s] -- Up-to-date: /home/jerry/AutoSweeperSystem/AutoSweeperSystem_ws/install/micro_ros_msgs/share/micro_ros_msgs/environment/pythonpath.dsv
[3.664s] -- Up-to-date: /home/jerry/AutoSweeperSystem/AutoSweeperSystem_ws/install/micro_ros_msgs/local/lib/python3.10/dist-packages/micro_ros_msgs-3.0.1-py3.10.egg-info
[3.665s] -- Installing: /home/jerry/AutoSweeperSystem/AutoSweeperSystem_ws/install/micro_ros_msgs/local/lib/python3.10/dist-packages/micro_ros_msgs-3.0.1-py3.10.egg-info/PKG-INFO
[3.665s] -- Installing: /home/jerry/AutoSweeperSystem/AutoSweeperSystem_ws/install/micro_ros_msgs/local/lib/python3.10/dist-packages/micro_ros_msgs-3.0.1-py3.10.egg-info/top_level.txt
[3.666s] -- Installing: /home/jerry/AutoSweeperSystem/AutoSweeperSystem_ws/install/micro_ros_msgs/local/lib/python3.10/dist-packages/micro_ros_msgs-3.0.1-py3.10.egg-info/SOURCES.txt
[3.666s] -- Installing: /home/jerry/AutoSweeperSystem/AutoSweeperSystem_ws/install/micro_ros_msgs/local/lib/python3.10/dist-packages/micro_ros_msgs-3.0.1-py3.10.egg-info/dependency_links.txt
[3.667s] -- Up-to-date: /home/jerry/AutoSweeperSystem/AutoSweeperSystem_ws/install/micro_ros_msgs/local/lib/python3.10/dist-packages/micro_ros_msgs
[3.667s] -- Up-to-date: /home/jerry/AutoSweeperSystem/AutoSweeperSystem_ws/install/micro_ros_msgs/local/lib/python3.10/dist-packages/micro_ros_msgs/micro_ros_msgs_s__rosidl_typesupport_fastrtps_c.cpython-310-aarch64-linux-gnu.so
[3.668s] -- Up-to-date: /home/jerry/AutoSweeperSystem/AutoSweeperSystem_ws/install/micro_ros_msgs/local/lib/python3.10/dist-packages/micro_ros_msgs/_micro_ros_msgs_s.ep.rosidl_typesupport_introspection_c.c
[3.668s] -- Up-to-date: /home/jerry/AutoSweeperSystem/AutoSweeperSystem_ws/install/micro_ros_msgs/local/lib/python3.10/dist-packages/micro_ros_msgs/__init__.py
[3.668s] -- Up-to-date: /home/jerry/AutoSweeperSystem/AutoSweeperSystem_ws/install/micro_ros_msgs/local/lib/python3.10/dist-packages/micro_ros_msgs/micro_ros_msgs_s__rosidl_typesupport_c.cpython-310-aarch64-linux-gnu.so
[3.669s] -- Up-to-date: /home/jerry/AutoSweeperSystem/AutoSweeperSystem_ws/install/micro_ros_msgs/local/lib/python3.10/dist-packages/micro_ros_msgs/micro_ros_msgs_s__rosidl_typesupport_introspection_c.cpython-310-aarch64-linux-gnu.so
[3.669s] -- Up-to-date: /home/jerry/AutoSweeperSystem/AutoSweeperSystem_ws/install/micro_ros_msgs/local/lib/python3.10/dist-packages/micro_ros_msgs/_micro_ros_msgs_s.ep.rosidl_typesupport_fastrtps_c.c
[3.671s] -- Up-to-date: /home/jerry/AutoSweeperSystem/AutoSweeperSystem_ws/install/micro_ros_msgs/local/lib/python3.10/dist-packages/micro_ros_msgs/_micro_ros_msgs_s.ep.rosidl_typesupport_c.c
[3.672s] -- Up-to-date: /home/jerry/AutoSweeperSystem/AutoSweeperSystem_ws/install/micro_ros_msgs/local/lib/python3.10/dist-packages/micro_ros_msgs/msg
[3.672s] -- Up-to-date: /home/jerry/AutoSweeperSystem/AutoSweeperSystem_ws/install/micro_ros_msgs/local/lib/python3.10/dist-packages/micro_ros_msgs/msg/_node_s.c
[3.673s] -- Up-to-date: /home/jerry/AutoSweeperSystem/AutoSweeperSystem_ws/install/micro_ros_msgs/local/lib/python3.10/dist-packages/micro_ros_msgs/msg/__init__.py
[3.673s] -- Up-to-date: /home/jerry/AutoSweeperSystem/AutoSweeperSystem_ws/install/micro_ros_msgs/local/lib/python3.10/dist-packages/micro_ros_msgs/msg/_graph_s.c
[3.674s] -- Up-to-date: /home/jerry/AutoSweeperSystem/AutoSweeperSystem_ws/install/micro_ros_msgs/local/lib/python3.10/dist-packages/micro_ros_msgs/msg/_entity.py
[3.674s] -- Up-to-date: /home/jerry/AutoSweeperSystem/AutoSweeperSystem_ws/install/micro_ros_msgs/local/lib/python3.10/dist-packages/micro_ros_msgs/msg/_graph.py
[3.675s] -- Up-to-date: /home/jerry/AutoSweeperSystem/AutoSweeperSystem_ws/install/micro_ros_msgs/local/lib/python3.10/dist-packages/micro_ros_msgs/msg/_entity_s.c
[3.675s] -- Up-to-date: /home/jerry/AutoSweeperSystem/AutoSweeperSystem_ws/install/micro_ros_msgs/local/lib/python3.10/dist-packages/micro_ros_msgs/msg/_node.py
[3.676s] -- Up-to-date: /home/jerry/AutoSweeperSystem/AutoSweeperSystem_ws/install/micro_ros_msgs/local/lib/python3.10/dist-packages/micro_ros_msgs/libmicro_ros_msgs__rosidl_generator_py.so
[3.910s] Listing '/home/jerry/AutoSweeperSystem/AutoSweeperSystem_ws/install/micro_ros_msgs/local/lib/python3.10/dist-packages/micro_ros_msgs'...
[3.911s] Listing '/home/jerry/AutoSweeperSystem/AutoSweeperSystem_ws/install/micro_ros_msgs/local/lib/python3.10/dist-packages/micro_ros_msgs/msg'...
[3.987s] -- Up-to-date: /home/jerry/AutoSweeperSystem/AutoSweeperSystem_ws/install/micro_ros_msgs/local/lib/python3.10/dist-packages/micro_ros_msgs/micro_ros_msgs_s__rosidl_typesupport_fastrtps_c.cpython-310-aarch64-linux-gnu.so
[3.987s] -- Up-to-date: /home/jerry/AutoSweeperSystem/AutoSweeperSystem_ws/install/micro_ros_msgs/local/lib/python3.10/dist-packages/micro_ros_msgs/micro_ros_msgs_s__rosidl_typesupport_introspection_c.cpython-310-aarch64-linux-gnu.so
[3.988s] -- Up-to-date: /home/jerry/AutoSweeperSystem/AutoSweeperSystem_ws/install/micro_ros_msgs/local/lib/python3.10/dist-packages/micro_ros_msgs/micro_ros_msgs_s__rosidl_typesupport_c.cpython-310-aarch64-linux-gnu.so
[3.989s] -- Up-to-date: /home/jerry/AutoSweeperSystem/AutoSweeperSystem_ws/install/micro_ros_msgs/lib/libmicro_ros_msgs__rosidl_generator_py.so
[3.989s] -- Up-to-date: /home/jerry/AutoSweeperSystem/AutoSweeperSystem_ws/install/micro_ros_msgs/share/micro_ros_msgs/msg/Graph.idl
[3.990s] -- Up-to-date: /home/jerry/AutoSweeperSystem/AutoSweeperSystem_ws/install/micro_ros_msgs/share/micro_ros_msgs/msg/Node.idl
[3.990s] -- Up-to-date: /home/jerry/AutoSweeperSystem/AutoSweeperSystem_ws/install/micro_ros_msgs/share/micro_ros_msgs/msg/Entity.idl
[3.991s] -- Up-to-date: /home/jerry/AutoSweeperSystem/AutoSweeperSystem_ws/install/micro_ros_msgs/share/micro_ros_msgs/msg/Graph.msg
[3.991s] -- Up-to-date: /home/jerry/AutoSweeperSystem/AutoSweeperSystem_ws/install/micro_ros_msgs/share/micro_ros_msgs/msg/Node.msg
[3.992s] -- Up-to-date: /home/jerry/AutoSweeperSystem/AutoSweeperSystem_ws/install/micro_ros_msgs/share/micro_ros_msgs/msg/Entity.msg
[3.992s] -- Up-to-date: /home/jerry/AutoSweeperSystem/AutoSweeperSystem_ws/install/micro_ros_msgs/share/ament_index/resource_index/package_run_dependencies/micro_ros_msgs
[3.994s] -- Up-to-date: /home/jerry/AutoSweeperSystem/AutoSweeperSystem_ws/install/micro_ros_msgs/share/ament_index/resource_index/parent_prefix_path/micro_ros_msgs
[3.995s] -- Up-to-date: /home/jerry/AutoSweeperSystem/AutoSweeperSystem_ws/install/micro_ros_msgs/share/micro_ros_msgs/environment/ament_prefix_path.sh
[3.997s] -- Up-to-date: /home/jerry/AutoSweeperSystem/AutoSweeperSystem_ws/install/micro_ros_msgs/share/micro_ros_msgs/environment/ament_prefix_path.dsv
[3.999s] -- Up-to-date: /home/jerry/AutoSweeperSystem/AutoSweeperSystem_ws/install/micro_ros_msgs/share/micro_ros_msgs/environment/path.sh
[4.001s] -- Up-to-date: /home/jerry/AutoSweeperSystem/AutoSweeperSystem_ws/install/micro_ros_msgs/share/micro_ros_msgs/environment/path.dsv
[4.002s] -- Up-to-date: /home/jerry/AutoSweeperSystem/AutoSweeperSystem_ws/install/micro_ros_msgs/share/micro_ros_msgs/local_setup.bash
[4.004s] -- Up-to-date: /home/jerry/AutoSweeperSystem/AutoSweeperSystem_ws/install/micro_ros_msgs/share/micro_ros_msgs/local_setup.sh
[4.005s] -- Up-to-date: /home/jerry/AutoSweeperSystem/AutoSweeperSystem_ws/install/micro_ros_msgs/share/micro_ros_msgs/local_setup.zsh
[4.007s] -- Up-to-date: /home/jerry/AutoSweeperSystem/AutoSweeperSystem_ws/install/micro_ros_msgs/share/micro_ros_msgs/local_setup.dsv
[4.009s] -- Installing: /home/jerry/AutoSweeperSystem/AutoSweeperSystem_ws/install/micro_ros_msgs/share/micro_ros_msgs/package.dsv
[4.012s] -- Up-to-date: /home/jerry/AutoSweeperSystem/AutoSweeperSystem_ws/install/micro_ros_msgs/share/ament_index/resource_index/packages/micro_ros_msgs
[4.017s] -- Up-to-date: /home/jerry/AutoSweeperSystem/AutoSweeperSystem_ws/install/micro_ros_msgs/share/micro_ros_msgs/cmake/export_micro_ros_msgs__rosidl_generator_cExport.cmake
[4.018s] -- Up-to-date: /home/jerry/AutoSweeperSystem/AutoSweeperSystem_ws/install/micro_ros_msgs/share/micro_ros_msgs/cmake/export_micro_ros_msgs__rosidl_generator_cExport-noconfig.cmake
[4.019s] -- Up-to-date: /home/jerry/AutoSweeperSystem/AutoSweeperSystem_ws/install/micro_ros_msgs/share/micro_ros_msgs/cmake/export_micro_ros_msgs__rosidl_typesupport_fastrtps_cExport.cmake
[4.020s] -- Up-to-date: /home/jerry/AutoSweeperSystem/AutoSweeperSystem_ws/install/micro_ros_msgs/share/micro_ros_msgs/cmake/export_micro_ros_msgs__rosidl_typesupport_fastrtps_cExport-noconfig.cmake
[4.027s] -- Up-to-date: /home/jerry/AutoSweeperSystem/AutoSweeperSystem_ws/install/micro_ros_msgs/share/micro_ros_msgs/cmake/micro_ros_msgs__rosidl_typesupport_introspection_cExport.cmake
[4.029s] -- Up-to-date: /home/jerry/AutoSweeperSystem/AutoSweeperSystem_ws/install/micro_ros_msgs/share/micro_ros_msgs/cmake/micro_ros_msgs__rosidl_typesupport_introspection_cExport-noconfig.cmake
[4.032s] -- Up-to-date: /home/jerry/AutoSweeperSystem/AutoSweeperSystem_ws/install/micro_ros_msgs/share/micro_ros_msgs/cmake/micro_ros_msgs__rosidl_typesupport_cExport.cmake
[4.033s] -- Up-to-date: /home/jerry/AutoSweeperSystem/AutoSweeperSystem_ws/install/micro_ros_msgs/share/micro_ros_msgs/cmake/micro_ros_msgs__rosidl_typesupport_cExport-noconfig.cmake
[4.035s] -- Up-to-date: /home/jerry/AutoSweeperSystem/AutoSweeperSystem_ws/install/micro_ros_msgs/share/micro_ros_msgs/cmake/export_micro_ros_msgs__rosidl_generator_cppExport.cmake
[4.036s] -- Up-to-date: /home/jerry/AutoSweeperSystem/AutoSweeperSystem_ws/install/micro_ros_msgs/share/micro_ros_msgs/cmake/export_micro_ros_msgs__rosidl_typesupport_fastrtps_cppExport.cmake
[4.037s] -- Up-to-date: /home/jerry/AutoSweeperSystem/AutoSweeperSystem_ws/install/micro_ros_msgs/share/micro_ros_msgs/cmake/export_micro_ros_msgs__rosidl_typesupport_fastrtps_cppExport-noconfig.cmake
[4.038s] -- Up-to-date: /home/jerry/AutoSweeperSystem/AutoSweeperSystem_ws/install/micro_ros_msgs/share/micro_ros_msgs/cmake/micro_ros_msgs__rosidl_typesupport_introspection_cppExport.cmake
[4.039s] -- Up-to-date: /home/jerry/AutoSweeperSystem/AutoSweeperSystem_ws/install/micro_ros_msgs/share/micro_ros_msgs/cmake/micro_ros_msgs__rosidl_typesupport_introspection_cppExport-noconfig.cmake
[4.047s] -- Up-to-date: /home/jerry/AutoSweeperSystem/AutoSweeperSystem_ws/install/micro_ros_msgs/share/micro_ros_msgs/cmake/micro_ros_msgs__rosidl_typesupport_cppExport.cmake
[4.051s] -- Up-to-date: /home/jerry/AutoSweeperSystem/AutoSweeperSystem_ws/install/micro_ros_msgs/share/micro_ros_msgs/cmake/micro_ros_msgs__rosidl_typesupport_cppExport-noconfig.cmake
[4.055s] -- Up-to-date: /home/jerry/AutoSweeperSystem/AutoSweeperSystem_ws/install/micro_ros_msgs/share/micro_ros_msgs/cmake/export_micro_ros_msgs__rosidl_generator_pyExport.cmake
[4.057s] -- Up-to-date: /home/jerry/AutoSweeperSystem/AutoSweeperSystem_ws/install/micro_ros_msgs/share/micro_ros_msgs/cmake/export_micro_ros_msgs__rosidl_generator_pyExport-noconfig.cmake
[4.059s] -- Up-to-date: /home/jerry/AutoSweeperSystem/AutoSweeperSystem_ws/install/micro_ros_msgs/share/micro_ros_msgs/cmake/rosidl_cmake-extras.cmake
[4.061s] -- Up-to-date: /home/jerry/AutoSweeperSystem/AutoSweeperSystem_ws/install/micro_ros_msgs/share/micro_ros_msgs/cmake/ament_cmake_export_include_directories-extras.cmake
[4.064s] -- Up-to-date: /home/jerry/AutoSweeperSystem/AutoSweeperSystem_ws/install/micro_ros_msgs/share/micro_ros_msgs/cmake/ament_cmake_export_libraries-extras.cmake
[4.067s] -- Up-to-date: /home/jerry/AutoSweeperSystem/AutoSweeperSystem_ws/install/micro_ros_msgs/share/micro_ros_msgs/cmake/ament_cmake_export_targets-extras.cmake
[4.069s] -- Up-to-date: /home/jerry/AutoSweeperSystem/AutoSweeperSystem_ws/install/micro_ros_msgs/share/micro_ros_msgs/cmake/rosidl_cmake_export_typesupport_targets-extras.cmake
[4.070s] -- Up-to-date: /home/jerry/AutoSweeperSystem/AutoSweeperSystem_ws/install/micro_ros_msgs/share/micro_ros_msgs/cmake/ament_cmake_export_dependencies-extras.cmake
[4.071s] -- Up-to-date: /home/jerry/AutoSweeperSystem/AutoSweeperSystem_ws/install/micro_ros_msgs/share/micro_ros_msgs/cmake/rosidl_cmake_export_typesupport_libraries-extras.cmake
[4.074s] -- Up-to-date: /home/jerry/AutoSweeperSystem/AutoSweeperSystem_ws/install/micro_ros_msgs/share/micro_ros_msgs/cmake/micro_ros_msgsConfig.cmake
[4.075s] -- Up-to-date: /home/jerry/AutoSweeperSystem/AutoSweeperSystem_ws/install/micro_ros_msgs/share/micro_ros_msgs/cmake/micro_ros_msgsConfig-version.cmake
[4.076s] -- Up-to-date: /home/jerry/AutoSweeperSystem/AutoSweeperSystem_ws/install/micro_ros_msgs/share/micro_ros_msgs/package.xml
[4.100s] Invoked command in '/home/jerry/AutoSweeperSystem/AutoSweeperSystem_ws/build/micro_ros_msgs' returned '0': CMAKE_PREFIX_PATH=${CMAKE_PREFIX_PATH}:/home/jerry/AutoSweeperSystem/AutoSweeperSystem_ws/install/camera_publisher:/home/jerry/AutoSweeperSystem/AutoSweeperSystem_ws/install/autosweeper_robot:/opt/ros/humble /usr/bin/cmake --install /home/jerry/AutoSweeperSystem/AutoSweeperSystem_ws/build/micro_ros_msgs
