[0.093s] Invoking command in '/home/jerry/AutoSweeperSystem/AutoSweeperSystem_ws/build/fishbot_interfaces': CMAKE_PREFIX_PATH=${CMAKE_PREFIX_PATH}:/home/jerry/AutoSweeperSystem/AutoSweeperSystem_ws/install/autosweeper_robot:/opt/ros/humble /usr/bin/cmake --build /home/jerry/AutoSweeperSystem/AutoSweeperSystem_ws/build/fishbot_interfaces -- -j4 -l4
[0.887s] [  9%] Built target fishbot_interfaces__rosidl_generator_c
[0.901s] [ 12%] Built target fishbot_interfaces__cpp
[1.191s] [ 12%] Built target ament_cmake_python_copy_fishbot_interfaces
[1.236s] [ 22%] Built target fishbot_interfaces__rosidl_typesupport_introspection_c
[1.281s] [ 32%] Built target fishbot_interfaces__rosidl_typesupport_fastrtps_c
[1.305s] [ 41%] Built target fishbot_interfaces__rosidl_typesupport_c
[1.561s] [ 51%] Built target fishbot_interfaces__rosidl_typesupport_fastrtps_cpp
[1.664s] [ 61%] Built target fishbot_interfaces__rosidl_typesupport_cpp
[1.666s] [ 70%] Built target fishbot_interfaces__rosidl_typesupport_introspection_cpp
[1.954s] [ 70%] Built target fishbot_interfaces
[2.267s] [ 74%] Built target fishbot_interfaces__py
[2.574s] [ 80%] Built target fishbot_interfaces__rosidl_generator_py
[2.883s] [ 87%] Built target fishbot_interfaces__rosidl_typesupport_fastrtps_c__pyext
[3.125s] [ 93%] Built target fishbot_interfaces__rosidl_typesupport_introspection_c__pyext
[3.149s] [100%] Built target fishbot_interfaces__rosidl_typesupport_c__pyext
[4.128s] running egg_info
[4.133s] writing fishbot_interfaces.egg-info/PKG-INFO
[4.135s] writing dependency_links to fishbot_interfaces.egg-info/dependency_links.txt
[4.149s] writing top-level names to fishbot_interfaces.egg-info/top_level.txt
[4.151s] reading manifest file 'fishbot_interfaces.egg-info/SOURCES.txt'
[4.154s] writing manifest file 'fishbot_interfaces.egg-info/SOURCES.txt'
[4.297s] [100%] Built target ament_cmake_python_build_fishbot_interfaces_egg
[4.381s] Invoked command in '/home/jerry/AutoSweeperSystem/AutoSweeperSystem_ws/build/fishbot_interfaces' returned '0': CMAKE_PREFIX_PATH=${CMAKE_PREFIX_PATH}:/home/jerry/AutoSweeperSystem/AutoSweeperSystem_ws/install/autosweeper_robot:/opt/ros/humble /usr/bin/cmake --build /home/jerry/AutoSweeperSystem/AutoSweeperSystem_ws/build/fishbot_interfaces -- -j4 -l4
[4.410s] Invoking command in '/home/jerry/AutoSweeperSystem/AutoSweeperSystem_ws/build/fishbot_interfaces': CMAKE_PREFIX_PATH=${CMAKE_PREFIX_PATH}:/home/jerry/AutoSweeperSystem/AutoSweeperSystem_ws/install/autosweeper_robot:/opt/ros/humble /usr/bin/cmake --install /home/jerry/AutoSweeperSystem/AutoSweeperSystem_ws/build/fishbot_interfaces
[4.473s] -- Install configuration: ""
[4.476s] -- Up-to-date: /home/jerry/AutoSweeperSystem/AutoSweeperSystem_ws/install/fishbot_interfaces/share/ament_index/resource_index/rosidl_interfaces/fishbot_interfaces
[4.479s] -- Up-to-date: /home/jerry/AutoSweeperSystem/AutoSweeperSystem_ws/install/fishbot_interfaces/include/fishbot_interfaces/fishbot_interfaces
[4.482s] -- Up-to-date: /home/jerry/AutoSweeperSystem/AutoSweeperSystem_ws/install/fishbot_interfaces/include/fishbot_interfaces/fishbot_interfaces/msg
[4.483s] -- Up-to-date: /home/jerry/AutoSweeperSystem/AutoSweeperSystem_ws/install/fishbot_interfaces/include/fishbot_interfaces/fishbot_interfaces/msg/rosidl_generator_c__visibility_control.h
[4.489s] -- Up-to-date: /home/jerry/AutoSweeperSystem/AutoSweeperSystem_ws/install/fishbot_interfaces/include/fishbot_interfaces/fishbot_interfaces/srv
[4.491s] -- Up-to-date: /home/jerry/AutoSweeperSystem/AutoSweeperSystem_ws/install/fishbot_interfaces/include/fishbot_interfaces/fishbot_interfaces/srv/fish_bot_config.h
[4.493s] -- Up-to-date: /home/jerry/AutoSweeperSystem/AutoSweeperSystem_ws/install/fishbot_interfaces/include/fishbot_interfaces/fishbot_interfaces/srv/detail
[4.494s] -- Up-to-date: /home/jerry/AutoSweeperSystem/AutoSweeperSystem_ws/install/fishbot_interfaces/include/fishbot_interfaces/fishbot_interfaces/srv/detail/fish_bot_config__type_support.h
[4.494s] -- Up-to-date: /home/jerry/AutoSweeperSystem/AutoSweeperSystem_ws/install/fishbot_interfaces/include/fishbot_interfaces/fishbot_interfaces/srv/detail/fish_bot_config__struct.h
[4.495s] -- Up-to-date: /home/jerry/AutoSweeperSystem/AutoSweeperSystem_ws/install/fishbot_interfaces/include/fishbot_interfaces/fishbot_interfaces/srv/detail/fish_bot_config__functions.c
[4.496s] -- Up-to-date: /home/jerry/AutoSweeperSystem/AutoSweeperSystem_ws/install/fishbot_interfaces/include/fishbot_interfaces/fishbot_interfaces/srv/detail/fish_bot_config__functions.h
[4.498s] -- Up-to-date: /home/jerry/AutoSweeperSystem/AutoSweeperSystem_ws/install/fishbot_interfaces/share/fishbot_interfaces/environment/library_path.sh
[4.499s] -- Up-to-date: /home/jerry/AutoSweeperSystem/AutoSweeperSystem_ws/install/fishbot_interfaces/share/fishbot_interfaces/environment/library_path.dsv
[4.511s] -- Up-to-date: /home/jerry/AutoSweeperSystem/AutoSweeperSystem_ws/install/fishbot_interfaces/lib/libfishbot_interfaces__rosidl_generator_c.so
[4.512s] -- Up-to-date: /home/jerry/AutoSweeperSystem/AutoSweeperSystem_ws/install/fishbot_interfaces/include/fishbot_interfaces/fishbot_interfaces
[4.514s] -- Up-to-date: /home/jerry/AutoSweeperSystem/AutoSweeperSystem_ws/install/fishbot_interfaces/include/fishbot_interfaces/fishbot_interfaces/msg
[4.516s] -- Up-to-date: /home/jerry/AutoSweeperSystem/AutoSweeperSystem_ws/install/fishbot_interfaces/include/fishbot_interfaces/fishbot_interfaces/msg/rosidl_typesupport_fastrtps_c__visibility_control.h
[4.518s] -- Up-to-date: /home/jerry/AutoSweeperSystem/AutoSweeperSystem_ws/install/fishbot_interfaces/include/fishbot_interfaces/fishbot_interfaces/srv
[4.518s] -- Up-to-date: /home/jerry/AutoSweeperSystem/AutoSweeperSystem_ws/install/fishbot_interfaces/include/fishbot_interfaces/fishbot_interfaces/srv/detail
[4.519s] -- Up-to-date: /home/jerry/AutoSweeperSystem/AutoSweeperSystem_ws/install/fishbot_interfaces/include/fishbot_interfaces/fishbot_interfaces/srv/detail/fish_bot_config__rosidl_typesupport_fastrtps_c.h
[4.547s] -- Up-to-date: /home/jerry/AutoSweeperSystem/AutoSweeperSystem_ws/install/fishbot_interfaces/lib/libfishbot_interfaces__rosidl_typesupport_fastrtps_c.so
[4.549s] -- Up-to-date: /home/jerry/AutoSweeperSystem/AutoSweeperSystem_ws/install/fishbot_interfaces/include/fishbot_interfaces/fishbot_interfaces
[4.552s] -- Up-to-date: /home/jerry/AutoSweeperSystem/AutoSweeperSystem_ws/install/fishbot_interfaces/include/fishbot_interfaces/fishbot_interfaces/msg
[4.553s] -- Up-to-date: /home/jerry/AutoSweeperSystem/AutoSweeperSystem_ws/install/fishbot_interfaces/include/fishbot_interfaces/fishbot_interfaces/msg/rosidl_typesupport_introspection_c__visibility_control.h
[4.556s] -- Up-to-date: /home/jerry/AutoSweeperSystem/AutoSweeperSystem_ws/install/fishbot_interfaces/include/fishbot_interfaces/fishbot_interfaces/srv
[4.558s] -- Up-to-date: /home/jerry/AutoSweeperSystem/AutoSweeperSystem_ws/install/fishbot_interfaces/include/fishbot_interfaces/fishbot_interfaces/srv/detail
[4.559s] -- Up-to-date: /home/jerry/AutoSweeperSystem/AutoSweeperSystem_ws/install/fishbot_interfaces/include/fishbot_interfaces/fishbot_interfaces/srv/detail/fish_bot_config__type_support.c
[4.561s] -- Up-to-date: /home/jerry/AutoSweeperSystem/AutoSweeperSystem_ws/install/fishbot_interfaces/include/fishbot_interfaces/fishbot_interfaces/srv/detail/fish_bot_config__rosidl_typesupport_introspection_c.h
[4.584s] -- Up-to-date: /home/jerry/AutoSweeperSystem/AutoSweeperSystem_ws/install/fishbot_interfaces/lib/libfishbot_interfaces__rosidl_typesupport_introspection_c.so
[4.596s] -- Up-to-date: /home/jerry/AutoSweeperSystem/AutoSweeperSystem_ws/install/fishbot_interfaces/lib/libfishbot_interfaces__rosidl_typesupport_c.so
[4.610s] -- Up-to-date: /home/jerry/AutoSweeperSystem/AutoSweeperSystem_ws/install/fishbot_interfaces/include/fishbot_interfaces/fishbot_interfaces
[4.611s] -- Up-to-date: /home/jerry/AutoSweeperSystem/AutoSweeperSystem_ws/install/fishbot_interfaces/include/fishbot_interfaces/fishbot_interfaces/msg
[4.611s] -- Up-to-date: /home/jerry/AutoSweeperSystem/AutoSweeperSystem_ws/install/fishbot_interfaces/include/fishbot_interfaces/fishbot_interfaces/msg/rosidl_generator_cpp__visibility_control.hpp
[4.612s] -- Up-to-date: /home/jerry/AutoSweeperSystem/AutoSweeperSystem_ws/install/fishbot_interfaces/include/fishbot_interfaces/fishbot_interfaces/srv
[4.613s] -- Up-to-date: /home/jerry/AutoSweeperSystem/AutoSweeperSystem_ws/install/fishbot_interfaces/include/fishbot_interfaces/fishbot_interfaces/srv/fish_bot_config.hpp
[4.613s] -- Up-to-date: /home/jerry/AutoSweeperSystem/AutoSweeperSystem_ws/install/fishbot_interfaces/include/fishbot_interfaces/fishbot_interfaces/srv/detail
[4.614s] -- Up-to-date: /home/jerry/AutoSweeperSystem/AutoSweeperSystem_ws/install/fishbot_interfaces/include/fishbot_interfaces/fishbot_interfaces/srv/detail/fish_bot_config__builder.hpp
[4.614s] -- Up-to-date: /home/jerry/AutoSweeperSystem/AutoSweeperSystem_ws/install/fishbot_interfaces/include/fishbot_interfaces/fishbot_interfaces/srv/detail/fish_bot_config__struct.hpp
[4.615s] -- Up-to-date: /home/jerry/AutoSweeperSystem/AutoSweeperSystem_ws/install/fishbot_interfaces/include/fishbot_interfaces/fishbot_interfaces/srv/detail/fish_bot_config__type_support.hpp
[4.616s] -- Up-to-date: /home/jerry/AutoSweeperSystem/AutoSweeperSystem_ws/install/fishbot_interfaces/include/fishbot_interfaces/fishbot_interfaces/srv/detail/fish_bot_config__traits.hpp
[4.616s] -- Up-to-date: /home/jerry/AutoSweeperSystem/AutoSweeperSystem_ws/install/fishbot_interfaces/include/fishbot_interfaces/fishbot_interfaces
[4.617s] -- Up-to-date: /home/jerry/AutoSweeperSystem/AutoSweeperSystem_ws/install/fishbot_interfaces/include/fishbot_interfaces/fishbot_interfaces/msg
[4.617s] -- Up-to-date: /home/jerry/AutoSweeperSystem/AutoSweeperSystem_ws/install/fishbot_interfaces/include/fishbot_interfaces/fishbot_interfaces/msg/rosidl_typesupport_fastrtps_cpp__visibility_control.h
[4.618s] -- Up-to-date: /home/jerry/AutoSweeperSystem/AutoSweeperSystem_ws/install/fishbot_interfaces/include/fishbot_interfaces/fishbot_interfaces/srv
[4.619s] -- Up-to-date: /home/jerry/AutoSweeperSystem/AutoSweeperSystem_ws/install/fishbot_interfaces/include/fishbot_interfaces/fishbot_interfaces/srv/detail
[4.619s] -- Up-to-date: /home/jerry/AutoSweeperSystem/AutoSweeperSystem_ws/install/fishbot_interfaces/include/fishbot_interfaces/fishbot_interfaces/srv/detail/dds_fastrtps
[4.625s] -- Up-to-date: /home/jerry/AutoSweeperSystem/AutoSweeperSystem_ws/install/fishbot_interfaces/include/fishbot_interfaces/fishbot_interfaces/srv/detail/fish_bot_config__rosidl_typesupport_fastrtps_cpp.hpp
[4.654s] -- Up-to-date: /home/jerry/AutoSweeperSystem/AutoSweeperSystem_ws/install/fishbot_interfaces/lib/libfishbot_interfaces__rosidl_typesupport_fastrtps_cpp.so
[4.656s] -- Up-to-date: /home/jerry/AutoSweeperSystem/AutoSweeperSystem_ws/install/fishbot_interfaces/include/fishbot_interfaces/fishbot_interfaces
[4.656s] -- Up-to-date: /home/jerry/AutoSweeperSystem/AutoSweeperSystem_ws/install/fishbot_interfaces/include/fishbot_interfaces/fishbot_interfaces/srv
[4.657s] -- Up-to-date: /home/jerry/AutoSweeperSystem/AutoSweeperSystem_ws/install/fishbot_interfaces/include/fishbot_interfaces/fishbot_interfaces/srv/detail
[4.658s] -- Up-to-date: /home/jerry/AutoSweeperSystem/AutoSweeperSystem_ws/install/fishbot_interfaces/include/fishbot_interfaces/fishbot_interfaces/srv/detail/fish_bot_config__rosidl_typesupport_introspection_cpp.hpp
[4.658s] -- Up-to-date: /home/jerry/AutoSweeperSystem/AutoSweeperSystem_ws/install/fishbot_interfaces/include/fishbot_interfaces/fishbot_interfaces/srv/detail/fish_bot_config__type_support.cpp
[4.687s] -- Up-to-date: /home/jerry/AutoSweeperSystem/AutoSweeperSystem_ws/install/fishbot_interfaces/lib/libfishbot_interfaces__rosidl_typesupport_introspection_cpp.so
[4.707s] -- Up-to-date: /home/jerry/AutoSweeperSystem/AutoSweeperSystem_ws/install/fishbot_interfaces/lib/libfishbot_interfaces__rosidl_typesupport_cpp.so
[4.708s] -- Up-to-date: /home/jerry/AutoSweeperSystem/AutoSweeperSystem_ws/install/fishbot_interfaces/share/fishbot_interfaces/environment/pythonpath.sh
[4.710s] -- Up-to-date: /home/jerry/AutoSweeperSystem/AutoSweeperSystem_ws/install/fishbot_interfaces/share/fishbot_interfaces/environment/pythonpath.dsv
[4.713s] -- Up-to-date: /home/jerry/AutoSweeperSystem/AutoSweeperSystem_ws/install/fishbot_interfaces/local/lib/python3.10/dist-packages/fishbot_interfaces-0.0.0-py3.10.egg-info
[4.714s] -- Installing: /home/jerry/AutoSweeperSystem/AutoSweeperSystem_ws/install/fishbot_interfaces/local/lib/python3.10/dist-packages/fishbot_interfaces-0.0.0-py3.10.egg-info/PKG-INFO
[4.716s] -- Installing: /home/jerry/AutoSweeperSystem/AutoSweeperSystem_ws/install/fishbot_interfaces/local/lib/python3.10/dist-packages/fishbot_interfaces-0.0.0-py3.10.egg-info/top_level.txt
[4.718s] -- Installing: /home/jerry/AutoSweeperSystem/AutoSweeperSystem_ws/install/fishbot_interfaces/local/lib/python3.10/dist-packages/fishbot_interfaces-0.0.0-py3.10.egg-info/SOURCES.txt
[4.721s] -- Installing: /home/jerry/AutoSweeperSystem/AutoSweeperSystem_ws/install/fishbot_interfaces/local/lib/python3.10/dist-packages/fishbot_interfaces-0.0.0-py3.10.egg-info/dependency_links.txt
[4.729s] -- Up-to-date: /home/jerry/AutoSweeperSystem/AutoSweeperSystem_ws/install/fishbot_interfaces/local/lib/python3.10/dist-packages/fishbot_interfaces
[4.730s] -- Up-to-date: /home/jerry/AutoSweeperSystem/AutoSweeperSystem_ws/install/fishbot_interfaces/local/lib/python3.10/dist-packages/fishbot_interfaces/_fishbot_interfaces_s.ep.rosidl_typesupport_fastrtps_c.c
[4.731s] -- Up-to-date: /home/jerry/AutoSweeperSystem/AutoSweeperSystem_ws/install/fishbot_interfaces/local/lib/python3.10/dist-packages/fishbot_interfaces/__init__.py
[4.731s] -- Up-to-date: /home/jerry/AutoSweeperSystem/AutoSweeperSystem_ws/install/fishbot_interfaces/local/lib/python3.10/dist-packages/fishbot_interfaces/fishbot_interfaces_s__rosidl_typesupport_fastrtps_c.cpython-310-aarch64-linux-gnu.so
[4.732s] -- Up-to-date: /home/jerry/AutoSweeperSystem/AutoSweeperSystem_ws/install/fishbot_interfaces/local/lib/python3.10/dist-packages/fishbot_interfaces/fishbot_interfaces_s__rosidl_typesupport_introspection_c.cpython-310-aarch64-linux-gnu.so
[4.733s] -- Up-to-date: /home/jerry/AutoSweeperSystem/AutoSweeperSystem_ws/install/fishbot_interfaces/local/lib/python3.10/dist-packages/fishbot_interfaces/libfishbot_interfaces__rosidl_generator_py.so
[4.733s] -- Up-to-date: /home/jerry/AutoSweeperSystem/AutoSweeperSystem_ws/install/fishbot_interfaces/local/lib/python3.10/dist-packages/fishbot_interfaces/_fishbot_interfaces_s.ep.rosidl_typesupport_c.c
[4.734s] -- Up-to-date: /home/jerry/AutoSweeperSystem/AutoSweeperSystem_ws/install/fishbot_interfaces/local/lib/python3.10/dist-packages/fishbot_interfaces/_fishbot_interfaces_s.ep.rosidl_typesupport_introspection_c.c
[4.735s] -- Up-to-date: /home/jerry/AutoSweeperSystem/AutoSweeperSystem_ws/install/fishbot_interfaces/local/lib/python3.10/dist-packages/fishbot_interfaces/fishbot_interfaces_s__rosidl_typesupport_c.cpython-310-aarch64-linux-gnu.so
[4.736s] -- Up-to-date: /home/jerry/AutoSweeperSystem/AutoSweeperSystem_ws/install/fishbot_interfaces/local/lib/python3.10/dist-packages/fishbot_interfaces/srv
[4.736s] -- Up-to-date: /home/jerry/AutoSweeperSystem/AutoSweeperSystem_ws/install/fishbot_interfaces/local/lib/python3.10/dist-packages/fishbot_interfaces/srv/__init__.py
[4.737s] -- Up-to-date: /home/jerry/AutoSweeperSystem/AutoSweeperSystem_ws/install/fishbot_interfaces/local/lib/python3.10/dist-packages/fishbot_interfaces/srv/_fish_bot_config.py
[4.737s] -- Up-to-date: /home/jerry/AutoSweeperSystem/AutoSweeperSystem_ws/install/fishbot_interfaces/local/lib/python3.10/dist-packages/fishbot_interfaces/srv/_fish_bot_config_s.c
[5.016s] Listing '/home/jerry/AutoSweeperSystem/AutoSweeperSystem_ws/install/fishbot_interfaces/local/lib/python3.10/dist-packages/fishbot_interfaces'...
[5.017s] Listing '/home/jerry/AutoSweeperSystem/AutoSweeperSystem_ws/install/fishbot_interfaces/local/lib/python3.10/dist-packages/fishbot_interfaces/srv'...
[5.063s] -- Up-to-date: /home/jerry/AutoSweeperSystem/AutoSweeperSystem_ws/install/fishbot_interfaces/local/lib/python3.10/dist-packages/fishbot_interfaces/fishbot_interfaces_s__rosidl_typesupport_fastrtps_c.cpython-310-aarch64-linux-gnu.so
[5.075s] -- Up-to-date: /home/jerry/AutoSweeperSystem/AutoSweeperSystem_ws/install/fishbot_interfaces/local/lib/python3.10/dist-packages/fishbot_interfaces/fishbot_interfaces_s__rosidl_typesupport_introspection_c.cpython-310-aarch64-linux-gnu.so
[5.097s] -- Up-to-date: /home/jerry/AutoSweeperSystem/AutoSweeperSystem_ws/install/fishbot_interfaces/local/lib/python3.10/dist-packages/fishbot_interfaces/fishbot_interfaces_s__rosidl_typesupport_c.cpython-310-aarch64-linux-gnu.so
[5.132s] -- Up-to-date: /home/jerry/AutoSweeperSystem/AutoSweeperSystem_ws/install/fishbot_interfaces/lib/libfishbot_interfaces__rosidl_generator_py.so
[5.133s] -- Up-to-date: /home/jerry/AutoSweeperSystem/AutoSweeperSystem_ws/install/fishbot_interfaces/share/fishbot_interfaces/srv/FishBotConfig.idl
[5.134s] -- Up-to-date: /home/jerry/AutoSweeperSystem/AutoSweeperSystem_ws/install/fishbot_interfaces/share/fishbot_interfaces/srv/FishBotConfig.srv
[5.135s] -- Up-to-date: /home/jerry/AutoSweeperSystem/AutoSweeperSystem_ws/install/fishbot_interfaces/share/fishbot_interfaces/srv/FishBotConfig_Request.msg
[5.136s] -- Up-to-date: /home/jerry/AutoSweeperSystem/AutoSweeperSystem_ws/install/fishbot_interfaces/share/fishbot_interfaces/srv/FishBotConfig_Response.msg
[5.137s] -- Up-to-date: /home/jerry/AutoSweeperSystem/AutoSweeperSystem_ws/install/fishbot_interfaces/share/ament_index/resource_index/package_run_dependencies/fishbot_interfaces
[5.143s] -- Up-to-date: /home/jerry/AutoSweeperSystem/AutoSweeperSystem_ws/install/fishbot_interfaces/share/ament_index/resource_index/parent_prefix_path/fishbot_interfaces
[5.143s] -- Up-to-date: /home/jerry/AutoSweeperSystem/AutoSweeperSystem_ws/install/fishbot_interfaces/share/fishbot_interfaces/environment/ament_prefix_path.sh
[5.144s] -- Up-to-date: /home/jerry/AutoSweeperSystem/AutoSweeperSystem_ws/install/fishbot_interfaces/share/fishbot_interfaces/environment/ament_prefix_path.dsv
[5.151s] -- Up-to-date: /home/jerry/AutoSweeperSystem/AutoSweeperSystem_ws/install/fishbot_interfaces/share/fishbot_interfaces/environment/path.sh
[5.154s] -- Up-to-date: /home/jerry/AutoSweeperSystem/AutoSweeperSystem_ws/install/fishbot_interfaces/share/fishbot_interfaces/environment/path.dsv
[5.169s] -- Up-to-date: /home/jerry/AutoSweeperSystem/AutoSweeperSystem_ws/install/fishbot_interfaces/share/fishbot_interfaces/local_setup.bash
[5.170s] -- Up-to-date: /home/jerry/AutoSweeperSystem/AutoSweeperSystem_ws/install/fishbot_interfaces/share/fishbot_interfaces/local_setup.sh
[5.171s] -- Up-to-date: /home/jerry/AutoSweeperSystem/AutoSweeperSystem_ws/install/fishbot_interfaces/share/fishbot_interfaces/local_setup.zsh
[5.172s] -- Up-to-date: /home/jerry/AutoSweeperSystem/AutoSweeperSystem_ws/install/fishbot_interfaces/share/fishbot_interfaces/local_setup.dsv
[5.175s] -- Installing: /home/jerry/AutoSweeperSystem/AutoSweeperSystem_ws/install/fishbot_interfaces/share/fishbot_interfaces/package.dsv
[5.184s] -- Up-to-date: /home/jerry/AutoSweeperSystem/AutoSweeperSystem_ws/install/fishbot_interfaces/share/ament_index/resource_index/packages/fishbot_interfaces
[5.201s] -- Up-to-date: /home/jerry/AutoSweeperSystem/AutoSweeperSystem_ws/install/fishbot_interfaces/share/fishbot_interfaces/cmake/export_fishbot_interfaces__rosidl_generator_cExport.cmake
[5.202s] -- Up-to-date: /home/jerry/AutoSweeperSystem/AutoSweeperSystem_ws/install/fishbot_interfaces/share/fishbot_interfaces/cmake/export_fishbot_interfaces__rosidl_generator_cExport-noconfig.cmake
[5.223s] -- Up-to-date: /home/jerry/AutoSweeperSystem/AutoSweeperSystem_ws/install/fishbot_interfaces/share/fishbot_interfaces/cmake/export_fishbot_interfaces__rosidl_typesupport_fastrtps_cExport.cmake
[5.224s] -- Up-to-date: /home/jerry/AutoSweeperSystem/AutoSweeperSystem_ws/install/fishbot_interfaces/share/fishbot_interfaces/cmake/export_fishbot_interfaces__rosidl_typesupport_fastrtps_cExport-noconfig.cmake
[5.247s] -- Up-to-date: /home/jerry/AutoSweeperSystem/AutoSweeperSystem_ws/install/fishbot_interfaces/share/fishbot_interfaces/cmake/fishbot_interfaces__rosidl_typesupport_introspection_cExport.cmake
[5.249s] -- Up-to-date: /home/jerry/AutoSweeperSystem/AutoSweeperSystem_ws/install/fishbot_interfaces/share/fishbot_interfaces/cmake/fishbot_interfaces__rosidl_typesupport_introspection_cExport-noconfig.cmake
[5.262s] -- Up-to-date: /home/jerry/AutoSweeperSystem/AutoSweeperSystem_ws/install/fishbot_interfaces/share/fishbot_interfaces/cmake/fishbot_interfaces__rosidl_typesupport_cExport.cmake
[5.263s] -- Up-to-date: /home/jerry/AutoSweeperSystem/AutoSweeperSystem_ws/install/fishbot_interfaces/share/fishbot_interfaces/cmake/fishbot_interfaces__rosidl_typesupport_cExport-noconfig.cmake
[5.275s] -- Up-to-date: /home/jerry/AutoSweeperSystem/AutoSweeperSystem_ws/install/fishbot_interfaces/share/fishbot_interfaces/cmake/export_fishbot_interfaces__rosidl_generator_cppExport.cmake
[5.292s] -- Up-to-date: /home/jerry/AutoSweeperSystem/AutoSweeperSystem_ws/install/fishbot_interfaces/share/fishbot_interfaces/cmake/export_fishbot_interfaces__rosidl_typesupport_fastrtps_cppExport.cmake
[5.293s] -- Up-to-date: /home/jerry/AutoSweeperSystem/AutoSweeperSystem_ws/install/fishbot_interfaces/share/fishbot_interfaces/cmake/export_fishbot_interfaces__rosidl_typesupport_fastrtps_cppExport-noconfig.cmake
[5.319s] -- Up-to-date: /home/jerry/AutoSweeperSystem/AutoSweeperSystem_ws/install/fishbot_interfaces/share/fishbot_interfaces/cmake/fishbot_interfaces__rosidl_typesupport_introspection_cppExport.cmake
[5.319s] -- Up-to-date: /home/jerry/AutoSweeperSystem/AutoSweeperSystem_ws/install/fishbot_interfaces/share/fishbot_interfaces/cmake/fishbot_interfaces__rosidl_typesupport_introspection_cppExport-noconfig.cmake
[5.338s] -- Up-to-date: /home/jerry/AutoSweeperSystem/AutoSweeperSystem_ws/install/fishbot_interfaces/share/fishbot_interfaces/cmake/fishbot_interfaces__rosidl_typesupport_cppExport.cmake
[5.339s] -- Up-to-date: /home/jerry/AutoSweeperSystem/AutoSweeperSystem_ws/install/fishbot_interfaces/share/fishbot_interfaces/cmake/fishbot_interfaces__rosidl_typesupport_cppExport-noconfig.cmake
[5.358s] -- Up-to-date: /home/jerry/AutoSweeperSystem/AutoSweeperSystem_ws/install/fishbot_interfaces/share/fishbot_interfaces/cmake/export_fishbot_interfaces__rosidl_generator_pyExport.cmake
[5.370s] -- Up-to-date: /home/jerry/AutoSweeperSystem/AutoSweeperSystem_ws/install/fishbot_interfaces/share/fishbot_interfaces/cmake/export_fishbot_interfaces__rosidl_generator_pyExport-noconfig.cmake
[5.371s] -- Up-to-date: /home/jerry/AutoSweeperSystem/AutoSweeperSystem_ws/install/fishbot_interfaces/share/fishbot_interfaces/cmake/rosidl_cmake-extras.cmake
[5.372s] -- Up-to-date: /home/jerry/AutoSweeperSystem/AutoSweeperSystem_ws/install/fishbot_interfaces/share/fishbot_interfaces/cmake/ament_cmake_export_include_directories-extras.cmake
[5.373s] -- Up-to-date: /home/jerry/AutoSweeperSystem/AutoSweeperSystem_ws/install/fishbot_interfaces/share/fishbot_interfaces/cmake/ament_cmake_export_libraries-extras.cmake
[5.377s] -- Up-to-date: /home/jerry/AutoSweeperSystem/AutoSweeperSystem_ws/install/fishbot_interfaces/share/fishbot_interfaces/cmake/ament_cmake_export_targets-extras.cmake
[5.378s] -- Up-to-date: /home/jerry/AutoSweeperSystem/AutoSweeperSystem_ws/install/fishbot_interfaces/share/fishbot_interfaces/cmake/rosidl_cmake_export_typesupport_targets-extras.cmake
[5.378s] -- Up-to-date: /home/jerry/AutoSweeperSystem/AutoSweeperSystem_ws/install/fishbot_interfaces/share/fishbot_interfaces/cmake/ament_cmake_export_dependencies-extras.cmake
[5.379s] -- Up-to-date: /home/jerry/AutoSweeperSystem/AutoSweeperSystem_ws/install/fishbot_interfaces/share/fishbot_interfaces/cmake/rosidl_cmake_export_typesupport_libraries-extras.cmake
[5.379s] -- Up-to-date: /home/jerry/AutoSweeperSystem/AutoSweeperSystem_ws/install/fishbot_interfaces/share/fishbot_interfaces/cmake/fishbot_interfacesConfig.cmake
[5.380s] -- Up-to-date: /home/jerry/AutoSweeperSystem/AutoSweeperSystem_ws/install/fishbot_interfaces/share/fishbot_interfaces/cmake/fishbot_interfacesConfig-version.cmake
[5.381s] -- Up-to-date: /home/jerry/AutoSweeperSystem/AutoSweeperSystem_ws/install/fishbot_interfaces/share/fishbot_interfaces/package.xml
[5.392s] Invoked command in '/home/jerry/AutoSweeperSystem/AutoSweeperSystem_ws/build/fishbot_interfaces' returned '0': CMAKE_PREFIX_PATH=${CMAKE_PREFIX_PATH}:/home/jerry/AutoSweeperSystem/AutoSweeperSystem_ws/install/autosweeper_robot:/opt/ros/humble /usr/bin/cmake --install /home/jerry/AutoSweeperSystem/AutoSweeperSystem_ws/build/fishbot_interfaces
