[1.010s] DEBUG:colcon:Command line arguments: ['/usr/bin/colcon', 'build']
[1.011s] DEBUG:colcon:Parsed command line arguments: Namespace(log_base=None, log_level=None, verb_name='build', build_base='build', install_base='install', merge_install=False, symlink_install=False, test_result_base=None, continue_on_error=False, executor='parallel', parallel_workers=4, event_handlers=None, ignore_user_meta=False, metas=['./colcon.meta'], base_paths=['.'], packages_ignore=None, packages_ignore_regex=None, paths=None, packages_up_to=None, packages_up_to_regex=None, packages_above=None, packages_above_and_dependencies=None, packages_above_depth=None, packages_select_by_dep=None, packages_skip_by_dep=None, packages_skip_up_to=None, packages_select_build_failed=False, packages_skip_build_finished=False, packages_select_test_failures=False, packages_skip_test_passed=False, packages_select=None, packages_skip=None, packages_select_regex=None, packages_skip_regex=None, packages_start=None, packages_end=None, allow_overriding=[], cmake_args=None, cmake_target=None, cmake_target_skip_unavailable=False, cmake_clean_cache=False, cmake_clean_first=False, cmake_force_configure=False, ament_cmake_args=None, catkin_cmake_args=None, catkin_skip_building_tests=False, verb_parser=<colcon_defaults.argument_parser.defaults.DefaultArgumentsDecorator object at 0xffffba2ac670>, verb_extension=<colcon_core.verb.build.BuildVerb object at 0xffffba441ae0>, main=<bound method BuildVerb.main of <colcon_core.verb.build.BuildVerb object at 0xffffba441ae0>>)
[2.339s] Level 1:colcon.colcon_core.package_discovery:discover_packages(colcon_meta) check parameters
[2.340s] Level 1:colcon.colcon_core.package_discovery:discover_packages(recursive) check parameters
[2.340s] Level 1:colcon.colcon_core.package_discovery:discover_packages(ignore) check parameters
[2.341s] Level 1:colcon.colcon_core.package_discovery:discover_packages(path) check parameters
[2.341s] Level 1:colcon.colcon_core.package_discovery:discover_packages(colcon_meta) discover
[2.342s] Level 1:colcon.colcon_core.package_discovery:discover_packages(recursive) discover
[2.342s] INFO:colcon.colcon_core.package_discovery:Crawling recursively for packages in '/home/jerry/AutoSweeperSystem/AutoSweeperSystem_ws'
[2.343s] Level 1:colcon.colcon_core.package_identification:_identify(.) by extensions ['ignore', 'ignore_ament_install']
[2.344s] Level 1:colcon.colcon_core.package_identification:_identify(.) by extension 'ignore'
[2.344s] Level 1:colcon.colcon_core.package_identification:_identify(.) by extension 'ignore_ament_install'
[2.344s] Level 1:colcon.colcon_core.package_identification:_identify(.) by extensions ['colcon_pkg']
[2.344s] Level 1:colcon.colcon_core.package_identification:_identify(.) by extension 'colcon_pkg'
[2.345s] Level 1:colcon.colcon_core.package_identification:_identify(.) by extensions ['colcon_meta']
[2.345s] Level 1:colcon.colcon_core.package_identification:_identify(.) by extension 'colcon_meta'
[2.345s] Level 1:colcon.colcon_core.package_identification:_identify(.) by extensions ['ros']
[2.346s] Level 1:colcon.colcon_core.package_identification:_identify(.) by extension 'ros'
[2.427s] Level 1:colcon.colcon_core.package_identification:_identify(.) by extensions ['cmake', 'python']
[2.428s] Level 1:colcon.colcon_core.package_identification:_identify(.) by extension 'cmake'
[2.429s] Level 1:colcon.colcon_core.package_identification:_identify(.) by extension 'python'
[2.430s] Level 1:colcon.colcon_core.package_identification:_identify(.) by extensions ['python_setup_py']
[2.430s] Level 1:colcon.colcon_core.package_identification:_identify(.) by extension 'python_setup_py'
[2.432s] Level 1:colcon.colcon_core.package_identification:_identify(build) by extensions ['ignore', 'ignore_ament_install']
[2.433s] Level 1:colcon.colcon_core.package_identification:_identify(build) by extension 'ignore'
[2.433s] Level 1:colcon.colcon_core.package_identification:_identify(build) ignored
[2.434s] Level 1:colcon.colcon_core.package_identification:_identify(install) by extensions ['ignore', 'ignore_ament_install']
[2.435s] Level 1:colcon.colcon_core.package_identification:_identify(install) by extension 'ignore'
[2.435s] Level 1:colcon.colcon_core.package_identification:_identify(install) ignored
[2.436s] Level 1:colcon.colcon_core.package_identification:_identify(log) by extensions ['ignore', 'ignore_ament_install']
[2.436s] Level 1:colcon.colcon_core.package_identification:_identify(log) by extension 'ignore'
[2.436s] Level 1:colcon.colcon_core.package_identification:_identify(log) ignored
[2.437s] Level 1:colcon.colcon_core.package_identification:_identify(src) by extensions ['ignore', 'ignore_ament_install']
[2.438s] Level 1:colcon.colcon_core.package_identification:_identify(src) by extension 'ignore'
[2.438s] Level 1:colcon.colcon_core.package_identification:_identify(src) by extension 'ignore_ament_install'
[2.439s] Level 1:colcon.colcon_core.package_identification:_identify(src) by extensions ['colcon_pkg']
[2.439s] Level 1:colcon.colcon_core.package_identification:_identify(src) by extension 'colcon_pkg'
[2.439s] Level 1:colcon.colcon_core.package_identification:_identify(src) by extensions ['colcon_meta']
[2.440s] Level 1:colcon.colcon_core.package_identification:_identify(src) by extension 'colcon_meta'
[2.440s] Level 1:colcon.colcon_core.package_identification:_identify(src) by extensions ['ros']
[2.440s] Level 1:colcon.colcon_core.package_identification:_identify(src) by extension 'ros'
[2.441s] Level 1:colcon.colcon_core.package_identification:_identify(src) by extensions ['cmake', 'python']
[2.442s] Level 1:colcon.colcon_core.package_identification:_identify(src) by extension 'cmake'
[2.442s] Level 1:colcon.colcon_core.package_identification:_identify(src) by extension 'python'
[2.442s] Level 1:colcon.colcon_core.package_identification:_identify(src) by extensions ['python_setup_py']
[2.442s] Level 1:colcon.colcon_core.package_identification:_identify(src) by extension 'python_setup_py'
[2.443s] Level 1:colcon.colcon_core.package_identification:_identify(src/autosweeper_robot) by extensions ['ignore', 'ignore_ament_install']
[2.443s] Level 1:colcon.colcon_core.package_identification:_identify(src/autosweeper_robot) by extension 'ignore'
[2.444s] Level 1:colcon.colcon_core.package_identification:_identify(src/autosweeper_robot) by extension 'ignore_ament_install'
[2.444s] Level 1:colcon.colcon_core.package_identification:_identify(src/autosweeper_robot) by extensions ['colcon_pkg']
[2.445s] Level 1:colcon.colcon_core.package_identification:_identify(src/autosweeper_robot) by extension 'colcon_pkg'
[2.445s] Level 1:colcon.colcon_core.package_identification:_identify(src/autosweeper_robot) by extensions ['colcon_meta']
[2.445s] Level 1:colcon.colcon_core.package_identification:_identify(src/autosweeper_robot) by extension 'colcon_meta'
[2.446s] Level 1:colcon.colcon_core.package_identification:_identify(src/autosweeper_robot) by extensions ['ros']
[2.446s] Level 1:colcon.colcon_core.package_identification:_identify(src/autosweeper_robot) by extension 'ros'
[2.461s] DEBUG:colcon.colcon_core.package_identification:Package 'src/autosweeper_robot' with type 'ros.ament_python' and name 'autosweeper_robot'
[2.462s] Level 1:colcon.colcon_core.package_identification:_identify(src/fishbot_bringup) by extensions ['ignore', 'ignore_ament_install']
[2.463s] Level 1:colcon.colcon_core.package_identification:_identify(src/fishbot_bringup) by extension 'ignore'
[2.463s] Level 1:colcon.colcon_core.package_identification:_identify(src/fishbot_bringup) by extension 'ignore_ament_install'
[2.463s] Level 1:colcon.colcon_core.package_identification:_identify(src/fishbot_bringup) by extensions ['colcon_pkg']
[2.463s] Level 1:colcon.colcon_core.package_identification:_identify(src/fishbot_bringup) by extension 'colcon_pkg'
[2.464s] Level 1:colcon.colcon_core.package_identification:_identify(src/fishbot_bringup) by extensions ['colcon_meta']
[2.464s] Level 1:colcon.colcon_core.package_identification:_identify(src/fishbot_bringup) by extension 'colcon_meta'
[2.464s] Level 1:colcon.colcon_core.package_identification:_identify(src/fishbot_bringup) by extensions ['ros']
[2.464s] Level 1:colcon.colcon_core.package_identification:_identify(src/fishbot_bringup) by extension 'ros'
[2.466s] DEBUG:colcon.colcon_core.package_identification:Package 'src/fishbot_bringup' with type 'ros.ament_cmake' and name 'fishbot_bringup'
[2.467s] Level 1:colcon.colcon_core.package_identification:_identify(src/fishbot_description) by extensions ['ignore', 'ignore_ament_install']
[2.468s] Level 1:colcon.colcon_core.package_identification:_identify(src/fishbot_description) by extension 'ignore'
[2.468s] Level 1:colcon.colcon_core.package_identification:_identify(src/fishbot_description) by extension 'ignore_ament_install'
[2.468s] Level 1:colcon.colcon_core.package_identification:_identify(src/fishbot_description) by extensions ['colcon_pkg']
[2.469s] Level 1:colcon.colcon_core.package_identification:_identify(src/fishbot_description) by extension 'colcon_pkg'
[2.469s] Level 1:colcon.colcon_core.package_identification:_identify(src/fishbot_description) by extensions ['colcon_meta']
[2.469s] Level 1:colcon.colcon_core.package_identification:_identify(src/fishbot_description) by extension 'colcon_meta'
[2.469s] Level 1:colcon.colcon_core.package_identification:_identify(src/fishbot_description) by extensions ['ros']
[2.470s] Level 1:colcon.colcon_core.package_identification:_identify(src/fishbot_description) by extension 'ros'
[2.473s] DEBUG:colcon.colcon_core.package_identification:Package 'src/fishbot_description' with type 'ros.ament_cmake' and name 'fishbot_description'
[2.474s] Level 1:colcon.colcon_core.package_identification:_identify(src/fishbot_navigation2) by extensions ['ignore', 'ignore_ament_install']
[2.475s] Level 1:colcon.colcon_core.package_identification:_identify(src/fishbot_navigation2) by extension 'ignore'
[2.475s] Level 1:colcon.colcon_core.package_identification:_identify(src/fishbot_navigation2) by extension 'ignore_ament_install'
[2.476s] Level 1:colcon.colcon_core.package_identification:_identify(src/fishbot_navigation2) by extensions ['colcon_pkg']
[2.476s] Level 1:colcon.colcon_core.package_identification:_identify(src/fishbot_navigation2) by extension 'colcon_pkg'
[2.477s] Level 1:colcon.colcon_core.package_identification:_identify(src/fishbot_navigation2) by extensions ['colcon_meta']
[2.477s] Level 1:colcon.colcon_core.package_identification:_identify(src/fishbot_navigation2) by extension 'colcon_meta'
[2.477s] Level 1:colcon.colcon_core.package_identification:_identify(src/fishbot_navigation2) by extensions ['ros']
[2.478s] Level 1:colcon.colcon_core.package_identification:_identify(src/fishbot_navigation2) by extension 'ros'
[2.481s] DEBUG:colcon.colcon_core.package_identification:Package 'src/fishbot_navigation2' with type 'ros.ament_cmake' and name 'fishbot_navigation2'
[2.482s] Level 1:colcon.colcon_core.package_identification:_identify(src/m1ct_d2) by extensions ['ignore', 'ignore_ament_install']
[2.482s] Level 1:colcon.colcon_core.package_identification:_identify(src/m1ct_d2) by extension 'ignore'
[2.482s] Level 1:colcon.colcon_core.package_identification:_identify(src/m1ct_d2) by extension 'ignore_ament_install'
[2.483s] Level 1:colcon.colcon_core.package_identification:_identify(src/m1ct_d2) by extensions ['colcon_pkg']
[2.483s] Level 1:colcon.colcon_core.package_identification:_identify(src/m1ct_d2) by extension 'colcon_pkg'
[2.484s] Level 1:colcon.colcon_core.package_identification:_identify(src/m1ct_d2) by extensions ['colcon_meta']
[2.484s] Level 1:colcon.colcon_core.package_identification:_identify(src/m1ct_d2) by extension 'colcon_meta'
[2.484s] Level 1:colcon.colcon_core.package_identification:_identify(src/m1ct_d2) by extensions ['ros']
[2.484s] Level 1:colcon.colcon_core.package_identification:_identify(src/m1ct_d2) by extension 'ros'
[2.487s] DEBUG:colcon.colcon_core.package_identification:Package 'src/m1ct_d2' with type 'ros.ament_cmake' and name 'm1ct_d2'
[2.488s] Level 1:colcon.colcon_core.package_identification:_identify(src/micro-ROS-Agent) by extensions ['ignore', 'ignore_ament_install']
[2.488s] Level 1:colcon.colcon_core.package_identification:_identify(src/micro-ROS-Agent) by extension 'ignore'
[2.489s] Level 1:colcon.colcon_core.package_identification:_identify(src/micro-ROS-Agent) by extension 'ignore_ament_install'
[2.489s] Level 1:colcon.colcon_core.package_identification:_identify(src/micro-ROS-Agent) by extensions ['colcon_pkg']
[2.490s] Level 1:colcon.colcon_core.package_identification:_identify(src/micro-ROS-Agent) by extension 'colcon_pkg'
[2.490s] Level 1:colcon.colcon_core.package_identification:_identify(src/micro-ROS-Agent) by extensions ['colcon_meta']
[2.490s] Level 1:colcon.colcon_core.package_identification:_identify(src/micro-ROS-Agent) by extension 'colcon_meta'
[2.491s] Level 1:colcon.colcon_core.package_identification:_identify(src/micro-ROS-Agent) by extensions ['ros']
[2.491s] Level 1:colcon.colcon_core.package_identification:_identify(src/micro-ROS-Agent) by extension 'ros'
[2.492s] Level 1:colcon.colcon_core.package_identification:_identify(src/micro-ROS-Agent) by extensions ['cmake', 'python']
[2.492s] Level 1:colcon.colcon_core.package_identification:_identify(src/micro-ROS-Agent) by extension 'cmake'
[2.493s] Level 1:colcon.colcon_core.package_identification:_identify(src/micro-ROS-Agent) by extension 'python'
[2.493s] Level 1:colcon.colcon_core.package_identification:_identify(src/micro-ROS-Agent) by extensions ['python_setup_py']
[2.493s] Level 1:colcon.colcon_core.package_identification:_identify(src/micro-ROS-Agent) by extension 'python_setup_py'
[2.494s] Level 1:colcon.colcon_core.package_identification:_identify(src/micro-ROS-Agent/micro_ros_agent) by extensions ['ignore', 'ignore_ament_install']
[2.494s] Level 1:colcon.colcon_core.package_identification:_identify(src/micro-ROS-Agent/micro_ros_agent) by extension 'ignore'
[2.494s] Level 1:colcon.colcon_core.package_identification:_identify(src/micro-ROS-Agent/micro_ros_agent) by extension 'ignore_ament_install'
[2.495s] Level 1:colcon.colcon_core.package_identification:_identify(src/micro-ROS-Agent/micro_ros_agent) by extensions ['colcon_pkg']
[2.495s] Level 1:colcon.colcon_core.package_identification:_identify(src/micro-ROS-Agent/micro_ros_agent) by extension 'colcon_pkg'
[2.495s] Level 1:colcon.colcon_core.package_identification:_identify(src/micro-ROS-Agent/micro_ros_agent) by extensions ['colcon_meta']
[2.495s] Level 1:colcon.colcon_core.package_identification:_identify(src/micro-ROS-Agent/micro_ros_agent) by extension 'colcon_meta'
[2.495s] Level 1:colcon.colcon_core.package_identification:_identify(src/micro-ROS-Agent/micro_ros_agent) by extensions ['ros']
[2.496s] Level 1:colcon.colcon_core.package_identification:_identify(src/micro-ROS-Agent/micro_ros_agent) by extension 'ros'
[2.500s] DEBUG:colcon.colcon_core.package_identification:Package 'src/micro-ROS-Agent/micro_ros_agent' with type 'ros.ament_cmake' and name 'micro_ros_agent'
[2.501s] Level 1:colcon.colcon_core.package_identification:_identify(src/micro-ROS-Agent/snap) by extensions ['ignore', 'ignore_ament_install']
[2.502s] Level 1:colcon.colcon_core.package_identification:_identify(src/micro-ROS-Agent/snap) by extension 'ignore'
[2.502s] Level 1:colcon.colcon_core.package_identification:_identify(src/micro-ROS-Agent/snap) by extension 'ignore_ament_install'
[2.503s] Level 1:colcon.colcon_core.package_identification:_identify(src/micro-ROS-Agent/snap) by extensions ['colcon_pkg']
[2.503s] Level 1:colcon.colcon_core.package_identification:_identify(src/micro-ROS-Agent/snap) by extension 'colcon_pkg'
[2.504s] Level 1:colcon.colcon_core.package_identification:_identify(src/micro-ROS-Agent/snap) by extensions ['colcon_meta']
[2.504s] Level 1:colcon.colcon_core.package_identification:_identify(src/micro-ROS-Agent/snap) by extension 'colcon_meta'
[2.505s] Level 1:colcon.colcon_core.package_identification:_identify(src/micro-ROS-Agent/snap) by extensions ['ros']
[2.506s] Level 1:colcon.colcon_core.package_identification:_identify(src/micro-ROS-Agent/snap) by extension 'ros'
[2.506s] Level 1:colcon.colcon_core.package_identification:_identify(src/micro-ROS-Agent/snap) by extensions ['cmake', 'python']
[2.507s] Level 1:colcon.colcon_core.package_identification:_identify(src/micro-ROS-Agent/snap) by extension 'cmake'
[2.507s] Level 1:colcon.colcon_core.package_identification:_identify(src/micro-ROS-Agent/snap) by extension 'python'
[2.508s] Level 1:colcon.colcon_core.package_identification:_identify(src/micro-ROS-Agent/snap) by extensions ['python_setup_py']
[2.508s] Level 1:colcon.colcon_core.package_identification:_identify(src/micro-ROS-Agent/snap) by extension 'python_setup_py'
[2.509s] Level 1:colcon.colcon_core.package_identification:_identify(src/micro-ROS-Agent/snap/hooks) by extensions ['ignore', 'ignore_ament_install']
[2.509s] Level 1:colcon.colcon_core.package_identification:_identify(src/micro-ROS-Agent/snap/hooks) by extension 'ignore'
[2.510s] Level 1:colcon.colcon_core.package_identification:_identify(src/micro-ROS-Agent/snap/hooks) by extension 'ignore_ament_install'
[2.510s] Level 1:colcon.colcon_core.package_identification:_identify(src/micro-ROS-Agent/snap/hooks) by extensions ['colcon_pkg']
[2.510s] Level 1:colcon.colcon_core.package_identification:_identify(src/micro-ROS-Agent/snap/hooks) by extension 'colcon_pkg'
[2.511s] Level 1:colcon.colcon_core.package_identification:_identify(src/micro-ROS-Agent/snap/hooks) by extensions ['colcon_meta']
[2.511s] Level 1:colcon.colcon_core.package_identification:_identify(src/micro-ROS-Agent/snap/hooks) by extension 'colcon_meta'
[2.511s] Level 1:colcon.colcon_core.package_identification:_identify(src/micro-ROS-Agent/snap/hooks) by extensions ['ros']
[2.511s] Level 1:colcon.colcon_core.package_identification:_identify(src/micro-ROS-Agent/snap/hooks) by extension 'ros'
[2.512s] Level 1:colcon.colcon_core.package_identification:_identify(src/micro-ROS-Agent/snap/hooks) by extensions ['cmake', 'python']
[2.512s] Level 1:colcon.colcon_core.package_identification:_identify(src/micro-ROS-Agent/snap/hooks) by extension 'cmake'
[2.512s] Level 1:colcon.colcon_core.package_identification:_identify(src/micro-ROS-Agent/snap/hooks) by extension 'python'
[2.512s] Level 1:colcon.colcon_core.package_identification:_identify(src/micro-ROS-Agent/snap/hooks) by extensions ['python_setup_py']
[2.513s] Level 1:colcon.colcon_core.package_identification:_identify(src/micro-ROS-Agent/snap/hooks) by extension 'python_setup_py'
[2.513s] Level 1:colcon.colcon_core.package_identification:_identify(src/micro-ROS-Agent/snap/local) by extensions ['ignore', 'ignore_ament_install']
[2.514s] Level 1:colcon.colcon_core.package_identification:_identify(src/micro-ROS-Agent/snap/local) by extension 'ignore'
[2.514s] Level 1:colcon.colcon_core.package_identification:_identify(src/micro-ROS-Agent/snap/local) by extension 'ignore_ament_install'
[2.515s] Level 1:colcon.colcon_core.package_identification:_identify(src/micro-ROS-Agent/snap/local) by extensions ['colcon_pkg']
[2.515s] Level 1:colcon.colcon_core.package_identification:_identify(src/micro-ROS-Agent/snap/local) by extension 'colcon_pkg'
[2.515s] Level 1:colcon.colcon_core.package_identification:_identify(src/micro-ROS-Agent/snap/local) by extensions ['colcon_meta']
[2.515s] Level 1:colcon.colcon_core.package_identification:_identify(src/micro-ROS-Agent/snap/local) by extension 'colcon_meta'
[2.516s] Level 1:colcon.colcon_core.package_identification:_identify(src/micro-ROS-Agent/snap/local) by extensions ['ros']
[2.516s] Level 1:colcon.colcon_core.package_identification:_identify(src/micro-ROS-Agent/snap/local) by extension 'ros'
[2.517s] Level 1:colcon.colcon_core.package_identification:_identify(src/micro-ROS-Agent/snap/local) by extensions ['cmake', 'python']
[2.517s] Level 1:colcon.colcon_core.package_identification:_identify(src/micro-ROS-Agent/snap/local) by extension 'cmake'
[2.518s] Level 1:colcon.colcon_core.package_identification:_identify(src/micro-ROS-Agent/snap/local) by extension 'python'
[2.518s] Level 1:colcon.colcon_core.package_identification:_identify(src/micro-ROS-Agent/snap/local) by extensions ['python_setup_py']
[2.518s] Level 1:colcon.colcon_core.package_identification:_identify(src/micro-ROS-Agent/snap/local) by extension 'python_setup_py'
[2.519s] Level 1:colcon.colcon_core.package_identification:_identify(src/micro_ros_msgs) by extensions ['ignore', 'ignore_ament_install']
[2.520s] Level 1:colcon.colcon_core.package_identification:_identify(src/micro_ros_msgs) by extension 'ignore'
[2.520s] Level 1:colcon.colcon_core.package_identification:_identify(src/micro_ros_msgs) by extension 'ignore_ament_install'
[2.520s] Level 1:colcon.colcon_core.package_identification:_identify(src/micro_ros_msgs) by extensions ['colcon_pkg']
[2.521s] Level 1:colcon.colcon_core.package_identification:_identify(src/micro_ros_msgs) by extension 'colcon_pkg'
[2.521s] Level 1:colcon.colcon_core.package_identification:_identify(src/micro_ros_msgs) by extensions ['colcon_meta']
[2.522s] Level 1:colcon.colcon_core.package_identification:_identify(src/micro_ros_msgs) by extension 'colcon_meta'
[2.522s] Level 1:colcon.colcon_core.package_identification:_identify(src/micro_ros_msgs) by extensions ['ros']
[2.523s] Level 1:colcon.colcon_core.package_identification:_identify(src/micro_ros_msgs) by extension 'ros'
[2.526s] DEBUG:colcon.colcon_core.package_identification:Package 'src/micro_ros_msgs' with type 'ros.ament_cmake' and name 'micro_ros_msgs'
[2.527s] Level 1:colcon.colcon_core.package_discovery:discover_packages(recursive) using defaults
[2.527s] Level 1:colcon.colcon_core.package_discovery:discover_packages(ignore) discover
[2.527s] Level 1:colcon.colcon_core.package_discovery:discover_packages(ignore) using defaults
[2.528s] Level 1:colcon.colcon_core.package_discovery:discover_packages(path) discover
[2.528s] Level 1:colcon.colcon_core.package_discovery:discover_packages(path) using defaults
[2.709s] Level 1:colcon.colcon_core.package_discovery:discover_packages(prefix_path) check parameters
[2.710s] Level 1:colcon.colcon_core.package_discovery:discover_packages(prefix_path) discover
[2.728s] DEBUG:colcon.colcon_installed_package_information.package_discovery:Found 9 installed packages in /home/jerry/AutoSweeperSystem/AutoSweeperSystem_ws/install
[2.741s] DEBUG:colcon.colcon_installed_package_information.package_discovery:Found 326 installed packages in /opt/ros/humble
[2.752s] Level 1:colcon.colcon_core.package_discovery:discover_packages(prefix_path) using defaults
[3.047s] Level 5:colcon.colcon_core.verb:set package 'autosweeper_robot' build argument 'cmake_args' from command line to 'None'
[3.048s] Level 5:colcon.colcon_core.verb:set package 'autosweeper_robot' build argument 'cmake_target' from command line to 'None'
[3.048s] Level 5:colcon.colcon_core.verb:set package 'autosweeper_robot' build argument 'cmake_target_skip_unavailable' from command line to 'False'
[3.049s] Level 5:colcon.colcon_core.verb:set package 'autosweeper_robot' build argument 'cmake_clean_cache' from command line to 'False'
[3.049s] Level 5:colcon.colcon_core.verb:set package 'autosweeper_robot' build argument 'cmake_clean_first' from command line to 'False'
[3.049s] Level 5:colcon.colcon_core.verb:set package 'autosweeper_robot' build argument 'cmake_force_configure' from command line to 'False'
[3.049s] Level 5:colcon.colcon_core.verb:set package 'autosweeper_robot' build argument 'ament_cmake_args' from command line to 'None'
[3.050s] Level 5:colcon.colcon_core.verb:set package 'autosweeper_robot' build argument 'catkin_cmake_args' from command line to 'None'
[3.050s] Level 5:colcon.colcon_core.verb:set package 'autosweeper_robot' build argument 'catkin_skip_building_tests' from command line to 'False'
[3.050s] DEBUG:colcon.colcon_core.verb:Building package 'autosweeper_robot' with the following arguments: {'ament_cmake_args': None, 'build_base': '/home/jerry/AutoSweeperSystem/AutoSweeperSystem_ws/build/autosweeper_robot', 'catkin_cmake_args': None, 'catkin_skip_building_tests': False, 'cmake_args': None, 'cmake_clean_cache': False, 'cmake_clean_first': False, 'cmake_force_configure': False, 'cmake_target': None, 'cmake_target_skip_unavailable': False, 'install_base': '/home/jerry/AutoSweeperSystem/AutoSweeperSystem_ws/install/autosweeper_robot', 'merge_install': False, 'path': '/home/jerry/AutoSweeperSystem/AutoSweeperSystem_ws/src/autosweeper_robot', 'symlink_install': False, 'test_result_base': None}
[3.053s] Level 5:colcon.colcon_core.verb:set package 'fishbot_bringup' build argument 'cmake_args' from command line to 'None'
[3.053s] Level 5:colcon.colcon_core.verb:set package 'fishbot_bringup' build argument 'cmake_target' from command line to 'None'
[3.053s] Level 5:colcon.colcon_core.verb:set package 'fishbot_bringup' build argument 'cmake_target_skip_unavailable' from command line to 'False'
[3.054s] Level 5:colcon.colcon_core.verb:set package 'fishbot_bringup' build argument 'cmake_clean_cache' from command line to 'False'
[3.054s] Level 5:colcon.colcon_core.verb:set package 'fishbot_bringup' build argument 'cmake_clean_first' from command line to 'False'
[3.054s] Level 5:colcon.colcon_core.verb:set package 'fishbot_bringup' build argument 'cmake_force_configure' from command line to 'False'
[3.054s] Level 5:colcon.colcon_core.verb:set package 'fishbot_bringup' build argument 'ament_cmake_args' from command line to 'None'
[3.054s] Level 5:colcon.colcon_core.verb:set package 'fishbot_bringup' build argument 'catkin_cmake_args' from command line to 'None'
[3.054s] Level 5:colcon.colcon_core.verb:set package 'fishbot_bringup' build argument 'catkin_skip_building_tests' from command line to 'False'
[3.054s] DEBUG:colcon.colcon_core.verb:Building package 'fishbot_bringup' with the following arguments: {'ament_cmake_args': None, 'build_base': '/home/jerry/AutoSweeperSystem/AutoSweeperSystem_ws/build/fishbot_bringup', 'catkin_cmake_args': None, 'catkin_skip_building_tests': False, 'cmake_args': None, 'cmake_clean_cache': False, 'cmake_clean_first': False, 'cmake_force_configure': False, 'cmake_target': None, 'cmake_target_skip_unavailable': False, 'install_base': '/home/jerry/AutoSweeperSystem/AutoSweeperSystem_ws/install/fishbot_bringup', 'merge_install': False, 'path': '/home/jerry/AutoSweeperSystem/AutoSweeperSystem_ws/src/fishbot_bringup', 'symlink_install': False, 'test_result_base': None}
[3.056s] Level 5:colcon.colcon_core.verb:set package 'fishbot_description' build argument 'cmake_args' from command line to 'None'
[3.056s] Level 5:colcon.colcon_core.verb:set package 'fishbot_description' build argument 'cmake_target' from command line to 'None'
[3.056s] Level 5:colcon.colcon_core.verb:set package 'fishbot_description' build argument 'cmake_target_skip_unavailable' from command line to 'False'
[3.056s] Level 5:colcon.colcon_core.verb:set package 'fishbot_description' build argument 'cmake_clean_cache' from command line to 'False'
[3.057s] Level 5:colcon.colcon_core.verb:set package 'fishbot_description' build argument 'cmake_clean_first' from command line to 'False'
[3.057s] Level 5:colcon.colcon_core.verb:set package 'fishbot_description' build argument 'cmake_force_configure' from command line to 'False'
[3.057s] Level 5:colcon.colcon_core.verb:set package 'fishbot_description' build argument 'ament_cmake_args' from command line to 'None'
[3.057s] Level 5:colcon.colcon_core.verb:set package 'fishbot_description' build argument 'catkin_cmake_args' from command line to 'None'
[3.058s] Level 5:colcon.colcon_core.verb:set package 'fishbot_description' build argument 'catkin_skip_building_tests' from command line to 'False'
[3.058s] DEBUG:colcon.colcon_core.verb:Building package 'fishbot_description' with the following arguments: {'ament_cmake_args': None, 'build_base': '/home/jerry/AutoSweeperSystem/AutoSweeperSystem_ws/build/fishbot_description', 'catkin_cmake_args': None, 'catkin_skip_building_tests': False, 'cmake_args': None, 'cmake_clean_cache': False, 'cmake_clean_first': False, 'cmake_force_configure': False, 'cmake_target': None, 'cmake_target_skip_unavailable': False, 'install_base': '/home/jerry/AutoSweeperSystem/AutoSweeperSystem_ws/install/fishbot_description', 'merge_install': False, 'path': '/home/jerry/AutoSweeperSystem/AutoSweeperSystem_ws/src/fishbot_description', 'symlink_install': False, 'test_result_base': None}
[3.059s] Level 5:colcon.colcon_core.verb:set package 'fishbot_navigation2' build argument 'cmake_args' from command line to 'None'
[3.060s] Level 5:colcon.colcon_core.verb:set package 'fishbot_navigation2' build argument 'cmake_target' from command line to 'None'
[3.060s] Level 5:colcon.colcon_core.verb:set package 'fishbot_navigation2' build argument 'cmake_target_skip_unavailable' from command line to 'False'
[3.060s] Level 5:colcon.colcon_core.verb:set package 'fishbot_navigation2' build argument 'cmake_clean_cache' from command line to 'False'
[3.061s] Level 5:colcon.colcon_core.verb:set package 'fishbot_navigation2' build argument 'cmake_clean_first' from command line to 'False'
[3.061s] Level 5:colcon.colcon_core.verb:set package 'fishbot_navigation2' build argument 'cmake_force_configure' from command line to 'False'
[3.061s] Level 5:colcon.colcon_core.verb:set package 'fishbot_navigation2' build argument 'ament_cmake_args' from command line to 'None'
[3.061s] Level 5:colcon.colcon_core.verb:set package 'fishbot_navigation2' build argument 'catkin_cmake_args' from command line to 'None'
[3.062s] Level 5:colcon.colcon_core.verb:set package 'fishbot_navigation2' build argument 'catkin_skip_building_tests' from command line to 'False'
[3.062s] DEBUG:colcon.colcon_core.verb:Building package 'fishbot_navigation2' with the following arguments: {'ament_cmake_args': None, 'build_base': '/home/jerry/AutoSweeperSystem/AutoSweeperSystem_ws/build/fishbot_navigation2', 'catkin_cmake_args': None, 'catkin_skip_building_tests': False, 'cmake_args': None, 'cmake_clean_cache': False, 'cmake_clean_first': False, 'cmake_force_configure': False, 'cmake_target': None, 'cmake_target_skip_unavailable': False, 'install_base': '/home/jerry/AutoSweeperSystem/AutoSweeperSystem_ws/install/fishbot_navigation2', 'merge_install': False, 'path': '/home/jerry/AutoSweeperSystem/AutoSweeperSystem_ws/src/fishbot_navigation2', 'symlink_install': False, 'test_result_base': None}
[3.064s] Level 5:colcon.colcon_core.verb:set package 'm1ct_d2' build argument 'cmake_args' from command line to 'None'
[3.064s] Level 5:colcon.colcon_core.verb:set package 'm1ct_d2' build argument 'cmake_target' from command line to 'None'
[3.064s] Level 5:colcon.colcon_core.verb:set package 'm1ct_d2' build argument 'cmake_target_skip_unavailable' from command line to 'False'
[3.064s] Level 5:colcon.colcon_core.verb:set package 'm1ct_d2' build argument 'cmake_clean_cache' from command line to 'False'
[3.064s] Level 5:colcon.colcon_core.verb:set package 'm1ct_d2' build argument 'cmake_clean_first' from command line to 'False'
[3.064s] Level 5:colcon.colcon_core.verb:set package 'm1ct_d2' build argument 'cmake_force_configure' from command line to 'False'
[3.064s] Level 5:colcon.colcon_core.verb:set package 'm1ct_d2' build argument 'ament_cmake_args' from command line to 'None'
[3.065s] Level 5:colcon.colcon_core.verb:set package 'm1ct_d2' build argument 'catkin_cmake_args' from command line to 'None'
[3.065s] Level 5:colcon.colcon_core.verb:set package 'm1ct_d2' build argument 'catkin_skip_building_tests' from command line to 'False'
[3.065s] DEBUG:colcon.colcon_core.verb:Building package 'm1ct_d2' with the following arguments: {'ament_cmake_args': None, 'build_base': '/home/jerry/AutoSweeperSystem/AutoSweeperSystem_ws/build/m1ct_d2', 'catkin_cmake_args': None, 'catkin_skip_building_tests': False, 'cmake_args': None, 'cmake_clean_cache': False, 'cmake_clean_first': False, 'cmake_force_configure': False, 'cmake_target': None, 'cmake_target_skip_unavailable': False, 'install_base': '/home/jerry/AutoSweeperSystem/AutoSweeperSystem_ws/install/m1ct_d2', 'merge_install': False, 'path': '/home/jerry/AutoSweeperSystem/AutoSweeperSystem_ws/src/m1ct_d2', 'symlink_install': False, 'test_result_base': None}
[3.066s] Level 5:colcon.colcon_core.verb:set package 'micro_ros_msgs' build argument 'cmake_args' from command line to 'None'
[3.067s] Level 5:colcon.colcon_core.verb:set package 'micro_ros_msgs' build argument 'cmake_target' from command line to 'None'
[3.067s] Level 5:colcon.colcon_core.verb:set package 'micro_ros_msgs' build argument 'cmake_target_skip_unavailable' from command line to 'False'
[3.067s] Level 5:colcon.colcon_core.verb:set package 'micro_ros_msgs' build argument 'cmake_clean_cache' from command line to 'False'
[3.067s] Level 5:colcon.colcon_core.verb:set package 'micro_ros_msgs' build argument 'cmake_clean_first' from command line to 'False'
[3.067s] Level 5:colcon.colcon_core.verb:set package 'micro_ros_msgs' build argument 'cmake_force_configure' from command line to 'False'
[3.067s] Level 5:colcon.colcon_core.verb:set package 'micro_ros_msgs' build argument 'ament_cmake_args' from command line to 'None'
[3.067s] Level 5:colcon.colcon_core.verb:set package 'micro_ros_msgs' build argument 'catkin_cmake_args' from command line to 'None'
[3.067s] Level 5:colcon.colcon_core.verb:set package 'micro_ros_msgs' build argument 'catkin_skip_building_tests' from command line to 'False'
[3.068s] DEBUG:colcon.colcon_core.verb:Building package 'micro_ros_msgs' with the following arguments: {'ament_cmake_args': None, 'build_base': '/home/jerry/AutoSweeperSystem/AutoSweeperSystem_ws/build/micro_ros_msgs', 'catkin_cmake_args': None, 'catkin_skip_building_tests': False, 'cmake_args': None, 'cmake_clean_cache': False, 'cmake_clean_first': False, 'cmake_force_configure': False, 'cmake_target': None, 'cmake_target_skip_unavailable': False, 'install_base': '/home/jerry/AutoSweeperSystem/AutoSweeperSystem_ws/install/micro_ros_msgs', 'merge_install': False, 'path': '/home/jerry/AutoSweeperSystem/AutoSweeperSystem_ws/src/micro_ros_msgs', 'symlink_install': False, 'test_result_base': None}
[3.069s] Level 5:colcon.colcon_core.verb:set package 'micro_ros_agent' build argument 'cmake_args' from command line to 'None'
[3.069s] Level 5:colcon.colcon_core.verb:set package 'micro_ros_agent' build argument 'cmake_target' from command line to 'None'
[3.070s] Level 5:colcon.colcon_core.verb:set package 'micro_ros_agent' build argument 'cmake_target_skip_unavailable' from command line to 'False'
[3.070s] Level 5:colcon.colcon_core.verb:set package 'micro_ros_agent' build argument 'cmake_clean_cache' from command line to 'False'
[3.070s] Level 5:colcon.colcon_core.verb:set package 'micro_ros_agent' build argument 'cmake_clean_first' from command line to 'False'
[3.070s] Level 5:colcon.colcon_core.verb:set package 'micro_ros_agent' build argument 'cmake_force_configure' from command line to 'False'
[3.070s] Level 5:colcon.colcon_core.verb:set package 'micro_ros_agent' build argument 'ament_cmake_args' from command line to 'None'
[3.070s] Level 5:colcon.colcon_core.verb:set package 'micro_ros_agent' build argument 'catkin_cmake_args' from command line to 'None'
[3.070s] Level 5:colcon.colcon_core.verb:set package 'micro_ros_agent' build argument 'catkin_skip_building_tests' from command line to 'False'
[3.071s] DEBUG:colcon.colcon_core.verb:Building package 'micro_ros_agent' with the following arguments: {'ament_cmake_args': None, 'build_base': '/home/jerry/AutoSweeperSystem/AutoSweeperSystem_ws/build/micro_ros_agent', 'catkin_cmake_args': None, 'catkin_skip_building_tests': False, 'cmake_args': None, 'cmake_clean_cache': False, 'cmake_clean_first': False, 'cmake_force_configure': False, 'cmake_target': None, 'cmake_target_skip_unavailable': False, 'install_base': '/home/jerry/AutoSweeperSystem/AutoSweeperSystem_ws/install/micro_ros_agent', 'merge_install': False, 'path': '/home/jerry/AutoSweeperSystem/AutoSweeperSystem_ws/src/micro-ROS-Agent/micro_ros_agent', 'symlink_install': False, 'test_result_base': None}
[3.072s] INFO:colcon.colcon_core.executor:Executing jobs using 'parallel' executor
[3.076s] DEBUG:colcon.colcon_parallel_executor.executor.parallel:run_until_complete
[3.078s] INFO:colcon.colcon_ros.task.ament_cmake.build:Building ROS package in '/home/jerry/AutoSweeperSystem/AutoSweeperSystem_ws/src/micro_ros_msgs' with build type 'ament_cmake'
[3.079s] INFO:colcon.colcon_cmake.task.cmake.build:Building CMake package in '/home/jerry/AutoSweeperSystem/AutoSweeperSystem_ws/src/micro_ros_msgs'
[3.094s] INFO:colcon.colcon_core.plugin_system:Skipping extension 'colcon_core.shell.bat': Not used on non-Windows systems
[3.095s] INFO:colcon.colcon_core.shell:Skip shell extension 'powershell' for command environment: Not usable outside of PowerShell
[3.095s] DEBUG:colcon.colcon_core.shell:Skip shell extension 'dsv' for command environment
[3.130s] INFO:colcon.colcon_ros.task.ament_python.build:Building ROS package in '/home/jerry/AutoSweeperSystem/AutoSweeperSystem_ws/src/autosweeper_robot' with build type 'ament_python'
[3.131s] Level 1:colcon.colcon_core.shell:create_environment_hook('autosweeper_robot', 'ament_prefix_path')
[3.133s] INFO:colcon.colcon_core.shell:Creating environment hook '/home/jerry/AutoSweeperSystem/AutoSweeperSystem_ws/install/autosweeper_robot/share/autosweeper_robot/hook/ament_prefix_path.ps1'
[3.138s] INFO:colcon.colcon_core.shell:Creating environment descriptor '/home/jerry/AutoSweeperSystem/AutoSweeperSystem_ws/install/autosweeper_robot/share/autosweeper_robot/hook/ament_prefix_path.dsv'
[3.143s] INFO:colcon.colcon_core.shell:Creating environment hook '/home/jerry/AutoSweeperSystem/AutoSweeperSystem_ws/install/autosweeper_robot/share/autosweeper_robot/hook/ament_prefix_path.sh'
[3.148s] INFO:colcon.colcon_core.shell:Skip shell extension 'powershell' for command environment: Not usable outside of PowerShell
[3.149s] DEBUG:colcon.colcon_core.shell:Skip shell extension 'dsv' for command environment
[3.184s] INFO:colcon.colcon_ros.task.ament_cmake.build:Building ROS package in '/home/jerry/AutoSweeperSystem/AutoSweeperSystem_ws/src/fishbot_bringup' with build type 'ament_cmake'
[3.185s] INFO:colcon.colcon_cmake.task.cmake.build:Building CMake package in '/home/jerry/AutoSweeperSystem/AutoSweeperSystem_ws/src/fishbot_bringup'
[3.186s] INFO:colcon.colcon_core.shell:Skip shell extension 'powershell' for command environment: Not usable outside of PowerShell
[3.187s] DEBUG:colcon.colcon_core.shell:Skip shell extension 'dsv' for command environment
[3.226s] INFO:colcon.colcon_ros.task.ament_cmake.build:Building ROS package in '/home/jerry/AutoSweeperSystem/AutoSweeperSystem_ws/src/fishbot_description' with build type 'ament_cmake'
[3.228s] INFO:colcon.colcon_cmake.task.cmake.build:Building CMake package in '/home/jerry/AutoSweeperSystem/AutoSweeperSystem_ws/src/fishbot_description'
[3.229s] INFO:colcon.colcon_core.shell:Skip shell extension 'powershell' for command environment: Not usable outside of PowerShell
[3.231s] DEBUG:colcon.colcon_core.shell:Skip shell extension 'dsv' for command environment
[3.284s] DEBUG:colcon.colcon_core.event_handler.log_command:Invoking command in '/home/jerry/AutoSweeperSystem/AutoSweeperSystem_ws/build/micro_ros_msgs': CMAKE_PREFIX_PATH=${CMAKE_PREFIX_PATH}:/home/jerry/AutoSweeperSystem/AutoSweeperSystem_ws/install/autosweeper_robot:/opt/ros/humble /usr/bin/cmake --build /home/jerry/AutoSweeperSystem/AutoSweeperSystem_ws/build/micro_ros_msgs -- -j4 -l4
[6.334s] INFO:colcon.colcon_core.task.python.build:Building Python package in '/home/jerry/AutoSweeperSystem/AutoSweeperSystem_ws/src/autosweeper_robot'
[6.336s] INFO:colcon.colcon_core.shell:Skip shell extension 'powershell' for command environment: Not usable outside of PowerShell
[6.337s] DEBUG:colcon.colcon_core.shell:Skip shell extension 'dsv' for command environment
[6.477s] DEBUG:colcon.colcon_core.event_handler.log_command:Invoking command in '/home/jerry/AutoSweeperSystem/AutoSweeperSystem_ws/build/fishbot_bringup': CMAKE_PREFIX_PATH=${CMAKE_PREFIX_PATH}:/home/jerry/AutoSweeperSystem/AutoSweeperSystem_ws/install/autosweeper_robot:/opt/ros/humble /usr/bin/cmake --build /home/jerry/AutoSweeperSystem/AutoSweeperSystem_ws/build/fishbot_bringup -- -j4 -l4
[6.628s] DEBUG:colcon.colcon_core.event_handler.log_command:Invoking command in '/home/jerry/AutoSweeperSystem/AutoSweeperSystem_ws/build/fishbot_description': CMAKE_PREFIX_PATH=${CMAKE_PREFIX_PATH}:/home/jerry/AutoSweeperSystem/AutoSweeperSystem_ws/install/autosweeper_robot:/opt/ros/humble /usr/bin/cmake --build /home/jerry/AutoSweeperSystem/AutoSweeperSystem_ws/build/fishbot_description -- -j4 -l4
[7.347s] DEBUG:colcon.colcon_core.event_handler.log_command:Invoked command in '/home/jerry/AutoSweeperSystem/AutoSweeperSystem_ws/build/fishbot_description' returned '0': CMAKE_PREFIX_PATH=${CMAKE_PREFIX_PATH}:/home/jerry/AutoSweeperSystem/AutoSweeperSystem_ws/install/autosweeper_robot:/opt/ros/humble /usr/bin/cmake --build /home/jerry/AutoSweeperSystem/AutoSweeperSystem_ws/build/fishbot_description -- -j4 -l4
[7.621s] DEBUG:colcon.colcon_core.event_handler.log_command:Invoking command in '/home/jerry/AutoSweeperSystem/AutoSweeperSystem_ws/build/fishbot_description': CMAKE_PREFIX_PATH=${CMAKE_PREFIX_PATH}:/home/jerry/AutoSweeperSystem/AutoSweeperSystem_ws/install/autosweeper_robot:/opt/ros/humble /usr/bin/cmake --install /home/jerry/AutoSweeperSystem/AutoSweeperSystem_ws/build/fishbot_description
[7.966s] DEBUG:colcon.colcon_core.event_handler.log_command:Invoked command in '/home/jerry/AutoSweeperSystem/AutoSweeperSystem_ws/build/fishbot_bringup' returned '0': CMAKE_PREFIX_PATH=${CMAKE_PREFIX_PATH}:/home/jerry/AutoSweeperSystem/AutoSweeperSystem_ws/install/autosweeper_robot:/opt/ros/humble /usr/bin/cmake --build /home/jerry/AutoSweeperSystem/AutoSweeperSystem_ws/build/fishbot_bringup -- -j4 -l4
[7.974s] Level 1:colcon.colcon_core.environment:create_environment_scripts_only(fishbot_description)
[7.979s] DEBUG:colcon.colcon_core.event_handler.log_command:Invoking command in '/home/jerry/AutoSweeperSystem/AutoSweeperSystem_ws/build/fishbot_bringup': CMAKE_PREFIX_PATH=${CMAKE_PREFIX_PATH}:/home/jerry/AutoSweeperSystem/AutoSweeperSystem_ws/install/autosweeper_robot:/opt/ros/humble /usr/bin/cmake --install /home/jerry/AutoSweeperSystem/AutoSweeperSystem_ws/build/fishbot_bringup
[8.011s] DEBUG:colcon.colcon_core.event_handler.log_command:Invoked command in '/home/jerry/AutoSweeperSystem/AutoSweeperSystem_ws/build/fishbot_description' returned '0': CMAKE_PREFIX_PATH=${CMAKE_PREFIX_PATH}:/home/jerry/AutoSweeperSystem/AutoSweeperSystem_ws/install/autosweeper_robot:/opt/ros/humble /usr/bin/cmake --install /home/jerry/AutoSweeperSystem/AutoSweeperSystem_ws/build/fishbot_description
[8.094s] Level 1:colcon.colcon_core.environment:checking '/home/jerry/AutoSweeperSystem/AutoSweeperSystem_ws/install/fishbot_description' for CMake module files
[8.112s] Level 1:colcon.colcon_core.environment:checking '/home/jerry/AutoSweeperSystem/AutoSweeperSystem_ws/install/fishbot_description' for CMake config files
[8.126s] Level 1:colcon.colcon_core.shell:create_environment_hook('fishbot_description', 'cmake_prefix_path')
[8.129s] INFO:colcon.colcon_core.shell:Creating environment hook '/home/jerry/AutoSweeperSystem/AutoSweeperSystem_ws/install/fishbot_description/share/fishbot_description/hook/cmake_prefix_path.ps1'
[8.136s] INFO:colcon.colcon_core.shell:Creating environment descriptor '/home/jerry/AutoSweeperSystem/AutoSweeperSystem_ws/install/fishbot_description/share/fishbot_description/hook/cmake_prefix_path.dsv'
[8.141s] INFO:colcon.colcon_core.shell:Creating environment hook '/home/jerry/AutoSweeperSystem/AutoSweeperSystem_ws/install/fishbot_description/share/fishbot_description/hook/cmake_prefix_path.sh'
[8.148s] Level 1:colcon.colcon_core.environment:checking '/home/jerry/AutoSweeperSystem/AutoSweeperSystem_ws/install/fishbot_description/bin'
[8.190s] Level 1:colcon.colcon_core.environment:checking '/home/jerry/AutoSweeperSystem/AutoSweeperSystem_ws/install/fishbot_description/lib/pkgconfig/fishbot_description.pc'
[8.196s] Level 1:colcon.colcon_core.environment:checking '/home/jerry/AutoSweeperSystem/AutoSweeperSystem_ws/install/fishbot_description/lib/python3.10/site-packages'
[8.209s] Level 1:colcon.colcon_core.environment:checking '/home/jerry/AutoSweeperSystem/AutoSweeperSystem_ws/install/fishbot_description/bin'
[8.214s] INFO:colcon.colcon_core.shell:Creating package script '/home/jerry/AutoSweeperSystem/AutoSweeperSystem_ws/install/fishbot_description/share/fishbot_description/package.ps1'
[8.233s] INFO:colcon.colcon_core.shell:Creating package descriptor '/home/jerry/AutoSweeperSystem/AutoSweeperSystem_ws/install/fishbot_description/share/fishbot_description/package.dsv'
[8.244s] INFO:colcon.colcon_core.shell:Creating package script '/home/jerry/AutoSweeperSystem/AutoSweeperSystem_ws/install/fishbot_description/share/fishbot_description/package.sh'
[8.263s] INFO:colcon.colcon_core.shell:Creating package script '/home/jerry/AutoSweeperSystem/AutoSweeperSystem_ws/install/fishbot_description/share/fishbot_description/package.bash'
[8.270s] INFO:colcon.colcon_core.shell:Creating package script '/home/jerry/AutoSweeperSystem/AutoSweeperSystem_ws/install/fishbot_description/share/fishbot_description/package.zsh'
[8.308s] Level 1:colcon.colcon_core.environment:create_file_with_runtime_dependencies(/home/jerry/AutoSweeperSystem/AutoSweeperSystem_ws/install/fishbot_description/share/colcon-core/packages/fishbot_description)
[8.332s] Level 1:colcon.colcon_core.environment:create_environment_scripts_only(fishbot_description)
[8.334s] Level 1:colcon.colcon_core.environment:checking '/home/jerry/AutoSweeperSystem/AutoSweeperSystem_ws/install/fishbot_description' for CMake module files
[8.364s] Level 1:colcon.colcon_core.environment:checking '/home/jerry/AutoSweeperSystem/AutoSweeperSystem_ws/install/fishbot_description' for CMake config files
[8.368s] Level 1:colcon.colcon_core.shell:create_environment_hook('fishbot_description', 'cmake_prefix_path')
[8.389s] INFO:colcon.colcon_core.shell:Creating environment hook '/home/jerry/AutoSweeperSystem/AutoSweeperSystem_ws/install/fishbot_description/share/fishbot_description/hook/cmake_prefix_path.ps1'
[8.407s] INFO:colcon.colcon_core.shell:Creating environment descriptor '/home/jerry/AutoSweeperSystem/AutoSweeperSystem_ws/install/fishbot_description/share/fishbot_description/hook/cmake_prefix_path.dsv'
[8.411s] INFO:colcon.colcon_core.shell:Creating environment hook '/home/jerry/AutoSweeperSystem/AutoSweeperSystem_ws/install/fishbot_description/share/fishbot_description/hook/cmake_prefix_path.sh'
[8.419s] Level 1:colcon.colcon_core.environment:checking '/home/jerry/AutoSweeperSystem/AutoSweeperSystem_ws/install/fishbot_description/bin'
[8.443s] Level 1:colcon.colcon_core.environment:checking '/home/jerry/AutoSweeperSystem/AutoSweeperSystem_ws/install/fishbot_description/lib/pkgconfig/fishbot_description.pc'
[8.458s] Level 1:colcon.colcon_core.environment:checking '/home/jerry/AutoSweeperSystem/AutoSweeperSystem_ws/install/fishbot_description/lib/python3.10/site-packages'
[8.467s] Level 1:colcon.colcon_core.environment:checking '/home/jerry/AutoSweeperSystem/AutoSweeperSystem_ws/install/fishbot_description/bin'
[8.479s] INFO:colcon.colcon_core.shell:Creating package script '/home/jerry/AutoSweeperSystem/AutoSweeperSystem_ws/install/fishbot_description/share/fishbot_description/package.ps1'
[8.486s] INFO:colcon.colcon_core.shell:Creating package descriptor '/home/jerry/AutoSweeperSystem/AutoSweeperSystem_ws/install/fishbot_description/share/fishbot_description/package.dsv'
[8.494s] INFO:colcon.colcon_core.shell:Creating package script '/home/jerry/AutoSweeperSystem/AutoSweeperSystem_ws/install/fishbot_description/share/fishbot_description/package.sh'
[8.506s] INFO:colcon.colcon_core.shell:Creating package script '/home/jerry/AutoSweeperSystem/AutoSweeperSystem_ws/install/fishbot_description/share/fishbot_description/package.bash'
[8.511s] INFO:colcon.colcon_core.shell:Creating package script '/home/jerry/AutoSweeperSystem/AutoSweeperSystem_ws/install/fishbot_description/share/fishbot_description/package.zsh'
[8.517s] Level 1:colcon.colcon_core.environment:create_file_with_runtime_dependencies(/home/jerry/AutoSweeperSystem/AutoSweeperSystem_ws/install/fishbot_description/share/colcon-core/packages/fishbot_description)
[8.531s] INFO:colcon.colcon_ros.task.ament_cmake.build:Building ROS package in '/home/jerry/AutoSweeperSystem/AutoSweeperSystem_ws/src/fishbot_navigation2' with build type 'ament_cmake'
[8.533s] INFO:colcon.colcon_cmake.task.cmake.build:Building CMake package in '/home/jerry/AutoSweeperSystem/AutoSweeperSystem_ws/src/fishbot_navigation2'
[8.538s] INFO:colcon.colcon_core.shell:Skip shell extension 'powershell' for command environment: Not usable outside of PowerShell
[8.541s] DEBUG:colcon.colcon_core.shell:Skip shell extension 'dsv' for command environment
[8.699s] Level 1:colcon.colcon_core.environment:create_environment_scripts_only(fishbot_bringup)
[8.701s] DEBUG:colcon.colcon_core.event_handler.log_command:Invoked command in '/home/jerry/AutoSweeperSystem/AutoSweeperSystem_ws/build/fishbot_bringup' returned '0': CMAKE_PREFIX_PATH=${CMAKE_PREFIX_PATH}:/home/jerry/AutoSweeperSystem/AutoSweeperSystem_ws/install/autosweeper_robot:/opt/ros/humble /usr/bin/cmake --install /home/jerry/AutoSweeperSystem/AutoSweeperSystem_ws/build/fishbot_bringup
[8.707s] Level 1:colcon.colcon_core.environment:checking '/home/jerry/AutoSweeperSystem/AutoSweeperSystem_ws/install/fishbot_bringup' for CMake module files
[8.734s] Level 1:colcon.colcon_core.environment:checking '/home/jerry/AutoSweeperSystem/AutoSweeperSystem_ws/install/fishbot_bringup' for CMake config files
[8.746s] Level 1:colcon.colcon_core.shell:create_environment_hook('fishbot_bringup', 'cmake_prefix_path')
[8.783s] INFO:colcon.colcon_core.shell:Creating environment hook '/home/jerry/AutoSweeperSystem/AutoSweeperSystem_ws/install/fishbot_bringup/share/fishbot_bringup/hook/cmake_prefix_path.ps1'
[8.796s] INFO:colcon.colcon_core.shell:Creating environment descriptor '/home/jerry/AutoSweeperSystem/AutoSweeperSystem_ws/install/fishbot_bringup/share/fishbot_bringup/hook/cmake_prefix_path.dsv'
[8.810s] INFO:colcon.colcon_core.shell:Creating environment hook '/home/jerry/AutoSweeperSystem/AutoSweeperSystem_ws/install/fishbot_bringup/share/fishbot_bringup/hook/cmake_prefix_path.sh'
[8.832s] Level 1:colcon.colcon_core.environment:checking '/home/jerry/AutoSweeperSystem/AutoSweeperSystem_ws/install/fishbot_bringup/lib'
[8.834s] Level 1:colcon.colcon_core.environment:checking '/home/jerry/AutoSweeperSystem/AutoSweeperSystem_ws/install/fishbot_bringup/bin'
[8.834s] Level 1:colcon.colcon_core.environment:checking '/home/jerry/AutoSweeperSystem/AutoSweeperSystem_ws/install/fishbot_bringup/lib/pkgconfig/fishbot_bringup.pc'
[8.836s] Level 1:colcon.colcon_core.environment:checking '/home/jerry/AutoSweeperSystem/AutoSweeperSystem_ws/install/fishbot_bringup/lib/python3.10/site-packages'
[8.847s] Level 1:colcon.colcon_core.environment:checking '/home/jerry/AutoSweeperSystem/AutoSweeperSystem_ws/install/fishbot_bringup/bin'
[8.848s] INFO:colcon.colcon_core.shell:Creating package script '/home/jerry/AutoSweeperSystem/AutoSweeperSystem_ws/install/fishbot_bringup/share/fishbot_bringup/package.ps1'
[8.867s] INFO:colcon.colcon_core.shell:Creating package descriptor '/home/jerry/AutoSweeperSystem/AutoSweeperSystem_ws/install/fishbot_bringup/share/fishbot_bringup/package.dsv'
[8.883s] INFO:colcon.colcon_core.shell:Creating package script '/home/jerry/AutoSweeperSystem/AutoSweeperSystem_ws/install/fishbot_bringup/share/fishbot_bringup/package.sh'
[8.908s] INFO:colcon.colcon_core.shell:Creating package script '/home/jerry/AutoSweeperSystem/AutoSweeperSystem_ws/install/fishbot_bringup/share/fishbot_bringup/package.bash'
[8.920s] INFO:colcon.colcon_core.shell:Creating package script '/home/jerry/AutoSweeperSystem/AutoSweeperSystem_ws/install/fishbot_bringup/share/fishbot_bringup/package.zsh'
[8.941s] Level 1:colcon.colcon_core.environment:create_file_with_runtime_dependencies(/home/jerry/AutoSweeperSystem/AutoSweeperSystem_ws/install/fishbot_bringup/share/colcon-core/packages/fishbot_bringup)
[8.963s] Level 1:colcon.colcon_core.environment:create_environment_scripts_only(fishbot_bringup)
[8.966s] Level 1:colcon.colcon_core.environment:checking '/home/jerry/AutoSweeperSystem/AutoSweeperSystem_ws/install/fishbot_bringup' for CMake module files
[8.985s] Level 1:colcon.colcon_core.environment:checking '/home/jerry/AutoSweeperSystem/AutoSweeperSystem_ws/install/fishbot_bringup' for CMake config files
[8.993s] Level 1:colcon.colcon_core.shell:create_environment_hook('fishbot_bringup', 'cmake_prefix_path')
[9.009s] INFO:colcon.colcon_core.shell:Creating environment hook '/home/jerry/AutoSweeperSystem/AutoSweeperSystem_ws/install/fishbot_bringup/share/fishbot_bringup/hook/cmake_prefix_path.ps1'
[9.024s] INFO:colcon.colcon_core.shell:Creating environment descriptor '/home/jerry/AutoSweeperSystem/AutoSweeperSystem_ws/install/fishbot_bringup/share/fishbot_bringup/hook/cmake_prefix_path.dsv'
[9.039s] INFO:colcon.colcon_core.shell:Creating environment hook '/home/jerry/AutoSweeperSystem/AutoSweeperSystem_ws/install/fishbot_bringup/share/fishbot_bringup/hook/cmake_prefix_path.sh'
[9.056s] Level 1:colcon.colcon_core.environment:checking '/home/jerry/AutoSweeperSystem/AutoSweeperSystem_ws/install/fishbot_bringup/lib'
[9.057s] Level 1:colcon.colcon_core.environment:checking '/home/jerry/AutoSweeperSystem/AutoSweeperSystem_ws/install/fishbot_bringup/bin'
[9.058s] Level 1:colcon.colcon_core.environment:checking '/home/jerry/AutoSweeperSystem/AutoSweeperSystem_ws/install/fishbot_bringup/lib/pkgconfig/fishbot_bringup.pc'
[9.062s] Level 1:colcon.colcon_core.environment:checking '/home/jerry/AutoSweeperSystem/AutoSweeperSystem_ws/install/fishbot_bringup/lib/python3.10/site-packages'
[9.067s] Level 1:colcon.colcon_core.environment:checking '/home/jerry/AutoSweeperSystem/AutoSweeperSystem_ws/install/fishbot_bringup/bin'
[9.069s] INFO:colcon.colcon_core.shell:Creating package script '/home/jerry/AutoSweeperSystem/AutoSweeperSystem_ws/install/fishbot_bringup/share/fishbot_bringup/package.ps1'
[9.084s] INFO:colcon.colcon_core.shell:Creating package descriptor '/home/jerry/AutoSweeperSystem/AutoSweeperSystem_ws/install/fishbot_bringup/share/fishbot_bringup/package.dsv'
[9.103s] INFO:colcon.colcon_core.shell:Creating package script '/home/jerry/AutoSweeperSystem/AutoSweeperSystem_ws/install/fishbot_bringup/share/fishbot_bringup/package.sh'
[9.108s] INFO:colcon.colcon_core.shell:Creating package script '/home/jerry/AutoSweeperSystem/AutoSweeperSystem_ws/install/fishbot_bringup/share/fishbot_bringup/package.bash'
[9.118s] INFO:colcon.colcon_core.shell:Creating package script '/home/jerry/AutoSweeperSystem/AutoSweeperSystem_ws/install/fishbot_bringup/share/fishbot_bringup/package.zsh'
[9.123s] Level 1:colcon.colcon_core.environment:create_file_with_runtime_dependencies(/home/jerry/AutoSweeperSystem/AutoSweeperSystem_ws/install/fishbot_bringup/share/colcon-core/packages/fishbot_bringup)
[9.134s] INFO:colcon.colcon_ros.task.ament_cmake.build:Building ROS package in '/home/jerry/AutoSweeperSystem/AutoSweeperSystem_ws/src/m1ct_d2' with build type 'ament_cmake'
[9.136s] INFO:colcon.colcon_cmake.task.cmake.build:Building CMake package in '/home/jerry/AutoSweeperSystem/AutoSweeperSystem_ws/src/m1ct_d2'
[9.139s] INFO:colcon.colcon_core.shell:Skip shell extension 'powershell' for command environment: Not usable outside of PowerShell
[9.141s] DEBUG:colcon.colcon_core.shell:Skip shell extension 'dsv' for command environment
[9.258s] DEBUG:colcon.colcon_core.event_handler.log_command:Invoking command in '/home/jerry/AutoSweeperSystem/AutoSweeperSystem_ws/build/fishbot_navigation2': CMAKE_PREFIX_PATH=${CMAKE_PREFIX_PATH}:/home/jerry/AutoSweeperSystem/AutoSweeperSystem_ws/install/autosweeper_robot:/opt/ros/humble /usr/bin/cmake --build /home/jerry/AutoSweeperSystem/AutoSweeperSystem_ws/build/fishbot_navigation2 -- -j4 -l4
[9.361s] DEBUG:colcon.colcon_core.event_handler.log_command:Invoking command in '/home/jerry/AutoSweeperSystem/AutoSweeperSystem_ws/build/m1ct_d2': CMAKE_PREFIX_PATH=${CMAKE_PREFIX_PATH}:/home/jerry/AutoSweeperSystem/AutoSweeperSystem_ws/install/autosweeper_robot:/opt/ros/humble /usr/bin/cmake --build /home/jerry/AutoSweeperSystem/AutoSweeperSystem_ws/build/m1ct_d2 -- -j4 -l4
[10.304s] DEBUG:colcon.colcon_core.event_handler.log_command:Invoked command in '/home/jerry/AutoSweeperSystem/AutoSweeperSystem_ws/build/fishbot_navigation2' returned '0': CMAKE_PREFIX_PATH=${CMAKE_PREFIX_PATH}:/home/jerry/AutoSweeperSystem/AutoSweeperSystem_ws/install/autosweeper_robot:/opt/ros/humble /usr/bin/cmake --build /home/jerry/AutoSweeperSystem/AutoSweeperSystem_ws/build/fishbot_navigation2 -- -j4 -l4
[10.321s] DEBUG:colcon.colcon_core.event_handler.log_command:Invoking command in '/home/jerry/AutoSweeperSystem/AutoSweeperSystem_ws/build/fishbot_navigation2': CMAKE_PREFIX_PATH=${CMAKE_PREFIX_PATH}:/home/jerry/AutoSweeperSystem/AutoSweeperSystem_ws/install/autosweeper_robot:/opt/ros/humble /usr/bin/cmake --install /home/jerry/AutoSweeperSystem/AutoSweeperSystem_ws/build/fishbot_navigation2
[10.709s] Level 1:colcon.colcon_core.environment:create_environment_scripts_only(fishbot_navigation2)
[10.713s] Level 1:colcon.colcon_core.environment:checking '/home/jerry/AutoSweeperSystem/AutoSweeperSystem_ws/install/fishbot_navigation2' for CMake module files
[10.717s] Level 1:colcon.colcon_core.environment:checking '/home/jerry/AutoSweeperSystem/AutoSweeperSystem_ws/install/fishbot_navigation2' for CMake config files
[10.711s] DEBUG:colcon.colcon_core.event_handler.log_command:Invoked command in '/home/jerry/AutoSweeperSystem/AutoSweeperSystem_ws/build/fishbot_navigation2' returned '0': CMAKE_PREFIX_PATH=${CMAKE_PREFIX_PATH}:/home/jerry/AutoSweeperSystem/AutoSweeperSystem_ws/install/autosweeper_robot:/opt/ros/humble /usr/bin/cmake --install /home/jerry/AutoSweeperSystem/AutoSweeperSystem_ws/build/fishbot_navigation2
[10.739s] Level 1:colcon.colcon_core.shell:create_environment_hook('fishbot_navigation2', 'cmake_prefix_path')
[10.741s] INFO:colcon.colcon_core.shell:Creating environment hook '/home/jerry/AutoSweeperSystem/AutoSweeperSystem_ws/install/fishbot_navigation2/share/fishbot_navigation2/hook/cmake_prefix_path.ps1'
[10.755s] INFO:colcon.colcon_core.shell:Creating environment descriptor '/home/jerry/AutoSweeperSystem/AutoSweeperSystem_ws/install/fishbot_navigation2/share/fishbot_navigation2/hook/cmake_prefix_path.dsv'
[10.763s] INFO:colcon.colcon_core.shell:Creating environment hook '/home/jerry/AutoSweeperSystem/AutoSweeperSystem_ws/install/fishbot_navigation2/share/fishbot_navigation2/hook/cmake_prefix_path.sh'
[10.775s] Level 1:colcon.colcon_core.environment:checking '/home/jerry/AutoSweeperSystem/AutoSweeperSystem_ws/install/fishbot_navigation2/bin'
[10.777s] Level 1:colcon.colcon_core.environment:checking '/home/jerry/AutoSweeperSystem/AutoSweeperSystem_ws/install/fishbot_navigation2/lib/pkgconfig/fishbot_navigation2.pc'
[10.785s] Level 1:colcon.colcon_core.environment:checking '/home/jerry/AutoSweeperSystem/AutoSweeperSystem_ws/install/fishbot_navigation2/lib/python3.10/site-packages'
[10.791s] Level 1:colcon.colcon_core.environment:checking '/home/jerry/AutoSweeperSystem/AutoSweeperSystem_ws/install/fishbot_navigation2/bin'
[10.804s] INFO:colcon.colcon_core.shell:Creating package script '/home/jerry/AutoSweeperSystem/AutoSweeperSystem_ws/install/fishbot_navigation2/share/fishbot_navigation2/package.ps1'
[10.818s] INFO:colcon.colcon_core.shell:Creating package descriptor '/home/jerry/AutoSweeperSystem/AutoSweeperSystem_ws/install/fishbot_navigation2/share/fishbot_navigation2/package.dsv'
[10.842s] INFO:colcon.colcon_core.shell:Creating package script '/home/jerry/AutoSweeperSystem/AutoSweeperSystem_ws/install/fishbot_navigation2/share/fishbot_navigation2/package.sh'
[10.847s] INFO:colcon.colcon_core.shell:Creating package script '/home/jerry/AutoSweeperSystem/AutoSweeperSystem_ws/install/fishbot_navigation2/share/fishbot_navigation2/package.bash'
[10.863s] INFO:colcon.colcon_core.shell:Creating package script '/home/jerry/AutoSweeperSystem/AutoSweeperSystem_ws/install/fishbot_navigation2/share/fishbot_navigation2/package.zsh'
[10.874s] Level 1:colcon.colcon_core.environment:create_file_with_runtime_dependencies(/home/jerry/AutoSweeperSystem/AutoSweeperSystem_ws/install/fishbot_navigation2/share/colcon-core/packages/fishbot_navigation2)
[10.879s] Level 1:colcon.colcon_core.environment:create_environment_scripts_only(fishbot_navigation2)
[10.899s] Level 1:colcon.colcon_core.environment:checking '/home/jerry/AutoSweeperSystem/AutoSweeperSystem_ws/install/fishbot_navigation2' for CMake module files
[10.905s] Level 1:colcon.colcon_core.environment:checking '/home/jerry/AutoSweeperSystem/AutoSweeperSystem_ws/install/fishbot_navigation2' for CMake config files
[10.907s] Level 1:colcon.colcon_core.shell:create_environment_hook('fishbot_navigation2', 'cmake_prefix_path')
[10.912s] INFO:colcon.colcon_core.shell:Creating environment hook '/home/jerry/AutoSweeperSystem/AutoSweeperSystem_ws/install/fishbot_navigation2/share/fishbot_navigation2/hook/cmake_prefix_path.ps1'
[10.936s] INFO:colcon.colcon_core.shell:Creating environment descriptor '/home/jerry/AutoSweeperSystem/AutoSweeperSystem_ws/install/fishbot_navigation2/share/fishbot_navigation2/hook/cmake_prefix_path.dsv'
[10.952s] INFO:colcon.colcon_core.shell:Creating environment hook '/home/jerry/AutoSweeperSystem/AutoSweeperSystem_ws/install/fishbot_navigation2/share/fishbot_navigation2/hook/cmake_prefix_path.sh'
[10.959s] Level 1:colcon.colcon_core.environment:checking '/home/jerry/AutoSweeperSystem/AutoSweeperSystem_ws/install/fishbot_navigation2/bin'
[10.960s] Level 1:colcon.colcon_core.environment:checking '/home/jerry/AutoSweeperSystem/AutoSweeperSystem_ws/install/fishbot_navigation2/lib/pkgconfig/fishbot_navigation2.pc'
[10.962s] Level 1:colcon.colcon_core.environment:checking '/home/jerry/AutoSweeperSystem/AutoSweeperSystem_ws/install/fishbot_navigation2/lib/python3.10/site-packages'
[10.965s] Level 1:colcon.colcon_core.environment:checking '/home/jerry/AutoSweeperSystem/AutoSweeperSystem_ws/install/fishbot_navigation2/bin'
[10.968s] INFO:colcon.colcon_core.shell:Creating package script '/home/jerry/AutoSweeperSystem/AutoSweeperSystem_ws/install/fishbot_navigation2/share/fishbot_navigation2/package.ps1'
[10.979s] INFO:colcon.colcon_core.shell:Creating package descriptor '/home/jerry/AutoSweeperSystem/AutoSweeperSystem_ws/install/fishbot_navigation2/share/fishbot_navigation2/package.dsv'
[10.991s] INFO:colcon.colcon_core.shell:Creating package script '/home/jerry/AutoSweeperSystem/AutoSweeperSystem_ws/install/fishbot_navigation2/share/fishbot_navigation2/package.sh'
[10.996s] INFO:colcon.colcon_core.shell:Creating package script '/home/jerry/AutoSweeperSystem/AutoSweeperSystem_ws/install/fishbot_navigation2/share/fishbot_navigation2/package.bash'
[11.008s] INFO:colcon.colcon_core.shell:Creating package script '/home/jerry/AutoSweeperSystem/AutoSweeperSystem_ws/install/fishbot_navigation2/share/fishbot_navigation2/package.zsh'
[11.012s] Level 1:colcon.colcon_core.environment:create_file_with_runtime_dependencies(/home/jerry/AutoSweeperSystem/AutoSweeperSystem_ws/install/fishbot_navigation2/share/colcon-core/packages/fishbot_navigation2)
[11.043s] DEBUG:colcon.colcon_core.event_handler.log_command:Invoked command in '/home/jerry/AutoSweeperSystem/AutoSweeperSystem_ws/build/m1ct_d2' returned '0': CMAKE_PREFIX_PATH=${CMAKE_PREFIX_PATH}:/home/jerry/AutoSweeperSystem/AutoSweeperSystem_ws/install/autosweeper_robot:/opt/ros/humble /usr/bin/cmake --build /home/jerry/AutoSweeperSystem/AutoSweeperSystem_ws/build/m1ct_d2 -- -j4 -l4
[11.085s] DEBUG:colcon.colcon_core.event_handler.log_command:Invoking command in '/home/jerry/AutoSweeperSystem/AutoSweeperSystem_ws/build/m1ct_d2': CMAKE_PREFIX_PATH=${CMAKE_PREFIX_PATH}:/home/jerry/AutoSweeperSystem/AutoSweeperSystem_ws/install/autosweeper_robot:/opt/ros/humble /usr/bin/cmake --install /home/jerry/AutoSweeperSystem/AutoSweeperSystem_ws/build/m1ct_d2
[11.211s] Level 1:colcon.colcon_core.environment:create_environment_scripts_only(m1ct_d2)
[11.218s] Level 1:colcon.colcon_core.environment:checking '/home/jerry/AutoSweeperSystem/AutoSweeperSystem_ws/install/m1ct_d2' for CMake module files
[11.228s] Level 1:colcon.colcon_core.environment:checking '/home/jerry/AutoSweeperSystem/AutoSweeperSystem_ws/install/m1ct_d2' for CMake config files
[11.235s] Level 1:colcon.colcon_core.shell:create_environment_hook('m1ct_d2', 'cmake_prefix_path')
[11.246s] INFO:colcon.colcon_core.shell:Creating environment hook '/home/jerry/AutoSweeperSystem/AutoSweeperSystem_ws/install/m1ct_d2/share/m1ct_d2/hook/cmake_prefix_path.ps1'
[11.302s] INFO:colcon.colcon_core.shell:Creating environment descriptor '/home/jerry/AutoSweeperSystem/AutoSweeperSystem_ws/install/m1ct_d2/share/m1ct_d2/hook/cmake_prefix_path.dsv'
[11.311s] DEBUG:colcon.colcon_core.event_handler.log_command:Invoked command in '/home/jerry/AutoSweeperSystem/AutoSweeperSystem_ws/build/m1ct_d2' returned '0': CMAKE_PREFIX_PATH=${CMAKE_PREFIX_PATH}:/home/jerry/AutoSweeperSystem/AutoSweeperSystem_ws/install/autosweeper_robot:/opt/ros/humble /usr/bin/cmake --install /home/jerry/AutoSweeperSystem/AutoSweeperSystem_ws/build/m1ct_d2
[11.312s] INFO:colcon.colcon_core.shell:Creating environment hook '/home/jerry/AutoSweeperSystem/AutoSweeperSystem_ws/install/m1ct_d2/share/m1ct_d2/hook/cmake_prefix_path.sh'
[11.332s] Level 1:colcon.colcon_core.environment:checking '/home/jerry/AutoSweeperSystem/AutoSweeperSystem_ws/install/m1ct_d2/lib'
[11.333s] Level 1:colcon.colcon_core.environment:checking '/home/jerry/AutoSweeperSystem/AutoSweeperSystem_ws/install/m1ct_d2/bin'
[11.343s] Level 1:colcon.colcon_core.environment:checking '/home/jerry/AutoSweeperSystem/AutoSweeperSystem_ws/install/m1ct_d2/lib/pkgconfig/m1ct_d2.pc'
[11.345s] Level 1:colcon.colcon_core.environment:checking '/home/jerry/AutoSweeperSystem/AutoSweeperSystem_ws/install/m1ct_d2/lib/python3.10/site-packages'
[11.355s] Level 1:colcon.colcon_core.environment:checking '/home/jerry/AutoSweeperSystem/AutoSweeperSystem_ws/install/m1ct_d2/bin'
[11.357s] INFO:colcon.colcon_core.shell:Creating package script '/home/jerry/AutoSweeperSystem/AutoSweeperSystem_ws/install/m1ct_d2/share/m1ct_d2/package.ps1'
[11.375s] INFO:colcon.colcon_core.shell:Creating package descriptor '/home/jerry/AutoSweeperSystem/AutoSweeperSystem_ws/install/m1ct_d2/share/m1ct_d2/package.dsv'
[11.383s] INFO:colcon.colcon_core.shell:Creating package script '/home/jerry/AutoSweeperSystem/AutoSweeperSystem_ws/install/m1ct_d2/share/m1ct_d2/package.sh'
[11.392s] INFO:colcon.colcon_core.shell:Creating package script '/home/jerry/AutoSweeperSystem/AutoSweeperSystem_ws/install/m1ct_d2/share/m1ct_d2/package.bash'
[11.414s] INFO:colcon.colcon_core.shell:Creating package script '/home/jerry/AutoSweeperSystem/AutoSweeperSystem_ws/install/m1ct_d2/share/m1ct_d2/package.zsh'
[11.427s] Level 1:colcon.colcon_core.environment:create_file_with_runtime_dependencies(/home/jerry/AutoSweeperSystem/AutoSweeperSystem_ws/install/m1ct_d2/share/colcon-core/packages/m1ct_d2)
[11.465s] Level 1:colcon.colcon_core.environment:create_environment_scripts_only(m1ct_d2)
[11.471s] Level 1:colcon.colcon_core.environment:checking '/home/jerry/AutoSweeperSystem/AutoSweeperSystem_ws/install/m1ct_d2' for CMake module files
[11.476s] Level 1:colcon.colcon_core.environment:checking '/home/jerry/AutoSweeperSystem/AutoSweeperSystem_ws/install/m1ct_d2' for CMake config files
[11.499s] Level 1:colcon.colcon_core.shell:create_environment_hook('m1ct_d2', 'cmake_prefix_path')
[11.502s] INFO:colcon.colcon_core.shell:Creating environment hook '/home/jerry/AutoSweeperSystem/AutoSweeperSystem_ws/install/m1ct_d2/share/m1ct_d2/hook/cmake_prefix_path.ps1'
[11.511s] INFO:colcon.colcon_core.shell:Creating environment descriptor '/home/jerry/AutoSweeperSystem/AutoSweeperSystem_ws/install/m1ct_d2/share/m1ct_d2/hook/cmake_prefix_path.dsv'
[11.519s] INFO:colcon.colcon_core.shell:Creating environment hook '/home/jerry/AutoSweeperSystem/AutoSweeperSystem_ws/install/m1ct_d2/share/m1ct_d2/hook/cmake_prefix_path.sh'
[11.554s] Level 1:colcon.colcon_core.environment:checking '/home/jerry/AutoSweeperSystem/AutoSweeperSystem_ws/install/m1ct_d2/lib'
[11.557s] Level 1:colcon.colcon_core.environment:checking '/home/jerry/AutoSweeperSystem/AutoSweeperSystem_ws/install/m1ct_d2/bin'
[11.559s] Level 1:colcon.colcon_core.environment:checking '/home/jerry/AutoSweeperSystem/AutoSweeperSystem_ws/install/m1ct_d2/lib/pkgconfig/m1ct_d2.pc'
[11.569s] Level 1:colcon.colcon_core.environment:checking '/home/jerry/AutoSweeperSystem/AutoSweeperSystem_ws/install/m1ct_d2/lib/python3.10/site-packages'
[11.586s] Level 1:colcon.colcon_core.environment:checking '/home/jerry/AutoSweeperSystem/AutoSweeperSystem_ws/install/m1ct_d2/bin'
[11.600s] INFO:colcon.colcon_core.shell:Creating package script '/home/jerry/AutoSweeperSystem/AutoSweeperSystem_ws/install/m1ct_d2/share/m1ct_d2/package.ps1'
[11.616s] INFO:colcon.colcon_core.shell:Creating package descriptor '/home/jerry/AutoSweeperSystem/AutoSweeperSystem_ws/install/m1ct_d2/share/m1ct_d2/package.dsv'
[11.626s] INFO:colcon.colcon_core.shell:Creating package script '/home/jerry/AutoSweeperSystem/AutoSweeperSystem_ws/install/m1ct_d2/share/m1ct_d2/package.sh'
[11.633s] INFO:colcon.colcon_core.shell:Creating package script '/home/jerry/AutoSweeperSystem/AutoSweeperSystem_ws/install/m1ct_d2/share/m1ct_d2/package.bash'
[11.638s] INFO:colcon.colcon_core.shell:Creating package script '/home/jerry/AutoSweeperSystem/AutoSweeperSystem_ws/install/m1ct_d2/share/m1ct_d2/package.zsh'
[11.653s] Level 1:colcon.colcon_core.environment:create_file_with_runtime_dependencies(/home/jerry/AutoSweeperSystem/AutoSweeperSystem_ws/install/m1ct_d2/share/colcon-core/packages/m1ct_d2)
[14.412s] DEBUG:colcon.colcon_core.event_handler.log_command:Invoking command in '/home/jerry/AutoSweeperSystem/AutoSweeperSystem_ws/src/autosweeper_robot': PYTHONPATH=/home/jerry/AutoSweeperSystem/AutoSweeperSystem_ws/build/autosweeper_robot/prefix_override:/usr/lib/python3/dist-packages/colcon_core/task/python/colcon_distutils_commands:/home/jerry/AutoSweeperSystem/AutoSweeperSystem_ws/install/autosweeper_robot/lib/python3.10/site-packages:${PYTHONPATH} /usr/bin/python3 -W ignore:setup.py install is deprecated -W ignore:easy_install command is deprecated setup.py egg_info --egg-base ../../build/autosweeper_robot build --build-base /home/jerry/AutoSweeperSystem/AutoSweeperSystem_ws/build/autosweeper_robot/build install --record /home/jerry/AutoSweeperSystem/AutoSweeperSystem_ws/build/autosweeper_robot/install.log --single-version-externally-managed install_data
[15.847s] DEBUG:colcon.colcon_core.event_handler.log_command:Invoked command in '/home/jerry/AutoSweeperSystem/AutoSweeperSystem_ws/build/micro_ros_msgs' returned '0': CMAKE_PREFIX_PATH=${CMAKE_PREFIX_PATH}:/home/jerry/AutoSweeperSystem/AutoSweeperSystem_ws/install/autosweeper_robot:/opt/ros/humble /usr/bin/cmake --build /home/jerry/AutoSweeperSystem/AutoSweeperSystem_ws/build/micro_ros_msgs -- -j4 -l4
[15.857s] DEBUG:colcon.colcon_core.event_handler.log_command:Invoking command in '/home/jerry/AutoSweeperSystem/AutoSweeperSystem_ws/build/micro_ros_msgs': CMAKE_PREFIX_PATH=${CMAKE_PREFIX_PATH}:/home/jerry/AutoSweeperSystem/AutoSweeperSystem_ws/install/autosweeper_robot:/opt/ros/humble /usr/bin/cmake --install /home/jerry/AutoSweeperSystem/AutoSweeperSystem_ws/build/micro_ros_msgs
[16.823s] Level 1:colcon.colcon_core.environment:create_environment_scripts_only(micro_ros_msgs)
[16.824s] Level 1:colcon.colcon_core.environment:checking '/home/jerry/AutoSweeperSystem/AutoSweeperSystem_ws/install/micro_ros_msgs' for CMake module files
[16.837s] Level 1:colcon.colcon_core.environment:checking '/home/jerry/AutoSweeperSystem/AutoSweeperSystem_ws/install/micro_ros_msgs' for CMake config files
[16.874s] Level 1:colcon.colcon_core.shell:create_environment_hook('micro_ros_msgs', 'cmake_prefix_path')
[16.878s] INFO:colcon.colcon_core.shell:Creating environment hook '/home/jerry/AutoSweeperSystem/AutoSweeperSystem_ws/install/micro_ros_msgs/share/micro_ros_msgs/hook/cmake_prefix_path.ps1'
[16.908s] INFO:colcon.colcon_core.shell:Creating environment descriptor '/home/jerry/AutoSweeperSystem/AutoSweeperSystem_ws/install/micro_ros_msgs/share/micro_ros_msgs/hook/cmake_prefix_path.dsv'
[16.932s] INFO:colcon.colcon_core.shell:Creating environment hook '/home/jerry/AutoSweeperSystem/AutoSweeperSystem_ws/install/micro_ros_msgs/share/micro_ros_msgs/hook/cmake_prefix_path.sh'
[16.943s] Level 1:colcon.colcon_core.environment:checking '/home/jerry/AutoSweeperSystem/AutoSweeperSystem_ws/install/micro_ros_msgs/lib'
[16.950s] Level 1:colcon.colcon_core.shell:create_environment_hook('micro_ros_msgs', 'ld_library_path_lib')
[16.955s] INFO:colcon.colcon_core.shell:Creating environment hook '/home/jerry/AutoSweeperSystem/AutoSweeperSystem_ws/install/micro_ros_msgs/share/micro_ros_msgs/hook/ld_library_path_lib.ps1'
[16.976s] INFO:colcon.colcon_core.shell:Creating environment descriptor '/home/jerry/AutoSweeperSystem/AutoSweeperSystem_ws/install/micro_ros_msgs/share/micro_ros_msgs/hook/ld_library_path_lib.dsv'
[16.988s] DEBUG:colcon.colcon_core.event_handler.log_command:Invoked command in '/home/jerry/AutoSweeperSystem/AutoSweeperSystem_ws/build/micro_ros_msgs' returned '0': CMAKE_PREFIX_PATH=${CMAKE_PREFIX_PATH}:/home/jerry/AutoSweeperSystem/AutoSweeperSystem_ws/install/autosweeper_robot:/opt/ros/humble /usr/bin/cmake --install /home/jerry/AutoSweeperSystem/AutoSweeperSystem_ws/build/micro_ros_msgs
[16.995s] INFO:colcon.colcon_core.shell:Creating environment hook '/home/jerry/AutoSweeperSystem/AutoSweeperSystem_ws/install/micro_ros_msgs/share/micro_ros_msgs/hook/ld_library_path_lib.sh'
[17.010s] Level 1:colcon.colcon_core.environment:checking '/home/jerry/AutoSweeperSystem/AutoSweeperSystem_ws/install/micro_ros_msgs/bin'
[17.012s] Level 1:colcon.colcon_core.environment:checking '/home/jerry/AutoSweeperSystem/AutoSweeperSystem_ws/install/micro_ros_msgs/lib/pkgconfig/micro_ros_msgs.pc'
[17.018s] Level 1:colcon.colcon_core.environment:checking '/home/jerry/AutoSweeperSystem/AutoSweeperSystem_ws/install/micro_ros_msgs/lib/python3.10/site-packages'
[17.027s] Level 1:colcon.colcon_core.environment:checking '/home/jerry/AutoSweeperSystem/AutoSweeperSystem_ws/install/micro_ros_msgs/bin'
[17.034s] INFO:colcon.colcon_core.shell:Creating package script '/home/jerry/AutoSweeperSystem/AutoSweeperSystem_ws/install/micro_ros_msgs/share/micro_ros_msgs/package.ps1'
[17.054s] INFO:colcon.colcon_core.shell:Creating package descriptor '/home/jerry/AutoSweeperSystem/AutoSweeperSystem_ws/install/micro_ros_msgs/share/micro_ros_msgs/package.dsv'
[17.074s] INFO:colcon.colcon_core.shell:Creating package script '/home/jerry/AutoSweeperSystem/AutoSweeperSystem_ws/install/micro_ros_msgs/share/micro_ros_msgs/package.sh'
[17.080s] INFO:colcon.colcon_core.shell:Creating package script '/home/jerry/AutoSweeperSystem/AutoSweeperSystem_ws/install/micro_ros_msgs/share/micro_ros_msgs/package.bash'
[17.084s] INFO:colcon.colcon_core.shell:Creating package script '/home/jerry/AutoSweeperSystem/AutoSweeperSystem_ws/install/micro_ros_msgs/share/micro_ros_msgs/package.zsh'
[17.089s] Level 1:colcon.colcon_core.environment:create_file_with_runtime_dependencies(/home/jerry/AutoSweeperSystem/AutoSweeperSystem_ws/install/micro_ros_msgs/share/colcon-core/packages/micro_ros_msgs)
[17.096s] Level 1:colcon.colcon_core.environment:create_environment_scripts_only(micro_ros_msgs)
[17.098s] Level 1:colcon.colcon_core.environment:checking '/home/jerry/AutoSweeperSystem/AutoSweeperSystem_ws/install/micro_ros_msgs' for CMake module files
[17.105s] Level 1:colcon.colcon_core.environment:checking '/home/jerry/AutoSweeperSystem/AutoSweeperSystem_ws/install/micro_ros_msgs' for CMake config files
[17.112s] Level 1:colcon.colcon_core.shell:create_environment_hook('micro_ros_msgs', 'cmake_prefix_path')
[17.114s] INFO:colcon.colcon_core.shell:Creating environment hook '/home/jerry/AutoSweeperSystem/AutoSweeperSystem_ws/install/micro_ros_msgs/share/micro_ros_msgs/hook/cmake_prefix_path.ps1'
[17.120s] INFO:colcon.colcon_core.shell:Creating environment descriptor '/home/jerry/AutoSweeperSystem/AutoSweeperSystem_ws/install/micro_ros_msgs/share/micro_ros_msgs/hook/cmake_prefix_path.dsv'
[17.126s] INFO:colcon.colcon_core.shell:Creating environment hook '/home/jerry/AutoSweeperSystem/AutoSweeperSystem_ws/install/micro_ros_msgs/share/micro_ros_msgs/hook/cmake_prefix_path.sh'
[17.131s] Level 1:colcon.colcon_core.environment:checking '/home/jerry/AutoSweeperSystem/AutoSweeperSystem_ws/install/micro_ros_msgs/lib'
[17.132s] Level 1:colcon.colcon_core.shell:create_environment_hook('micro_ros_msgs', 'ld_library_path_lib')
[17.133s] INFO:colcon.colcon_core.shell:Creating environment hook '/home/jerry/AutoSweeperSystem/AutoSweeperSystem_ws/install/micro_ros_msgs/share/micro_ros_msgs/hook/ld_library_path_lib.ps1'
[17.137s] INFO:colcon.colcon_core.shell:Creating environment descriptor '/home/jerry/AutoSweeperSystem/AutoSweeperSystem_ws/install/micro_ros_msgs/share/micro_ros_msgs/hook/ld_library_path_lib.dsv'
[17.141s] INFO:colcon.colcon_core.shell:Creating environment hook '/home/jerry/AutoSweeperSystem/AutoSweeperSystem_ws/install/micro_ros_msgs/share/micro_ros_msgs/hook/ld_library_path_lib.sh'
[17.145s] Level 1:colcon.colcon_core.environment:checking '/home/jerry/AutoSweeperSystem/AutoSweeperSystem_ws/install/micro_ros_msgs/bin'
[17.150s] Level 1:colcon.colcon_core.environment:checking '/home/jerry/AutoSweeperSystem/AutoSweeperSystem_ws/install/micro_ros_msgs/lib/pkgconfig/micro_ros_msgs.pc'
[17.159s] Level 1:colcon.colcon_core.environment:checking '/home/jerry/AutoSweeperSystem/AutoSweeperSystem_ws/install/micro_ros_msgs/lib/python3.10/site-packages'
[17.165s] Level 1:colcon.colcon_core.environment:checking '/home/jerry/AutoSweeperSystem/AutoSweeperSystem_ws/install/micro_ros_msgs/bin'
[17.168s] INFO:colcon.colcon_core.shell:Creating package script '/home/jerry/AutoSweeperSystem/AutoSweeperSystem_ws/install/micro_ros_msgs/share/micro_ros_msgs/package.ps1'
[17.173s] INFO:colcon.colcon_core.shell:Creating package descriptor '/home/jerry/AutoSweeperSystem/AutoSweeperSystem_ws/install/micro_ros_msgs/share/micro_ros_msgs/package.dsv'
[17.179s] INFO:colcon.colcon_core.shell:Creating package script '/home/jerry/AutoSweeperSystem/AutoSweeperSystem_ws/install/micro_ros_msgs/share/micro_ros_msgs/package.sh'
[17.183s] INFO:colcon.colcon_core.shell:Creating package script '/home/jerry/AutoSweeperSystem/AutoSweeperSystem_ws/install/micro_ros_msgs/share/micro_ros_msgs/package.bash'
[17.188s] INFO:colcon.colcon_core.shell:Creating package script '/home/jerry/AutoSweeperSystem/AutoSweeperSystem_ws/install/micro_ros_msgs/share/micro_ros_msgs/package.zsh'
[17.192s] Level 1:colcon.colcon_core.environment:create_file_with_runtime_dependencies(/home/jerry/AutoSweeperSystem/AutoSweeperSystem_ws/install/micro_ros_msgs/share/colcon-core/packages/micro_ros_msgs)
[17.195s] INFO:colcon.colcon_ros.task.ament_cmake.build:Building ROS package in '/home/jerry/AutoSweeperSystem/AutoSweeperSystem_ws/src/micro-ROS-Agent/micro_ros_agent' with build type 'ament_cmake'
[17.196s] INFO:colcon.colcon_cmake.task.cmake.build:Building CMake package in '/home/jerry/AutoSweeperSystem/AutoSweeperSystem_ws/src/micro-ROS-Agent/micro_ros_agent'
[17.218s] INFO:colcon.colcon_core.shell:Skip shell extension 'powershell' for command environment: Not usable outside of PowerShell
[17.225s] DEBUG:colcon.colcon_core.shell:Skip shell extension 'dsv' for command environment
[17.574s] DEBUG:colcon.colcon_core.event_handler.log_command:Invoking command in '/home/jerry/AutoSweeperSystem/AutoSweeperSystem_ws/build/micro_ros_agent': CMAKE_PREFIX_PATH=/home/jerry/AutoSweeperSystem/AutoSweeperSystem_ws/install/micro_ros_msgs:/home/jerry/AutoSweeperSystem/AutoSweeperSystem_ws/install/micro_ros_agent:/home/jerry/AutoSweeperSystem/AutoSweeperSystem_ws/install/m1ct_d2:/home/jerry/AutoSweeperSystem/AutoSweeperSystem_ws/install/fishbot_navigation2:/home/jerry/AutoSweeperSystem/AutoSweeperSystem_ws/install/fishbot_interfaces:/home/jerry/AutoSweeperSystem/AutoSweeperSystem_ws/install/fishbot_description:/home/jerry/AutoSweeperSystem/AutoSweeperSystem_ws/install/fishbot_cartographer:/home/jerry/AutoSweeperSystem/AutoSweeperSystem_ws/install/fishbot_bringup:/home/jerry/AutoSweeperSystem/AutoSweeperSystem_ws/install/autosweeper_robot:/opt/ros/humble LD_LIBRARY_PATH=/home/jerry/AutoSweeperSystem/AutoSweeperSystem_ws/install/micro_ros_msgs/lib:/home/jerry/AutoSweeperSystem/AutoSweeperSystem_ws/install/micro_ros_agent/lib:/home/jerry/AutoSweeperSystem/AutoSweeperSystem_ws/install/fishbot_interfaces/lib:/opt/ros/humble/opt/rviz_ogre_vendor/lib:/opt/ros/humble/lib/aarch64-linux-gnu:/opt/ros/humble/lib /usr/bin/cmake --build /home/jerry/AutoSweeperSystem/AutoSweeperSystem_ws/build/micro_ros_agent -- -j4 -l4
[19.125s] DEBUG:colcon.colcon_core.event_handler.log_command:Invoked command in '/home/jerry/AutoSweeperSystem/AutoSweeperSystem_ws/build/micro_ros_agent' returned '0': CMAKE_PREFIX_PATH=/home/jerry/AutoSweeperSystem/AutoSweeperSystem_ws/install/micro_ros_msgs:/home/jerry/AutoSweeperSystem/AutoSweeperSystem_ws/install/micro_ros_agent:/home/jerry/AutoSweeperSystem/AutoSweeperSystem_ws/install/m1ct_d2:/home/jerry/AutoSweeperSystem/AutoSweeperSystem_ws/install/fishbot_navigation2:/home/jerry/AutoSweeperSystem/AutoSweeperSystem_ws/install/fishbot_interfaces:/home/jerry/AutoSweeperSystem/AutoSweeperSystem_ws/install/fishbot_description:/home/jerry/AutoSweeperSystem/AutoSweeperSystem_ws/install/fishbot_cartographer:/home/jerry/AutoSweeperSystem/AutoSweeperSystem_ws/install/fishbot_bringup:/home/jerry/AutoSweeperSystem/AutoSweeperSystem_ws/install/autosweeper_robot:/opt/ros/humble LD_LIBRARY_PATH=/home/jerry/AutoSweeperSystem/AutoSweeperSystem_ws/install/micro_ros_msgs/lib:/home/jerry/AutoSweeperSystem/AutoSweeperSystem_ws/install/micro_ros_agent/lib:/home/jerry/AutoSweeperSystem/AutoSweeperSystem_ws/install/fishbot_interfaces/lib:/opt/ros/humble/opt/rviz_ogre_vendor/lib:/opt/ros/humble/lib/aarch64-linux-gnu:/opt/ros/humble/lib /usr/bin/cmake --build /home/jerry/AutoSweeperSystem/AutoSweeperSystem_ws/build/micro_ros_agent -- -j4 -l4
[19.127s] DEBUG:colcon.colcon_core.event_handler.log_command:Invoking command in '/home/jerry/AutoSweeperSystem/AutoSweeperSystem_ws/build/micro_ros_agent': CMAKE_PREFIX_PATH=/home/jerry/AutoSweeperSystem/AutoSweeperSystem_ws/install/micro_ros_msgs:/home/jerry/AutoSweeperSystem/AutoSweeperSystem_ws/install/micro_ros_agent:/home/jerry/AutoSweeperSystem/AutoSweeperSystem_ws/install/m1ct_d2:/home/jerry/AutoSweeperSystem/AutoSweeperSystem_ws/install/fishbot_navigation2:/home/jerry/AutoSweeperSystem/AutoSweeperSystem_ws/install/fishbot_interfaces:/home/jerry/AutoSweeperSystem/AutoSweeperSystem_ws/install/fishbot_description:/home/jerry/AutoSweeperSystem/AutoSweeperSystem_ws/install/fishbot_cartographer:/home/jerry/AutoSweeperSystem/AutoSweeperSystem_ws/install/fishbot_bringup:/home/jerry/AutoSweeperSystem/AutoSweeperSystem_ws/install/autosweeper_robot:/opt/ros/humble LD_LIBRARY_PATH=/home/jerry/AutoSweeperSystem/AutoSweeperSystem_ws/install/micro_ros_msgs/lib:/home/jerry/AutoSweeperSystem/AutoSweeperSystem_ws/install/micro_ros_agent/lib:/home/jerry/AutoSweeperSystem/AutoSweeperSystem_ws/install/fishbot_interfaces/lib:/opt/ros/humble/opt/rviz_ogre_vendor/lib:/opt/ros/humble/lib/aarch64-linux-gnu:/opt/ros/humble/lib /usr/bin/cmake --install /home/jerry/AutoSweeperSystem/AutoSweeperSystem_ws/build/micro_ros_agent
[19.441s] Level 1:colcon.colcon_core.environment:create_environment_scripts_only(micro_ros_agent)
[19.442s] Level 1:colcon.colcon_core.environment:checking '/home/jerry/AutoSweeperSystem/AutoSweeperSystem_ws/install/micro_ros_agent' for CMake module files
[19.445s] DEBUG:colcon.colcon_core.event_handler.log_command:Invoked command in '/home/jerry/AutoSweeperSystem/AutoSweeperSystem_ws/build/micro_ros_agent' returned '0': CMAKE_PREFIX_PATH=/home/jerry/AutoSweeperSystem/AutoSweeperSystem_ws/install/micro_ros_msgs:/home/jerry/AutoSweeperSystem/AutoSweeperSystem_ws/install/micro_ros_agent:/home/jerry/AutoSweeperSystem/AutoSweeperSystem_ws/install/m1ct_d2:/home/jerry/AutoSweeperSystem/AutoSweeperSystem_ws/install/fishbot_navigation2:/home/jerry/AutoSweeperSystem/AutoSweeperSystem_ws/install/fishbot_interfaces:/home/jerry/AutoSweeperSystem/AutoSweeperSystem_ws/install/fishbot_description:/home/jerry/AutoSweeperSystem/AutoSweeperSystem_ws/install/fishbot_cartographer:/home/jerry/AutoSweeperSystem/AutoSweeperSystem_ws/install/fishbot_bringup:/home/jerry/AutoSweeperSystem/AutoSweeperSystem_ws/install/autosweeper_robot:/opt/ros/humble LD_LIBRARY_PATH=/home/jerry/AutoSweeperSystem/AutoSweeperSystem_ws/install/micro_ros_msgs/lib:/home/jerry/AutoSweeperSystem/AutoSweeperSystem_ws/install/micro_ros_agent/lib:/home/jerry/AutoSweeperSystem/AutoSweeperSystem_ws/install/fishbot_interfaces/lib:/opt/ros/humble/opt/rviz_ogre_vendor/lib:/opt/ros/humble/lib/aarch64-linux-gnu:/opt/ros/humble/lib /usr/bin/cmake --install /home/jerry/AutoSweeperSystem/AutoSweeperSystem_ws/build/micro_ros_agent
[19.450s] Level 1:colcon.colcon_core.environment:checking '/home/jerry/AutoSweeperSystem/AutoSweeperSystem_ws/install/micro_ros_agent' for CMake config files
[19.461s] Level 1:colcon.colcon_core.shell:create_environment_hook('micro_ros_agent', 'cmake_prefix_path')
[19.463s] INFO:colcon.colcon_core.shell:Creating environment hook '/home/jerry/AutoSweeperSystem/AutoSweeperSystem_ws/install/micro_ros_agent/share/micro_ros_agent/hook/cmake_prefix_path.ps1'
[19.474s] INFO:colcon.colcon_core.shell:Creating environment descriptor '/home/jerry/AutoSweeperSystem/AutoSweeperSystem_ws/install/micro_ros_agent/share/micro_ros_agent/hook/cmake_prefix_path.dsv'
[19.478s] INFO:colcon.colcon_core.shell:Creating environment hook '/home/jerry/AutoSweeperSystem/AutoSweeperSystem_ws/install/micro_ros_agent/share/micro_ros_agent/hook/cmake_prefix_path.sh'
[19.483s] Level 1:colcon.colcon_core.environment:checking '/home/jerry/AutoSweeperSystem/AutoSweeperSystem_ws/install/micro_ros_agent/lib'
[19.484s] Level 1:colcon.colcon_core.shell:create_environment_hook('micro_ros_agent', 'ld_library_path_lib')
[19.488s] INFO:colcon.colcon_core.shell:Creating environment hook '/home/jerry/AutoSweeperSystem/AutoSweeperSystem_ws/install/micro_ros_agent/share/micro_ros_agent/hook/ld_library_path_lib.ps1'
[19.502s] INFO:colcon.colcon_core.shell:Creating environment descriptor '/home/jerry/AutoSweeperSystem/AutoSweeperSystem_ws/install/micro_ros_agent/share/micro_ros_agent/hook/ld_library_path_lib.dsv'
[19.514s] INFO:colcon.colcon_core.shell:Creating environment hook '/home/jerry/AutoSweeperSystem/AutoSweeperSystem_ws/install/micro_ros_agent/share/micro_ros_agent/hook/ld_library_path_lib.sh'
[19.527s] Level 1:colcon.colcon_core.environment:checking '/home/jerry/AutoSweeperSystem/AutoSweeperSystem_ws/install/micro_ros_agent/bin'
[19.528s] Level 1:colcon.colcon_core.environment:checking '/home/jerry/AutoSweeperSystem/AutoSweeperSystem_ws/install/micro_ros_agent/lib/pkgconfig/micro_ros_agent.pc'
[19.530s] Level 1:colcon.colcon_core.environment:checking '/home/jerry/AutoSweeperSystem/AutoSweeperSystem_ws/install/micro_ros_agent/lib/python3.10/site-packages'
[19.541s] Level 1:colcon.colcon_core.environment:checking '/home/jerry/AutoSweeperSystem/AutoSweeperSystem_ws/install/micro_ros_agent/bin'
[19.550s] INFO:colcon.colcon_core.shell:Creating package script '/home/jerry/AutoSweeperSystem/AutoSweeperSystem_ws/install/micro_ros_agent/share/micro_ros_agent/package.ps1'
[19.561s] INFO:colcon.colcon_core.shell:Creating package descriptor '/home/jerry/AutoSweeperSystem/AutoSweeperSystem_ws/install/micro_ros_agent/share/micro_ros_agent/package.dsv'
[19.568s] INFO:colcon.colcon_core.shell:Creating package script '/home/jerry/AutoSweeperSystem/AutoSweeperSystem_ws/install/micro_ros_agent/share/micro_ros_agent/package.sh'
[19.607s] INFO:colcon.colcon_core.shell:Creating package script '/home/jerry/AutoSweeperSystem/AutoSweeperSystem_ws/install/micro_ros_agent/share/micro_ros_agent/package.bash'
[19.621s] INFO:colcon.colcon_core.shell:Creating package script '/home/jerry/AutoSweeperSystem/AutoSweeperSystem_ws/install/micro_ros_agent/share/micro_ros_agent/package.zsh'
[19.633s] Level 1:colcon.colcon_core.environment:create_file_with_runtime_dependencies(/home/jerry/AutoSweeperSystem/AutoSweeperSystem_ws/install/micro_ros_agent/share/colcon-core/packages/micro_ros_agent)
[19.663s] Level 1:colcon.colcon_core.environment:create_environment_scripts_only(micro_ros_agent)
[19.669s] Level 1:colcon.colcon_core.environment:checking '/home/jerry/AutoSweeperSystem/AutoSweeperSystem_ws/install/micro_ros_agent' for CMake module files
[19.680s] Level 1:colcon.colcon_core.environment:checking '/home/jerry/AutoSweeperSystem/AutoSweeperSystem_ws/install/micro_ros_agent' for CMake config files
[19.686s] Level 1:colcon.colcon_core.shell:create_environment_hook('micro_ros_agent', 'cmake_prefix_path')
[19.689s] INFO:colcon.colcon_core.shell:Creating environment hook '/home/jerry/AutoSweeperSystem/AutoSweeperSystem_ws/install/micro_ros_agent/share/micro_ros_agent/hook/cmake_prefix_path.ps1'
[19.699s] INFO:colcon.colcon_core.shell:Creating environment descriptor '/home/jerry/AutoSweeperSystem/AutoSweeperSystem_ws/install/micro_ros_agent/share/micro_ros_agent/hook/cmake_prefix_path.dsv'
[19.710s] INFO:colcon.colcon_core.shell:Creating environment hook '/home/jerry/AutoSweeperSystem/AutoSweeperSystem_ws/install/micro_ros_agent/share/micro_ros_agent/hook/cmake_prefix_path.sh'
[19.725s] Level 1:colcon.colcon_core.environment:checking '/home/jerry/AutoSweeperSystem/AutoSweeperSystem_ws/install/micro_ros_agent/lib'
[19.731s] Level 1:colcon.colcon_core.shell:create_environment_hook('micro_ros_agent', 'ld_library_path_lib')
[19.732s] INFO:colcon.colcon_core.shell:Creating environment hook '/home/jerry/AutoSweeperSystem/AutoSweeperSystem_ws/install/micro_ros_agent/share/micro_ros_agent/hook/ld_library_path_lib.ps1'
[19.748s] INFO:colcon.colcon_core.shell:Creating environment descriptor '/home/jerry/AutoSweeperSystem/AutoSweeperSystem_ws/install/micro_ros_agent/share/micro_ros_agent/hook/ld_library_path_lib.dsv'
[19.753s] INFO:colcon.colcon_core.shell:Creating environment hook '/home/jerry/AutoSweeperSystem/AutoSweeperSystem_ws/install/micro_ros_agent/share/micro_ros_agent/hook/ld_library_path_lib.sh'
[19.766s] Level 1:colcon.colcon_core.environment:checking '/home/jerry/AutoSweeperSystem/AutoSweeperSystem_ws/install/micro_ros_agent/bin'
[19.769s] Level 1:colcon.colcon_core.environment:checking '/home/jerry/AutoSweeperSystem/AutoSweeperSystem_ws/install/micro_ros_agent/lib/pkgconfig/micro_ros_agent.pc'
[19.770s] Level 1:colcon.colcon_core.environment:checking '/home/jerry/AutoSweeperSystem/AutoSweeperSystem_ws/install/micro_ros_agent/lib/python3.10/site-packages'
[19.776s] Level 1:colcon.colcon_core.environment:checking '/home/jerry/AutoSweeperSystem/AutoSweeperSystem_ws/install/micro_ros_agent/bin'
[19.783s] INFO:colcon.colcon_core.shell:Creating package script '/home/jerry/AutoSweeperSystem/AutoSweeperSystem_ws/install/micro_ros_agent/share/micro_ros_agent/package.ps1'
[19.796s] INFO:colcon.colcon_core.shell:Creating package descriptor '/home/jerry/AutoSweeperSystem/AutoSweeperSystem_ws/install/micro_ros_agent/share/micro_ros_agent/package.dsv'
[19.811s] INFO:colcon.colcon_core.shell:Creating package script '/home/jerry/AutoSweeperSystem/AutoSweeperSystem_ws/install/micro_ros_agent/share/micro_ros_agent/package.sh'
[19.843s] INFO:colcon.colcon_core.shell:Creating package script '/home/jerry/AutoSweeperSystem/AutoSweeperSystem_ws/install/micro_ros_agent/share/micro_ros_agent/package.bash'
[19.857s] INFO:colcon.colcon_core.shell:Creating package script '/home/jerry/AutoSweeperSystem/AutoSweeperSystem_ws/install/micro_ros_agent/share/micro_ros_agent/package.zsh'
[19.865s] Level 1:colcon.colcon_core.environment:create_file_with_runtime_dependencies(/home/jerry/AutoSweeperSystem/AutoSweeperSystem_ws/install/micro_ros_agent/share/colcon-core/packages/micro_ros_agent)
[21.856s] Level 1:colcon.colcon_core.environment:checking '/home/jerry/AutoSweeperSystem/AutoSweeperSystem_ws/install/autosweeper_robot' for CMake module files
[21.860s] DEBUG:colcon.colcon_core.event_handler.log_command:Invoked command in '/home/jerry/AutoSweeperSystem/AutoSweeperSystem_ws/src/autosweeper_robot' returned '0': PYTHONPATH=/home/jerry/AutoSweeperSystem/AutoSweeperSystem_ws/build/autosweeper_robot/prefix_override:/usr/lib/python3/dist-packages/colcon_core/task/python/colcon_distutils_commands:/home/jerry/AutoSweeperSystem/AutoSweeperSystem_ws/install/autosweeper_robot/lib/python3.10/site-packages:${PYTHONPATH} /usr/bin/python3 -W ignore:setup.py install is deprecated -W ignore:easy_install command is deprecated setup.py egg_info --egg-base ../../build/autosweeper_robot build --build-base /home/jerry/AutoSweeperSystem/AutoSweeperSystem_ws/build/autosweeper_robot/build install --record /home/jerry/AutoSweeperSystem/AutoSweeperSystem_ws/build/autosweeper_robot/install.log --single-version-externally-managed install_data
[21.864s] Level 1:colcon.colcon_core.environment:checking '/home/jerry/AutoSweeperSystem/AutoSweeperSystem_ws/install/autosweeper_robot' for CMake config files
[21.884s] Level 1:colcon.colcon_core.environment:checking '/home/jerry/AutoSweeperSystem/AutoSweeperSystem_ws/install/autosweeper_robot/lib'
[21.895s] Level 1:colcon.colcon_core.environment:checking '/home/jerry/AutoSweeperSystem/AutoSweeperSystem_ws/install/autosweeper_robot/bin'
[21.898s] Level 1:colcon.colcon_core.environment:checking '/home/jerry/AutoSweeperSystem/AutoSweeperSystem_ws/install/autosweeper_robot/lib/pkgconfig/autosweeper_robot.pc'
[21.901s] Level 1:colcon.colcon_core.environment:checking '/home/jerry/AutoSweeperSystem/AutoSweeperSystem_ws/install/autosweeper_robot/lib/python3.10/site-packages'
[21.914s] Level 1:colcon.colcon_core.shell:create_environment_hook('autosweeper_robot', 'pythonpath')
[21.916s] INFO:colcon.colcon_core.shell:Creating environment hook '/home/jerry/AutoSweeperSystem/AutoSweeperSystem_ws/install/autosweeper_robot/share/autosweeper_robot/hook/pythonpath.ps1'
[21.927s] INFO:colcon.colcon_core.shell:Creating environment descriptor '/home/jerry/AutoSweeperSystem/AutoSweeperSystem_ws/install/autosweeper_robot/share/autosweeper_robot/hook/pythonpath.dsv'
[21.941s] INFO:colcon.colcon_core.shell:Creating environment hook '/home/jerry/AutoSweeperSystem/AutoSweeperSystem_ws/install/autosweeper_robot/share/autosweeper_robot/hook/pythonpath.sh'
[21.975s] Level 1:colcon.colcon_core.environment:checking '/home/jerry/AutoSweeperSystem/AutoSweeperSystem_ws/install/autosweeper_robot/bin'
[21.982s] Level 1:colcon.colcon_core.environment:create_environment_scripts_only(autosweeper_robot)
[21.992s] INFO:colcon.colcon_core.shell:Creating package script '/home/jerry/AutoSweeperSystem/AutoSweeperSystem_ws/install/autosweeper_robot/share/autosweeper_robot/package.ps1'
[22.022s] INFO:colcon.colcon_core.shell:Creating package descriptor '/home/jerry/AutoSweeperSystem/AutoSweeperSystem_ws/install/autosweeper_robot/share/autosweeper_robot/package.dsv'
[22.049s] INFO:colcon.colcon_core.shell:Creating package script '/home/jerry/AutoSweeperSystem/AutoSweeperSystem_ws/install/autosweeper_robot/share/autosweeper_robot/package.sh'
[22.066s] INFO:colcon.colcon_core.shell:Creating package script '/home/jerry/AutoSweeperSystem/AutoSweeperSystem_ws/install/autosweeper_robot/share/autosweeper_robot/package.bash'
[22.071s] INFO:colcon.colcon_core.shell:Creating package script '/home/jerry/AutoSweeperSystem/AutoSweeperSystem_ws/install/autosweeper_robot/share/autosweeper_robot/package.zsh'
[22.082s] Level 1:colcon.colcon_core.environment:create_file_with_runtime_dependencies(/home/jerry/AutoSweeperSystem/AutoSweeperSystem_ws/install/autosweeper_robot/share/colcon-core/packages/autosweeper_robot)
[22.101s] DEBUG:colcon.colcon_parallel_executor.executor.parallel:closing loop
[22.104s] DEBUG:colcon.colcon_parallel_executor.executor.parallel:loop closed
[22.105s] DEBUG:colcon.colcon_parallel_executor.executor.parallel:run_until_complete finished with '0'
[22.106s] DEBUG:colcon.colcon_core.event_reactor:joining thread
[22.209s] INFO:colcon.colcon_core.plugin_system:Skipping extension 'colcon_notification.desktop_notification.notify_send': Could not find 'notify-send'
[22.210s] INFO:colcon.colcon_core.plugin_system:Skipping extension 'colcon_notification.desktop_notification.terminal_notifier': Not used on non-Darwin systems
[22.212s] INFO:colcon.colcon_core.plugin_system:Skipping extension 'colcon_notification.desktop_notification.win32': Not used on non-Windows systems
[22.232s] INFO:colcon.colcon_notification.desktop_notification:Sending desktop notification using 'notify2'
[22.247s] DEBUG:colcon.colcon_notification.desktop_notification.notify2:Failed to initialize notify2: org.freedesktop.DBus.Error.ServiceUnknown: The name org.freedesktop.Notifications was not provided by any .service files
[22.248s] DEBUG:colcon.colcon_core.event_reactor:joined thread
[22.251s] INFO:colcon.colcon_core.shell:Creating prefix script '/home/jerry/AutoSweeperSystem/AutoSweeperSystem_ws/install/local_setup.ps1'
[22.262s] INFO:colcon.colcon_core.shell:Creating prefix util module '/home/jerry/AutoSweeperSystem/AutoSweeperSystem_ws/install/_local_setup_util_ps1.py'
[22.308s] INFO:colcon.colcon_core.shell:Creating prefix chain script '/home/jerry/AutoSweeperSystem/AutoSweeperSystem_ws/install/setup.ps1'
[22.402s] INFO:colcon.colcon_core.shell:Creating prefix script '/home/jerry/AutoSweeperSystem/AutoSweeperSystem_ws/install/local_setup.sh'
[22.407s] INFO:colcon.colcon_core.shell:Creating prefix util module '/home/jerry/AutoSweeperSystem/AutoSweeperSystem_ws/install/_local_setup_util_sh.py'
[22.413s] INFO:colcon.colcon_core.shell:Creating prefix chain script '/home/jerry/AutoSweeperSystem/AutoSweeperSystem_ws/install/setup.sh'
[22.429s] INFO:colcon.colcon_core.shell:Creating prefix script '/home/jerry/AutoSweeperSystem/AutoSweeperSystem_ws/install/local_setup.bash'
[22.433s] INFO:colcon.colcon_core.shell:Creating prefix chain script '/home/jerry/AutoSweeperSystem/AutoSweeperSystem_ws/install/setup.bash'
[22.452s] INFO:colcon.colcon_core.shell:Creating prefix script '/home/jerry/AutoSweeperSystem/AutoSweeperSystem_ws/install/local_setup.zsh'
[22.457s] INFO:colcon.colcon_core.shell:Creating prefix chain script '/home/jerry/AutoSweeperSystem/AutoSweeperSystem_ws/install/setup.zsh'
