[11.465s] Invoking command in '/home/jerry/AutoSweeperSystem/AutoSweeperSystem_ws/src/autosweeper_robot': PYTHONPATH=/home/jerry/AutoSweeperSystem/AutoSweeperSystem_ws/build/autosweeper_robot/prefix_override:/usr/lib/python3/dist-packages/colcon_core/task/python/colcon_distutils_commands:/home/jerry/AutoSweeperSystem/AutoSweeperSystem_ws/install/autosweeper_robot/lib/python3.10/site-packages:${PYTHONPATH} /usr/bin/python3 -W ignore:setup.py install is deprecated -W ignore:easy_install command is deprecated setup.py egg_info --egg-base ../../build/autosweeper_robot build --build-base /home/jerry/AutoSweeperSystem/AutoSweeperSystem_ws/build/autosweeper_robot/build install --record /home/jerry/AutoSweeperSystem/AutoSweeperSystem_ws/build/autosweeper_robot/install.log --single-version-externally-managed install_data
[13.774s] running egg_info
[13.779s] writing ../../build/autosweeper_robot/autosweeper_robot.egg-info/PKG-INFO
[13.781s] writing dependency_links to ../../build/autosweeper_robot/autosweeper_robot.egg-info/dependency_links.txt
[13.784s] writing entry points to ../../build/autosweeper_robot/autosweeper_robot.egg-info/entry_points.txt
[13.785s] writing requirements to ../../build/autosweeper_robot/autosweeper_robot.egg-info/requires.txt
[13.786s] writing top-level names to ../../build/autosweeper_robot/autosweeper_robot.egg-info/top_level.txt
[13.799s] reading manifest file '../../build/autosweeper_robot/autosweeper_robot.egg-info/SOURCES.txt'
[13.830s] writing manifest file '../../build/autosweeper_robot/autosweeper_robot.egg-info/SOURCES.txt'
[13.839s] running build
[13.841s] running build_py
[13.847s] running install
[13.850s] running install_lib
[13.870s] running install_data
[13.873s] running install_egg_info
[13.886s] removing '/home/jerry/AutoSweeperSystem/AutoSweeperSystem_ws/install/autosweeper_robot/lib/python3.10/site-packages/autosweeper_robot-0.0.0-py3.10.egg-info' (and everything under it)
[13.897s] Copying ../../build/autosweeper_robot/autosweeper_robot.egg-info to /home/jerry/AutoSweeperSystem/AutoSweeperSystem_ws/install/autosweeper_robot/lib/python3.10/site-packages/autosweeper_robot-0.0.0-py3.10.egg-info
[13.971s] running install_scripts
[14.096s] Installing sweeper_node script to /home/jerry/AutoSweeperSystem/AutoSweeperSystem_ws/install/autosweeper_robot/lib/autosweeper_robot
[14.099s] writing list of installed files to '/home/jerry/AutoSweeperSystem/AutoSweeperSystem_ws/build/autosweeper_robot/install.log'
[14.297s] Invoked command in '/home/jerry/AutoSweeperSystem/AutoSweeperSystem_ws/src/autosweeper_robot' returned '0': PYTHONPATH=/home/jerry/AutoSweeperSystem/AutoSweeperSystem_ws/build/autosweeper_robot/prefix_override:/usr/lib/python3/dist-packages/colcon_core/task/python/colcon_distutils_commands:/home/jerry/AutoSweeperSystem/AutoSweeperSystem_ws/install/autosweeper_robot/lib/python3.10/site-packages:${PYTHONPATH} /usr/bin/python3 -W ignore:setup.py install is deprecated -W ignore:easy_install command is deprecated setup.py egg_info --egg-base ../../build/autosweeper_robot build --build-base /home/jerry/AutoSweeperSystem/AutoSweeperSystem_ws/build/autosweeper_robot/build install --record /home/jerry/AutoSweeperSystem/AutoSweeperSystem_ws/build/autosweeper_robot/install.log --single-version-externally-managed install_data
