[3.325s] Invoking command in '/home/jerry/AutoSweeperSystem/AutoSweeperSystem_ws/build/fishbot_bringup': CMAKE_PREFIX_PATH=${CMAKE_PREFIX_PATH}:/home/jerry/AutoSweeperSystem/AutoSweeperSystem_ws/install/camera_publisher:/home/jerry/AutoSweeperSystem/AutoSweeperSystem_ws/install/autosweeper_robot:/opt/ros/humble /usr/bin/cmake --build /home/jerry/AutoSweeperSystem/AutoSweeperSystem_ws/build/fishbot_bringup -- -j4 -l4
[3.740s] [100%] Built target odom2tf
[3.867s] Invoked command in '/home/jerry/AutoSweeperSystem/AutoSweeperSystem_ws/build/fishbot_bringup' returned '0': CMAKE_PREFIX_PATH=${CMAKE_PREFIX_PATH}:/home/jerry/AutoSweeperSystem/AutoSweeperSystem_ws/install/camera_publisher:/home/jerry/AutoSweeperSystem/AutoSweeperSystem_ws/install/autosweeper_robot:/opt/ros/humble /usr/bin/cmake --build /home/jerry/AutoSweeperSystem/AutoSweeperSystem_ws/build/fishbot_bringup -- -j4 -l4
[3.884s] Invoking command in '/home/jerry/AutoSweeperSystem/AutoSweeperSystem_ws/build/fishbot_bringup': CMAKE_PREFIX_PATH=${CMAKE_PREFIX_PATH}:/home/jerry/AutoSweeperSystem/AutoSweeperSystem_ws/install/camera_publisher:/home/jerry/AutoSweeperSystem/AutoSweeperSystem_ws/install/autosweeper_robot:/opt/ros/humble /usr/bin/cmake --install /home/jerry/AutoSweeperSystem/AutoSweeperSystem_ws/build/fishbot_bringup
[3.968s] -- Install configuration: ""
[3.968s] -- Up-to-date: /home/jerry/AutoSweeperSystem/AutoSweeperSystem_ws/install/fishbot_bringup/lib/fishbot_bringup/odom2tf
[3.974s] -- Up-to-date: /home/jerry/AutoSweeperSystem/AutoSweeperSystem_ws/install/fishbot_bringup/share/fishbot_bringup/launch
[3.975s] -- Up-to-date: /home/jerry/AutoSweeperSystem/AutoSweeperSystem_ws/install/fishbot_bringup/share/fishbot_bringup/launch/bringup.launch.py
[3.976s] -- Up-to-date: /home/jerry/AutoSweeperSystem/AutoSweeperSystem_ws/install/fishbot_bringup/share/fishbot_bringup/launch/urdf2tf.launch.py
[3.976s] -- Up-to-date: /home/jerry/AutoSweeperSystem/AutoSweeperSystem_ws/install/fishbot_bringup/share/ament_index/resource_index/package_run_dependencies/fishbot_bringup
[3.977s] -- Up-to-date: /home/jerry/AutoSweeperSystem/AutoSweeperSystem_ws/install/fishbot_bringup/share/ament_index/resource_index/parent_prefix_path/fishbot_bringup
[3.977s] -- Up-to-date: /home/jerry/AutoSweeperSystem/AutoSweeperSystem_ws/install/fishbot_bringup/share/fishbot_bringup/environment/ament_prefix_path.sh
[3.978s] -- Up-to-date: /home/jerry/AutoSweeperSystem/AutoSweeperSystem_ws/install/fishbot_bringup/share/fishbot_bringup/environment/ament_prefix_path.dsv
[3.978s] -- Up-to-date: /home/jerry/AutoSweeperSystem/AutoSweeperSystem_ws/install/fishbot_bringup/share/fishbot_bringup/environment/path.sh
[3.978s] -- Up-to-date: /home/jerry/AutoSweeperSystem/AutoSweeperSystem_ws/install/fishbot_bringup/share/fishbot_bringup/environment/path.dsv
[3.979s] -- Up-to-date: /home/jerry/AutoSweeperSystem/AutoSweeperSystem_ws/install/fishbot_bringup/share/fishbot_bringup/local_setup.bash
[3.979s] -- Up-to-date: /home/jerry/AutoSweeperSystem/AutoSweeperSystem_ws/install/fishbot_bringup/share/fishbot_bringup/local_setup.sh
[3.980s] -- Up-to-date: /home/jerry/AutoSweeperSystem/AutoSweeperSystem_ws/install/fishbot_bringup/share/fishbot_bringup/local_setup.zsh
[3.981s] -- Up-to-date: /home/jerry/AutoSweeperSystem/AutoSweeperSystem_ws/install/fishbot_bringup/share/fishbot_bringup/local_setup.dsv
[3.982s] -- Installing: /home/jerry/AutoSweeperSystem/AutoSweeperSystem_ws/install/fishbot_bringup/share/fishbot_bringup/package.dsv
[3.984s] -- Up-to-date: /home/jerry/AutoSweeperSystem/AutoSweeperSystem_ws/install/fishbot_bringup/share/ament_index/resource_index/packages/fishbot_bringup
[3.986s] -- Up-to-date: /home/jerry/AutoSweeperSystem/AutoSweeperSystem_ws/install/fishbot_bringup/share/fishbot_bringup/cmake/fishbot_bringupConfig.cmake
[3.987s] -- Up-to-date: /home/jerry/AutoSweeperSystem/AutoSweeperSystem_ws/install/fishbot_bringup/share/fishbot_bringup/cmake/fishbot_bringupConfig-version.cmake
[3.988s] -- Up-to-date: /home/jerry/AutoSweeperSystem/AutoSweeperSystem_ws/install/fishbot_bringup/share/fishbot_bringup/package.xml
[4.151s] Invoked command in '/home/jerry/AutoSweeperSystem/AutoSweeperSystem_ws/build/fishbot_bringup' returned '0': CMAKE_PREFIX_PATH=${CMAKE_PREFIX_PATH}:/home/jerry/AutoSweeperSystem/AutoSweeperSystem_ws/install/camera_publisher:/home/jerry/AutoSweeperSystem/AutoSweeperSystem_ws/install/autosweeper_robot:/opt/ros/humble /usr/bin/cmake --install /home/jerry/AutoSweeperSystem/AutoSweeperSystem_ws/build/fishbot_bringup
