[0.278s] Invoking command in '/home/jerry/AutoSweeperSystem/AutoSweeperSystem_ws/build/m1ct_d2': CMAKE_PREFIX_PATH=${CMAKE_PREFIX_PATH}:/home/jerry/AutoSweeperSystem/AutoSweeperSystem_ws/install/camera_publisher:/home/jerry/AutoSweeperSystem/AutoSweeperSystem_ws/install/autosweeper_robot:/opt/ros/humble /usr/bin/cmake --build /home/jerry/AutoSweeperSystem/AutoSweeperSystem_ws/build/m1ct_d2 -- -j4 -l4
[1.221s] [100%] Built target m1ct_d2
[1.427s] Invoked command in '/home/jerry/AutoSweeperSystem/AutoSweeperSystem_ws/build/m1ct_d2' returned '0': CMAKE_PREFIX_PATH=${CMAKE_PREFIX_PATH}:/home/jerry/AutoSweeperSystem/AutoSweeperSystem_ws/install/camera_publisher:/home/jerry/AutoSweeperSystem/AutoSweeperSystem_ws/install/autosweeper_robot:/opt/ros/humble /usr/bin/cmake --build /home/jerry/AutoSweeperSystem/AutoSweeperSystem_ws/build/m1ct_d2 -- -j4 -l4
[1.432s] Invoking command in '/home/jerry/AutoSweeperSystem/AutoSweeperSystem_ws/build/m1ct_d2': CMAKE_PREFIX_PATH=${CMAKE_PREFIX_PATH}:/home/jerry/AutoSweeperSystem/AutoSweeperSystem_ws/install/camera_publisher:/home/jerry/AutoSweeperSystem/AutoSweeperSystem_ws/install/autosweeper_robot:/opt/ros/humble /usr/bin/cmake --install /home/jerry/AutoSweeperSystem/AutoSweeperSystem_ws/build/m1ct_d2
[1.541s] -- Install configuration: ""
[1.548s] -- Up-to-date: /home/jerry/AutoSweeperSystem/AutoSweeperSystem_ws/install/m1ct_d2/lib/m1ct_d2/m1ct_d2
[1.552s] -- Up-to-date: /home/jerry/AutoSweeperSystem/AutoSweeperSystem_ws/install/m1ct_d2/share/ament_index/resource_index/package_run_dependencies/m1ct_d2
[1.555s] -- Up-to-date: /home/jerry/AutoSweeperSystem/AutoSweeperSystem_ws/install/m1ct_d2/share/ament_index/resource_index/parent_prefix_path/m1ct_d2
[1.556s] -- Up-to-date: /home/jerry/AutoSweeperSystem/AutoSweeperSystem_ws/install/m1ct_d2/share/m1ct_d2/environment/ament_prefix_path.sh
[1.556s] -- Up-to-date: /home/jerry/AutoSweeperSystem/AutoSweeperSystem_ws/install/m1ct_d2/share/m1ct_d2/environment/ament_prefix_path.dsv
[1.559s] -- Up-to-date: /home/jerry/AutoSweeperSystem/AutoSweeperSystem_ws/install/m1ct_d2/share/m1ct_d2/environment/path.sh
[1.559s] -- Up-to-date: /home/jerry/AutoSweeperSystem/AutoSweeperSystem_ws/install/m1ct_d2/share/m1ct_d2/environment/path.dsv
[1.560s] -- Up-to-date: /home/jerry/AutoSweeperSystem/AutoSweeperSystem_ws/install/m1ct_d2/share/m1ct_d2/local_setup.bash
[1.563s] -- Up-to-date: /home/jerry/AutoSweeperSystem/AutoSweeperSystem_ws/install/m1ct_d2/share/m1ct_d2/local_setup.sh
[1.564s] -- Up-to-date: /home/jerry/AutoSweeperSystem/AutoSweeperSystem_ws/install/m1ct_d2/share/m1ct_d2/local_setup.zsh
[1.565s] -- Up-to-date: /home/jerry/AutoSweeperSystem/AutoSweeperSystem_ws/install/m1ct_d2/share/m1ct_d2/local_setup.dsv
[1.566s] -- Installing: /home/jerry/AutoSweeperSystem/AutoSweeperSystem_ws/install/m1ct_d2/share/m1ct_d2/package.dsv
[1.575s] -- Up-to-date: /home/jerry/AutoSweeperSystem/AutoSweeperSystem_ws/install/m1ct_d2/share/ament_index/resource_index/packages/m1ct_d2
[1.583s] -- Up-to-date: /home/jerry/AutoSweeperSystem/AutoSweeperSystem_ws/install/m1ct_d2/share/m1ct_d2/cmake/m1ct_d2Config.cmake
[1.584s] -- Up-to-date: /home/jerry/AutoSweeperSystem/AutoSweeperSystem_ws/install/m1ct_d2/share/m1ct_d2/cmake/m1ct_d2Config-version.cmake
[1.584s] -- Up-to-date: /home/jerry/AutoSweeperSystem/AutoSweeperSystem_ws/install/m1ct_d2/share/m1ct_d2/package.xml
[1.594s] Invoked command in '/home/jerry/AutoSweeperSystem/AutoSweeperSystem_ws/build/m1ct_d2' returned '0': CMAKE_PREFIX_PATH=${CMAKE_PREFIX_PATH}:/home/jerry/AutoSweeperSystem/AutoSweeperSystem_ws/install/camera_publisher:/home/jerry/AutoSweeperSystem/AutoSweeperSystem_ws/install/autosweeper_robot:/opt/ros/humble /usr/bin/cmake --install /home/jerry/AutoSweeperSystem/AutoSweeperSystem_ws/build/m1ct_d2
