[13.085s] Invoking command in '/home/jerry/AutoSweeperSystem/AutoSweeperSystem_ws/src/camera_publisher': PYTHONPATH=/home/jerry/AutoSweeperSystem/AutoSweeperSystem_ws/build/camera_publisher/prefix_override:/usr/lib/python3/dist-packages/colcon_core/task/python/colcon_distutils_commands:/home/jerry/AutoSweeperSystem/AutoSweeperSystem_ws/install/camera_publisher/lib/python3.10/site-packages:${PYTHONPATH} /usr/bin/python3 -W ignore:setup.py install is deprecated -W ignore:easy_install command is deprecated setup.py egg_info --egg-base ../../build/camera_publisher build --build-base /home/jerry/AutoSweeperSystem/AutoSweeperSystem_ws/build/camera_publisher/build install --record /home/jerry/AutoSweeperSystem/AutoSweeperSystem_ws/build/camera_publisher/install.log --single-version-externally-managed install_data
[15.286s] running egg_info
[15.286s] writing ../../build/camera_publisher/camera_publisher.egg-info/PKG-INFO
[15.287s] writing dependency_links to ../../build/camera_publisher/camera_publisher.egg-info/dependency_links.txt
[15.290s] writing entry points to ../../build/camera_publisher/camera_publisher.egg-info/entry_points.txt
[15.296s] writing requirements to ../../build/camera_publisher/camera_publisher.egg-info/requires.txt
[15.297s] writing top-level names to ../../build/camera_publisher/camera_publisher.egg-info/top_level.txt
[15.310s] reading manifest file '../../build/camera_publisher/camera_publisher.egg-info/SOURCES.txt'
[15.323s] writing manifest file '../../build/camera_publisher/camera_publisher.egg-info/SOURCES.txt'
[15.333s] running build
[15.334s] running build_py
[15.339s] copying camera_publisher/camera_publisher.py -> /home/jerry/AutoSweeperSystem/AutoSweeperSystem_ws/build/camera_publisher/build/lib/camera_publisher
[15.346s] running install
[15.356s] running install_lib
[15.379s] copying /home/jerry/AutoSweeperSystem/AutoSweeperSystem_ws/build/camera_publisher/build/lib/camera_publisher/camera_publisher.py -> /home/jerry/AutoSweeperSystem/AutoSweeperSystem_ws/install/camera_publisher/lib/python3.10/site-packages/camera_publisher
[15.396s] byte-compiling /home/jerry/AutoSweeperSystem/AutoSweeperSystem_ws/install/camera_publisher/lib/python3.10/site-packages/camera_publisher/camera_publisher.py to camera_publisher.cpython-310.pyc
[15.407s] running install_data
[15.412s] running install_egg_info
[15.441s] removing '/home/jerry/AutoSweeperSystem/AutoSweeperSystem_ws/install/camera_publisher/lib/python3.10/site-packages/camera_publisher-0.0.0-py3.10.egg-info' (and everything under it)
[15.457s] Copying ../../build/camera_publisher/camera_publisher.egg-info to /home/jerry/AutoSweeperSystem/AutoSweeperSystem_ws/install/camera_publisher/lib/python3.10/site-packages/camera_publisher-0.0.0-py3.10.egg-info
[15.506s] running install_scripts
[15.747s] Installing camera_publisher script to /home/jerry/AutoSweeperSystem/AutoSweeperSystem_ws/install/camera_publisher/lib/camera_publisher
[15.750s] writing list of installed files to '/home/jerry/AutoSweeperSystem/AutoSweeperSystem_ws/build/camera_publisher/install.log'
[16.065s] Invoked command in '/home/jerry/AutoSweeperSystem/AutoSweeperSystem_ws/src/camera_publisher' returned '0': PYTHONPATH=/home/jerry/AutoSweeperSystem/AutoSweeperSystem_ws/build/camera_publisher/prefix_override:/usr/lib/python3/dist-packages/colcon_core/task/python/colcon_distutils_commands:/home/jerry/AutoSweeperSystem/AutoSweeperSystem_ws/install/camera_publisher/lib/python3.10/site-packages:${PYTHONPATH} /usr/bin/python3 -W ignore:setup.py install is deprecated -W ignore:easy_install command is deprecated setup.py egg_info --egg-base ../../build/camera_publisher build --build-base /home/jerry/AutoSweeperSystem/AutoSweeperSystem_ws/build/camera_publisher/build install --record /home/jerry/AutoSweeperSystem/AutoSweeperSystem_ws/build/camera_publisher/install.log --single-version-externally-managed install_data
